Executing stage: GPzInformer @ 2024-08-02 00:13:22.358236
Inserting handle into data store.  output_col_remapper_1: ./output_col_remapper_1.pq, inform_GPz
ngal: 32089
training model...
Iter	 logML/n 		 Train RMSE		 Train RMSE/n		 Valid RMSE		 Valid MLL		 Time    
   1	 1.2567132e+00	 5.6680565e-02	 1.2711504e+00	 5.7174957e-02	[ 1.2680719e+00]	 7.5089478e-01
   2	 1.7179893e+00	 4.3185062e-02	 1.7371464e+00	 4.3254560e-02	[ 1.7352984e+00]	 6.4649391e-01
   3	 1.8366598e+00	 3.9718322e-02	 1.8616652e+00	 4.5353844e-02	[ 1.8357101e+00]	 4.3298769e-01
   4	 1.9004791e+00	 3.6777285e-02	 1.9246345e+00	 4.1045065e-02	[ 1.8938184e+00]	 2.1631312e-01
   5	 1.9521858e+00	 3.4598949e-02	 1.9760539e+00	 3.5422815e-02	[ 1.9547016e+00]	 2.1590614e-01
   6	 1.9951611e+00	 3.3256929e-02	 2.0159595e+00	 3.6036292e-02	[ 1.9928438e+00]	 2.1301603e-01
   7	 2.0262354e+00	 3.2609490e-02	 2.0470565e+00	 3.7207934e-02	[ 2.0182025e+00]	 2.1381879e-01
   8	 2.0489858e+00	 3.1941301e-02	 2.0682532e+00	 3.6510498e-02	[ 2.0447184e+00]	 2.1485114e-01
   9	 2.0631281e+00	 3.1858605e-02	 2.0826032e+00	 3.6929506e-02	[ 2.0572335e+00]	 2.5766873e-01
  10	 2.0782940e+00	 3.1735570e-02	 2.0962114e+00	 3.6866101e-02	[ 2.0756923e+00]	 2.1558595e-01
  11	 2.0863640e+00	 3.2244664e-02	 2.1025916e+00	 3.8974258e-02	[ 2.0823484e+00]	 2.1216774e-01
  12	 2.0907845e+00	 3.1823146e-02	 2.1061927e+00	 3.7765423e-02	[ 2.0882612e+00]	 2.1433806e-01
  13	 2.0950177e+00	 3.1571326e-02	 2.1099149e+00	 3.7369193e-02	[ 2.0933928e+00]	 2.1732807e-01
  14	 2.1004943e+00	 3.1234505e-02	 2.1145430e+00	 3.6906067e-02	[ 2.0986229e+00]	 2.1595883e-01
  15	 2.1047766e+00	 3.1171133e-02	 2.1178451e+00	 3.7263951e-02	  2.0982494e+00 	 2.1493578e-01
  16	 2.1072582e+00	 3.1072615e-02	 2.1199841e+00	 3.7506771e-02	[ 2.0989183e+00]	 2.1924400e-01
  17	 2.1106659e+00	 3.0964605e-02	 2.1229366e+00	 3.8109145e-02	  2.0983974e+00 	 2.1960878e-01
  18	 2.1143730e+00	 3.0737948e-02	 2.1263671e+00	 3.8263551e-02	  2.0983802e+00 	 2.1824002e-01
  19	 2.1181309e+00	 3.0661911e-02	 2.1298112e+00	 3.9003770e-02	  2.0976456e+00 	 2.2044301e-01
  20	 2.1201291e+00	 3.0482701e-02	 2.1316233e+00	 3.8518362e-02	[ 2.1004009e+00]	 2.1851230e-01
  21	 2.1222112e+00	 3.0388368e-02	 2.1336901e+00	 3.8419134e-02	[ 2.1029931e+00]	 2.1843410e-01
  22	 2.1265999e+00	 3.0203996e-02	 2.1384550e+00	 3.7942278e-02	[ 2.1092020e+00]	 2.1917176e-01
  23	 2.1305777e+00	 2.9916857e-02	 2.1420813e+00	 3.6623754e-02	[ 2.1144977e+00]	 2.1920991e-01
  24	 2.1340319e+00	 2.9476131e-02	 2.1457915e+00	 3.5048737e-02	[ 2.1176782e+00]	 2.1724701e-01
  25	 2.1381732e+00	 2.9004501e-02	 2.1504500e+00	 3.3327224e-02	[ 2.1205236e+00]	 2.1893191e-01
  26	 2.1591379e+00	 2.8278162e-02	 2.1733374e+00	 3.1435186e-02	[ 2.1339922e+00]	 2.1733189e-01
  27	 2.1744319e+00	 2.8256189e-02	 2.1891988e+00	 3.1066068e-02	[ 2.1543056e+00]	 4.3641901e-01
  28	 2.1848725e+00	 2.7925178e-02	 2.1994887e+00	 3.2211710e-02	[ 2.1713598e+00]	 4.3255711e-01
  29	 2.2094303e+00	 2.7248427e-02	 2.2243483e+00	 3.4204871e-02	[ 2.1959546e+00]	 2.1571016e-01
  30	 2.2421166e+00	 2.8283957e-02	 2.2575747e+00	 3.4495360e-02	[ 2.2288264e+00]	 2.1656585e-01
  31	 2.2807123e+00	 2.7595342e-02	 2.2967598e+00	 2.7951580e-02	[ 2.2707119e+00]	 2.1859884e-01
  32	 2.3029433e+00	 2.5724505e-02	 2.3200587e+00	 2.8043517e-02	[ 2.2803284e+00]	 2.1897602e-01
  33	 2.3094433e+00	 2.8249712e-02	 2.3263682e+00	 3.1644377e-02	[ 2.2920462e+00]	 2.1975708e-01
  34	 2.3418826e+00	 2.5082268e-02	 2.3584848e+00	 2.6351320e-02	[ 2.3247727e+00]	 2.2204423e-01
  35	 2.3489956e+00	 2.4981027e-02	 2.3655608e+00	 2.6547550e-02	[ 2.3313020e+00]	 2.1954823e-01
  36	 2.3560038e+00	 2.5085645e-02	 2.3726011e+00	 2.6065981e-02	[ 2.3402606e+00]	 2.2023606e-01
  37	 2.3757170e+00	 2.5719435e-02	 2.3924325e+00	 2.5379623e-02	[ 2.3655204e+00]	 2.2071600e-01
  38	 2.3946014e+00	 2.7098658e-02	 2.4113258e+00	 2.5287725e-02	[ 2.3880125e+00]	 2.1804500e-01
  39	 2.4128822e+00	 2.6222336e-02	 2.4295500e+00	 2.5153356e-02	[ 2.4055325e+00]	 2.2074604e-01
  40	 2.4237282e+00	 2.6209227e-02	 2.4407576e+00	 2.5445284e-02	  2.4038874e+00 	 2.1987510e-01
  41	 2.4436929e+00	 2.4314119e-02	 2.4606056e+00	 2.8856269e-02	[ 2.4268062e+00]	 2.1720600e-01
  42	 2.4549986e+00	 2.3884070e-02	 2.4718036e+00	 2.6843147e-02	[ 2.4362419e+00]	 2.1750808e-01
  43	 2.4688309e+00	 2.4731607e-02	 2.4856317e+00	 2.5191773e-02	[ 2.4438198e+00]	 2.1702218e-01
  44	 2.4815970e+00	 2.4274230e-02	 2.4984767e+00	 2.5608269e-02	[ 2.4529561e+00]	 2.1979690e-01
  45	 2.5012896e+00	 2.3051462e-02	 2.5185146e+00	 2.8885951e-02	[ 2.4595515e+00]	 2.1747303e-01
  46	 2.5118187e+00	 2.2733765e-02	 2.5289977e+00	 2.7342701e-02	[ 2.4746769e+00]	 2.1595383e-01
  47	 2.5195641e+00	 2.2645236e-02	 2.5367531e+00	 2.7359694e-02	[ 2.4792706e+00]	 2.1745372e-01
  48	 2.5271520e+00	 2.2621135e-02	 2.5443928e+00	 2.7446217e-02	[ 2.4872950e+00]	 2.1472502e-01
  49	 2.5329649e+00	 2.3520579e-02	 2.5503357e+00	 2.7496781e-02	[ 2.4904740e+00]	 2.1586704e-01
  50	 2.5408822e+00	 2.4684951e-02	 2.5583400e+00	 2.6690145e-02	[ 2.5005182e+00]	 2.1845818e-01
  51	 2.5482437e+00	 2.5308165e-02	 2.5657787e+00	 2.6068524e-02	[ 2.5082213e+00]	 2.2091389e-01
  52	 2.5581915e+00	 2.5743543e-02	 2.5758364e+00	 2.5703050e-02	[ 2.5172461e+00]	 2.1951604e-01
  53	 2.5685352e+00	 2.6037081e-02	 2.5863553e+00	 2.5177596e-02	[ 2.5283513e+00]	 2.2051597e-01
  54	 2.5793679e+00	 2.4771490e-02	 2.5972009e+00	 2.4763800e-02	[ 2.5393772e+00]	 2.2148299e-01
  55	 2.5840704e+00	 2.3580718e-02	 2.6018394e+00	 2.4563889e-02	[ 2.5442702e+00]	 2.2013092e-01
  56	 2.5953253e+00	 2.2150787e-02	 2.6130479e+00	 2.4715601e-02	[ 2.5516660e+00]	 2.2291613e-01
  57	 2.6026596e+00	 2.2970337e-02	 2.6203075e+00	 2.5914882e-02	[ 2.5585890e+00]	 2.2209573e-01
  58	 2.6073772e+00	 2.3167027e-02	 2.6250776e+00	 2.5620980e-02	[ 2.5617614e+00]	 2.2053289e-01
  59	 2.6132527e+00	 2.3174241e-02	 2.6310434e+00	 2.5117497e-02	[ 2.5644033e+00]	 2.1851301e-01
  60	 2.6181361e+00	 2.2186530e-02	 2.6359963e+00	 2.5027679e-02	[ 2.5686588e+00]	 2.1958208e-01
  61	 2.6248698e+00	 2.0310120e-02	 2.6430097e+00	 2.4381815e-02	[ 2.5743327e+00]	 2.1722484e-01
  62	 2.6317355e+00	 2.0026477e-02	 2.6498975e+00	 2.4682167e-02	[ 2.5831506e+00]	 2.2007108e-01
  63	 2.6344186e+00	 1.9885089e-02	 2.6525533e+00	 2.4503769e-02	[ 2.5866632e+00]	 2.1763921e-01
  64	 2.6414514e+00	 1.9878870e-02	 2.6596369e+00	 2.4000154e-02	[ 2.5936436e+00]	 2.1844673e-01
  65	 2.6480412e+00	 1.9639998e-02	 2.6663726e+00	 2.3666980e-02	[ 2.6024633e+00]	 2.1814108e-01
  66	 2.6534710e+00	 1.9766945e-02	 2.6718706e+00	 2.3357859e-02	[ 2.6070517e+00]	 2.1829414e-01
  67	 2.6587083e+00	 1.9757417e-02	 2.6771914e+00	 2.3137003e-02	[ 2.6117355e+00]	 2.1870494e-01
  68	 2.6645427e+00	 1.9461659e-02	 2.6831028e+00	 2.2911369e-02	[ 2.6177643e+00]	 2.1778798e-01
  69	 2.6703654e+00	 2.0146991e-02	 2.6890014e+00	 2.2612307e-02	[ 2.6253104e+00]	 2.2204804e-01
  70	 2.6779306e+00	 1.9767669e-02	 2.6965526e+00	 2.2373766e-02	[ 2.6326595e+00]	 2.2230911e-01
  71	 2.6826733e+00	 1.9579793e-02	 2.7012450e+00	 2.2152519e-02	[ 2.6366396e+00]	 2.1880174e-01
  72	 2.6896762e+00	 1.9278615e-02	 2.7082452e+00	 2.1970157e-02	[ 2.6411224e+00]	 2.2057605e-01
  73	 2.6985365e+00	 1.8908367e-02	 2.7172334e+00	 2.2214948e-02	[ 2.6423515e+00]	 2.2240281e-01
  74	 2.7058704e+00	 1.8929495e-02	 2.7247978e+00	 2.3255527e-02	[ 2.6437593e+00]	 2.2257304e-01
  75	 2.7097063e+00	 1.8969247e-02	 2.7286646e+00	 2.3527079e-02	[ 2.6452629e+00]	 2.1987915e-01
  76	 2.7145768e+00	 1.9482906e-02	 2.7336365e+00	 2.4710248e-02	  2.6448902e+00 	 2.2327900e-01
  77	 2.7195487e+00	 2.0319063e-02	 2.7387299e+00	 2.5683141e-02	[ 2.6454919e+00]	 2.1870399e-01
  78	 2.7276345e+00	 2.1146146e-02	 2.7468961e+00	 2.7037782e-02	[ 2.6468346e+00]	 2.1563292e-01
  79	 2.7342505e+00	 2.0553102e-02	 2.7535177e+00	 2.6162615e-02	  2.6447006e+00 	 2.1462679e-01
  80	 2.7390857e+00	 1.9244178e-02	 2.7583001e+00	 2.4580174e-02	  2.6467877e+00 	 2.1596503e-01
  81	 2.7435446e+00	 1.7842698e-02	 2.7627181e+00	 2.2299820e-02	[ 2.6479749e+00]	 2.1689391e-01
  82	 2.7487170e+00	 1.7713862e-02	 2.7679719e+00	 2.1198643e-02	  2.6450068e+00 	 2.2172284e-01
  83	 2.7536383e+00	 1.9021687e-02	 2.7730741e+00	 2.1375281e-02	  2.6440545e+00 	 2.1837711e-01
  84	 2.7580394e+00	 1.8670480e-02	 2.7776175e+00	 2.1199612e-02	  2.6421621e+00 	 2.1749091e-01
  85	 2.7621604e+00	 1.7774536e-02	 2.7817800e+00	 2.0836092e-02	  2.6479144e+00 	 2.2004223e-01
  86	 2.7650713e+00	 1.7272373e-02	 2.7846781e+00	 2.0844184e-02	[ 2.6530520e+00]	 2.2006512e-01
  87	 2.7687244e+00	 1.7241484e-02	 2.7882859e+00	 2.1418192e-02	[ 2.6634789e+00]	 2.2138691e-01
  88	 2.7724760e+00	 1.7473332e-02	 2.7920354e+00	 2.2153932e-02	[ 2.6694762e+00]	 2.2195029e-01
  89	 2.7763070e+00	 1.7399092e-02	 2.7958696e+00	 2.2077081e-02	[ 2.6741202e+00]	 2.2275400e-01
  90	 2.7801631e+00	 1.6833609e-02	 2.7997880e+00	 2.1084347e-02	[ 2.6767072e+00]	 2.2247195e-01
  91	 2.7826006e+00	 1.6746650e-02	 2.8022995e+00	 2.0290194e-02	  2.6757239e+00 	 2.2036815e-01
  92	 2.7856601e+00	 1.6835086e-02	 2.8053995e+00	 2.0075690e-02	[ 2.6773902e+00]	 2.2125793e-01
  93	 2.7890305e+00	 1.6698431e-02	 2.8088170e+00	 1.9850434e-02	[ 2.6814083e+00]	 2.2211003e-01
  94	 2.7922998e+00	 1.6403607e-02	 2.8120831e+00	 1.9852172e-02	[ 2.6874169e+00]	 2.1984696e-01
  95	 2.7949385e+00	 1.6540266e-02	 2.8147253e+00	 2.0037811e-02	[ 2.6918115e+00]	 2.1834803e-01
  96	 2.7966998e+00	 1.6570060e-02	 2.8164610e+00	 2.0176476e-02	[ 2.6954856e+00]	 2.1651411e-01
  97	 2.7981844e+00	 1.6557338e-02	 2.8179407e+00	 2.0244729e-02	[ 2.6958763e+00]	 2.1831584e-01
  98	 2.8009977e+00	 1.6455462e-02	 2.8208008e+00	 2.0029618e-02	[ 2.6959719e+00]	 2.1699095e-01
  99	 2.8040919e+00	 1.6370178e-02	 2.8239685e+00	 1.9702077e-02	  2.6929204e+00 	 2.1964478e-01
 100	 2.8067798e+00	 1.6301240e-02	 2.8267004e+00	 1.9478569e-02	  2.6931270e+00 	 2.1648788e-01
 101	 2.8091885e+00	 1.6348766e-02	 2.8291638e+00	 1.9135094e-02	  2.6947921e+00 	 2.1768188e-01
 102	 2.8118498e+00	 1.6394718e-02	 2.8318298e+00	 1.8994062e-02	[ 2.6982279e+00]	 2.2045588e-01
 103	 2.8138250e+00	 1.6619957e-02	 2.8338234e+00	 1.9033940e-02	[ 2.7015639e+00]	 2.1860003e-01
 104	 2.8156861e+00	 1.6422723e-02	 2.8356542e+00	 1.9067733e-02	[ 2.7040647e+00]	 2.1835303e-01
 105	 2.8165204e+00	 1.6259339e-02	 2.8364732e+00	 1.9144051e-02	[ 2.7048857e+00]	 2.2129726e-01
 106	 2.8181273e+00	 1.6063335e-02	 2.8380852e+00	 1.9336992e-02	[ 2.7054904e+00]	 2.2170329e-01
 107	 2.8210164e+00	 1.5950195e-02	 2.8410086e+00	 1.9846272e-02	[ 2.7058738e+00]	 2.2155690e-01
 108	 2.8226495e+00	 1.6227466e-02	 2.8426994e+00	 2.0675975e-02	[ 2.7070438e+00]	 2.1995997e-01
 109	 2.8247495e+00	 1.6011632e-02	 2.8447811e+00	 2.0239128e-02	[ 2.7095731e+00]	 2.2299290e-01
 110	 2.8260779e+00	 1.5916618e-02	 2.8461117e+00	 1.9980325e-02	[ 2.7118649e+00]	 2.1775222e-01
 111	 2.8276433e+00	 1.5922311e-02	 2.8476906e+00	 1.9817945e-02	[ 2.7142243e+00]	 2.2039390e-01
 112	 2.8289159e+00	 1.6001417e-02	 2.8489931e+00	 1.9619782e-02	[ 2.7196221e+00]	 2.1843719e-01
 113	 2.8307003e+00	 1.5972547e-02	 2.8507765e+00	 1.9698345e-02	[ 2.7201830e+00]	 2.1795011e-01
 114	 2.8321478e+00	 1.5917926e-02	 2.8522233e+00	 1.9771343e-02	[ 2.7204786e+00]	 2.1722984e-01
 115	 2.8335915e+00	 1.5865462e-02	 2.8536792e+00	 1.9790543e-02	[ 2.7206826e+00]	 2.1701002e-01
 116	 2.8349713e+00	 1.5854006e-02	 2.8550940e+00	 1.9953438e-02	  2.7204671e+00 	 2.1803975e-01
 117	 2.8373882e+00	 1.5730952e-02	 2.8575193e+00	 1.9720853e-02	[ 2.7217708e+00]	 2.1870112e-01
 118	 2.8387322e+00	 1.5650011e-02	 2.8588671e+00	 1.9564235e-02	[ 2.7219328e+00]	 2.1834111e-01
 119	 2.8401341e+00	 1.5583867e-02	 2.8602784e+00	 1.9436273e-02	[ 2.7221613e+00]	 2.1600485e-01
 120	 2.8420415e+00	 1.5534878e-02	 2.8622000e+00	 1.9365242e-02	  2.7214746e+00 	 2.1854520e-01
 121	 2.8440478e+00	 1.5486130e-02	 2.8642199e+00	 1.9377223e-02	  2.7219461e+00 	 2.1804595e-01
 122	 2.8454675e+00	 1.5492091e-02	 2.8656423e+00	 1.9469920e-02	[ 2.7230197e+00]	 2.1973395e-01
 123	 2.8471310e+00	 1.5458931e-02	 2.8673213e+00	 1.9846196e-02	[ 2.7231243e+00]	 2.2199607e-01
 124	 2.8480255e+00	 1.5475536e-02	 2.8682290e+00	 2.0050398e-02	[ 2.7241407e+00]	 2.2369218e-01
 125	 2.8490695e+00	 1.5452116e-02	 2.8692756e+00	 2.0075570e-02	  2.7239877e+00 	 2.2318673e-01
 126	 2.8509684e+00	 1.5489218e-02	 2.8711992e+00	 2.0276905e-02	  2.7227141e+00 	 2.1969223e-01
 127	 2.8521357e+00	 1.5556143e-02	 2.8723764e+00	 2.0373536e-02	  2.7227854e+00 	 2.2286367e-01
 128	 2.8534119e+00	 1.5520498e-02	 2.8736777e+00	 2.0244283e-02	  2.7220606e+00 	 2.2453213e-01
 129	 2.8550283e+00	 1.5537702e-02	 2.8752899e+00	 2.0254971e-02	[ 2.7243717e+00]	 2.2089696e-01
 130	 2.8556979e+00	 1.5459952e-02	 2.8759479e+00	 2.0154888e-02	[ 2.7259029e+00]	 2.1768618e-01
 131	 2.8575630e+00	 1.5413531e-02	 2.8778214e+00	 2.0027454e-02	[ 2.7280642e+00]	 2.1978307e-01
 132	 2.8580639e+00	 1.5360189e-02	 2.8783596e+00	 2.0324179e-02	[ 2.7306667e+00]	 2.4009013e-01
 133	 2.8594002e+00	 1.5348481e-02	 2.8796969e+00	 2.0253831e-02	  2.7299635e+00 	 2.1865225e-01
 134	 2.8600846e+00	 1.5319042e-02	 2.8803907e+00	 2.0254317e-02	  2.7289490e+00 	 2.1791101e-01
 135	 2.8610027e+00	 1.5307953e-02	 2.8813282e+00	 2.0353578e-02	  2.7276166e+00 	 2.2271895e-01
 136	 2.8621918e+00	 1.5287066e-02	 2.8825332e+00	 2.0537425e-02	  2.7265783e+00 	 2.1963716e-01
 137	 2.8633727e+00	 1.5457425e-02	 2.8837354e+00	 2.1132171e-02	  2.7252932e+00 	 2.1674895e-01
 138	 2.8642949e+00	 1.5359473e-02	 2.8846550e+00	 2.1239770e-02	  2.7271380e+00 	 2.1995497e-01
 139	 2.8650561e+00	 1.5239060e-02	 2.8854055e+00	 2.1348900e-02	  2.7285542e+00 	 2.1672511e-01
 140	 2.8658785e+00	 1.5202664e-02	 2.8862368e+00	 2.1529139e-02	  2.7291963e+00 	 2.1930122e-01
 141	 2.8668935e+00	 1.5262387e-02	 2.8872973e+00	 2.2210959e-02	  2.7261439e+00 	 2.1875715e-01
 142	 2.8681677e+00	 1.5219500e-02	 2.8885809e+00	 2.2060576e-02	  2.7265042e+00 	 2.2304893e-01
 143	 2.8688383e+00	 1.5173547e-02	 2.8892609e+00	 2.1819424e-02	  2.7261595e+00 	 2.2049117e-01
 144	 2.8699095e+00	 1.5145759e-02	 2.8903453e+00	 2.1562021e-02	  2.7252588e+00 	 2.2291923e-01
 145	 2.8709561e+00	 1.5224336e-02	 2.8914091e+00	 2.1156802e-02	  2.7259024e+00 	 2.2187209e-01
 146	 2.8723340e+00	 1.5225591e-02	 2.8927938e+00	 2.1244454e-02	  2.7241994e+00 	 2.2022414e-01
 147	 2.8731481e+00	 1.5274596e-02	 2.8935965e+00	 2.1303034e-02	  2.7254373e+00 	 2.1910715e-01
 148	 2.8741120e+00	 1.5330677e-02	 2.8945646e+00	 2.1279227e-02	  2.7257196e+00 	 2.2292781e-01
 149	 2.8751594e+00	 1.5383958e-02	 2.8956349e+00	 2.0986256e-02	  2.7258341e+00 	 2.1920300e-01
 150	 2.8762587e+00	 1.5258787e-02	 2.8967571e+00	 2.0603625e-02	  2.7251391e+00 	 2.1758699e-01
 151	 2.8770868e+00	 1.5229901e-02	 2.8976079e+00	 2.0417613e-02	  2.7243174e+00 	 2.1852684e-01
 152	 2.8778820e+00	 1.5101705e-02	 2.8984280e+00	 2.0238586e-02	  2.7232398e+00 	 2.1589494e-01
 153	 2.8787735e+00	 1.5052496e-02	 2.8993294e+00	 2.0170482e-02	  2.7242599e+00 	 2.1842980e-01
 154	 2.8797799e+00	 1.5021948e-02	 2.9003392e+00	 2.0194748e-02	  2.7253365e+00 	 2.1898794e-01
 155	 2.8805116e+00	 1.5019413e-02	 2.9010605e+00	 2.0121360e-02	  2.7257651e+00 	 2.1736598e-01
 156	 2.8812711e+00	 1.5005543e-02	 2.9018123e+00	 2.0154738e-02	  2.7260452e+00 	 2.2157168e-01
 157	 2.8822652e+00	 1.4982541e-02	 2.9028134e+00	 2.0148388e-02	  2.7247854e+00 	 2.1921086e-01
 158	 2.8832652e+00	 1.4975797e-02	 2.9038515e+00	 2.0148215e-02	  2.7201442e+00 	 2.1625805e-01
 159	 2.8840116e+00	 1.4989748e-02	 2.9046243e+00	 2.0229704e-02	  2.7198820e+00 	 2.1780300e-01
 160	 2.8846833e+00	 1.5011619e-02	 2.9053129e+00	 2.0208073e-02	  2.7188296e+00 	 2.1931601e-01
 161	 2.8855940e+00	 1.5000885e-02	 2.9062452e+00	 2.0022119e-02	  2.7172109e+00 	 2.2058010e-01
 162	 2.8861543e+00	 1.5126551e-02	 2.9068220e+00	 2.0059799e-02	  2.7154771e+00 	 2.2050381e-01
 163	 2.8868962e+00	 1.5046036e-02	 2.9075567e+00	 1.9857558e-02	  2.7152294e+00 	 2.2283006e-01
 164	 2.8875660e+00	 1.4992664e-02	 2.9082104e+00	 1.9631853e-02	  2.7144719e+00 	 2.2233701e-01
 165	 2.8881021e+00	 1.4985209e-02	 2.9087395e+00	 1.9550540e-02	  2.7131721e+00 	 2.2274876e-01
 166	 2.8890906e+00	 1.4993921e-02	 2.9097323e+00	 1.9441714e-02	  2.7066558e+00 	 2.2146082e-01
 167	 2.8903115e+00	 1.4993340e-02	 2.9109608e+00	 1.9471521e-02	  2.7028494e+00 	 2.2121310e-01
 168	 2.8910025e+00	 1.4973618e-02	 2.9116646e+00	 1.9584081e-02	  2.7027652e+00 	 2.2023606e-01
 169	 2.8922044e+00	 1.4973437e-02	 2.9129084e+00	 1.9790410e-02	  2.6987366e+00 	 2.1984601e-01
 170	 2.8927343e+00	 1.4991990e-02	 2.9134545e+00	 1.9921397e-02	  2.6966786e+00 	 4.3233204e-01
 171	 2.8933506e+00	 1.4968104e-02	 2.9140777e+00	 1.9885362e-02	  2.6943765e+00 	 2.1583700e-01
 172	 2.8941913e+00	 1.4935435e-02	 2.9149180e+00	 1.9820260e-02	  2.6904990e+00 	 2.1885705e-01
 173	 2.8946733e+00	 1.4918500e-02	 2.9153925e+00	 1.9713243e-02	  2.6883726e+00 	 2.1889806e-01
 174	 2.8953192e+00	 1.4896078e-02	 2.9160292e+00	 1.9755571e-02	  2.6870116e+00 	 2.1457219e-01
 175	 2.8963568e+00	 1.4850456e-02	 2.9170574e+00	 1.9843240e-02	  2.6868227e+00 	 2.1559024e-01
 176	 2.8966830e+00	 1.4842791e-02	 2.9173924e+00	 2.0028946e-02	  2.6829948e+00 	 2.1859002e-01
 177	 2.8972497e+00	 1.4815519e-02	 2.9179622e+00	 1.9995035e-02	  2.6856691e+00 	 2.2107792e-01
 178	 2.8976856e+00	 1.4807326e-02	 2.9184151e+00	 2.0014512e-02	  2.6863432e+00 	 2.1856284e-01
 179	 2.8982132e+00	 1.4801571e-02	 2.9189654e+00	 2.0041564e-02	  2.6856400e+00 	 2.2080898e-01
 180	 2.8989918e+00	 1.4794709e-02	 2.9197685e+00	 2.0086647e-02	  2.6831803e+00 	 2.1905375e-01
 181	 2.8995414e+00	 1.4792783e-02	 2.9203294e+00	 2.0126992e-02	  2.6800485e+00 	 4.3959975e-01
 182	 2.9002281e+00	 1.4788345e-02	 2.9210127e+00	 2.0143536e-02	  2.6782236e+00 	 2.1962404e-01
 183	 2.9009056e+00	 1.4789794e-02	 2.9216733e+00	 2.0143664e-02	  2.6771929e+00 	 2.1821904e-01
 184	 2.9014902e+00	 1.4792078e-02	 2.9222390e+00	 2.0160951e-02	  2.6757076e+00 	 2.2397804e-01
 185	 2.9021685e+00	 1.4810971e-02	 2.9229141e+00	 2.0190127e-02	  2.6752730e+00 	 2.1570396e-01
 186	 2.9028329e+00	 1.4813835e-02	 2.9235894e+00	 2.0225691e-02	  2.6737674e+00 	 2.1783805e-01
 187	 2.9035282e+00	 1.4818820e-02	 2.9243189e+00	 2.0307324e-02	  2.6718940e+00 	 2.1662593e-01
 188	 2.9042881e+00	 1.4805224e-02	 2.9251014e+00	 2.0210686e-02	  2.6691320e+00 	 2.1886015e-01
 189	 2.9052004e+00	 1.4771947e-02	 2.9260375e+00	 2.0096270e-02	  2.6651842e+00 	 2.1536589e-01
 190	 2.9060802e+00	 1.4731379e-02	 2.9269323e+00	 1.9805572e-02	  2.6629797e+00 	 2.1629834e-01
 191	 2.9069671e+00	 1.4695191e-02	 2.9278163e+00	 1.9700411e-02	  2.6602386e+00 	 2.1687293e-01
 192	 2.9075999e+00	 1.4673350e-02	 2.9284310e+00	 1.9623689e-02	  2.6630587e+00 	 2.1892715e-01
 193	 2.9086786e+00	 1.4631671e-02	 2.9294810e+00	 1.9385067e-02	  2.6675197e+00 	 2.1635580e-01
 194	 2.9089818e+00	 1.4616165e-02	 2.9297847e+00	 1.9265352e-02	  2.6707094e+00 	 2.1821189e-01
 195	 2.9096431e+00	 1.4600405e-02	 2.9304494e+00	 1.9273696e-02	  2.6697598e+00 	 2.2134709e-01
 196	 2.9101615e+00	 1.4589836e-02	 2.9309817e+00	 1.9269539e-02	  2.6679855e+00 	 2.2045898e-01
 197	 2.9108157e+00	 1.4577760e-02	 2.9316570e+00	 1.9243567e-02	  2.6657455e+00 	 2.2040987e-01
 198	 2.9116916e+00	 1.4575076e-02	 2.9325568e+00	 1.9168824e-02	  2.6631419e+00 	 2.2145295e-01
 199	 2.9120633e+00	 1.4570402e-02	 2.9329372e+00	 1.9100295e-02	  2.6625031e+00 	 4.3822122e-01
 200	 2.9127931e+00	 1.4587157e-02	 2.9336767e+00	 1.9015683e-02	  2.6611754e+00 	 2.2072291e-01
Inserting handle into data store.  model_inform_GPz: inprogress_zCOSMOS_gpz.pkl, inform_GPz
Stage complete: GPzInformer @ 2024-08-02 00:14:09.057878 took 0.78 minutes
