Executing stage: GPzInformer @ 2024-06-17 17:29:01.342321
Inserting handle into data store.  output_col_remapper_1: ./output_col_remapper_1.pq, inform_GPz
ngal: 23902
training model...
Iter	 logML/n 		 Train RMSE		 Train RMSE/n		 Valid RMSE		 Valid MLL		 Time    
   1	 4.1847934e-01	 1.5524464e-01	 4.2815009e-01	 1.5932766e-01	[ 4.2468355e-01]	 4.5544195e-01
   2	 5.1370269e-01	 1.4430314e-01	 5.2833030e-01	 1.4741919e-01	[ 5.3400326e-01]	 3.0573201e-01
   3	 5.4279015e-01	 1.3798018e-01	 5.5943130e-01	 1.4652499e-01	[ 5.4481431e-01]	 1.4276195e-01
   4	 5.8872372e-01	 1.3463273e-01	 6.0197009e-01	 1.3729289e-01	[ 5.9898924e-01]	 1.3991809e-01
   5	 6.0608767e-01	 1.3164230e-01	 6.1977805e-01	 1.3514935e-01	[ 6.1619566e-01]	 1.5679526e-01
   6	 6.1706439e-01	 1.3021178e-01	 6.3097408e-01	 1.3303571e-01	[ 6.2612719e-01]	 1.5819407e-01
   7	 6.3083741e-01	 1.2840163e-01	 6.4497780e-01	 1.3170783e-01	[ 6.3298616e-01]	 1.4656591e-01
   8	 6.4052482e-01	 1.2750525e-01	 6.5397186e-01	 1.3245756e-01	[ 6.3825197e-01]	 1.5922308e-01
   9	 6.4773256e-01	 1.2678016e-01	 6.6031718e-01	 1.3151551e-01	[ 6.4590100e-01]	 1.5956116e-01
  10	 6.5165877e-01	 1.2632760e-01	 6.6371824e-01	 1.3166586e-01	[ 6.4817792e-01]	 1.4268422e-01
  11	 6.5507032e-01	 1.2594728e-01	 6.6653325e-01	 1.3125838e-01	[ 6.4962905e-01]	 1.4764214e-01
  12	 6.6256699e-01	 1.2506587e-01	 6.7355386e-01	 1.2955847e-01	[ 6.5857055e-01]	 1.5272498e-01
  13	 6.7324096e-01	 1.2401989e-01	 6.8525618e-01	 1.2656106e-01	[ 6.7310476e-01]	 1.6152477e-01
  14	 6.8664816e-01	 1.2256595e-01	 6.9988232e-01	 1.2676717e-01	[ 6.8802741e-01]	 1.6101289e-01
  15	 6.9463863e-01	 1.2239678e-01	 7.0817497e-01	 1.2758967e-01	[ 6.9688848e-01]	 1.5799713e-01
  16	 6.9990526e-01	 1.2160659e-01	 7.1372772e-01	 1.2784573e-01	[ 6.9733014e-01]	 1.4273000e-01
  17	 7.0622311e-01	 1.2107015e-01	 7.2050060e-01	 1.2890839e-01	[ 7.0126771e-01]	 1.4460993e-01
  18	 7.2197383e-01	 1.2026709e-01	 7.3687624e-01	 1.3077609e-01	[ 7.1670270e-01]	 1.4404774e-01
  19	 7.7442783e-01	 1.1838301e-01	 7.9148699e-01	 1.2736022e-01	[ 7.7512053e-01]	 1.5866899e-01
  20	 8.6007770e-01	 1.2028801e-01	 8.7665906e-01	 1.2248802e-01	[ 8.7076861e-01]	 1.6449285e-01
  21	 9.3365781e-01	 1.1789361e-01	 9.5141407e-01	 1.2002667e-01	[ 9.4617153e-01]	 1.4111304e-01
  22	 9.9447495e-01	 1.1397529e-01	 1.0132256e+00	 1.1841397e-01	[ 1.0014658e+00]	 1.5324283e-01
  23	 1.0219499e+00	 1.1415778e-01	 1.0402720e+00	 1.2161248e-01	[ 1.0292101e+00]	 1.3973594e-01
  24	 1.0505672e+00	 1.1224931e-01	 1.0700311e+00	 1.1843765e-01	[ 1.0571000e+00]	 1.6075015e-01
  25	 1.0736945e+00	 1.1048993e-01	 1.0928361e+00	 1.1547219e-01	[ 1.0752615e+00]	 1.6498709e-01
  26	 1.0909921e+00	 1.0980291e-01	 1.1101056e+00	 1.1493834e-01	[ 1.0911336e+00]	 1.6473699e-01
  27	 1.1211216e+00	 1.0834096e-01	 1.1404909e+00	 1.1201691e-01	[ 1.1184253e+00]	 1.6265798e-01
  28	 1.1438889e+00	 1.0698095e-01	 1.1632330e+00	 1.0936308e-01	[ 1.1368789e+00]	 1.6604900e-01
  29	 1.1603317e+00	 1.0587326e-01	 1.1797930e+00	 1.0759597e-01	[ 1.1525670e+00]	 1.5056396e-01
  30	 1.1841539e+00	 1.0359504e-01	 1.2040434e+00	 1.0449373e-01	[ 1.1739847e+00]	 1.6685319e-01
  31	 1.1887444e+00	 1.0382316e-01	 1.2082003e+00	 1.0475492e-01	  1.1739614e+00 	 1.4501905e-01
  32	 1.2055879e+00	 1.0248196e-01	 1.2254191e+00	 1.0318493e-01	[ 1.1876276e+00]	 1.6531205e-01
  33	 1.2153367e+00	 1.0185545e-01	 1.2354556e+00	 1.0263102e-01	[ 1.1950645e+00]	 1.5001607e-01
  34	 1.2232807e+00	 1.0138012e-01	 1.2433968e+00	 1.0237797e-01	[ 1.2011412e+00]	 1.4759231e-01
  35	 1.2398593e+00	 1.0026125e-01	 1.2600290e+00	 1.0216066e-01	[ 1.2101325e+00]	 1.6752291e-01
  36	 1.2471368e+00	 1.0038541e-01	 1.2672111e+00	 1.0298286e-01	[ 1.2218012e+00]	 1.6673994e-01
  37	 1.2548524e+00	 9.9379618e-02	 1.2750220e+00	 1.0189825e-01	[ 1.2273460e+00]	 1.5918303e-01
  38	 1.2685305e+00	 9.7894583e-02	 1.2890307e+00	 1.0030026e-01	[ 1.2376642e+00]	 1.4811206e-01
  39	 1.2755502e+00	 9.7558091e-02	 1.2960351e+00	 1.0019932e-01	[ 1.2456752e+00]	 1.6446805e-01
  40	 1.2864411e+00	 9.7164276e-02	 1.3072575e+00	 9.9660777e-02	[ 1.2563842e+00]	 1.5975809e-01
  41	 1.2955254e+00	 9.6781076e-02	 1.3160645e+00	 9.8827772e-02	[ 1.2683587e+00]	 1.5191174e-01
  42	 1.3006121e+00	 9.6427208e-02	 1.3211316e+00	 9.7999174e-02	[ 1.2728212e+00]	 1.4216137e-01
  43	 1.3149938e+00	 9.5489186e-02	 1.3355994e+00	 9.7632274e-02	[ 1.2809501e+00]	 1.6565514e-01
  44	 1.3167238e+00	 9.5861512e-02	 1.3374286e+00	 9.8474912e-02	  1.2770215e+00 	 1.5311313e-01
  45	 1.3294102e+00	 9.4401519e-02	 1.3501775e+00	 9.7884679e-02	[ 1.2874996e+00]	 1.4482093e-01
  46	 1.3351767e+00	 9.4077807e-02	 1.3560912e+00	 9.8480091e-02	[ 1.2900105e+00]	 1.6408682e-01
  47	 1.3415994e+00	 9.3692477e-02	 1.3625724e+00	 9.8546760e-02	[ 1.2939686e+00]	 1.5644026e-01
  48	 1.3508086e+00	 9.3154636e-02	 1.3722286e+00	 9.8482736e-02	[ 1.2949738e+00]	 1.4556289e-01
  49	 1.3611651e+00	 9.2675347e-02	 1.3823276e+00	 9.7696454e-02	[ 1.3079921e+00]	 1.5927410e-01
  50	 1.3659898e+00	 9.2471632e-02	 1.3871414e+00	 9.7032537e-02	[ 1.3130451e+00]	 1.6456795e-01
  51	 1.3741309e+00	 9.2771048e-02	 1.3953215e+00	 9.7156998e-02	[ 1.3206297e+00]	 1.4487481e-01
  52	 1.3764278e+00	 9.3000035e-02	 1.3979113e+00	 9.6542830e-02	  1.3156090e+00 	 1.4220691e-01
  53	 1.3851153e+00	 9.2478511e-02	 1.4064190e+00	 9.6609074e-02	[ 1.3260178e+00]	 1.5204287e-01
  54	 1.3900854e+00	 9.2153498e-02	 1.4114019e+00	 9.6655068e-02	[ 1.3291877e+00]	 1.6812015e-01
  55	 1.3960916e+00	 9.1848154e-02	 1.4173782e+00	 9.6155411e-02	[ 1.3344630e+00]	 1.4916587e-01
  56	 1.4030966e+00	 9.1832247e-02	 1.4247350e+00	 9.5483816e-02	[ 1.3350426e+00]	 1.5254617e-01
  57	 1.4099250e+00	 9.1587756e-02	 1.4313782e+00	 9.4315071e-02	[ 1.3461511e+00]	 1.5605307e-01
  58	 1.4151282e+00	 9.1206313e-02	 1.4365484e+00	 9.3492443e-02	[ 1.3522910e+00]	 1.5572190e-01
  59	 1.4226873e+00	 9.0735342e-02	 1.4441653e+00	 9.2433430e-02	[ 1.3584983e+00]	 1.4298391e-01
  60	 1.4279695e+00	 9.0917091e-02	 1.4495816e+00	 9.3582033e-02	[ 1.3588914e+00]	 1.5422177e-01
  61	 1.4341727e+00	 9.0612778e-02	 1.4557907e+00	 9.3204501e-02	[ 1.3626750e+00]	 1.5550900e-01
  62	 1.4393449e+00	 9.0498694e-02	 1.4610639e+00	 9.2911352e-02	[ 1.3645260e+00]	 1.4331198e-01
  63	 1.4441843e+00	 9.0549751e-02	 1.4659257e+00	 9.3022423e-02	[ 1.3663463e+00]	 1.4467597e-01
  64	 1.4508910e+00	 9.0320054e-02	 1.4727498e+00	 9.2942856e-02	[ 1.3678056e+00]	 1.6585398e-01
  65	 1.4574586e+00	 9.0158660e-02	 1.4793038e+00	 9.2916387e-02	[ 1.3729720e+00]	 1.6402197e-01
  66	 1.4638669e+00	 9.0371574e-02	 1.4857606e+00	 9.3259074e-02	[ 1.3751134e+00]	 1.6776299e-01
  67	 1.4683532e+00	 9.0650780e-02	 1.4902423e+00	 9.3651123e-02	[ 1.3807497e+00]	 1.5957594e-01
  68	 1.4734833e+00	 9.0659749e-02	 1.4954031e+00	 9.3724562e-02	[ 1.3821724e+00]	 1.4942503e-01
  69	 1.4788620e+00	 9.0896671e-02	 1.5008751e+00	 9.4130182e-02	  1.3815829e+00 	 1.6772485e-01
  70	 1.4835409e+00	 9.0890372e-02	 1.5054758e+00	 9.3995754e-02	[ 1.3868623e+00]	 1.6228604e-01
  71	 1.4868258e+00	 9.1103595e-02	 1.5091015e+00	 9.4341643e-02	  1.3804176e+00 	 1.6002798e-01
  72	 1.4901948e+00	 9.1079717e-02	 1.5122774e+00	 9.4485707e-02	[ 1.3889265e+00]	 1.5876913e-01
  73	 1.4926292e+00	 9.0715199e-02	 1.5146379e+00	 9.4240580e-02	[ 1.3936207e+00]	 1.4368796e-01
  74	 1.4961248e+00	 9.0539788e-02	 1.5181328e+00	 9.4343457e-02	[ 1.3963611e+00]	 1.5050983e-01
  75	 1.5008508e+00	 9.0404737e-02	 1.5229279e+00	 9.4624213e-02	[ 1.3972992e+00]	 1.5018010e-01
  76	 1.5047651e+00	 9.0453572e-02	 1.5268818e+00	 9.4651216e-02	[ 1.3992498e+00]	 1.4752626e-01
  77	 1.5076474e+00	 9.0315494e-02	 1.5298394e+00	 9.4572338e-02	[ 1.3994601e+00]	 1.4561105e-01
  78	 1.5107564e+00	 9.0256573e-02	 1.5330360e+00	 9.4425562e-02	[ 1.4008725e+00]	 1.4406586e-01
  79	 1.5131165e+00	 9.0073227e-02	 1.5354424e+00	 9.4228497e-02	[ 1.4030451e+00]	 1.4309812e-01
  80	 1.5167765e+00	 8.9858389e-02	 1.5390931e+00	 9.3727168e-02	[ 1.4100157e+00]	 1.5995288e-01
  81	 1.5198934e+00	 8.9995991e-02	 1.5421982e+00	 9.3859872e-02	[ 1.4160719e+00]	 1.6611791e-01
  82	 1.5224950e+00	 8.9975874e-02	 1.5447802e+00	 9.3403015e-02	[ 1.4195543e+00]	 1.3856316e-01
  83	 1.5246744e+00	 9.0058786e-02	 1.5470341e+00	 9.3250419e-02	  1.4194854e+00 	 1.4817619e-01
  84	 1.5274042e+00	 9.0168617e-02	 1.5497498e+00	 9.3138849e-02	[ 1.4228223e+00]	 1.6181207e-01
  85	 1.5292422e+00	 9.0146077e-02	 1.5518501e+00	 9.2809337e-02	  1.4199762e+00 	 1.6159678e-01
  86	 1.5316297e+00	 9.0076285e-02	 1.5541018e+00	 9.2847440e-02	[ 1.4267324e+00]	 1.6384292e-01
  87	 1.5329913e+00	 8.9929889e-02	 1.5553912e+00	 9.2897851e-02	[ 1.4304707e+00]	 1.6097689e-01
  88	 1.5344490e+00	 8.9834042e-02	 1.5568212e+00	 9.3004823e-02	[ 1.4329670e+00]	 1.4027119e-01
  89	 1.5373146e+00	 8.9797655e-02	 1.5596525e+00	 9.3439875e-02	[ 1.4344216e+00]	 1.6030383e-01
  90	 1.5388046e+00	 8.9831843e-02	 1.5612577e+00	 9.3625313e-02	  1.4334921e+00 	 1.6706681e-01
  91	 1.5414538e+00	 8.9786911e-02	 1.5638807e+00	 9.3615054e-02	  1.4337399e+00 	 1.5694976e-01
  92	 1.5428147e+00	 8.9768294e-02	 1.5652769e+00	 9.3463994e-02	  1.4321611e+00 	 1.5775490e-01
  93	 1.5445855e+00	 8.9751089e-02	 1.5670631e+00	 9.3300291e-02	  1.4314948e+00 	 1.5690494e-01
  94	 1.5459310e+00	 8.9788811e-02	 1.5685665e+00	 9.3564626e-02	  1.4238812e+00 	 1.6048002e-01
  95	 1.5482303e+00	 8.9603828e-02	 1.5707664e+00	 9.3252230e-02	  1.4293989e+00 	 1.6046381e-01
  96	 1.5498287e+00	 8.9428107e-02	 1.5723039e+00	 9.3174669e-02	  1.4325717e+00 	 1.5090585e-01
  97	 1.5513235e+00	 8.9294847e-02	 1.5737864e+00	 9.3230515e-02	  1.4330883e+00 	 1.5210414e-01
  98	 1.5536620e+00	 8.9369002e-02	 1.5761158e+00	 9.3456852e-02	  1.4331120e+00 	 1.6408491e-01
  99	 1.5555239e+00	 8.9565738e-02	 1.5780128e+00	 9.3878230e-02	  1.4308514e+00 	 1.4365697e-01
 100	 1.5569226e+00	 8.9513654e-02	 1.5794399e+00	 9.3828628e-02	  1.4315252e+00 	 1.4827108e-01
 101	 1.5583877e+00	 8.9493096e-02	 1.5809322e+00	 9.3637977e-02	  1.4325566e+00 	 1.4390206e-01
 102	 1.5598656e+00	 8.9560993e-02	 1.5824368e+00	 9.3676185e-02	  1.4337146e+00 	 1.5431309e-01
 103	 1.5616199e+00	 8.9589099e-02	 1.5841572e+00	 9.3274173e-02	[ 1.4379493e+00]	 1.5424299e-01
 104	 1.5629858e+00	 8.9504167e-02	 1.5855476e+00	 9.3247408e-02	[ 1.4381728e+00]	 1.6289616e-01
 105	 1.5643353e+00	 8.9359865e-02	 1.5868819e+00	 9.3223124e-02	[ 1.4389388e+00]	 1.4953780e-01
 106	 1.5657112e+00	 8.9169270e-02	 1.5883354e+00	 9.2880009e-02	  1.4366863e+00 	 1.6487193e-01
 107	 1.5674096e+00	 8.8980280e-02	 1.5899958e+00	 9.2867927e-02	  1.4378815e+00 	 1.4139199e-01
 108	 1.5686771e+00	 8.8923216e-02	 1.5912977e+00	 9.2673467e-02	  1.4378635e+00 	 1.4468312e-01
 109	 1.5698888e+00	 8.8885472e-02	 1.5925593e+00	 9.2560428e-02	  1.4371181e+00 	 1.4810872e-01
 110	 1.5709946e+00	 8.8898668e-02	 1.5936520e+00	 9.2503957e-02	  1.4387343e+00 	 1.6374397e-01
 111	 1.5725093e+00	 8.8906986e-02	 1.5951540e+00	 9.2549695e-02	[ 1.4404906e+00]	 1.4355302e-01
 112	 1.5738966e+00	 8.8753190e-02	 1.5965840e+00	 9.2613128e-02	  1.4395519e+00 	 1.6502500e-01
 113	 1.5753844e+00	 8.8750715e-02	 1.5979987e+00	 9.2635902e-02	[ 1.4434850e+00]	 1.4429688e-01
 114	 1.5762536e+00	 8.8679450e-02	 1.5988714e+00	 9.2642782e-02	[ 1.4435892e+00]	 1.6089082e-01
 115	 1.5777410e+00	 8.8470183e-02	 1.6003549e+00	 9.2636583e-02	[ 1.4442714e+00]	 1.4788008e-01
 116	 1.5787494e+00	 8.8307701e-02	 1.6014229e+00	 9.2525904e-02	  1.4419745e+00 	 1.6012621e-01
 117	 1.5801529e+00	 8.8196851e-02	 1.6028105e+00	 9.2538576e-02	  1.4438373e+00 	 1.6352010e-01
 118	 1.5812573e+00	 8.8079089e-02	 1.6039124e+00	 9.2491877e-02	[ 1.4449779e+00]	 1.5863800e-01
 119	 1.5822621e+00	 8.7907075e-02	 1.6049159e+00	 9.2404731e-02	[ 1.4457778e+00]	 1.4414096e-01
 120	 1.5836757e+00	 8.7594455e-02	 1.6064300e+00	 9.2148716e-02	  1.4423451e+00 	 1.4306188e-01
 121	 1.5851378e+00	 8.7287675e-02	 1.6078458e+00	 9.2250735e-02	  1.4439585e+00 	 1.6377115e-01
 122	 1.5859159e+00	 8.7292601e-02	 1.6086152e+00	 9.2223480e-02	  1.4442036e+00 	 1.6222882e-01
 123	 1.5870823e+00	 8.7193462e-02	 1.6098084e+00	 9.2227780e-02	  1.4423785e+00 	 1.5035987e-01
 124	 1.5879446e+00	 8.7214271e-02	 1.6106815e+00	 9.2553351e-02	  1.4412666e+00 	 1.6475105e-01
 125	 1.5890106e+00	 8.7034479e-02	 1.6117492e+00	 9.2382795e-02	  1.4418961e+00 	 1.5157986e-01
 126	 1.5898103e+00	 8.6849185e-02	 1.6125645e+00	 9.2337710e-02	  1.4421463e+00 	 1.5423632e-01
 127	 1.5904410e+00	 8.6768453e-02	 1.6132071e+00	 9.2373592e-02	  1.4424111e+00 	 1.5994120e-01
 128	 1.5911279e+00	 8.6630457e-02	 1.6138896e+00	 9.2414055e-02	  1.4453463e+00 	 1.4947295e-01
 129	 1.5921484e+00	 8.6680118e-02	 1.6149099e+00	 9.2536053e-02	  1.4454231e+00 	 1.4749908e-01
 130	 1.5926558e+00	 8.6714427e-02	 1.6154100e+00	 9.2603570e-02	[ 1.4460756e+00]	 1.4038920e-01
 131	 1.5935465e+00	 8.6782838e-02	 1.6162878e+00	 9.2719595e-02	[ 1.4477998e+00]	 1.4283395e-01
 132	 1.5945493e+00	 8.6807847e-02	 1.6172739e+00	 9.2786700e-02	[ 1.4529664e+00]	 1.4600110e-01
 133	 1.5957734e+00	 8.6889335e-02	 1.6184831e+00	 9.2891488e-02	[ 1.4543949e+00]	 1.6185308e-01
 134	 1.5965282e+00	 8.6829554e-02	 1.6192452e+00	 9.2818070e-02	[ 1.4549321e+00]	 1.4471817e-01
 135	 1.5974221e+00	 8.6729983e-02	 1.6201527e+00	 9.2735501e-02	[ 1.4555278e+00]	 1.5963793e-01
 136	 1.5982571e+00	 8.6609131e-02	 1.6209997e+00	 9.2472858e-02	[ 1.4555878e+00]	 1.6368198e-01
 137	 1.5992138e+00	 8.6600846e-02	 1.6219592e+00	 9.2574290e-02	[ 1.4560002e+00]	 1.3966608e-01
 138	 1.5999298e+00	 8.6646424e-02	 1.6226732e+00	 9.2660656e-02	  1.4557465e+00 	 1.5098500e-01
 139	 1.6006678e+00	 8.6655020e-02	 1.6234187e+00	 9.2725196e-02	  1.4541873e+00 	 1.5575719e-01
 140	 1.6012677e+00	 8.6728710e-02	 1.6240499e+00	 9.2991243e-02	  1.4496135e+00 	 1.4934087e-01
 141	 1.6021317e+00	 8.6574595e-02	 1.6249102e+00	 9.2848244e-02	  1.4494457e+00 	 1.5317297e-01
 142	 1.6026608e+00	 8.6466481e-02	 1.6254481e+00	 9.2787067e-02	  1.4487650e+00 	 1.5664601e-01
 143	 1.6032787e+00	 8.6357029e-02	 1.6260834e+00	 9.2803928e-02	  1.4474968e+00 	 1.5959382e-01
 144	 1.6041374e+00	 8.6156776e-02	 1.6269423e+00	 9.2799166e-02	  1.4471708e+00 	 1.4402294e-01
 145	 1.6049845e+00	 8.6158887e-02	 1.6278054e+00	 9.3137270e-02	  1.4458007e+00 	 1.4462113e-01
 146	 1.6054730e+00	 8.6207764e-02	 1.6282882e+00	 9.3166811e-02	  1.4471234e+00 	 1.6426492e-01
 147	 1.6060675e+00	 8.6246979e-02	 1.6288734e+00	 9.3265559e-02	  1.4485074e+00 	 1.5903711e-01
 148	 1.6065416e+00	 8.6225577e-02	 1.6293513e+00	 9.3177617e-02	  1.4503104e+00 	 1.5772390e-01
 149	 1.6072118e+00	 8.6204541e-02	 1.6300133e+00	 9.3277411e-02	  1.4508510e+00 	 1.5174818e-01
 150	 1.6078283e+00	 8.6121902e-02	 1.6306297e+00	 9.3358355e-02	  1.4509903e+00 	 1.6475081e-01
 151	 1.6082477e+00	 8.6032452e-02	 1.6310549e+00	 9.3361798e-02	  1.4514939e+00 	 1.5822911e-01
 152	 1.6090511e+00	 8.5839591e-02	 1.6318740e+00	 9.3334927e-02	  1.4518986e+00 	 1.5681291e-01
 153	 1.6096399e+00	 8.5635717e-02	 1.6324759e+00	 9.3322525e-02	  1.4541596e+00 	 1.5861201e-01
 154	 1.6101506e+00	 8.5656010e-02	 1.6329871e+00	 9.3279434e-02	  1.4540208e+00 	 1.5925002e-01
 155	 1.6106616e+00	 8.5659154e-02	 1.6335066e+00	 9.3239485e-02	  1.4535256e+00 	 1.6288471e-01
 156	 1.6112537e+00	 8.5631792e-02	 1.6341151e+00	 9.3189328e-02	  1.4526558e+00 	 1.6426802e-01
 157	 1.6117997e+00	 8.5573120e-02	 1.6346811e+00	 9.3175438e-02	  1.4499246e+00 	 1.5590334e-01
 158	 1.6124327e+00	 8.5517220e-02	 1.6353143e+00	 9.3170342e-02	  1.4503589e+00 	 1.5962601e-01
 159	 1.6127571e+00	 8.5475534e-02	 1.6356351e+00	 9.3138112e-02	  1.4506922e+00 	 1.6090703e-01
 160	 1.6132773e+00	 8.5425798e-02	 1.6361561e+00	 9.3170725e-02	  1.4499700e+00 	 1.5752292e-01
 161	 1.6135565e+00	 8.5341889e-02	 1.6364463e+00	 9.2868700e-02	  1.4490240e+00 	 1.6166186e-01
 162	 1.6142819e+00	 8.5356724e-02	 1.6371643e+00	 9.3052522e-02	  1.4481820e+00 	 1.6310501e-01
 163	 1.6146350e+00	 8.5352266e-02	 1.6375163e+00	 9.3101952e-02	  1.4475223e+00 	 1.4028382e-01
 164	 1.6150732e+00	 8.5337698e-02	 1.6379546e+00	 9.3123580e-02	  1.4465704e+00 	 1.4763808e-01
 165	 1.6157081e+00	 8.5216812e-02	 1.6385899e+00	 9.3054939e-02	  1.4457688e+00 	 1.5378475e-01
 166	 1.6163305e+00	 8.5210697e-02	 1.6392268e+00	 9.3179266e-02	  1.4430937e+00 	 1.3919830e-01
 167	 1.6168959e+00	 8.5085834e-02	 1.6397920e+00	 9.3049451e-02	  1.4443205e+00 	 1.3800287e-01
 168	 1.6175276e+00	 8.4952445e-02	 1.6404347e+00	 9.2981114e-02	  1.4454691e+00 	 1.6114902e-01
 169	 1.6180855e+00	 8.4865901e-02	 1.6410029e+00	 9.2988067e-02	  1.4459184e+00 	 1.5847397e-01
 170	 1.6185175e+00	 8.4793274e-02	 1.6414529e+00	 9.3048957e-02	  1.4459603e+00 	 3.0614400e-01
 171	 1.6189882e+00	 8.4753544e-02	 1.6419241e+00	 9.3126598e-02	  1.4459927e+00 	 1.6332221e-01
 172	 1.6193255e+00	 8.4740798e-02	 1.6422571e+00	 9.3144083e-02	  1.4460378e+00 	 1.4002109e-01
 173	 1.6198624e+00	 8.4685627e-02	 1.6427882e+00	 9.3143255e-02	  1.4467498e+00 	 1.5889096e-01
 174	 1.6202699e+00	 8.4608496e-02	 1.6431861e+00	 9.3060517e-02	  1.4469823e+00 	 1.5744591e-01
 175	 1.6206811e+00	 8.4576391e-02	 1.6435973e+00	 9.2938518e-02	  1.4480295e+00 	 1.6540980e-01
 176	 1.6210964e+00	 8.4552762e-02	 1.6440146e+00	 9.2819857e-02	  1.4490035e+00 	 1.5224719e-01
 177	 1.6214169e+00	 8.4575709e-02	 1.6443354e+00	 9.2807253e-02	  1.4492396e+00 	 1.5354013e-01
 178	 1.6221782e+00	 8.4689063e-02	 1.6451026e+00	 9.2707955e-02	  1.4500679e+00 	 1.4410090e-01
 179	 1.6223739e+00	 8.4871049e-02	 1.6452980e+00	 9.2978884e-02	  1.4482114e+00 	 1.3941622e-01
 180	 1.6230112e+00	 8.4820192e-02	 1.6459342e+00	 9.2901182e-02	  1.4492231e+00 	 1.5884280e-01
 181	 1.6232814e+00	 8.4786524e-02	 1.6462070e+00	 9.2843720e-02	  1.4493658e+00 	 1.6019320e-01
 182	 1.6237565e+00	 8.4780076e-02	 1.6466949e+00	 9.2836363e-02	  1.4489432e+00 	 1.6164112e-01
 183	 1.6241866e+00	 8.4687980e-02	 1.6471327e+00	 9.2621460e-02	  1.4487999e+00 	 1.6686487e-01
 184	 1.6246754e+00	 8.4683386e-02	 1.6476297e+00	 9.2634373e-02	  1.4484039e+00 	 1.6360807e-01
 185	 1.6251103e+00	 8.4682601e-02	 1.6480698e+00	 9.2643633e-02	  1.4480287e+00 	 1.5445518e-01
 186	 1.6254515e+00	 8.4649163e-02	 1.6484130e+00	 9.2603891e-02	  1.4477317e+00 	 1.3950586e-01
 187	 1.6259278e+00	 8.4688134e-02	 1.6488933e+00	 9.2684268e-02	  1.4464444e+00 	 1.5807986e-01
 188	 1.6265075e+00	 8.4586215e-02	 1.6494699e+00	 9.2562719e-02	  1.4464687e+00 	 1.5572095e-01
 189	 1.6268604e+00	 8.4531340e-02	 1.6498215e+00	 9.2523208e-02	  1.4464874e+00 	 1.3993526e-01
 190	 1.6273249e+00	 8.4493568e-02	 1.6502913e+00	 9.2543568e-02	  1.4456528e+00 	 1.5126801e-01
 191	 1.6276829e+00	 8.4407971e-02	 1.6506571e+00	 9.2575535e-02	  1.4442225e+00 	 1.6428375e-01
 192	 1.6281654e+00	 8.4446467e-02	 1.6511433e+00	 9.2649518e-02	  1.4433214e+00 	 1.5105915e-01
 193	 1.6286078e+00	 8.4480295e-02	 1.6515895e+00	 9.2715152e-02	  1.4422071e+00 	 1.6073895e-01
 194	 1.6290421e+00	 8.4505044e-02	 1.6520246e+00	 9.2756020e-02	  1.4411676e+00 	 1.4305687e-01
 195	 1.6293199e+00	 8.4451083e-02	 1.6523024e+00	 9.2568447e-02	  1.4404098e+00 	 1.5769506e-01
 196	 1.6300452e+00	 8.4494297e-02	 1.6530198e+00	 9.2712355e-02	  1.4397314e+00 	 1.4809012e-01
 197	 1.6303088e+00	 8.4476036e-02	 1.6532787e+00	 9.2693706e-02	  1.4402549e+00 	 1.6688704e-01
 198	 1.6306475e+00	 8.4429528e-02	 1.6536133e+00	 9.2652714e-02	  1.4405142e+00 	 1.4650893e-01
 199	 1.6311346e+00	 8.4348723e-02	 1.6540954e+00	 9.2577771e-02	  1.4407425e+00 	 1.4160013e-01
 200	 1.6312862e+00	 8.4167333e-02	 1.6542551e+00	 9.2537013e-02	  1.4393369e+00 	 1.4679813e-01
Inserting handle into data store.  model_inform_GPz: inprogress_gpz.pkl, inform_GPz
Stage complete: GPzInformer @ 2024-06-17 17:29:33.297501 took 0.53 minutes
