Executing stage: FlexZBoostInformer @ 2024-08-02 00:39:10.180436
Inserting handle into data store.  output_quantity_cut_1: ./output_quantity_cut_1.pq, inform_FZBoost
stacking some data...
read in training data
fit the model...
/Users/alicec03/miniforge3/envs/rail---new/lib/python3.11/site-packages/xgboost/core.py:160: UserWarning: [00:39:11] WARNING: /Users/runner/work/xgboost/xgboost/src/learner.cc:742: 
Parameters: { "silent" } are not used.

  warnings.warn(smsg, UserWarning)
/Users/alicec03/miniforge3/envs/rail---new/lib/python3.11/site-packages/xgboost/core.py:160: UserWarning: [00:39:11] WARNING: /Users/runner/work/xgboost/xgboost/src/learner.cc:742: 
Parameters: { "silent" } are not used.

  warnings.warn(smsg, UserWarning)
/Users/alicec03/miniforge3/envs/rail---new/lib/python3.11/site-packages/xgboost/core.py:160: UserWarning: [00:39:11] WARNING: /Users/runner/work/xgboost/xgboost/src/learner.cc:742: 
Parameters: { "silent" } are not used.

  warnings.warn(smsg, UserWarning)
/Users/alicec03/miniforge3/envs/rail---new/lib/python3.11/site-packages/xgboost/core.py:160: UserWarning: [00:39:11] WARNING: /Users/runner/work/xgboost/xgboost/src/learner.cc:742: 
Parameters: { "silent" } are not used.

  warnings.warn(smsg, UserWarning)
/Users/alicec03/miniforge3/envs/rail---new/lib/python3.11/site-packages/xgboost/core.py:160: UserWarning: [00:39:11] WARNING: /Users/runner/work/xgboost/xgboost/src/learner.cc:742: 
Parameters: { "silent" } are not used.

  warnings.warn(smsg, UserWarning)
/Users/alicec03/miniforge3/envs/rail---new/lib/python3.11/site-packages/xgboost/core.py:160: UserWarning: [00:39:11] WARNING: /Users/runner/work/xgboost/xgboost/src/learner.cc:742: 
Parameters: { "silent" } are not used.

  warnings.warn(smsg, UserWarning)
/Users/alicec03/miniforge3/envs/rail---new/lib/python3.11/site-packages/xgboost/core.py:160: UserWarning: [00:39:11] WARNING: /Users/runner/work/xgboost/xgboost/src/learner.cc:742: 
Parameters: { "silent" } are not used.

  warnings.warn(smsg, UserWarning)
/Users/alicec03/miniforge3/envs/rail---new/lib/python3.11/site-packages/xgboost/core.py:160: UserWarning: [00:39:11] WARNING: /Users/runner/work/xgboost/xgboost/src/learner.cc:742: 
Parameters: { "silent" } are not used.

  warnings.warn(smsg, UserWarning)
/Users/alicec03/miniforge3/envs/rail---new/lib/python3.11/site-packages/xgboost/core.py:160: UserWarning: [00:39:12] WARNING: /Users/runner/work/xgboost/xgboost/src/learner.cc:742: 
Parameters: { "silent" } are not used.

  warnings.warn(smsg, UserWarning)
/Users/alicec03/miniforge3/envs/rail---new/lib/python3.11/site-packages/xgboost/core.py:160: UserWarning: [00:39:12] WARNING: /Users/runner/work/xgboost/xgboost/src/learner.cc:742: 
Parameters: { "silent" } are not used.

  warnings.warn(smsg, UserWarning)
/Users/alicec03/miniforge3/envs/rail---new/lib/python3.11/site-packages/xgboost/core.py:160: UserWarning: [00:39:12] WARNING: /Users/runner/work/xgboost/xgboost/src/learner.cc:742: 
Parameters: { "silent" } are not used.

  warnings.warn(smsg, UserWarning)
/Users/alicec03/miniforge3/envs/rail---new/lib/python3.11/site-packages/xgboost/core.py:160: UserWarning: [00:39:12] WARNING: /Users/runner/work/xgboost/xgboost/src/learner.cc:742: 
Parameters: { "silent" } are not used.

  warnings.warn(smsg, UserWarning)
/Users/alicec03/miniforge3/envs/rail---new/lib/python3.11/site-packages/xgboost/core.py:160: UserWarning: [00:39:12] WARNING: /Users/runner/work/xgboost/xgboost/src/learner.cc:742: 
Parameters: { "silent" } are not used.

  warnings.warn(smsg, UserWarning)
/Users/alicec03/miniforge3/envs/rail---new/lib/python3.11/site-packages/xgboost/core.py:160: UserWarning: [00:39:12] WARNING: /Users/runner/work/xgboost/xgboost/src/learner.cc:742: 
Parameters: { "silent" } are not used.

  warnings.warn(smsg, UserWarning)
/Users/alicec03/miniforge3/envs/rail---new/lib/python3.11/site-packages/xgboost/core.py:160: UserWarning: [00:39:12] WARNING: /Users/runner/work/xgboost/xgboost/src/learner.cc:742: 
Parameters: { "silent" } are not used.

  warnings.warn(smsg, UserWarning)
/Users/alicec03/miniforge3/envs/rail---new/lib/python3.11/site-packages/xgboost/core.py:160: UserWarning: [00:39:12] WARNING: /Users/runner/work/xgboost/xgboost/src/learner.cc:742: 
Parameters: { "silent" } are not used.

  warnings.warn(smsg, UserWarning)
/Users/alicec03/miniforge3/envs/rail---new/lib/python3.11/site-packages/xgboost/core.py:160: UserWarning: [00:39:13] WARNING: /Users/runner/work/xgboost/xgboost/src/learner.cc:742: 
Parameters: { "silent" } are not used.

  warnings.warn(smsg, UserWarning)
/Users/alicec03/miniforge3/envs/rail---new/lib/python3.11/site-packages/xgboost/core.py:160: UserWarning: [00:39:13] WARNING: /Users/runner/work/xgboost/xgboost/src/learner.cc:742: 
Parameters: { "silent" } are not used.

  warnings.warn(smsg, UserWarning)
/Users/alicec03/miniforge3/envs/rail---new/lib/python3.11/site-packages/xgboost/core.py:160: UserWarning: [00:39:13] WARNING: /Users/runner/work/xgboost/xgboost/src/learner.cc:742: 
Parameters: { "silent" } are not used.

  warnings.warn(smsg, UserWarning)
/Users/alicec03/miniforge3/envs/rail---new/lib/python3.11/site-packages/xgboost/core.py:160: UserWarning: [00:39:13] WARNING: /Users/runner/work/xgboost/xgboost/src/learner.cc:742: 
Parameters: { "silent" } are not used.

  warnings.warn(smsg, UserWarning)
/Users/alicec03/miniforge3/envs/rail---new/lib/python3.11/site-packages/xgboost/core.py:160: UserWarning: [00:39:13] WARNING: /Users/runner/work/xgboost/xgboost/src/learner.cc:742: 
Parameters: { "silent" } are not used.

  warnings.warn(smsg, UserWarning)
/Users/alicec03/miniforge3/envs/rail---new/lib/python3.11/site-packages/xgboost/core.py:160: UserWarning: [00:39:13] WARNING: /Users/runner/work/xgboost/xgboost/src/learner.cc:742: 
Parameters: { "silent" } are not used.

  warnings.warn(smsg, UserWarning)
/Users/alicec03/miniforge3/envs/rail---new/lib/python3.11/site-packages/xgboost/core.py:160: UserWarning: [00:39:13] WARNING: /Users/runner/work/xgboost/xgboost/src/learner.cc:742: 
Parameters: { "silent" } are not used.

  warnings.warn(smsg, UserWarning)
/Users/alicec03/miniforge3/envs/rail---new/lib/python3.11/site-packages/xgboost/core.py:160: UserWarning: [00:39:13] WARNING: /Users/runner/work/xgboost/xgboost/src/learner.cc:742: 
Parameters: { "silent" } are not used.

  warnings.warn(smsg, UserWarning)
finding best bump thresh...
finding best sharpen parameter...
Retraining with full training set...
/Users/alicec03/miniforge3/envs/rail---new/lib/python3.11/site-packages/xgboost/core.py:160: UserWarning: [00:40:19] WARNING: /Users/runner/work/xgboost/xgboost/src/learner.cc:742: 
Parameters: { "silent" } are not used.

  warnings.warn(smsg, UserWarning)
/Users/alicec03/miniforge3/envs/rail---new/lib/python3.11/site-packages/xgboost/core.py:160: UserWarning: [00:40:19] WARNING: /Users/runner/work/xgboost/xgboost/src/learner.cc:742: 
Parameters: { "silent" } are not used.

  warnings.warn(smsg, UserWarning)
/Users/alicec03/miniforge3/envs/rail---new/lib/python3.11/site-packages/xgboost/core.py:160: UserWarning: [00:40:19] WARNING: /Users/runner/work/xgboost/xgboost/src/learner.cc:742: 
Parameters: { "silent" } are not used.

  warnings.warn(smsg, UserWarning)
/Users/alicec03/miniforge3/envs/rail---new/lib/python3.11/site-packages/xgboost/core.py:160: UserWarning: [00:40:19] WARNING: /Users/runner/work/xgboost/xgboost/src/learner.cc:742: 
Parameters: { "silent" } are not used.

  warnings.warn(smsg, UserWarning)
/Users/alicec03/miniforge3/envs/rail---new/lib/python3.11/site-packages/xgboost/core.py:160: UserWarning: [00:40:19] WARNING: /Users/runner/work/xgboost/xgboost/src/learner.cc:742: 
Parameters: { "silent" } are not used.

  warnings.warn(smsg, UserWarning)
/Users/alicec03/miniforge3/envs/rail---new/lib/python3.11/site-packages/xgboost/core.py:160: UserWarning: [00:40:19] WARNING: /Users/runner/work/xgboost/xgboost/src/learner.cc:742: 
Parameters: { "silent" } are not used.

  warnings.warn(smsg, UserWarning)
/Users/alicec03/miniforge3/envs/rail---new/lib/python3.11/site-packages/xgboost/core.py:160: UserWarning: [00:40:19] WARNING: /Users/runner/work/xgboost/xgboost/src/learner.cc:742: 
Parameters: { "silent" } are not used.

  warnings.warn(smsg, UserWarning)
/Users/alicec03/miniforge3/envs/rail---new/lib/python3.11/site-packages/xgboost/core.py:160: UserWarning: [00:40:19] WARNING: /Users/runner/work/xgboost/xgboost/src/learner.cc:742: 
Parameters: { "silent" } are not used.

  warnings.warn(smsg, UserWarning)
/Users/alicec03/miniforge3/envs/rail---new/lib/python3.11/site-packages/xgboost/core.py:160: UserWarning: [00:40:20] WARNING: /Users/runner/work/xgboost/xgboost/src/learner.cc:742: 
Parameters: { "silent" } are not used.

  warnings.warn(smsg, UserWarning)
/Users/alicec03/miniforge3/envs/rail---new/lib/python3.11/site-packages/xgboost/core.py:160: UserWarning: [00:40:20] WARNING: /Users/runner/work/xgboost/xgboost/src/learner.cc:742: 
Parameters: { "silent" } are not used.

  warnings.warn(smsg, UserWarning)
/Users/alicec03/miniforge3/envs/rail---new/lib/python3.11/site-packages/xgboost/core.py:160: UserWarning: [00:40:20] WARNING: /Users/runner/work/xgboost/xgboost/src/learner.cc:742: 
Parameters: { "silent" } are not used.

  warnings.warn(smsg, UserWarning)
/Users/alicec03/miniforge3/envs/rail---new/lib/python3.11/site-packages/xgboost/core.py:160: UserWarning: [00:40:20] WARNING: /Users/runner/work/xgboost/xgboost/src/learner.cc:742: 
Parameters: { "silent" } are not used.

  warnings.warn(smsg, UserWarning)
/Users/alicec03/miniforge3/envs/rail---new/lib/python3.11/site-packages/xgboost/core.py:160: UserWarning: [00:40:20] WARNING: /Users/runner/work/xgboost/xgboost/src/learner.cc:742: 
Parameters: { "silent" } are not used.

  warnings.warn(smsg, UserWarning)
/Users/alicec03/miniforge3/envs/rail---new/lib/python3.11/site-packages/xgboost/core.py:160: UserWarning: [00:40:20] WARNING: /Users/runner/work/xgboost/xgboost/src/learner.cc:742: 
Parameters: { "silent" } are not used.

  warnings.warn(smsg, UserWarning)
/Users/alicec03/miniforge3/envs/rail---new/lib/python3.11/site-packages/xgboost/core.py:160: UserWarning: [00:40:20] WARNING: /Users/runner/work/xgboost/xgboost/src/learner.cc:742: 
Parameters: { "silent" } are not used.

  warnings.warn(smsg, UserWarning)
/Users/alicec03/miniforge3/envs/rail---new/lib/python3.11/site-packages/xgboost/core.py:160: UserWarning: [00:40:20] WARNING: /Users/runner/work/xgboost/xgboost/src/learner.cc:742: 
Parameters: { "silent" } are not used.

  warnings.warn(smsg, UserWarning)
/Users/alicec03/miniforge3/envs/rail---new/lib/python3.11/site-packages/xgboost/core.py:160: UserWarning: [00:40:21] WARNING: /Users/runner/work/xgboost/xgboost/src/learner.cc:742: 
Parameters: { "silent" } are not used.

  warnings.warn(smsg, UserWarning)
/Users/alicec03/miniforge3/envs/rail---new/lib/python3.11/site-packages/xgboost/core.py:160: UserWarning: [00:40:21] WARNING: /Users/runner/work/xgboost/xgboost/src/learner.cc:742: 
Parameters: { "silent" } are not used.

  warnings.warn(smsg, UserWarning)
/Users/alicec03/miniforge3/envs/rail---new/lib/python3.11/site-packages/xgboost/core.py:160: UserWarning: [00:40:21] WARNING: /Users/runner/work/xgboost/xgboost/src/learner.cc:742: 
Parameters: { "silent" } are not used.

  warnings.warn(smsg, UserWarning)
/Users/alicec03/miniforge3/envs/rail---new/lib/python3.11/site-packages/xgboost/core.py:160: UserWarning: [00:40:21] WARNING: /Users/runner/work/xgboost/xgboost/src/learner.cc:742: 
Parameters: { "silent" } are not used.

  warnings.warn(smsg, UserWarning)
/Users/alicec03/miniforge3/envs/rail---new/lib/python3.11/site-packages/xgboost/core.py:160: UserWarning: [00:40:21] WARNING: /Users/runner/work/xgboost/xgboost/src/learner.cc:742: 
Parameters: { "silent" } are not used.

  warnings.warn(smsg, UserWarning)
/Users/alicec03/miniforge3/envs/rail---new/lib/python3.11/site-packages/xgboost/core.py:160: UserWarning: [00:40:21] WARNING: /Users/runner/work/xgboost/xgboost/src/learner.cc:742: 
Parameters: { "silent" } are not used.

  warnings.warn(smsg, UserWarning)
/Users/alicec03/miniforge3/envs/rail---new/lib/python3.11/site-packages/xgboost/core.py:160: UserWarning: [00:40:21] WARNING: /Users/runner/work/xgboost/xgboost/src/learner.cc:742: 
Parameters: { "silent" } are not used.

  warnings.warn(smsg, UserWarning)
/Users/alicec03/miniforge3/envs/rail---new/lib/python3.11/site-packages/xgboost/core.py:160: UserWarning: [00:40:21] WARNING: /Users/runner/work/xgboost/xgboost/src/learner.cc:742: 
Parameters: { "silent" } are not used.

  warnings.warn(smsg, UserWarning)
Inserting handle into data store.  model_inform_FZBoost: inprogress_LSSTerr_null_fzboost.pkl, inform_FZBoost
Stage complete: FlexZBoostInformer @ 2024-08-02 00:40:23.109989 took 1.22 minutes
