Executing stage: FlexZBoostInformer @ 2024-06-17 15:22:35.003049
Inserting handle into data store.  output_lsst_error_0: ./output_lsst_error_0.pq, inform_FZBoost
stacking some data...
read in training data
fit the model...
/Users/alicec03/miniforge3/envs/rail---new/lib/python3.11/site-packages/xgboost/core.py:160: UserWarning: [15:22:36] WARNING: /Users/runner/work/xgboost/xgboost/src/learner.cc:742: 
Parameters: { "silent" } are not used.

  warnings.warn(smsg, UserWarning)
/Users/alicec03/miniforge3/envs/rail---new/lib/python3.11/site-packages/xgboost/core.py:160: UserWarning: [15:22:36] WARNING: /Users/runner/work/xgboost/xgboost/src/learner.cc:742: 
Parameters: { "silent" } are not used.

  warnings.warn(smsg, UserWarning)
/Users/alicec03/miniforge3/envs/rail---new/lib/python3.11/site-packages/xgboost/core.py:160: UserWarning: [15:22:36] WARNING: /Users/runner/work/xgboost/xgboost/src/learner.cc:742: 
Parameters: { "silent" } are not used.

  warnings.warn(smsg, UserWarning)
/Users/alicec03/miniforge3/envs/rail---new/lib/python3.11/site-packages/xgboost/core.py:160: UserWarning: [15:22:36] WARNING: /Users/runner/work/xgboost/xgboost/src/learner.cc:742: 
Parameters: { "silent" } are not used.

  warnings.warn(smsg, UserWarning)
/Users/alicec03/miniforge3/envs/rail---new/lib/python3.11/site-packages/xgboost/core.py:160: UserWarning: [15:22:36] WARNING: /Users/runner/work/xgboost/xgboost/src/learner.cc:742: 
Parameters: { "silent" } are not used.

  warnings.warn(smsg, UserWarning)
/Users/alicec03/miniforge3/envs/rail---new/lib/python3.11/site-packages/xgboost/core.py:160: UserWarning: [15:22:36] WARNING: /Users/runner/work/xgboost/xgboost/src/learner.cc:742: 
Parameters: { "silent" } are not used.

  warnings.warn(smsg, UserWarning)
/Users/alicec03/miniforge3/envs/rail---new/lib/python3.11/site-packages/xgboost/core.py:160: UserWarning: [15:22:36] WARNING: /Users/runner/work/xgboost/xgboost/src/learner.cc:742: 
Parameters: { "silent" } are not used.

  warnings.warn(smsg, UserWarning)
/Users/alicec03/miniforge3/envs/rail---new/lib/python3.11/site-packages/xgboost/core.py:160: UserWarning: [15:22:36] WARNING: /Users/runner/work/xgboost/xgboost/src/learner.cc:742: 
Parameters: { "silent" } are not used.

  warnings.warn(smsg, UserWarning)
/Users/alicec03/miniforge3/envs/rail---new/lib/python3.11/site-packages/xgboost/core.py:160: UserWarning: [15:22:37] WARNING: /Users/runner/work/xgboost/xgboost/src/learner.cc:742: 
Parameters: { "silent" } are not used.

  warnings.warn(smsg, UserWarning)
/Users/alicec03/miniforge3/envs/rail---new/lib/python3.11/site-packages/xgboost/core.py:160: UserWarning: [15:22:37] WARNING: /Users/runner/work/xgboost/xgboost/src/learner.cc:742: 
Parameters: { "silent" } are not used.

  warnings.warn(smsg, UserWarning)
/Users/alicec03/miniforge3/envs/rail---new/lib/python3.11/site-packages/xgboost/core.py:160: UserWarning: [15:22:37] WARNING: /Users/runner/work/xgboost/xgboost/src/learner.cc:742: 
Parameters: { "silent" } are not used.

  warnings.warn(smsg, UserWarning)
/Users/alicec03/miniforge3/envs/rail---new/lib/python3.11/site-packages/xgboost/core.py:160: UserWarning: [15:22:37] WARNING: /Users/runner/work/xgboost/xgboost/src/learner.cc:742: 
Parameters: { "silent" } are not used.

  warnings.warn(smsg, UserWarning)
/Users/alicec03/miniforge3/envs/rail---new/lib/python3.11/site-packages/xgboost/core.py:160: UserWarning: [15:22:37] WARNING: /Users/runner/work/xgboost/xgboost/src/learner.cc:742: 
Parameters: { "silent" } are not used.

  warnings.warn(smsg, UserWarning)
/Users/alicec03/miniforge3/envs/rail---new/lib/python3.11/site-packages/xgboost/core.py:160: UserWarning: [15:22:37] WARNING: /Users/runner/work/xgboost/xgboost/src/learner.cc:742: 
Parameters: { "silent" } are not used.

  warnings.warn(smsg, UserWarning)
/Users/alicec03/miniforge3/envs/rail---new/lib/python3.11/site-packages/xgboost/core.py:160: UserWarning: [15:22:37] WARNING: /Users/runner/work/xgboost/xgboost/src/learner.cc:742: 
Parameters: { "silent" } are not used.

  warnings.warn(smsg, UserWarning)
/Users/alicec03/miniforge3/envs/rail---new/lib/python3.11/site-packages/xgboost/core.py:160: UserWarning: [15:22:37] WARNING: /Users/runner/work/xgboost/xgboost/src/learner.cc:742: 
Parameters: { "silent" } are not used.

  warnings.warn(smsg, UserWarning)
finding best bump thresh...
finding best sharpen parameter...
Retraining with full training set...
/Users/alicec03/miniforge3/envs/rail---new/lib/python3.11/site-packages/xgboost/core.py:160: UserWarning: [15:22:49] WARNING: /Users/runner/work/xgboost/xgboost/src/learner.cc:742: 
Parameters: { "silent" } are not used.

  warnings.warn(smsg, UserWarning)
/Users/alicec03/miniforge3/envs/rail---new/lib/python3.11/site-packages/xgboost/core.py:160: UserWarning: [15:22:49] WARNING: /Users/runner/work/xgboost/xgboost/src/learner.cc:742: 
Parameters: { "silent" } are not used.

  warnings.warn(smsg, UserWarning)
/Users/alicec03/miniforge3/envs/rail---new/lib/python3.11/site-packages/xgboost/core.py:160: UserWarning: [15:22:49] WARNING: /Users/runner/work/xgboost/xgboost/src/learner.cc:742: 
Parameters: { "silent" } are not used.

  warnings.warn(smsg, UserWarning)
/Users/alicec03/miniforge3/envs/rail---new/lib/python3.11/site-packages/xgboost/core.py:160: UserWarning: [15:22:49] WARNING: /Users/runner/work/xgboost/xgboost/src/learner.cc:742: 
Parameters: { "silent" } are not used.

  warnings.warn(smsg, UserWarning)
/Users/alicec03/miniforge3/envs/rail---new/lib/python3.11/site-packages/xgboost/core.py:160: UserWarning: [15:22:50] WARNING: /Users/runner/work/xgboost/xgboost/src/learner.cc:742: 
Parameters: { "silent" } are not used.

  warnings.warn(smsg, UserWarning)
/Users/alicec03/miniforge3/envs/rail---new/lib/python3.11/site-packages/xgboost/core.py:160: UserWarning: [15:22:50] WARNING: /Users/runner/work/xgboost/xgboost/src/learner.cc:742: 
Parameters: { "silent" } are not used.

  warnings.warn(smsg, UserWarning)
/Users/alicec03/miniforge3/envs/rail---new/lib/python3.11/site-packages/xgboost/core.py:160: UserWarning: [15:22:50] WARNING: /Users/runner/work/xgboost/xgboost/src/learner.cc:742: 
Parameters: { "silent" } are not used.

  warnings.warn(smsg, UserWarning)
/Users/alicec03/miniforge3/envs/rail---new/lib/python3.11/site-packages/xgboost/core.py:160: UserWarning: [15:22:50] WARNING: /Users/runner/work/xgboost/xgboost/src/learner.cc:742: 
Parameters: { "silent" } are not used.

  warnings.warn(smsg, UserWarning)
/Users/alicec03/miniforge3/envs/rail---new/lib/python3.11/site-packages/xgboost/core.py:160: UserWarning: [15:22:50] WARNING: /Users/runner/work/xgboost/xgboost/src/learner.cc:742: 
Parameters: { "silent" } are not used.

  warnings.warn(smsg, UserWarning)
/Users/alicec03/miniforge3/envs/rail---new/lib/python3.11/site-packages/xgboost/core.py:160: UserWarning: [15:22:50] WARNING: /Users/runner/work/xgboost/xgboost/src/learner.cc:742: 
Parameters: { "silent" } are not used.

  warnings.warn(smsg, UserWarning)
/Users/alicec03/miniforge3/envs/rail---new/lib/python3.11/site-packages/xgboost/core.py:160: UserWarning: [15:22:50] WARNING: /Users/runner/work/xgboost/xgboost/src/learner.cc:742: 
Parameters: { "silent" } are not used.

  warnings.warn(smsg, UserWarning)
/Users/alicec03/miniforge3/envs/rail---new/lib/python3.11/site-packages/xgboost/core.py:160: UserWarning: [15:22:50] WARNING: /Users/runner/work/xgboost/xgboost/src/learner.cc:742: 
Parameters: { "silent" } are not used.

  warnings.warn(smsg, UserWarning)
/Users/alicec03/miniforge3/envs/rail---new/lib/python3.11/site-packages/xgboost/core.py:160: UserWarning: [15:22:51] WARNING: /Users/runner/work/xgboost/xgboost/src/learner.cc:742: 
Parameters: { "silent" } are not used.

  warnings.warn(smsg, UserWarning)
/Users/alicec03/miniforge3/envs/rail---new/lib/python3.11/site-packages/xgboost/core.py:160: UserWarning: [15:22:51] WARNING: /Users/runner/work/xgboost/xgboost/src/learner.cc:742: 
Parameters: { "silent" } are not used.

  warnings.warn(smsg, UserWarning)
/Users/alicec03/miniforge3/envs/rail---new/lib/python3.11/site-packages/xgboost/core.py:160: UserWarning: [15:22:51] WARNING: /Users/runner/work/xgboost/xgboost/src/learner.cc:742: 
Parameters: { "silent" } are not used.

  warnings.warn(smsg, UserWarning)
/Users/alicec03/miniforge3/envs/rail---new/lib/python3.11/site-packages/xgboost/core.py:160: UserWarning: [15:22:51] WARNING: /Users/runner/work/xgboost/xgboost/src/learner.cc:742: 
Parameters: { "silent" } are not used.

  warnings.warn(smsg, UserWarning)
/Users/alicec03/miniforge3/envs/rail---new/lib/python3.11/site-packages/xgboost/core.py:160: UserWarning: [15:22:51] WARNING: /Users/runner/work/xgboost/xgboost/src/learner.cc:742: 
Parameters: { "silent" } are not used.

  warnings.warn(smsg, UserWarning)
Inserting handle into data store.  model_inform_FZBoost: inprogress_fzboost.pkl, inform_FZBoost
Stage complete: FlexZBoostInformer @ 2024-06-17 15:22:51.515183 took 0.28 minutes
