Executing stage: GPzInformer @ 2024-08-02 00:16:08.517626
Inserting handle into data store.  output_col_remapper_1: ./output_col_remapper_1.pq, inform_GPz
ngal: 29584
training model...
Iter	 logML/n 		 Train RMSE		 Train RMSE/n		 Valid RMSE		 Valid MLL		 Time    
   1	-1.7533986e-01	 2.8386818e-01	-1.5355572e-01	 2.9180670e-01	[-1.5118627e-01]	 6.8587112e-01
   2	-1.2226457e-01	 2.6751529e-01	-1.0193734e-01	 2.5865401e-01	[-8.0622519e-02]	 3.8471603e-01
   3	-6.4141912e-02	 2.5410206e-01	-4.0409941e-02	 2.4524621e-01	[-2.8228418e-02]	 1.9492197e-01
   4	-7.0769129e-03	 2.4079979e-01	 9.9312592e-03	 2.3918197e-01	[ 1.5747133e-02]	 1.9483399e-01
   5	 2.4456377e-02	 2.3349124e-01	 4.2382963e-02	 2.3423599e-01	[ 4.1358317e-02]	 1.9500279e-01
   6	 4.7658788e-02	 2.2793298e-01	 6.3886354e-02	 2.3365927e-01	[ 5.8290819e-02]	 1.9454098e-01
   7	 5.7873055e-02	 2.2561687e-01	 7.3807097e-02	 2.3067064e-01	[ 6.9265762e-02]	 1.9548488e-01
   8	 8.2067891e-02	 2.2099361e-01	 9.6004897e-02	 2.2135114e-01	[ 9.8550119e-02]	 1.9677401e-01
   9	 8.9852563e-02	 2.1993641e-01	 1.0209838e-01	 2.2343555e-01	[ 1.0251361e-01]	 1.9808984e-01
  10	 9.8022918e-02	 2.1810247e-01	 1.0949558e-01	 2.1924546e-01	[ 1.1289402e-01]	 1.9903994e-01
  11	 1.0461730e-01	 2.1694249e-01	 1.1519912e-01	 2.1654775e-01	[ 1.2025007e-01]	 1.9801116e-01
  12	 1.1256388e-01	 2.1550000e-01	 1.2212329e-01	 2.1406997e-01	[ 1.2890339e-01]	 1.9938517e-01
  13	 1.2252189e-01	 2.1386083e-01	 1.3139632e-01	 2.1389427e-01	[ 1.3461732e-01]	 1.9635725e-01
  14	 1.3887862e-01	 2.1120726e-01	 1.4779399e-01	 2.1474812e-01	[ 1.4540968e-01]	 1.9815588e-01
  15	 1.7263010e-01	 2.0553383e-01	 1.8581844e-01	 2.0735246e-01	[ 1.8118294e-01]	 1.9957399e-01
  16	 2.1941067e-01	 2.0712865e-01	 2.3625148e-01	 2.0880331e-01	[ 2.3111042e-01]	 1.9845462e-01
  17	 2.2167490e-01	 2.0487622e-01	 2.3366820e-01	 2.0130339e-01	[ 2.3692663e-01]	 1.9878888e-01
  18	 2.8238358e-01	 1.9792099e-01	 2.9489722e-01	 1.9578820e-01	[ 2.9678455e-01]	 1.9994283e-01
  19	 3.5831677e-01	 1.9342896e-01	 3.7103674e-01	 1.9257660e-01	[ 3.7354317e-01]	 3.9624906e-01
  20	 4.1981972e-01	 1.8572285e-01	 4.3270240e-01	 1.8289223e-01	[ 4.4122415e-01]	 1.9849014e-01
  21	 4.5402539e-01	 1.8571670e-01	 4.6748848e-01	 1.8203724e-01	[ 4.7512454e-01]	 1.9627523e-01
  22	 4.8854258e-01	 1.8077167e-01	 5.0220060e-01	 1.7723194e-01	[ 5.1296400e-01]	 1.9853806e-01
  23	 5.5164161e-01	 1.7918452e-01	 5.6539553e-01	 1.7089853e-01	[ 5.8193614e-01]	 1.9754100e-01
  24	 6.4202886e-01	 1.7185852e-01	 6.5571952e-01	 1.6873549e-01	[ 6.6366047e-01]	 1.9960189e-01
  25	 7.5563036e-01	 1.7589308e-01	 7.6951921e-01	 1.7405263e-01	[ 7.7144971e-01]	 1.9543099e-01
  26	 8.4989172e-01	 1.7743405e-01	 8.6517825e-01	 1.7590654e-01	[ 8.5660597e-01]	 1.9910908e-01
  27	 9.2416032e-01	 1.7738080e-01	 9.3882623e-01	 1.7642847e-01	[ 9.3576960e-01]	 1.9962430e-01
  28	 9.6797236e-01	 1.7735651e-01	 9.8304756e-01	 1.7720930e-01	[ 9.7699847e-01]	 1.9875574e-01
  29	 1.0317037e+00	 1.7851800e-01	 1.0478609e+00	 1.7749142e-01	[ 1.0413615e+00]	 1.9938993e-01
  30	 1.0820132e+00	 1.7511983e-01	 1.0984847e+00	 1.7661130e-01	[ 1.0965190e+00]	 1.9751716e-01
  31	 1.1271554e+00	 1.7064479e-01	 1.1432734e+00	 1.7152436e-01	[ 1.1436684e+00]	 1.9876575e-01
  32	 1.1743533e+00	 1.6875113e-01	 1.1907951e+00	 1.6885391e-01	[ 1.1854948e+00]	 1.9996405e-01
  33	 1.2257368e+00	 1.7257603e-01	 1.2426546e+00	 1.7446270e-01	[ 1.2356371e+00]	 1.9979501e-01
  34	 1.2710826e+00	 1.7161461e-01	 1.2879542e+00	 1.7390027e-01	[ 1.2751965e+00]	 2.0169020e-01
  35	 1.3140620e+00	 1.7503543e-01	 1.3314801e+00	 1.7806695e-01	[ 1.3176462e+00]	 2.0003915e-01
  36	 1.3551556e+00	 1.7537022e-01	 1.3729309e+00	 1.7904241e-01	[ 1.3538848e+00]	 1.9881082e-01
  37	 1.4039859e+00	 1.8704834e-01	 1.4223430e+00	 1.9313842e-01	[ 1.3946829e+00]	 1.9776821e-01
  38	 1.4489878e+00	 1.7097090e-01	 1.4671143e+00	 1.7461131e-01	[ 1.4416439e+00]	 1.9885302e-01
  39	 1.4720553e+00	 1.6779447e-01	 1.4901146e+00	 1.7146696e-01	[ 1.4636702e+00]	 1.9638586e-01
  40	 1.5122479e+00	 1.6083434e-01	 1.5304998e+00	 1.6400340e-01	[ 1.4962349e+00]	 1.9918895e-01
  41	 1.5441890e+00	 1.6071982e-01	 1.5622200e+00	 1.6414899e-01	[ 1.5272601e+00]	 1.9952893e-01
  42	 1.5676333e+00	 1.5715756e-01	 1.5856804e+00	 1.5939875e-01	[ 1.5491810e+00]	 1.9775295e-01
  43	 1.5896452e+00	 1.5561823e-01	 1.6079773e+00	 1.5676711e-01	[ 1.5648824e+00]	 1.9714117e-01
  44	 1.6126342e+00	 1.5296487e-01	 1.6309869e+00	 1.5260633e-01	[ 1.5884124e+00]	 1.9787073e-01
  45	 1.6300688e+00	 1.5211944e-01	 1.6485396e+00	 1.5255733e-01	[ 1.6006758e+00]	 1.9631171e-01
  46	 1.6411556e+00	 1.5108254e-01	 1.6596933e+00	 1.5195910e-01	[ 1.6099964e+00]	 1.9812012e-01
  47	 1.6549221e+00	 1.4946062e-01	 1.6735570e+00	 1.4991267e-01	[ 1.6230188e+00]	 1.9653893e-01
  48	 1.6630489e+00	 1.5048926e-01	 1.6817224e+00	 1.5079617e-01	[ 1.6273767e+00]	 2.0039821e-01
  49	 1.6747514e+00	 1.4965576e-01	 1.6932887e+00	 1.5018884e-01	[ 1.6410398e+00]	 2.0037460e-01
  50	 1.6832997e+00	 1.4915109e-01	 1.7018131e+00	 1.5011046e-01	[ 1.6489356e+00]	 2.0464897e-01
  51	 1.6908744e+00	 1.4912697e-01	 1.7093819e+00	 1.5058108e-01	[ 1.6551357e+00]	 2.0079088e-01
  52	 1.7069163e+00	 1.4945107e-01	 1.7255699e+00	 1.5131995e-01	[ 1.6671614e+00]	 1.9815874e-01
  53	 1.7166555e+00	 1.4999387e-01	 1.7352542e+00	 1.5272002e-01	[ 1.6769103e+00]	 3.9661217e-01
  54	 1.7264777e+00	 1.4981278e-01	 1.7451564e+00	 1.5253027e-01	[ 1.6852419e+00]	 2.0437002e-01
  55	 1.7375003e+00	 1.4822570e-01	 1.7562792e+00	 1.5096934e-01	[ 1.6947388e+00]	 1.9614100e-01
  56	 1.7475057e+00	 1.4660865e-01	 1.7662430e+00	 1.4986473e-01	[ 1.7045405e+00]	 1.9669104e-01
  57	 1.7527575e+00	 1.4506264e-01	 1.7716789e+00	 1.4810676e-01	[ 1.7132907e+00]	 1.9677901e-01
  58	 1.7652785e+00	 1.4443540e-01	 1.7839355e+00	 1.4857240e-01	[ 1.7256264e+00]	 1.9785023e-01
  59	 1.7716995e+00	 1.4450562e-01	 1.7903190e+00	 1.4880751e-01	[ 1.7309360e+00]	 1.9559312e-01
  60	 1.7837762e+00	 1.4403877e-01	 1.8024777e+00	 1.4856955e-01	[ 1.7405932e+00]	 1.9677281e-01
  61	 1.7928563e+00	 1.4548484e-01	 1.8114598e+00	 1.5079627e-01	[ 1.7513062e+00]	 2.0020199e-01
  62	 1.8003267e+00	 1.4515107e-01	 1.8190204e+00	 1.5019433e-01	[ 1.7608357e+00]	 1.9829917e-01
  63	 1.8047340e+00	 1.4439595e-01	 1.8235238e+00	 1.4912524e-01	[ 1.7657283e+00]	 1.9681382e-01
  64	 1.8093996e+00	 1.4243845e-01	 1.8282870e+00	 1.4649883e-01	[ 1.7707314e+00]	 1.9744205e-01
  65	 1.8142001e+00	 1.4231252e-01	 1.8331390e+00	 1.4635370e-01	[ 1.7727898e+00]	 1.9596601e-01
  66	 1.8186237e+00	 1.4238677e-01	 1.8375654e+00	 1.4652343e-01	[ 1.7743400e+00]	 1.9472218e-01
  67	 1.8233764e+00	 1.4237880e-01	 1.8423051e+00	 1.4651695e-01	[ 1.7777451e+00]	 1.9835472e-01
  68	 1.8300599e+00	 1.4137048e-01	 1.8489741e+00	 1.4510530e-01	[ 1.7838472e+00]	 1.9806385e-01
  69	 1.8346055e+00	 1.4164663e-01	 1.8537205e+00	 1.4499712e-01	[ 1.7870424e+00]	 1.9879293e-01
  70	 1.8421847e+00	 1.4007227e-01	 1.8612002e+00	 1.4287001e-01	[ 1.7958536e+00]	 2.0018220e-01
  71	 1.8463655e+00	 1.3884521e-01	 1.8653710e+00	 1.4124006e-01	[ 1.8009862e+00]	 1.9926023e-01
  72	 1.8519791e+00	 1.3764822e-01	 1.8709973e+00	 1.3955633e-01	[ 1.8065214e+00]	 1.9934201e-01
  73	 1.8577228e+00	 1.3599853e-01	 1.8767660e+00	 1.3771403e-01	[ 1.8116399e+00]	 2.0098901e-01
  74	 1.8631238e+00	 1.3597678e-01	 1.8822026e+00	 1.3784792e-01	[ 1.8144273e+00]	 2.0056081e-01
  75	 1.8671790e+00	 1.3647588e-01	 1.8862680e+00	 1.3859825e-01	[ 1.8177939e+00]	 1.9886994e-01
  76	 1.8721506e+00	 1.3661443e-01	 1.8912789e+00	 1.3869682e-01	[ 1.8215404e+00]	 1.9799495e-01
  77	 1.8742284e+00	 1.3560595e-01	 1.8934528e+00	 1.3741233e-01	[ 1.8237997e+00]	 1.9758797e-01
  78	 1.8801409e+00	 1.3517492e-01	 1.8993285e+00	 1.3699642e-01	[ 1.8295770e+00]	 1.9758677e-01
  79	 1.8833524e+00	 1.3446448e-01	 1.9025386e+00	 1.3603102e-01	[ 1.8320781e+00]	 1.9729090e-01
  80	 1.8857855e+00	 1.3384073e-01	 1.9049926e+00	 1.3525105e-01	[ 1.8328818e+00]	 1.9821906e-01
  81	 1.8900446e+00	 1.3311441e-01	 1.9092705e+00	 1.3445769e-01	[ 1.8341765e+00]	 1.9897079e-01
  82	 1.8933868e+00	 1.3232747e-01	 1.9126108e+00	 1.3379334e-01	  1.8339990e+00 	 1.9761610e-01
  83	 1.8973663e+00	 1.3224174e-01	 1.9165845e+00	 1.3376066e-01	[ 1.8377603e+00]	 1.9695735e-01
  84	 1.8996178e+00	 1.3222797e-01	 1.9188368e+00	 1.3375209e-01	[ 1.8400142e+00]	 1.9622588e-01
  85	 1.9029890e+00	 1.3185830e-01	 1.9222005e+00	 1.3322916e-01	[ 1.8430436e+00]	 1.9759393e-01
  86	 1.9072127e+00	 1.3079096e-01	 1.9264812e+00	 1.3167159e-01	[ 1.8454212e+00]	 1.9729996e-01
  87	 1.9106990e+00	 1.3033652e-01	 1.9299297e+00	 1.3107460e-01	[ 1.8498174e+00]	 1.9836593e-01
  88	 1.9140863e+00	 1.2994674e-01	 1.9332910e+00	 1.3063843e-01	[ 1.8527050e+00]	 1.9991207e-01
  89	 1.9166540e+00	 1.2943446e-01	 1.9358984e+00	 1.2992468e-01	  1.8523572e+00 	 2.0107412e-01
  90	 1.9193303e+00	 1.2904387e-01	 1.9386381e+00	 1.2935214e-01	[ 1.8539521e+00]	 1.9737291e-01
  91	 1.9226806e+00	 1.2874564e-01	 1.9420184e+00	 1.2884547e-01	[ 1.8561278e+00]	 1.9920921e-01
  92	 1.9265454e+00	 1.2848872e-01	 1.9459044e+00	 1.2843664e-01	[ 1.8607939e+00]	 2.0336819e-01
  93	 1.9286697e+00	 1.2833849e-01	 1.9480199e+00	 1.2810335e-01	[ 1.8646815e+00]	 2.0185328e-01
  94	 1.9315825e+00	 1.2820610e-01	 1.9509054e+00	 1.2802784e-01	[ 1.8680391e+00]	 2.0001602e-01
  95	 1.9341614e+00	 1.2803364e-01	 1.9534676e+00	 1.2790972e-01	[ 1.8706237e+00]	 2.0042515e-01
  96	 1.9374775e+00	 1.2775310e-01	 1.9567660e+00	 1.2758892e-01	[ 1.8736609e+00]	 2.0238590e-01
  97	 1.9404425e+00	 1.2770309e-01	 1.9597763e+00	 1.2767643e-01	[ 1.8744524e+00]	 1.9780040e-01
  98	 1.9433733e+00	 1.2754788e-01	 1.9626993e+00	 1.2732978e-01	[ 1.8769591e+00]	 1.9764709e-01
  99	 1.9450460e+00	 1.2744425e-01	 1.9643728e+00	 1.2723008e-01	[ 1.8785692e+00]	 1.9956493e-01
 100	 1.9485186e+00	 1.2706586e-01	 1.9679126e+00	 1.2682478e-01	[ 1.8803016e+00]	 2.0047283e-01
 101	 1.9507174e+00	 1.2662514e-01	 1.9701262e+00	 1.2649526e-01	[ 1.8828495e+00]	 2.0009017e-01
 102	 1.9536166e+00	 1.2643278e-01	 1.9730351e+00	 1.2645940e-01	[ 1.8840362e+00]	 1.9973493e-01
 103	 1.9565416e+00	 1.2614941e-01	 1.9759698e+00	 1.2637797e-01	[ 1.8856248e+00]	 1.9816589e-01
 104	 1.9585360e+00	 1.2584680e-01	 1.9779983e+00	 1.2619713e-01	[ 1.8870484e+00]	 1.9827604e-01
 105	 1.9610708e+00	 1.2486404e-01	 1.9805614e+00	 1.2550077e-01	[ 1.8887802e+00]	 1.9840884e-01
 106	 1.9634453e+00	 1.2473671e-01	 1.9829445e+00	 1.2563030e-01	[ 1.8930436e+00]	 1.9454384e-01
 107	 1.9650888e+00	 1.2451783e-01	 1.9845757e+00	 1.2534682e-01	[ 1.8951220e+00]	 1.9592190e-01
 108	 1.9679329e+00	 1.2400627e-01	 1.9874221e+00	 1.2488110e-01	[ 1.8971556e+00]	 1.9830608e-01
 109	 1.9701675e+00	 1.2357722e-01	 1.9896650e+00	 1.2450658e-01	[ 1.9004857e+00]	 2.0165300e-01
 110	 1.9730417e+00	 1.2349798e-01	 1.9925550e+00	 1.2454738e-01	[ 1.9021514e+00]	 1.9922996e-01
 111	 1.9754908e+00	 1.2355982e-01	 1.9950315e+00	 1.2489171e-01	[ 1.9034575e+00]	 2.0315886e-01
 112	 1.9776996e+00	 1.2372630e-01	 1.9972508e+00	 1.2506833e-01	[ 1.9055144e+00]	 2.0037603e-01
 113	 1.9792395e+00	 1.2369614e-01	 1.9987894e+00	 1.2500246e-01	[ 1.9075635e+00]	 2.0127392e-01
 114	 1.9814753e+00	 1.2354982e-01	 2.0010389e+00	 1.2474023e-01	[ 1.9094233e+00]	 1.9886899e-01
 115	 1.9830569e+00	 1.2353434e-01	 2.0026441e+00	 1.2463400e-01	[ 1.9112084e+00]	 2.2261095e-01
 116	 1.9852107e+00	 1.2358076e-01	 2.0048193e+00	 1.2465325e-01	[ 1.9116532e+00]	 2.0065904e-01
 117	 1.9885730e+00	 1.2364333e-01	 2.0082187e+00	 1.2451916e-01	  1.9115915e+00 	 2.0312500e-01
 118	 1.9897744e+00	 1.2428762e-01	 2.0094151e+00	 1.2544922e-01	[ 1.9132235e+00]	 1.9951892e-01
 119	 1.9916508e+00	 1.2384974e-01	 2.0112730e+00	 1.2485732e-01	[ 1.9147929e+00]	 1.9971108e-01
 120	 1.9928628e+00	 1.2377586e-01	 2.0124782e+00	 1.2471313e-01	[ 1.9160896e+00]	 1.9898772e-01
 121	 1.9945578e+00	 1.2357885e-01	 2.0141733e+00	 1.2441765e-01	[ 1.9188008e+00]	 1.9858789e-01
 122	 1.9968912e+00	 1.2350622e-01	 2.0165261e+00	 1.2433972e-01	[ 1.9196046e+00]	 1.9632578e-01
 123	 1.9990692e+00	 1.2340030e-01	 2.0187196e+00	 1.2415766e-01	[ 1.9231682e+00]	 1.9668317e-01
 124	 2.0006953e+00	 1.2316292e-01	 2.0203483e+00	 1.2387762e-01	[ 1.9242062e+00]	 1.9715977e-01
 125	 2.0025693e+00	 1.2286922e-01	 2.0222399e+00	 1.2347094e-01	  1.9241162e+00 	 2.0068192e-01
 126	 2.0042746e+00	 1.2263464e-01	 2.0239712e+00	 1.2304337e-01	[ 1.9259063e+00]	 1.9815016e-01
 127	 2.0058628e+00	 1.2243638e-01	 2.0255733e+00	 1.2276009e-01	[ 1.9260756e+00]	 1.9919896e-01
 128	 2.0069430e+00	 1.2240499e-01	 2.0266479e+00	 1.2267969e-01	[ 1.9282408e+00]	 2.0259666e-01
 129	 2.0083967e+00	 1.2223643e-01	 2.0280972e+00	 1.2242745e-01	[ 1.9316358e+00]	 1.9774604e-01
 130	 2.0099318e+00	 1.2170562e-01	 2.0296369e+00	 1.2168331e-01	[ 1.9324036e+00]	 2.0323706e-01
 131	 2.0113399e+00	 1.2136902e-01	 2.0310495e+00	 1.2119688e-01	[ 1.9334821e+00]	 1.9603801e-01
 132	 2.0125830e+00	 1.2098231e-01	 2.0322962e+00	 1.2057728e-01	[ 1.9336809e+00]	 1.9871902e-01
 133	 2.0138189e+00	 1.2068973e-01	 2.0335421e+00	 1.2013235e-01	[ 1.9339797e+00]	 1.9769478e-01
 134	 2.0151320e+00	 1.2052350e-01	 2.0348469e+00	 1.1983176e-01	[ 1.9347973e+00]	 2.0009184e-01
 135	 2.0163004e+00	 1.2048501e-01	 2.0360044e+00	 1.1976201e-01	[ 1.9364449e+00]	 2.0141888e-01
 136	 2.0174474e+00	 1.2048640e-01	 2.0371410e+00	 1.1979011e-01	[ 1.9375127e+00]	 1.9838023e-01
 137	 2.0184812e+00	 1.2034235e-01	 2.0381773e+00	 1.1970852e-01	[ 1.9396999e+00]	 1.9936371e-01
 138	 2.0200214e+00	 1.2031546e-01	 2.0397084e+00	 1.1968831e-01	[ 1.9403737e+00]	 1.9797683e-01
 139	 2.0208003e+00	 1.2022236e-01	 2.0404915e+00	 1.1957999e-01	  1.9402357e+00 	 1.9704700e-01
 140	 2.0216815e+00	 1.2005650e-01	 2.0413854e+00	 1.1937538e-01	[ 1.9404589e+00]	 1.9787812e-01
 141	 2.0224911e+00	 1.1985353e-01	 2.0422173e+00	 1.1916874e-01	  1.9392732e+00 	 1.9670796e-01
 142	 2.0237572e+00	 1.1969372e-01	 2.0434906e+00	 1.1890463e-01	  1.9403104e+00 	 2.0467401e-01
 143	 2.0244229e+00	 1.1962214e-01	 2.0441587e+00	 1.1878505e-01	[ 1.9413374e+00]	 1.9903493e-01
 144	 2.0250581e+00	 1.1955303e-01	 2.0447981e+00	 1.1867043e-01	[ 1.9415683e+00]	 1.9746590e-01
 145	 2.0259855e+00	 1.1944279e-01	 2.0457359e+00	 1.1845892e-01	[ 1.9428624e+00]	 1.9737601e-01
 146	 2.0270183e+00	 1.1932145e-01	 2.0467754e+00	 1.1819040e-01	  1.9415556e+00 	 1.9850802e-01
 147	 2.0279667e+00	 1.1923785e-01	 2.0477280e+00	 1.1798073e-01	  1.9414397e+00 	 1.9850230e-01
 148	 2.0289626e+00	 1.1917342e-01	 2.0487323e+00	 1.1762502e-01	  1.9407960e+00 	 1.9957495e-01
 149	 2.0298260e+00	 1.1920762e-01	 2.0495983e+00	 1.1755942e-01	  1.9420613e+00 	 2.0108604e-01
 150	 2.0304463e+00	 1.1923804e-01	 2.0502134e+00	 1.1756279e-01	[ 1.9431445e+00]	 2.0079803e-01
 151	 2.0316357e+00	 1.1929634e-01	 2.0513885e+00	 1.1762157e-01	[ 1.9449568e+00]	 1.9977307e-01
 152	 2.0326237e+00	 1.1940641e-01	 2.0523607e+00	 1.1775325e-01	[ 1.9462083e+00]	 1.9893098e-01
 153	 2.0336916e+00	 1.1948228e-01	 2.0534100e+00	 1.1794119e-01	[ 1.9475579e+00]	 2.0149183e-01
 154	 2.0345890e+00	 1.1947370e-01	 2.0543022e+00	 1.1796376e-01	  1.9473466e+00 	 2.0074415e-01
 155	 2.0353953e+00	 1.1942521e-01	 2.0551129e+00	 1.1800007e-01	  1.9469276e+00 	 1.9860816e-01
 156	 2.0360580e+00	 1.1931739e-01	 2.0557867e+00	 1.1786509e-01	  1.9462409e+00 	 2.0060897e-01
 157	 2.0367916e+00	 1.1916480e-01	 2.0565362e+00	 1.1767722e-01	  1.9463794e+00 	 1.9790602e-01
 158	 2.0373484e+00	 1.1899241e-01	 2.0571114e+00	 1.1745716e-01	  1.9444303e+00 	 1.9648099e-01
 159	 2.0380080e+00	 1.1892554e-01	 2.0577671e+00	 1.1743959e-01	  1.9460617e+00 	 1.9669509e-01
 160	 2.0384338e+00	 1.1890437e-01	 2.0581828e+00	 1.1745508e-01	  1.9467515e+00 	 1.9943094e-01
 161	 2.0393974e+00	 1.1881424e-01	 2.0591298e+00	 1.1742705e-01	  1.9474808e+00 	 1.9751596e-01
 162	 2.0405938e+00	 1.1869472e-01	 2.0603292e+00	 1.1727978e-01	  1.9471175e+00 	 1.9658899e-01
 163	 2.0410218e+00	 1.1856111e-01	 2.0607910e+00	 1.1717088e-01	  1.9463772e+00 	 1.9910407e-01
 164	 2.0420562e+00	 1.1858434e-01	 2.0618230e+00	 1.1710613e-01	  1.9462044e+00 	 1.9967604e-01
 165	 2.0423912e+00	 1.1860405e-01	 2.0621682e+00	 1.1708417e-01	  1.9457954e+00 	 1.9853806e-01
 166	 2.0429858e+00	 1.1863845e-01	 2.0627819e+00	 1.1706085e-01	  1.9451044e+00 	 2.0007896e-01
 167	 2.0438527e+00	 1.1867238e-01	 2.0636715e+00	 1.1705310e-01	  1.9442944e+00 	 2.0032787e-01
 168	 2.0444220e+00	 1.1872312e-01	 2.0642486e+00	 1.1705532e-01	  1.9439688e+00 	 4.0079403e-01
 169	 2.0450935e+00	 1.1868356e-01	 2.0649113e+00	 1.1705109e-01	  1.9446774e+00 	 1.9797707e-01
 170	 2.0456448e+00	 1.1861766e-01	 2.0654374e+00	 1.1704740e-01	  1.9462586e+00 	 1.9760370e-01
 171	 2.0461035e+00	 1.1855351e-01	 2.0658777e+00	 1.1701383e-01	  1.9474998e+00 	 2.1901298e-01
 172	 2.0466327e+00	 1.1850599e-01	 2.0663869e+00	 1.1710833e-01	[ 1.9491283e+00]	 1.9933581e-01
 173	 2.0473152e+00	 1.1848561e-01	 2.0670711e+00	 1.1708397e-01	[ 1.9496335e+00]	 2.0211506e-01
 174	 2.0477832e+00	 1.1852019e-01	 2.0675558e+00	 1.1713669e-01	  1.9485668e+00 	 2.0057607e-01
 175	 2.0482595e+00	 1.1857192e-01	 2.0680605e+00	 1.1726893e-01	  1.9479458e+00 	 1.9843388e-01
 176	 2.0488611e+00	 1.1861434e-01	 2.0686832e+00	 1.1744967e-01	  1.9453692e+00 	 1.9812298e-01
 177	 2.0495441e+00	 1.1854934e-01	 2.0693738e+00	 1.1753653e-01	  1.9458393e+00 	 2.0023203e-01
 178	 2.0502449e+00	 1.1840734e-01	 2.0700687e+00	 1.1754708e-01	  1.9462472e+00 	 1.9927502e-01
 179	 2.0509130e+00	 1.1818656e-01	 2.0707283e+00	 1.1741430e-01	  1.9472542e+00 	 1.9839406e-01
 180	 2.0517504e+00	 1.1785621e-01	 2.0715567e+00	 1.1716862e-01	  1.9478452e+00 	 2.0043802e-01
 181	 2.0524506e+00	 1.1763127e-01	 2.0722537e+00	 1.1693404e-01	  1.9480063e+00 	 2.2741413e-01
 182	 2.0530433e+00	 1.1745454e-01	 2.0728531e+00	 1.1680910e-01	  1.9477511e+00 	 2.1493316e-01
 183	 2.0535523e+00	 1.1742356e-01	 2.0733742e+00	 1.1681921e-01	  1.9468827e+00 	 1.9790196e-01
 184	 2.0540252e+00	 1.1745327e-01	 2.0738597e+00	 1.1693238e-01	  1.9461912e+00 	 1.9651794e-01
 185	 2.0547611e+00	 1.1750701e-01	 2.0746211e+00	 1.1718028e-01	  1.9451538e+00 	 2.0004082e-01
 186	 2.0554114e+00	 1.1752301e-01	 2.0752847e+00	 1.1731709e-01	  1.9449719e+00 	 1.9847894e-01
 187	 2.0558490e+00	 1.1752368e-01	 2.0757227e+00	 1.1735054e-01	  1.9453162e+00 	 1.9911218e-01
 188	 2.0564625e+00	 1.1748119e-01	 2.0763367e+00	 1.1734334e-01	  1.9484179e+00 	 1.9946122e-01
 189	 2.0570948e+00	 1.1756872e-01	 2.0769599e+00	 1.1741446e-01	  1.9473203e+00 	 2.0300984e-01
 190	 2.0574073e+00	 1.1752209e-01	 2.0772654e+00	 1.1736294e-01	  1.9478516e+00 	 2.0176387e-01
 191	 2.0580200e+00	 1.1745208e-01	 2.0778645e+00	 1.1729183e-01	  1.9484481e+00 	 2.0133090e-01
 192	 2.0584271e+00	 1.1746211e-01	 2.0782602e+00	 1.1732335e-01	  1.9489491e+00 	 1.9954777e-01
 193	 2.0589528e+00	 1.1745525e-01	 2.0787812e+00	 1.1728597e-01	  1.9490247e+00 	 2.0025873e-01
 194	 2.0596658e+00	 1.1745929e-01	 2.0794912e+00	 1.1724391e-01	  1.9488315e+00 	 1.9952083e-01
 195	 2.0601539e+00	 1.1743797e-01	 2.0799821e+00	 1.1719426e-01	  1.9486601e+00 	 1.9665384e-01
 196	 2.0605227e+00	 1.1728980e-01	 2.0803638e+00	 1.1706827e-01	  1.9477461e+00 	 2.0117092e-01
 197	 2.0612417e+00	 1.1725513e-01	 2.0810825e+00	 1.1702046e-01	  1.9480842e+00 	 1.9426703e-01
 198	 2.0615312e+00	 1.1721041e-01	 2.0813735e+00	 1.1699682e-01	  1.9484644e+00 	 2.0063400e-01
 199	 2.0620023e+00	 1.1712403e-01	 2.0818499e+00	 1.1695437e-01	  1.9484480e+00 	 1.9903111e-01
 200	 2.0624378e+00	 1.1705486e-01	 2.0822980e+00	 1.1692864e-01	  1.9477867e+00 	 1.9927502e-01
Inserting handle into data store.  model_inform_GPz: inprogress_invz=1.4_gpz.pkl, inform_GPz
Stage complete: GPzInformer @ 2024-08-02 00:16:50.183067 took 0.69 minutes
