Executing stage: GPzInformer @ 2024-08-29 12:51:45.505644
Inserting handle into data store.  output_col_remapper_1: ./output_col_remapper_1.pq, inform_GPz
ngal: 14253
training model...
Iter	 logML/n 		 Train RMSE		 Train RMSE/n		 Valid RMSE		 Valid MLL		 Time    
   1	 4.7421739e-01	 1.4867333e-01	 4.8527397e-01	 1.5701205e-01	[ 4.4371359e-01]	 1.5393472e-01
   2	 8.0912271e-01	 1.2071050e-01	 8.3718758e-01	 1.2539815e-01	[ 8.3420931e-01]	 1.5604997e-01
   3	 9.5899126e-01	 1.2605976e-01	 9.8551654e-01	 1.3255307e-01	[ 9.7968069e-01]	 8.8391066e-02
   4	 9.9265574e-01	 1.2655372e-01	 1.0222234e+00	 1.3270554e-01	[ 1.0145097e+00]	 1.4791584e-01
   5	 1.0133803e+00	 1.2831983e-01	 1.0424024e+00	 1.3517065e-01	[ 1.0322480e+00]	 5.9092999e-02
   6	 1.0455339e+00	 1.3144939e-01	 1.0737600e+00	 1.3948962e-01	[ 1.0589962e+00]	 5.1035166e-02
   7	 1.0677154e+00	 1.3247133e-01	 1.0970220e+00	 1.4081282e-01	[ 1.0776992e+00]	 5.5096865e-02
   8	 1.0975805e+00	 1.3400038e-01	 1.1272761e+00	 1.4264837e-01	[ 1.1026094e+00]	 5.2742004e-02
   9	 1.1297583e+00	 1.3502174e-01	 1.1608901e+00	 1.4391491e-01	[ 1.1276007e+00]	 5.1243067e-02
  10	 1.1469871e+00	 1.3499709e-01	 1.1774038e+00	 1.4347815e-01	[ 1.1481923e+00]	 1.1427808e-01
  11	 1.1740714e+00	 1.3519327e-01	 1.2051619e+00	 1.4346869e-01	[ 1.1743618e+00]	 5.2389860e-02
  12	 1.2083834e+00	 1.3536116e-01	 1.2411385e+00	 1.4324580e-01	[ 1.2072601e+00]	 5.1795244e-02
  13	 1.2273090e+00	 1.3486757e-01	 1.2589485e+00	 1.4192723e-01	[ 1.2373220e+00]	 1.0050583e-01
  14	 1.2457919e+00	 1.3477383e-01	 1.2777964e+00	 1.4128359e-01	[ 1.2605758e+00]	 4.9448967e-02
  15	 1.2733560e+00	 1.3490375e-01	 1.3071085e+00	 1.4059231e-01	[ 1.2946417e+00]	 4.9500942e-02
  16	 1.2876350e+00	 1.3445506e-01	 1.3195512e+00	 1.3889305e-01	[ 1.3213871e+00]	 5.5466890e-02
  17	 1.2975962e+00	 1.3482998e-01	 1.3311579e+00	 1.3935111e-01	[ 1.3307980e+00]	 4.8676014e-02
  18	 1.3036240e+00	 1.3497515e-01	 1.3376021e+00	 1.3912449e-01	[ 1.3399448e+00]	 5.1159143e-02
  19	 1.3117928e+00	 1.3511270e-01	 1.3456446e+00	 1.3867204e-01	[ 1.3523675e+00]	 5.2227974e-02
  20	 1.3154757e+00	 1.3524382e-01	 1.3496244e+00	 1.3857309e-01	[ 1.3577699e+00]	 5.2585840e-02
  21	 1.3224032e+00	 1.3545417e-01	 1.3569647e+00	 1.3837625e-01	[ 1.3675887e+00]	 4.8148870e-02
  22	 1.3313981e+00	 1.3564866e-01	 1.3662363e+00	 1.3813645e-01	[ 1.3793178e+00]	 5.3415775e-02
  23	 1.3475192e+00	 1.3591171e-01	 1.3828613e+00	 1.3780642e-01	[ 1.3990262e+00]	 4.8829079e-02
  24	 1.3741596e+00	 1.3620904e-01	 1.4095275e+00	 1.3736142e-01	[ 1.4285375e+00]	 5.2533150e-02
  25	 1.3871391e+00	 1.3633743e-01	 1.4262760e+00	 1.3712850e-01	[ 1.4484902e+00]	 5.1728249e-02
  26	 1.4787260e+00	 1.3384650e-01	 1.5149293e+00	 1.3535851e-01	[ 1.5363397e+00]	 5.3441048e-02
  27	 1.5036834e+00	 1.3260294e-01	 1.5382919e+00	 1.3454903e-01	[ 1.5588450e+00]	 1.4948368e-01
  28	 1.5194239e+00	 1.3158364e-01	 1.5525595e+00	 1.3404305e-01	[ 1.5715995e+00]	 9.9287987e-02
  29	 1.5316821e+00	 1.3203661e-01	 1.5647565e+00	 1.3488178e-01	[ 1.5826247e+00]	 5.1974058e-02
  30	 1.5460944e+00	 1.3512008e-01	 1.5810998e+00	 1.3884079e-01	[ 1.5971117e+00]	 5.2610874e-02
  31	 1.5509337e+00	 1.3497616e-01	 1.5845240e+00	 1.3914276e-01	[ 1.5994782e+00]	 4.8607826e-02
  32	 1.5760494e+00	 1.3410126e-01	 1.6111159e+00	 1.3841121e-01	[ 1.6275485e+00]	 9.7537041e-02
  33	 1.6548149e+00	 1.2965880e-01	 1.6872506e+00	 1.3538388e-01	[ 1.7036009e+00]	 4.8848867e-02
  34	 1.6877025e+00	 1.2554570e-01	 1.7201627e+00	 1.3146682e-01	[ 1.7404656e+00]	 1.0079789e-01
  35	 1.7077506e+00	 1.2462133e-01	 1.7401621e+00	 1.3091307e-01	[ 1.7612435e+00]	 4.8856020e-02
  36	 1.7742240e+00	 1.2497392e-01	 1.8073049e+00	 1.3242840e-01	[ 1.8309807e+00]	 5.0864935e-02
  37	 1.7886172e+00	 1.2475553e-01	 1.8202869e+00	 1.3246167e-01	[ 1.8411106e+00]	 1.5296197e-01
  38	 1.8002497e+00	 1.2602479e-01	 1.8299482e+00	 1.3423104e-01	[ 1.8461167e+00]	 5.2711964e-02
  39	 1.8177948e+00	 1.2844519e-01	 1.8496441e+00	 1.3710881e-01	[ 1.8682675e+00]	 4.8892260e-02
  40	 1.8237448e+00	 1.2866023e-01	 1.8549997e+00	 1.3718738e-01	[ 1.8730822e+00]	 4.8321009e-02
  41	 1.8272296e+00	 1.2917470e-01	 1.8580800e+00	 1.3740793e-01	[ 1.8758082e+00]	 1.0197783e-01
  42	 1.8347372e+00	 1.2858196e-01	 1.8657504e+00	 1.3601982e-01	[ 1.8857929e+00]	 4.9241066e-02
  43	 1.8411166e+00	 1.2916240e-01	 1.8723229e+00	 1.3571946e-01	[ 1.8928541e+00]	 5.1568031e-02
  44	 1.8564555e+00	 1.3186209e-01	 1.8881595e+00	 1.3571311e-01	[ 1.9067524e+00]	 4.9070835e-02
  45	 1.8727186e+00	 1.3397670e-01	 1.9051397e+00	 1.3621150e-01	[ 1.9180208e+00]	 4.8804760e-02
  46	 1.8915005e+00	 1.3669247e-01	 1.9228498e+00	 1.3666695e-01	[ 1.9253756e+00]	 5.0035954e-02
  47	 1.9074128e+00	 1.3295110e-01	 1.9391750e+00	 1.3842254e-01	[ 1.9286020e+00]	 5.2722216e-02
  48	 1.9118021e+00	 1.3081714e-01	 1.9429257e+00	 1.3699211e-01	[ 1.9356495e+00]	 1.0016704e-01
  49	 1.9123721e+00	 1.3044877e-01	 1.9432765e+00	 1.3670232e-01	[ 1.9362604e+00]	 5.0466061e-02
  50	 1.9133298e+00	 1.3036665e-01	 1.9439414e+00	 1.3654529e-01	[ 1.9365559e+00]	 4.9104214e-02
  51	 1.9143781e+00	 1.3054509e-01	 1.9447981e+00	 1.3664353e-01	[ 1.9367044e+00]	 4.9628973e-02
  52	 1.9167730e+00	 1.3105953e-01	 1.9470004e+00	 1.3713616e-01	[ 1.9375729e+00]	 5.0029039e-02
  53	 1.9227115e+00	 1.3213791e-01	 1.9527651e+00	 1.3839124e-01	[ 1.9407555e+00]	 5.0724983e-02
  54	 1.9336810e+00	 1.3318466e-01	 1.9638528e+00	 1.4012759e-01	[ 1.9483178e+00]	 5.0709963e-02
  55	 1.9432825e+00	 1.3510669e-01	 1.9741081e+00	 1.4316089e-01	[ 1.9558157e+00]	 4.9094915e-02
  56	 1.9497719e+00	 1.3538492e-01	 1.9811128e+00	 1.4401029e-01	[ 1.9642077e+00]	 5.3321123e-02
  57	 1.9542657e+00	 1.3879530e-01	 1.9864467e+00	 1.4803245e-01	[ 1.9695798e+00]	 9.9773884e-02
  58	 1.9548800e+00	 1.3364929e-01	 1.9870041e+00	 1.4311746e-01	[ 1.9807640e+00]	 4.9055099e-02
  59	 1.9625242e+00	 1.3545889e-01	 1.9950822e+00	 1.4464115e-01	[ 1.9877126e+00]	 5.0971270e-02
  60	 1.9635266e+00	 1.3536034e-01	 1.9960834e+00	 1.4443271e-01	[ 1.9909769e+00]	 4.8927069e-02
  61	 1.9635479e+00	 1.3525096e-01	 1.9961266e+00	 1.4431383e-01	[ 1.9914400e+00]	 1.0258794e-01
  62	 1.9640499e+00	 1.3482155e-01	 1.9965512e+00	 1.4379815e-01	[ 1.9933858e+00]	 5.3674221e-02
  63	 1.9661513e+00	 1.3472127e-01	 1.9980862e+00	 1.4328210e-01	[ 1.9950359e+00]	 9.9692106e-02
  64	 1.9682302e+00	 1.3455361e-01	 1.9998867e+00	 1.4271916e-01	[ 1.9980699e+00]	 4.9485683e-02
  65	 1.9704528e+00	 1.3516658e-01	 2.0022396e+00	 1.4337158e-01	[ 2.0009726e+00]	 5.0147057e-02
  66	 1.9721412e+00	 1.3602121e-01	 2.0039151e+00	 1.4426668e-01	[ 2.0017517e+00]	 5.6398153e-02
  67	 1.9750971e+00	 1.3693360e-01	 2.0072881e+00	 1.4548444e-01	[ 2.0061976e+00]	 4.9073935e-02
  68	 1.9807405e+00	 1.3733776e-01	 2.0130174e+00	 1.4633545e-01	[ 2.0114080e+00]	 5.0645828e-02
  69	 1.9928830e+00	 1.3686588e-01	 2.0253498e+00	 1.4688553e-01	[ 2.0202572e+00]	 5.2494049e-02
  70	 2.0026162e+00	 1.3592680e-01	 2.0351121e+00	 1.4628464e-01	[ 2.0264247e+00]	 5.0454855e-02
  71	 2.0047046e+00	 1.3476286e-01	 2.0370080e+00	 1.4507733e-01	[ 2.0265586e+00]	 9.8357916e-02
  72	 2.0109425e+00	 1.3406499e-01	 2.0430397e+00	 1.4447846e-01	[ 2.0278576e+00]	 4.8907042e-02
  73	 2.0130621e+00	 1.3282859e-01	 2.0446668e+00	 1.4324185e-01	  2.0263547e+00 	 4.9330950e-02
  74	 2.0131139e+00	 1.3287819e-01	 2.0448288e+00	 1.4328687e-01	  2.0263269e+00 	 1.0233808e-01
  75	 2.0131544e+00	 1.3293350e-01	 2.0449304e+00	 1.4333221e-01	  2.0266252e+00 	 5.1680088e-02
  76	 2.0135699e+00	 1.3272271e-01	 2.0454761e+00	 1.4308010e-01	[ 2.0281096e+00]	 1.0418606e-01
  77	 2.0148359e+00	 1.3207931e-01	 2.0469069e+00	 1.4235418e-01	[ 2.0311314e+00]	 5.0372124e-02
  78	 2.0148547e+00	 1.3180009e-01	 2.0469541e+00	 1.4206883e-01	[ 2.0316890e+00]	 2.0574522e-01
  79	 2.0173385e+00	 1.3017550e-01	 2.0496234e+00	 1.4028087e-01	[ 2.0366657e+00]	 4.8933029e-02
  80	 2.0217960e+00	 1.3020845e-01	 2.0549632e+00	 1.4018027e-01	[ 2.0389509e+00]	 2.0260024e-01
  81	 2.0309064e+00	 1.2847215e-01	 2.0642039e+00	 1.3832539e-01	[ 2.0464791e+00]	 4.9319744e-02
  82	 2.0321321e+00	 1.2533443e-01	 2.0651180e+00	 1.3497768e-01	  2.0408162e+00 	 4.8661947e-02
  83	 2.0380200e+00	 1.2688376e-01	 2.0713645e+00	 1.3658550e-01	  2.0446783e+00 	 5.2003145e-02
  84	 2.0405565e+00	 1.2722383e-01	 2.0736332e+00	 1.3693401e-01	[ 2.0491014e+00]	 4.8650026e-02
  85	 2.0435851e+00	 1.2761940e-01	 2.0759538e+00	 1.3725785e-01	[ 2.0537933e+00]	 5.2314997e-02
  86	 2.0443532e+00	 1.2743009e-01	 2.0768804e+00	 1.3701860e-01	  2.0536315e+00 	 5.1973820e-02
  87	 2.0460660e+00	 1.2717362e-01	 2.0786188e+00	 1.3662410e-01	  2.0525921e+00 	 4.9055099e-02
  88	 2.0471320e+00	 1.2698372e-01	 2.0795771e+00	 1.3629494e-01	  2.0508162e+00 	 4.8852921e-02
  89	 2.0473903e+00	 1.2710981e-01	 2.0797705e+00	 1.3634191e-01	  2.0503114e+00 	 1.0382271e-01
  90	 2.0474856e+00	 1.2695163e-01	 2.0797978e+00	 1.3616558e-01	  2.0510078e+00 	 4.9425840e-02
  91	 2.0476111e+00	 1.2670517e-01	 2.0799087e+00	 1.3588235e-01	  2.0522802e+00 	 4.9024820e-02
  92	 2.0478339e+00	 1.2639546e-01	 2.0801230e+00	 1.3551123e-01	[ 2.0544731e+00]	 5.6493044e-02
  93	 2.0478359e+00	 1.2614947e-01	 2.0800562e+00	 1.3534207e-01	[ 2.0548069e+00]	 1.0170197e-01
  94	 2.0491302e+00	 1.2624517e-01	 2.0813000e+00	 1.3536988e-01	[ 2.0578879e+00]	 5.0196171e-02
  95	 2.0496878e+00	 1.2593760e-01	 2.0821179e+00	 1.3507738e-01	[ 2.0595579e+00]	 9.8036051e-02
  96	 2.0497493e+00	 1.2596925e-01	 2.0822534e+00	 1.3512577e-01	  2.0595434e+00 	 1.5897202e-01
  97	 2.0519839e+00	 1.2624574e-01	 2.0846225e+00	 1.3542892e-01	[ 2.0611474e+00]	 5.3716898e-02
  98	 2.0523657e+00	 1.2592392e-01	 2.0851652e+00	 1.3508284e-01	  2.0606738e+00 	 1.5338874e-01
  99	 2.0567530e+00	 1.2623721e-01	 2.0898347e+00	 1.3543050e-01	[ 2.0618743e+00]	 5.0781012e-02
 100	 2.0593259e+00	 1.2482469e-01	 2.0922471e+00	 1.3368864e-01	[ 2.0624348e+00]	 1.9726992e-01
 101	 2.0682740e+00	 1.2196970e-01	 2.1019456e+00	 1.3064264e-01	[ 2.0786301e+00]	 5.5783033e-02
 102	 2.0777459e+00	 1.1915657e-01	 2.1128770e+00	 1.2736765e-01	[ 2.0839194e+00]	 5.1628828e-02
 103	 2.0828200e+00	 1.2063251e-01	 2.1164594e+00	 1.2916901e-01	[ 2.0914542e+00]	 4.9631119e-02
 104	 2.0834049e+00	 1.1999772e-01	 2.1172769e+00	 1.2846031e-01	[ 2.0926856e+00]	 4.9319029e-02
 105	 2.0835670e+00	 1.1994290e-01	 2.1174797e+00	 1.2839203e-01	  2.0924238e+00 	 4.9261808e-02
 106	 2.0836595e+00	 1.1994241e-01	 2.1175557e+00	 1.2839314e-01	  2.0922603e+00 	 5.0945044e-02
 107	 2.0839633e+00	 1.2000877e-01	 2.1177763e+00	 1.2847963e-01	  2.0922571e+00 	 5.0361872e-02
 108	 2.0859440e+00	 1.1937766e-01	 2.1197948e+00	 1.2773350e-01	[ 2.0939499e+00]	 5.1624060e-02
 109	 2.0890546e+00	 1.2010715e-01	 2.1227006e+00	 1.2856662e-01	[ 2.0961626e+00]	 5.3052902e-02
 110	 2.0931740e+00	 1.2052292e-01	 2.1268126e+00	 1.2900130e-01	[ 2.1013292e+00]	 4.8933983e-02
 111	 2.0981060e+00	 1.2033460e-01	 2.1321321e+00	 1.2871041e-01	[ 2.1068880e+00]	 4.9247026e-02
 112	 2.1019233e+00	 1.1955459e-01	 2.1363367e+00	 1.2777637e-01	[ 2.1114957e+00]	 5.3197861e-02
 113	 2.1041780e+00	 1.1874532e-01	 2.1387590e+00	 1.2685722e-01	[ 2.1144889e+00]	 5.3508997e-02
 114	 2.1050404e+00	 1.1837128e-01	 2.1394099e+00	 1.2641590e-01	[ 2.1173225e+00]	 1.0027289e-01
 115	 2.1076608e+00	 1.1729704e-01	 2.1422744e+00	 1.2519194e-01	[ 2.1200155e+00]	 5.0150156e-02
 116	 2.1101026e+00	 1.1683536e-01	 2.1446571e+00	 1.2466735e-01	[ 2.1223013e+00]	 5.4720879e-02
 117	 2.1142591e+00	 1.1641497e-01	 2.1484761e+00	 1.2420066e-01	[ 2.1254068e+00]	 5.0843716e-02
 118	 2.1160327e+00	 1.1610828e-01	 2.1500055e+00	 1.2388670e-01	[ 2.1268897e+00]	 5.0694942e-02
 119	 2.1164056e+00	 1.1590886e-01	 2.1504895e+00	 1.2367802e-01	[ 2.1271153e+00]	 9.7813129e-02
 120	 2.1171058e+00	 1.1615627e-01	 2.1510781e+00	 1.2395356e-01	[ 2.1278324e+00]	 4.9160004e-02
 121	 2.1186588e+00	 1.1668635e-01	 2.1524706e+00	 1.2454057e-01	[ 2.1294261e+00]	 4.8741102e-02
 122	 2.1190638e+00	 1.1659060e-01	 2.1527579e+00	 1.2446749e-01	[ 2.1302315e+00]	 1.0015702e-01
 123	 2.1205196e+00	 1.1674234e-01	 2.1541531e+00	 1.2465127e-01	[ 2.1322143e+00]	 5.1131964e-02
 124	 2.1252901e+00	 1.1575468e-01	 2.1592674e+00	 1.2357530e-01	[ 2.1360183e+00]	 9.8439932e-02
 125	 2.1280634e+00	 1.1567919e-01	 2.1620064e+00	 1.2351501e-01	[ 2.1410908e+00]	 4.8902273e-02
 126	 2.1307063e+00	 1.1566262e-01	 2.1647432e+00	 1.2355282e-01	[ 2.1463632e+00]	 4.8622847e-02
 127	 2.1309765e+00	 1.1559602e-01	 2.1649172e+00	 1.2344091e-01	[ 2.1470684e+00]	 9.8682165e-02
 128	 2.1322315e+00	 1.1566869e-01	 2.1662376e+00	 1.2354905e-01	[ 2.1488319e+00]	 4.8505783e-02
 129	 2.1363909e+00	 1.1605570e-01	 2.1706339e+00	 1.2399392e-01	[ 2.1531653e+00]	 4.9068928e-02
 130	 2.1393433e+00	 1.1601116e-01	 2.1740297e+00	 1.2403295e-01	[ 2.1559081e+00]	 4.9185038e-02
 131	 2.1410425e+00	 1.1692068e-01	 2.1756807e+00	 1.2490658e-01	  2.1559036e+00 	 1.0204697e-01
 132	 2.1425567e+00	 1.1665859e-01	 2.1768768e+00	 1.2463075e-01	[ 2.1581010e+00]	 5.4024220e-02
 133	 2.1431633e+00	 1.1659194e-01	 2.1773653e+00	 1.2456427e-01	[ 2.1585674e+00]	 4.9244165e-02
 134	 2.1435804e+00	 1.1666681e-01	 2.1777273e+00	 1.2464584e-01	[ 2.1586598e+00]	 5.5577040e-02
 135	 2.1436336e+00	 1.1661784e-01	 2.1777944e+00	 1.2457922e-01	  2.1586135e+00 	 9.8135948e-02
 136	 2.1444633e+00	 1.1685044e-01	 2.1785465e+00	 1.2483149e-01	[ 2.1592262e+00]	 5.2148104e-02
 137	 2.1464674e+00	 1.1724036e-01	 2.1804282e+00	 1.2527151e-01	[ 2.1628075e+00]	 4.9566031e-02
 138	 2.1465919e+00	 1.1724598e-01	 2.1805666e+00	 1.2528408e-01	[ 2.1628467e+00]	 9.9010944e-02
 139	 2.1477553e+00	 1.1749850e-01	 2.1817342e+00	 1.2557915e-01	[ 2.1649067e+00]	 4.8807144e-02
 140	 2.1487752e+00	 1.1764852e-01	 2.1827732e+00	 1.2573305e-01	[ 2.1662272e+00]	 5.1652908e-02
 141	 2.1509056e+00	 1.1782534e-01	 2.1848982e+00	 1.2587384e-01	[ 2.1681859e+00]	 4.8894882e-02
 142	 2.1540309e+00	 1.1679936e-01	 2.1882332e+00	 1.2486259e-01	[ 2.1728812e+00]	 9.8479748e-02
 143	 2.1542025e+00	 1.1682203e-01	 2.1885220e+00	 1.2488012e-01	[ 2.1729132e+00]	 9.8664999e-02
 144	 2.1566459e+00	 1.1664481e-01	 2.1909483e+00	 1.2461672e-01	[ 2.1742368e+00]	 4.9332142e-02
 145	 2.1588215e+00	 1.1617927e-01	 2.1931312e+00	 1.2406400e-01	[ 2.1751446e+00]	 5.5094004e-02
 146	 2.1606302e+00	 1.1580590e-01	 2.1950000e+00	 1.2365386e-01	[ 2.1757994e+00]	 4.9699783e-02
 147	 2.1621554e+00	 1.1538962e-01	 2.1966047e+00	 1.2316562e-01	  2.1757470e+00 	 4.8655748e-02
 148	 2.1639733e+00	 1.1497807e-01	 2.1985188e+00	 1.2279547e-01	[ 2.1773150e+00]	 9.8086834e-02
 149	 2.1643989e+00	 1.1463217e-01	 2.1988348e+00	 1.2246983e-01	[ 2.1786072e+00]	 9.8418951e-02
 150	 2.1668058e+00	 1.1439830e-01	 2.2012137e+00	 1.2217744e-01	[ 2.1800075e+00]	 5.2429914e-02
 151	 2.1699493e+00	 1.1441064e-01	 2.2042306e+00	 1.2208592e-01	[ 2.1825312e+00]	 5.2691936e-02
 152	 2.1708194e+00	 1.1447561e-01	 2.2050935e+00	 1.2212715e-01	[ 2.1837679e+00]	 5.2622795e-02
 153	 2.1720889e+00	 1.1454775e-01	 2.2063911e+00	 1.2215512e-01	[ 2.1851972e+00]	 4.8990965e-02
 154	 2.1721502e+00	 1.1453319e-01	 2.2063864e+00	 1.2213524e-01	[ 2.1854759e+00]	 9.7598076e-02
 155	 2.1729459e+00	 1.1451600e-01	 2.2072010e+00	 1.2208239e-01	[ 2.1860138e+00]	 5.2980900e-02
 156	 2.1740837e+00	 1.1443923e-01	 2.2084051e+00	 1.2201415e-01	[ 2.1879075e+00]	 4.9748898e-02
 157	 2.1750175e+00	 1.1419347e-01	 2.2093727e+00	 1.2168773e-01	  2.1866197e+00 	 1.0177732e-01
 158	 2.1782474e+00	 1.1363509e-01	 2.2128196e+00	 1.2118979e-01	[ 2.1913286e+00]	 5.2541018e-02
 159	 2.1826768e+00	 1.1238023e-01	 2.2176510e+00	 1.2006795e-01	[ 2.1970632e+00]	 4.8019886e-02
 160	 2.1833308e+00	 1.1183007e-01	 2.2183152e+00	 1.1967745e-01	[ 2.1981289e+00]	 1.0083294e-01
 161	 2.1848891e+00	 1.1124128e-01	 2.2200043e+00	 1.1904059e-01	[ 2.1986153e+00]	 4.8478127e-02
 162	 2.1853982e+00	 1.1116834e-01	 2.2204728e+00	 1.1892048e-01	  2.1981496e+00 	 4.8120260e-02
 163	 2.1860584e+00	 1.1119612e-01	 2.2210377e+00	 1.1897817e-01	[ 2.1991482e+00]	 9.7142220e-02
 164	 2.1881251e+00	 1.1112473e-01	 2.2231211e+00	 1.1886037e-01	[ 2.1992527e+00]	 5.1152945e-02
 165	 2.1887322e+00	 1.1105157e-01	 2.2234618e+00	 1.1868362e-01	[ 2.1999610e+00]	 1.0026121e-01
 166	 2.1930537e+00	 1.1093231e-01	 2.2278740e+00	 1.1859388e-01	[ 2.2024458e+00]	 4.8698187e-02
 167	 2.1964948e+00	 1.1098755e-01	 2.2313991e+00	 1.1878757e-01	[ 2.2057644e+00]	 5.1148891e-02
 168	 2.1974629e+00	 1.1110495e-01	 2.2323686e+00	 1.1900977e-01	[ 2.2079343e+00]	 5.0851107e-02
 169	 2.1988132e+00	 1.1110580e-01	 2.2339247e+00	 1.1905748e-01	[ 2.2084445e+00]	 9.8885059e-02
 170	 2.2014511e+00	 1.1098239e-01	 2.2366826e+00	 1.1888019e-01	[ 2.2131745e+00]	 4.8255920e-02
 171	 2.2049543e+00	 1.1071573e-01	 2.2402825e+00	 1.1859325e-01	[ 2.2202591e+00]	 4.8265934e-02
 172	 2.2051037e+00	 1.1081775e-01	 2.2404470e+00	 1.1856800e-01	  2.2202341e+00 	 1.0536599e-01
 173	 2.2078237e+00	 1.1065862e-01	 2.2432601e+00	 1.1830643e-01	[ 2.2253727e+00]	 5.1958084e-02
 174	 2.2106124e+00	 1.1118856e-01	 2.2460008e+00	 1.1865740e-01	[ 2.2318049e+00]	 5.1923990e-02
 175	 2.2149875e+00	 1.1149952e-01	 2.2502017e+00	 1.1869357e-01	[ 2.2370492e+00]	 5.2727222e-02
 176	 2.2154347e+00	 1.1167415e-01	 2.2508349e+00	 1.1892488e-01	[ 2.2376743e+00]	 1.0186291e-01
 177	 2.2172574e+00	 1.1225438e-01	 2.2523944e+00	 1.1934895e-01	[ 2.2385651e+00]	 5.4953337e-02
 178	 2.2179553e+00	 1.1264616e-01	 2.2529889e+00	 1.1969799e-01	[ 2.2389461e+00]	 5.3060055e-02
 179	 2.2183699e+00	 1.1290571e-01	 2.2533472e+00	 1.1995762e-01	[ 2.2393474e+00]	 5.2225113e-02
 180	 2.2198341e+00	 1.1298793e-01	 2.2548199e+00	 1.2006925e-01	[ 2.2415785e+00]	 4.9540997e-02
 181	 2.2265029e+00	 1.1307139e-01	 2.2616975e+00	 1.2033579e-01	[ 2.2515936e+00]	 5.0209761e-02
 182	 2.2299761e+00	 1.1311201e-01	 2.2652255e+00	 1.2061338e-01	[ 2.2542510e+00]	 9.8512173e-02
 183	 2.2309483e+00	 1.1273558e-01	 2.2662401e+00	 1.2054328e-01	[ 2.2559618e+00]	 1.0146093e-01
 184	 2.2337796e+00	 1.1221600e-01	 2.2693559e+00	 1.2005909e-01	[ 2.2603131e+00]	 4.8287153e-02
 185	 2.2363286e+00	 1.1139452e-01	 2.2722192e+00	 1.1919606e-01	[ 2.2649630e+00]	 5.3545952e-02
 186	 2.2380809e+00	 1.1088391e-01	 2.2740500e+00	 1.1865506e-01	[ 2.2674283e+00]	 4.8588991e-02
 187	 2.2388456e+00	 1.1091247e-01	 2.2750529e+00	 1.1879596e-01	[ 2.2680037e+00]	 9.7296000e-02
 188	 2.2406380e+00	 1.1039581e-01	 2.2766276e+00	 1.1821825e-01	[ 2.2701083e+00]	 5.1770210e-02
 189	 2.2412822e+00	 1.1046001e-01	 2.2771570e+00	 1.1824682e-01	[ 2.2706510e+00]	 4.9184084e-02
 190	 2.2417797e+00	 1.1070061e-01	 2.2775467e+00	 1.1845242e-01	[ 2.2709298e+00]	 5.1039934e-02
 191	 2.2421368e+00	 1.1079800e-01	 2.2778592e+00	 1.1857077e-01	[ 2.2712171e+00]	 5.2423000e-02
 192	 2.2431205e+00	 1.1090341e-01	 2.2788009e+00	 1.1877524e-01	[ 2.2723626e+00]	 4.8456907e-02
 193	 2.2437961e+00	 1.1106136e-01	 2.2795074e+00	 1.1883084e-01	[ 2.2729991e+00]	 1.0513711e-01
 194	 2.2438681e+00	 1.1111073e-01	 2.2795753e+00	 1.1879676e-01	  2.2728607e+00 	 9.6428156e-02
 195	 2.2445441e+00	 1.1089054e-01	 2.2802835e+00	 1.1867588e-01	[ 2.2740423e+00]	 5.3143024e-02
 196	 2.2459060e+00	 1.1041750e-01	 2.2817528e+00	 1.1829117e-01	[ 2.2759345e+00]	 4.8718929e-02
 197	 2.2476651e+00	 1.0987830e-01	 2.2836253e+00	 1.1783252e-01	[ 2.2773823e+00]	 4.8680305e-02
 198	 2.2477094e+00	 1.0986502e-01	 2.2837306e+00	 1.1784313e-01	[ 2.2774302e+00]	 9.9768877e-02
 199	 2.2491353e+00	 1.0968204e-01	 2.2851673e+00	 1.1767679e-01	[ 2.2778205e+00]	 5.3237915e-02
 200	 2.2505182e+00	 1.1006163e-01	 2.2867659e+00	 1.1818153e-01	  2.2772558e+00 	 1.0272598e-01
Inserting handle into data store.  model_inform_GPz: inprogress_HSC_gpz.pkl, inform_GPz
Stage complete: GPzInformer @ 2024-08-29 12:51:59.331968 took 0.23 minutes
