Executing stage: GPzInformer @ 2024-08-02 00:08:02.403415
Inserting handle into data store.  output_col_remapper_1: ./output_col_remapper_1.pq, inform_GPz
ngal: 2099
training model...
Iter	 logML/n 		 Train RMSE		 Train RMSE/n		 Valid RMSE		 Valid MLL		 Time    
   1	 1.4660370e+00	 3.2787125e-02	 1.5624655e+00	 2.0078473e+00	[ 1.4833406e+00]	 2.7081966e-02
   2	 1.9227077e+00	 2.8101412e-02	 2.0474258e+00	 4.3048225e-01	[ 1.9235397e+00]	 1.1527777e-02
   3	 2.0280973e+00	 2.7401060e-02	 2.1747113e+00	 1.5862578e+00	[ 1.9253095e+00]	 2.3245096e-02
   4	 2.0445984e+00	 2.6942888e-02	 2.1966935e+00	 1.7404649e+00	  1.9148577e+00 	 2.3020983e-02
   5	 2.0651097e+00	 2.6268036e-02	 2.2223013e+00	 7.4431372e-01	  1.8958749e+00 	 1.1651039e-02
   6	 2.0787755e+00	 2.5789770e-02	 2.2377118e+00	 3.6247329e-01	  1.8596814e+00 	 1.1799097e-02
   7	 2.0861733e+00	 2.5522377e-02	 2.2452699e+00	 2.0011712e-01	  1.8274710e+00 	 1.1970997e-02
   8	 2.0928561e+00	 2.5309234e-02	 2.2526547e+00	 2.4440569e-01	  1.7827619e+00 	 1.1872053e-02
   9	 2.0975225e+00	 2.5239981e-02	 2.2575914e+00	 5.3957393e-01	  1.7823834e+00 	 1.1910915e-02
  10	 2.0994118e+00	 2.5183907e-02	 2.2592949e+00	 6.4546065e-01	  1.7678777e+00 	 1.1857033e-02
  11	 2.1008278e+00	 2.5128549e-02	 2.2603834e+00	 6.1037495e-01	  1.7737924e+00 	 1.2289047e-02
  12	 2.1039999e+00	 2.5014688e-02	 2.2630404e+00	 5.3300702e-01	  1.8000691e+00 	 1.1929989e-02
  13	 2.1061699e+00	 2.4955295e-02	 2.2654910e+00	 5.8367434e-01	  1.8094588e+00 	 1.1921883e-02
  14	 2.1093036e+00	 2.4899833e-02	 2.2691442e+00	 8.6018215e-01	  1.8271318e+00 	 1.1997938e-02
  15	 2.1117325e+00	 2.4824899e-02	 2.2720909e+00	 1.0200042e+00	  1.8151575e+00 	 1.1944771e-02
  16	 2.1123304e+00	 2.4807615e-02	 2.2725000e+00	 1.0063174e+00	  1.8140220e+00 	 1.1976242e-02
  17	 2.1131467e+00	 2.4795934e-02	 2.2728525e+00	 9.4599555e-01	  1.8180523e+00 	 1.1856079e-02
  18	 2.1148806e+00	 2.4776926e-02	 2.2736645e+00	 8.6605593e-01	  1.8283210e+00 	 1.1889935e-02
  19	 2.1181684e+00	 2.4715142e-02	 2.2760452e+00	 8.2783913e-01	  1.8411767e+00 	 1.1927128e-02
  20	 2.1204985e+00	 2.4707934e-02	 2.2775112e+00	 1.1113158e+00	  1.8612652e+00 	 1.1934042e-02
  21	 2.1234887e+00	 2.4598120e-02	 2.2807895e+00	 8.5039555e-01	  1.8522543e+00 	 1.2442827e-02
  22	 2.1249706e+00	 2.4552264e-02	 2.2826684e+00	 7.6928682e-01	  1.8464713e+00 	 1.2490988e-02
  23	 2.1264363e+00	 2.4513115e-02	 2.2843354e+00	 7.2161941e-01	  1.8423699e+00 	 1.2401104e-02
  24	 2.1279565e+00	 2.4470220e-02	 2.2864976e+00	 8.1140746e-01	  1.8264052e+00 	 1.2392998e-02
  25	 2.1297860e+00	 2.4392729e-02	 2.2883808e+00	 9.5375834e-01	  1.8154308e+00 	 1.3306141e-02
  26	 2.1314191e+00	 2.4345267e-02	 2.2900211e+00	 1.0806021e+00	  1.8086949e+00 	 1.3262987e-02
  27	 2.1331000e+00	 2.4301923e-02	 2.2913745e+00	 1.0284497e+00	  1.8041621e+00 	 1.7441988e-02
  28	 2.1347271e+00	 2.4250307e-02	 2.2932235e+00	 8.8609764e-01	  1.7946727e+00 	 1.9726276e-02
  29	 2.1375198e+00	 2.4154997e-02	 2.2965979e+00	 7.4338644e-01	  1.7770390e+00 	 1.6014814e-02
  30	 2.1392205e+00	 2.4068752e-02	 2.3001001e+00	 5.3366312e-01	  1.7910568e+00 	 1.3438225e-02
  31	 2.1408453e+00	 2.4000892e-02	 2.3023392e+00	 5.8215037e-01	  1.7823518e+00 	 1.6360998e-02
  32	 2.1418074e+00	 2.3983270e-02	 2.3031525e+00	 6.5847977e-01	  1.7850166e+00 	 1.3919115e-02
  33	 2.1431453e+00	 2.3942444e-02	 2.3049661e+00	 7.7444466e-01	  1.7957003e+00 	 1.5272856e-02
  34	 2.1447745e+00	 2.3898738e-02	 2.3072142e+00	 9.2318473e-01	  1.8090313e+00 	 1.5309095e-02
  35	 2.1454134e+00	 2.3873065e-02	 2.3083695e+00	 9.3424526e-01	  1.8201266e+00 	 2.6076078e-02
  36	 2.1463289e+00	 2.3855757e-02	 2.3088986e+00	 9.3032278e-01	  1.8281319e+00 	 1.2762070e-02
  37	 2.1477957e+00	 2.3825906e-02	 2.3102572e+00	 9.1396349e-01	  1.8336314e+00 	 1.2942076e-02
  38	 2.1489335e+00	 2.3789190e-02	 2.3118800e+00	 1.1150340e+00	  1.8344505e+00 	 1.2977123e-02
  39	 2.1501580e+00	 2.3739103e-02	 2.3139085e+00	 1.2482696e+00	  1.8336276e+00 	 1.3569117e-02
  40	 2.1513808e+00	 2.3686933e-02	 2.3160808e+00	 1.3152943e+00	  1.8343896e+00 	 1.3890982e-02
  41	 2.1526455e+00	 2.3632866e-02	 2.3184421e+00	 1.4206853e+00	  1.8368171e+00 	 1.3697863e-02
  42	 2.1542175e+00	 2.3588377e-02	 2.3201711e+00	 1.5412923e+00	  1.8290959e+00 	 1.2093067e-02
  43	 2.1556135e+00	 2.3554845e-02	 2.3216292e+00	 1.5800767e+00	  1.8232142e+00 	 1.2177944e-02
  44	 2.1575771e+00	 2.3517302e-02	 2.3234796e+00	 1.8582221e+00	  1.7964488e+00 	 1.1970043e-02
  45	 2.1599408e+00	 2.3432523e-02	 2.3271467e+00	 2.3413788e+00	  1.7385488e+00 	 1.1682749e-02
  46	 2.1614842e+00	 2.3410366e-02	 2.3290455e+00	 2.4132448e+00	  1.7303727e+00 	 1.1897087e-02
  47	 2.1626971e+00	 2.3364704e-02	 2.3298870e+00	 2.4193022e+00	  1.7197199e+00 	 1.2119055e-02
  48	 2.1641981e+00	 2.3321471e-02	 2.3315162e+00	 2.5275982e+00	  1.7210172e+00 	 1.1951923e-02
  49	 2.1659448e+00	 2.3287494e-02	 2.3329831e+00	 2.4911909e+00	  1.7399881e+00 	 1.2036800e-02
  50	 2.1676261e+00	 2.3254906e-02	 2.3352548e+00	 2.6371214e+00	  1.7244016e+00 	 1.2128115e-02
  51	 2.1692749e+00	 2.3186304e-02	 2.3378277e+00	 3.0614270e+00	  1.6826273e+00 	 1.2013912e-02
  52	 2.1705766e+00	 2.3143167e-02	 2.3393088e+00	 3.0712238e+00	  1.6656117e+00 	 1.1901855e-02
  53	 2.1720913e+00	 2.3097237e-02	 2.3410738e+00	 3.2222604e+00	  1.6451081e+00 	 1.1690855e-02
  54	 2.1734470e+00	 2.3052891e-02	 2.3433007e+00	 3.3775269e+00	  1.6414353e+00 	 1.1967897e-02
  55	 2.1750989e+00	 2.3022031e-02	 2.3447292e+00	 3.2201201e+00	  1.6631176e+00 	 1.1969090e-02
  56	 2.1774498e+00	 2.2963629e-02	 2.3472956e+00	 3.1544562e+00	  1.6929516e+00 	 1.2488842e-02
  57	 2.1790237e+00	 2.2920277e-02	 2.3488404e+00	 2.8213984e+00	  1.7263842e+00 	 1.2028933e-02
  58	 2.1801291e+00	 2.2901446e-02	 2.3492689e+00	 2.9605948e+00	  1.7177968e+00 	 1.1877298e-02
  59	 2.1817850e+00	 2.2880341e-02	 2.3500599e+00	 3.0969900e+00	  1.7115300e+00 	 1.2283087e-02
  60	 2.1831613e+00	 2.2852232e-02	 2.3513569e+00	 3.3273228e+00	  1.7032457e+00 	 1.1945248e-02
  61	 2.1847923e+00	 2.2811786e-02	 2.3535402e+00	 3.4449287e+00	  1.6877507e+00 	 1.1989832e-02
  62	 2.1861961e+00	 2.2761153e-02	 2.3550663e+00	 3.4574921e+00	  1.6797245e+00 	 1.2221813e-02
  63	 2.1872791e+00	 2.2727575e-02	 2.3562909e+00	 3.5262361e+00	  1.6701585e+00 	 1.1874199e-02
  64	 2.1888766e+00	 2.2673481e-02	 2.3580308e+00	 3.5991943e+00	  1.6464307e+00 	 1.1995077e-02
  65	 2.1903707e+00	 2.2637571e-02	 2.3596299e+00	 3.4790904e+00	  1.6420325e+00 	 1.1996984e-02
  66	 2.1916371e+00	 2.2611315e-02	 2.3608025e+00	 3.4121767e+00	  1.6317810e+00 	 1.1780977e-02
  67	 2.1934468e+00	 2.2576794e-02	 2.3618268e+00	 3.3387619e+00	  1.6435446e+00 	 1.1765957e-02
  68	 2.1946566e+00	 2.2559015e-02	 2.3631467e+00	 2.9612436e+00	  1.6384696e+00 	 1.2049913e-02
  69	 2.1958981e+00	 2.2515129e-02	 2.3639507e+00	 2.9151787e+00	  1.6551005e+00 	 1.1981249e-02
  70	 2.1969357e+00	 2.2488101e-02	 2.3650699e+00	 2.9053626e+00	  1.6492168e+00 	 1.2251139e-02
  71	 2.1986538e+00	 2.2442624e-02	 2.3672335e+00	 2.8966317e+00	  1.6227926e+00 	 1.1827946e-02
  72	 2.2009487e+00	 2.2400922e-02	 2.3707222e+00	 2.9118470e+00	  1.5641602e+00 	 1.1879921e-02
  73	 2.2026035e+00	 2.2314031e-02	 2.3734376e+00	 3.0489386e+00	  1.5041611e+00 	 1.1935949e-02
  74	 2.2033593e+00	 2.2291885e-02	 2.3742350e+00	 3.1121690e+00	  1.4943081e+00 	 1.1918068e-02
  75	 2.2047247e+00	 2.2265363e-02	 2.3755099e+00	 3.1726563e+00	  1.4896763e+00 	 1.1888027e-02
  76	 2.2063300e+00	 2.2226730e-02	 2.3771084e+00	 3.1328590e+00	  1.4823197e+00 	 1.1905193e-02
  77	 2.2086629e+00	 2.2206374e-02	 2.3794373e+00	 2.7895491e+00	  1.4553921e+00 	 1.1816025e-02
  78	 2.2107814e+00	 2.2109007e-02	 2.3821061e+00	 2.6139617e+00	  1.4371367e+00 	 1.1953831e-02
  79	 2.2117488e+00	 2.2089475e-02	 2.3826607e+00	 2.7102421e+00	  1.4271111e+00 	 1.1858225e-02
  80	 2.2130866e+00	 2.2068167e-02	 2.3834494e+00	 2.8712295e+00	  1.4142068e+00 	 1.1934996e-02
  81	 2.2143885e+00	 2.2056228e-02	 2.3846042e+00	 2.9091449e+00	  1.4021057e+00 	 1.1880159e-02
  82	 2.2158181e+00	 2.1998931e-02	 2.3862950e+00	 2.9005564e+00	  1.3864349e+00 	 1.2054920e-02
  83	 2.2174938e+00	 2.1939155e-02	 2.3883405e+00	 2.8590027e+00	  1.3690784e+00 	 1.2001038e-02
  84	 2.2191849e+00	 2.1884046e-02	 2.3905333e+00	 2.7438989e+00	  1.3474120e+00 	 1.1716127e-02
  85	 2.2204049e+00	 2.1841038e-02	 2.3923851e+00	 3.0519539e+00	  1.3117336e+00 	 2.3453951e-02
  86	 2.2220604e+00	 2.1788843e-02	 2.3943619e+00	 2.8670198e+00	  1.2902576e+00 	 1.1775017e-02
  87	 2.2238418e+00	 2.1762482e-02	 2.3956760e+00	 2.8672644e+00	  1.2919055e+00 	 1.1977911e-02
  88	 2.2258418e+00	 2.1731613e-02	 2.3974550e+00	 3.0419476e+00	  1.2882901e+00 	 1.2393951e-02
  89	 2.2265416e+00	 2.1731325e-02	 2.3985819e+00	 3.1052564e+00	  1.2824227e+00 	 1.1979103e-02
  90	 2.2275025e+00	 2.1683915e-02	 2.3994854e+00	 3.1899111e+00	  1.2580337e+00 	 1.1931896e-02
  91	 2.2281256e+00	 2.1669669e-02	 2.4001004e+00	 3.3090540e+00	  1.2406193e+00 	 1.2455940e-02
  92	 2.2290091e+00	 2.1649495e-02	 2.4012467e+00	 3.4805062e+00	  1.2078095e+00 	 1.2357950e-02
  93	 2.2308132e+00	 2.1589343e-02	 2.4038802e+00	 3.7251158e+00	  1.1245301e+00 	 1.2463093e-02
  94	 2.2318693e+00	 2.1540345e-02	 2.4069219e+00	 3.9249306e+00	  9.5303631e-01 	 1.1921167e-02
  95	 2.2333362e+00	 2.1498882e-02	 2.4085774e+00	 3.9845829e+00	  9.0670952e-01 	 1.2006283e-02
  96	 2.2341727e+00	 2.1495022e-02	 2.4082599e+00	 3.8584203e+00	  9.9022523e-01 	 1.2396097e-02
  97	 2.2351531e+00	 2.1473045e-02	 2.4092515e+00	 3.8044118e+00	  9.7153132e-01 	 1.2316942e-02
  98	 2.2363561e+00	 2.1428573e-02	 2.4110232e+00	 3.7335304e+00	  8.9711455e-01 	 1.2098074e-02
  99	 2.2382457e+00	 2.1378028e-02	 2.4137009e+00	 3.5909629e+00	  7.9451081e-01 	 1.2006044e-02
 100	 2.2393057e+00	 2.1345395e-02	 2.4154482e+00	 3.4046906e+00	  6.8968778e-01 	 1.2022972e-02
 101	 2.2403594e+00	 2.1322879e-02	 2.4159540e+00	 3.3030332e+00	  7.1936295e-01 	 1.2042046e-02
 102	 2.2408782e+00	 2.1308521e-02	 2.4165213e+00	 3.2716289e+00	  7.1006406e-01 	 1.1926174e-02
 103	 2.2419643e+00	 2.1280371e-02	 2.4177610e+00	 3.2988371e+00	  6.8888256e-01 	 1.2066126e-02
 104	 2.2428635e+00	 2.1264034e-02	 2.4194498e+00	 3.3113835e+00	  6.3893650e-01 	 1.2007952e-02
 105	 2.2439563e+00	 2.1231126e-02	 2.4203352e+00	 3.3881970e+00	  6.4557177e-01 	 1.1975050e-02
 106	 2.2446667e+00	 2.1223079e-02	 2.4206123e+00	 3.3926636e+00	  6.5166743e-01 	 1.1968851e-02
 107	 2.2457586e+00	 2.1203529e-02	 2.4213710e+00	 3.3685929e+00	  6.5572142e-01 	 1.2421131e-02
 108	 2.2470363e+00	 2.1189193e-02	 2.4223857e+00	 3.2602812e+00	  6.7413646e-01 	 1.2434959e-02
 109	 2.2482718e+00	 2.1157959e-02	 2.4235194e+00	 3.2461970e+00	  6.6317683e-01 	 1.1873007e-02
 110	 2.2491257e+00	 2.1142864e-02	 2.4243224e+00	 3.2174644e+00	  6.7153303e-01 	 1.2315750e-02
 111	 2.2500437e+00	 2.1124024e-02	 2.4252556e+00	 3.0646690e+00	  7.2492065e-01 	 1.1979103e-02
 112	 2.2513116e+00	 2.1103682e-02	 2.4264559e+00	 2.9478083e+00	  8.0480734e-01 	 1.1786938e-02
 113	 2.2524473e+00	 2.1073194e-02	 2.4274147e+00	 2.7924463e+00	  8.5572153e-01 	 1.1831045e-02
 114	 2.2531718e+00	 2.1060392e-02	 2.4278912e+00	 2.7550785e+00	  8.5811468e-01 	 1.2495995e-02
 115	 2.2540278e+00	 2.1051612e-02	 2.4285062e+00	 2.7186649e+00	  8.4160846e-01 	 1.2436390e-02
 116	 2.2547643e+00	 2.1041541e-02	 2.4289905e+00	 2.6553649e+00	  8.2358450e-01 	 1.1816978e-02
 117	 2.2551499e+00	 2.1028581e-02	 2.4292955e+00	 2.6761069e+00	  8.2251435e-01 	 1.2078047e-02
 118	 2.2562439e+00	 2.1009023e-02	 2.4303049e+00	 2.7311594e+00	  8.3055625e-01 	 1.2387991e-02
 119	 2.2570537e+00	 2.0999666e-02	 2.4309666e+00	 2.7549584e+00	  8.2730790e-01 	 1.1961222e-02
 120	 2.2589652e+00	 2.0960318e-02	 2.4331664e+00	 2.8529938e+00	  7.5434689e-01 	 1.1977911e-02
 121	 2.2592838e+00	 2.0956350e-02	 2.4336980e+00	 2.8345884e+00	  7.3227680e-01 	 1.2002230e-02
 122	 2.2603579e+00	 2.0916710e-02	 2.4343917e+00	 2.8729464e+00	  7.3171323e-01 	 1.2020826e-02
 123	 2.2607885e+00	 2.0906071e-02	 2.4346269e+00	 2.8865915e+00	  7.3911712e-01 	 1.1917114e-02
 124	 2.2612950e+00	 2.0897409e-02	 2.4349381e+00	 2.9065790e+00	  7.4856109e-01 	 1.2277842e-02
 125	 2.2621648e+00	 2.0880942e-02	 2.4356024e+00	 3.0077946e+00	  7.4657497e-01 	 1.2103081e-02
 126	 2.2630376e+00	 2.0893323e-02	 2.4363125e+00	 3.2446009e+00	  7.3155710e-01 	 1.1994839e-02
 127	 2.2637711e+00	 2.0849106e-02	 2.4372032e+00	 3.3401467e+00	  6.6895904e-01 	 1.1920214e-02
 128	 2.2645340e+00	 2.0837024e-02	 2.4376009e+00	 3.3613121e+00	  7.0306736e-01 	 1.1951208e-02
 129	 2.2653053e+00	 2.0827518e-02	 2.4380433e+00	 3.4742218e+00	  7.3640429e-01 	 1.2465954e-02
 130	 2.2660015e+00	 2.0815229e-02	 2.4386263e+00	 3.6364461e+00	  7.3568566e-01 	 1.2485981e-02
 131	 2.2667353e+00	 2.0799816e-02	 2.4394002e+00	 3.7593816e+00	  7.1587121e-01 	 1.2031078e-02
 132	 2.2672913e+00	 2.0781722e-02	 2.4399597e+00	 3.8650696e+00	  7.0543655e-01 	 1.2059927e-02
 133	 2.2678693e+00	 2.0771280e-02	 2.4406221e+00	 3.8659184e+00	  6.8786707e-01 	 1.2027740e-02
 134	 2.2686214e+00	 2.0760023e-02	 2.4414469e+00	 3.8220164e+00	  6.8686136e-01 	 1.2012005e-02
 135	 2.2692961e+00	 2.0737896e-02	 2.4425189e+00	 3.8269997e+00	  6.5209364e-01 	 1.1955976e-02
 136	 2.2699055e+00	 2.0720004e-02	 2.4430122e+00	 3.7565922e+00	  6.7070032e-01 	 1.2053013e-02
 137	 2.2708045e+00	 2.0696775e-02	 2.4439056e+00	 3.7012015e+00	  6.6790391e-01 	 1.1991978e-02
 138	 2.2713100e+00	 2.0697922e-02	 2.4443010e+00	 3.5189261e+00	  7.0756846e-01 	 1.2263060e-02
 139	 2.2720632e+00	 2.0668332e-02	 2.4451958e+00	 3.5598759e+00	  6.5185724e-01 	 1.2001038e-02
 140	 2.2728226e+00	 2.0648836e-02	 2.4459379e+00	 3.6111847e+00	  6.0617290e-01 	 1.2439013e-02
 141	 2.2735760e+00	 2.0638956e-02	 2.4465673e+00	 3.6794913e+00	  5.4120278e-01 	 1.2485027e-02
 142	 2.2741147e+00	 2.0620620e-02	 2.4470876e+00	 3.7396385e+00	  5.0416662e-01 	 1.2545109e-02
 143	 2.2745649e+00	 2.0609294e-02	 2.4473556e+00	 3.7394133e+00	  5.0572197e-01 	 1.1976957e-02
 144	 2.2753051e+00	 2.0605964e-02	 2.4478005e+00	 3.7306617e+00	  5.1724403e-01 	 1.1981010e-02
 145	 2.2758208e+00	 2.0594533e-02	 2.4482076e+00	 3.7556361e+00	  5.1571197e-01 	 1.1914015e-02
 146	 2.2768780e+00	 2.0573888e-02	 2.4490718e+00	 3.7962802e+00	  5.2651076e-01 	 1.1974812e-02
 147	 2.2773614e+00	 2.0571290e-02	 2.4498407e+00	 3.8888132e+00	  4.7513241e-01 	 1.2047768e-02
 148	 2.2780505e+00	 2.0550310e-02	 2.4502182e+00	 3.9807776e+00	  5.0122832e-01 	 1.2069225e-02
 149	 2.2785524e+00	 2.0542571e-02	 2.4504736e+00	 4.0776449e+00	  5.4186578e-01 	 1.2430906e-02
 150	 2.2790825e+00	 2.0532280e-02	 2.4508773e+00	 4.1315513e+00	  5.6975779e-01 	 1.2016773e-02
 151	 2.2796049e+00	 2.0529957e-02	 2.4515387e+00	 4.3167479e+00	  6.0096015e-01 	 1.1981726e-02
 152	 2.2803007e+00	 2.0507487e-02	 2.4523260e+00	 4.3788555e+00	  5.9231487e-01 	 1.2142897e-02
 153	 2.2805934e+00	 2.0500579e-02	 2.4525017e+00	 4.3938354e+00	  5.8948729e-01 	 1.1904001e-02
 154	 2.2812675e+00	 2.0492939e-02	 2.4530454e+00	 4.3995790e+00	  5.8207846e-01 	 1.2212992e-02
 155	 2.2815921e+00	 2.0495680e-02	 2.4536242e+00	 4.4812297e+00	  5.7435919e-01 	 1.2134075e-02
 156	 2.2823396e+00	 2.0464115e-02	 2.4542692e+00	 4.4317655e+00	  5.8613843e-01 	 1.1944056e-02
 157	 2.2830121e+00	 2.0441710e-02	 2.4549709e+00	 4.3124856e+00	  6.0986125e-01 	 1.2033939e-02
 158	 2.2835145e+00	 2.0426147e-02	 2.4557046e+00	 4.2233871e+00	  6.1772357e-01 	 1.2064934e-02
 159	 2.2842831e+00	 2.0408176e-02	 2.4566769e+00	 4.1131055e+00	  6.6029798e-01 	 1.2022972e-02
 160	 2.2847390e+00	 2.0399973e-02	 2.4576500e+00	 3.8513751e+00	  6.5762725e-01 	 1.1951208e-02
 161	 2.2853359e+00	 2.0388871e-02	 2.4577866e+00	 3.9058326e+00	  6.8236451e-01 	 1.1996746e-02
 162	 2.2859380e+00	 2.0391988e-02	 2.4577912e+00	 3.9787551e+00	  7.2860025e-01 	 1.2078047e-02
 163	 2.2864945e+00	 2.0386620e-02	 2.4581100e+00	 3.9840275e+00	  7.3738660e-01 	 1.2035847e-02
 164	 2.2873920e+00	 2.0363155e-02	 2.4591908e+00	 3.9489377e+00	  7.1943532e-01 	 1.2218952e-02
 165	 2.2881438e+00	 2.0340023e-02	 2.4603229e+00	 3.8270268e+00	  7.1557262e-01 	 1.2438059e-02
 166	 2.2886335e+00	 2.0332982e-02	 2.4607048e+00	 3.8089127e+00	  7.2520465e-01 	 1.1978865e-02
 167	 2.2898208e+00	 2.0321621e-02	 2.4614864e+00	 3.7604595e+00	  7.2840352e-01 	 1.2002945e-02
 168	 2.2904460e+00	 2.0326993e-02	 2.4622477e+00	 4.0402619e+00	  6.5787384e-01 	 1.1886835e-02
 169	 2.2911646e+00	 2.0292959e-02	 2.4629129e+00	 4.1137716e+00	  6.4978760e-01 	 1.2113094e-02
 170	 2.2915616e+00	 2.0280473e-02	 2.4634977e+00	 4.0465810e+00	  6.3839827e-01 	 1.1946917e-02
 171	 2.2922599e+00	 2.0272114e-02	 2.4641767e+00	 3.9278728e+00	  6.3777803e-01 	 1.1958838e-02
 172	 2.2928533e+00	 2.0253394e-02	 2.4654360e+00	 3.7609000e+00	  6.0662002e-01 	 1.1964083e-02
 173	 2.2934818e+00	 2.0232652e-02	 2.4660202e+00	 3.7328873e+00	  6.0884203e-01 	 1.2061834e-02
 174	 2.2946010e+00	 2.0199836e-02	 2.4672546e+00	 3.7651386e+00	  5.8377486e-01 	 1.2028217e-02
 175	 2.2948029e+00	 2.0205143e-02	 2.4678869e+00	 3.9280035e+00	  5.2523282e-01 	 1.2309074e-02
 176	 2.2953208e+00	 2.0185629e-02	 2.4679943e+00	 3.8744429e+00	  5.5641312e-01 	 1.2002945e-02
 177	 2.2957142e+00	 2.0179549e-02	 2.4680524e+00	 3.8237773e+00	  5.8866807e-01 	 1.1917830e-02
 178	 2.2961852e+00	 2.0182625e-02	 2.4681444e+00	 3.7897299e+00	  6.1824993e-01 	 1.1989832e-02
 179	 2.2967912e+00	 2.0188647e-02	 2.4685465e+00	 3.7958109e+00	  6.2979393e-01 	 1.2050867e-02
 180	 2.2973712e+00	 2.0180425e-02	 2.4691156e+00	 3.5930928e+00	  6.4972339e-01 	 1.2041092e-02
 181	 2.2978675e+00	 2.0157568e-02	 2.4698553e+00	 3.6317206e+00	  6.2470893e-01 	 1.2105942e-02
 182	 2.2988031e+00	 2.0121823e-02	 2.4712449e+00	 3.6446796e+00	  6.0816543e-01 	 1.2151003e-02
 183	 2.2994702e+00	 2.0100953e-02	 2.4722657e+00	 3.7180788e+00	  6.1205410e-01 	 1.2069702e-02
 184	 2.3003980e+00	 2.0075402e-02	 2.4735680e+00	 3.7576534e+00	  5.7903140e-01 	 1.1898994e-02
 185	 2.3013287e+00	 2.0052540e-02	 2.4748443e+00	 3.6597619e+00	  5.8017841e-01 	 1.1946917e-02
 186	 2.3024944e+00	 2.0021614e-02	 2.4762281e+00	 3.7280594e+00	  5.0180467e-01 	 1.1990070e-02
 187	 2.3035118e+00	 2.0004507e-02	 2.4771209e+00	 3.6343120e+00	  4.9310375e-01 	 1.2063026e-02
 188	 2.3045464e+00	 1.9979613e-02	 2.4783842e+00	 3.6155728e+00	  4.0253485e-01 	 1.2842894e-02
 189	 2.3053325e+00	 1.9959720e-02	 2.4791831e+00	 3.6461660e+00	  4.4546569e-01 	 1.2705088e-02
 190	 2.3060288e+00	 1.9943880e-02	 2.4797980e+00	 3.5263100e+00	  4.7064464e-01 	 1.2603760e-02
 191	 2.3068080e+00	 1.9926866e-02	 2.4807803e+00	 3.4438271e+00	  5.0027727e-01 	 1.2051105e-02
 192	 2.3074926e+00	 1.9909551e-02	 2.4814412e+00	 3.3413479e+00	  5.5689317e-01 	 1.1993885e-02
 193	 2.3082488e+00	 1.9894529e-02	 2.4822073e+00	 3.3894191e+00	  6.2018628e-01 	 1.2001038e-02
 194	 2.3089763e+00	 1.9877921e-02	 2.4828539e+00	 3.4426999e+00	  6.4835675e-01 	 1.2039185e-02
 195	 2.3097043e+00	 1.9873579e-02	 2.4832555e+00	 3.4893495e+00	  6.4696151e-01 	 1.2439013e-02
 196	 2.3104315e+00	 1.9888672e-02	 2.4834376e+00	 3.5160705e+00	  6.4811054e-01 	 1.2464285e-02
 197	 2.3109851e+00	 1.9868115e-02	 2.4839073e+00	 3.6851967e+00	  5.9856703e-01 	 1.1841059e-02
 198	 2.3114011e+00	 1.9859159e-02	 2.4840457e+00	 3.6671050e+00	  6.3300656e-01 	 1.1911154e-02
 199	 2.3120832e+00	 1.9852955e-02	 2.4842747e+00	 3.7381224e+00	  6.9889039e-01 	 1.1885166e-02
 200	 2.3125316e+00	 1.9850172e-02	 2.4845283e+00	 3.7040521e+00	  7.2218811e-01 	 1.1776924e-02
Inserting handle into data store.  model_inform_GPz: inprogress_GAMA_gpz.pkl, inform_GPz
Stage complete: GPzInformer @ 2024-08-02 00:08:05.179405 took 0.05 minutes
