Executing stage: FlexZBoostInformer @ 2024-08-12 15:33:15.573567
Inserting handle into data store.  output_quantity_cut_1: ./output_quantity_cut_1.pq, inform_FZBoost
stacking some data...
read in training data
fit the model...
/Users/alicec03/miniforge3/envs/rail---new/lib/python3.11/site-packages/xgboost/core.py:160: UserWarning: [15:33:17] WARNING: /Users/runner/work/xgboost/xgboost/src/learner.cc:742: 
Parameters: { "silent" } are not used.

  warnings.warn(smsg, UserWarning)
/Users/alicec03/miniforge3/envs/rail---new/lib/python3.11/site-packages/xgboost/core.py:160: UserWarning: [15:33:17] WARNING: /Users/runner/work/xgboost/xgboost/src/learner.cc:742: 
Parameters: { "silent" } are not used.

  warnings.warn(smsg, UserWarning)
/Users/alicec03/miniforge3/envs/rail---new/lib/python3.11/site-packages/xgboost/core.py:160: UserWarning: [15:33:17] WARNING: /Users/runner/work/xgboost/xgboost/src/learner.cc:742: 
Parameters: { "silent" } are not used.

  warnings.warn(smsg, UserWarning)
/Users/alicec03/miniforge3/envs/rail---new/lib/python3.11/site-packages/xgboost/core.py:160: UserWarning: [15:33:17] WARNING: /Users/runner/work/xgboost/xgboost/src/learner.cc:742: 
Parameters: { "silent" } are not used.

  warnings.warn(smsg, UserWarning)
/Users/alicec03/miniforge3/envs/rail---new/lib/python3.11/site-packages/xgboost/core.py:160: UserWarning: [15:33:17] WARNING: /Users/runner/work/xgboost/xgboost/src/learner.cc:742: 
Parameters: { "silent" } are not used.

  warnings.warn(smsg, UserWarning)
/Users/alicec03/miniforge3/envs/rail---new/lib/python3.11/site-packages/xgboost/core.py:160: UserWarning: [15:33:17] WARNING: /Users/runner/work/xgboost/xgboost/src/learner.cc:742: 
Parameters: { "silent" } are not used.

  warnings.warn(smsg, UserWarning)
/Users/alicec03/miniforge3/envs/rail---new/lib/python3.11/site-packages/xgboost/core.py:160: UserWarning: [15:33:17] WARNING: /Users/runner/work/xgboost/xgboost/src/learner.cc:742: 
Parameters: { "silent" } are not used.

  warnings.warn(smsg, UserWarning)
/Users/alicec03/miniforge3/envs/rail---new/lib/python3.11/site-packages/xgboost/core.py:160: UserWarning: [15:33:17] WARNING: /Users/runner/work/xgboost/xgboost/src/learner.cc:742: 
Parameters: { "silent" } are not used.

  warnings.warn(smsg, UserWarning)
/Users/alicec03/miniforge3/envs/rail---new/lib/python3.11/site-packages/xgboost/core.py:160: UserWarning: [15:33:18] WARNING: /Users/runner/work/xgboost/xgboost/src/learner.cc:742: 
Parameters: { "silent" } are not used.

  warnings.warn(smsg, UserWarning)
/Users/alicec03/miniforge3/envs/rail---new/lib/python3.11/site-packages/xgboost/core.py:160: UserWarning: [15:33:18] WARNING: /Users/runner/work/xgboost/xgboost/src/learner.cc:742: 
Parameters: { "silent" } are not used.

  warnings.warn(smsg, UserWarning)
/Users/alicec03/miniforge3/envs/rail---new/lib/python3.11/site-packages/xgboost/core.py:160: UserWarning: [15:33:18] WARNING: /Users/runner/work/xgboost/xgboost/src/learner.cc:742: 
Parameters: { "silent" } are not used.

  warnings.warn(smsg, UserWarning)
/Users/alicec03/miniforge3/envs/rail---new/lib/python3.11/site-packages/xgboost/core.py:160: UserWarning: [15:33:18] WARNING: /Users/runner/work/xgboost/xgboost/src/learner.cc:742: 
Parameters: { "silent" } are not used.

  warnings.warn(smsg, UserWarning)
/Users/alicec03/miniforge3/envs/rail---new/lib/python3.11/site-packages/xgboost/core.py:160: UserWarning: [15:33:18] WARNING: /Users/runner/work/xgboost/xgboost/src/learner.cc:742: 
Parameters: { "silent" } are not used.

  warnings.warn(smsg, UserWarning)
/Users/alicec03/miniforge3/envs/rail---new/lib/python3.11/site-packages/xgboost/core.py:160: UserWarning: [15:33:18] WARNING: /Users/runner/work/xgboost/xgboost/src/learner.cc:742: 
Parameters: { "silent" } are not used.

  warnings.warn(smsg, UserWarning)
/Users/alicec03/miniforge3/envs/rail---new/lib/python3.11/site-packages/xgboost/core.py:160: UserWarning: [15:33:18] WARNING: /Users/runner/work/xgboost/xgboost/src/learner.cc:742: 
Parameters: { "silent" } are not used.

  warnings.warn(smsg, UserWarning)
/Users/alicec03/miniforge3/envs/rail---new/lib/python3.11/site-packages/xgboost/core.py:160: UserWarning: [15:33:18] WARNING: /Users/runner/work/xgboost/xgboost/src/learner.cc:742: 
Parameters: { "silent" } are not used.

  warnings.warn(smsg, UserWarning)
/Users/alicec03/miniforge3/envs/rail---new/lib/python3.11/site-packages/xgboost/core.py:160: UserWarning: [15:33:19] WARNING: /Users/runner/work/xgboost/xgboost/src/learner.cc:742: 
Parameters: { "silent" } are not used.

  warnings.warn(smsg, UserWarning)
/Users/alicec03/miniforge3/envs/rail---new/lib/python3.11/site-packages/xgboost/core.py:160: UserWarning: [15:33:19] WARNING: /Users/runner/work/xgboost/xgboost/src/learner.cc:742: 
Parameters: { "silent" } are not used.

  warnings.warn(smsg, UserWarning)
finding best bump thresh...
finding best sharpen parameter...
Retraining with full training set...
/Users/alicec03/miniforge3/envs/rail---new/lib/python3.11/site-packages/xgboost/core.py:160: UserWarning: [15:33:47] WARNING: /Users/runner/work/xgboost/xgboost/src/learner.cc:742: 
Parameters: { "silent" } are not used.

  warnings.warn(smsg, UserWarning)
/Users/alicec03/miniforge3/envs/rail---new/lib/python3.11/site-packages/xgboost/core.py:160: UserWarning: [15:33:47] WARNING: /Users/runner/work/xgboost/xgboost/src/learner.cc:742: 
Parameters: { "silent" } are not used.

  warnings.warn(smsg, UserWarning)
/Users/alicec03/miniforge3/envs/rail---new/lib/python3.11/site-packages/xgboost/core.py:160: UserWarning: [15:33:47] WARNING: /Users/runner/work/xgboost/xgboost/src/learner.cc:742: 
Parameters: { "silent" } are not used.

  warnings.warn(smsg, UserWarning)
/Users/alicec03/miniforge3/envs/rail---new/lib/python3.11/site-packages/xgboost/core.py:160: UserWarning: [15:33:47] WARNING: /Users/runner/work/xgboost/xgboost/src/learner.cc:742: 
Parameters: { "silent" } are not used.

  warnings.warn(smsg, UserWarning)
/Users/alicec03/miniforge3/envs/rail---new/lib/python3.11/site-packages/xgboost/core.py:160: UserWarning: [15:33:47] WARNING: /Users/runner/work/xgboost/xgboost/src/learner.cc:742: 
Parameters: { "silent" } are not used.

  warnings.warn(smsg, UserWarning)
/Users/alicec03/miniforge3/envs/rail---new/lib/python3.11/site-packages/xgboost/core.py:160: UserWarning: [15:33:47] WARNING: /Users/runner/work/xgboost/xgboost/src/learner.cc:742: 
Parameters: { "silent" } are not used.

  warnings.warn(smsg, UserWarning)
/Users/alicec03/miniforge3/envs/rail---new/lib/python3.11/site-packages/xgboost/core.py:160: UserWarning: [15:33:47] WARNING: /Users/runner/work/xgboost/xgboost/src/learner.cc:742: 
Parameters: { "silent" } are not used.

  warnings.warn(smsg, UserWarning)
/Users/alicec03/miniforge3/envs/rail---new/lib/python3.11/site-packages/xgboost/core.py:160: UserWarning: [15:33:47] WARNING: /Users/runner/work/xgboost/xgboost/src/learner.cc:742: 
Parameters: { "silent" } are not used.

  warnings.warn(smsg, UserWarning)
/Users/alicec03/miniforge3/envs/rail---new/lib/python3.11/site-packages/xgboost/core.py:160: UserWarning: [15:33:48] WARNING: /Users/runner/work/xgboost/xgboost/src/learner.cc:742: 
Parameters: { "silent" } are not used.

  warnings.warn(smsg, UserWarning)
/Users/alicec03/miniforge3/envs/rail---new/lib/python3.11/site-packages/xgboost/core.py:160: UserWarning: [15:33:48] WARNING: /Users/runner/work/xgboost/xgboost/src/learner.cc:742: 
Parameters: { "silent" } are not used.

  warnings.warn(smsg, UserWarning)
/Users/alicec03/miniforge3/envs/rail---new/lib/python3.11/site-packages/xgboost/core.py:160: UserWarning: [15:33:48] WARNING: /Users/runner/work/xgboost/xgboost/src/learner.cc:742: 
Parameters: { "silent" } are not used.

  warnings.warn(smsg, UserWarning)
/Users/alicec03/miniforge3/envs/rail---new/lib/python3.11/site-packages/xgboost/core.py:160: UserWarning: [15:33:48] WARNING: /Users/runner/work/xgboost/xgboost/src/learner.cc:742: 
Parameters: { "silent" } are not used.

  warnings.warn(smsg, UserWarning)
/Users/alicec03/miniforge3/envs/rail---new/lib/python3.11/site-packages/xgboost/core.py:160: UserWarning: [15:33:48] WARNING: /Users/runner/work/xgboost/xgboost/src/learner.cc:742: 
Parameters: { "silent" } are not used.

  warnings.warn(smsg, UserWarning)
/Users/alicec03/miniforge3/envs/rail---new/lib/python3.11/site-packages/xgboost/core.py:160: UserWarning: [15:33:48] WARNING: /Users/runner/work/xgboost/xgboost/src/learner.cc:742: 
Parameters: { "silent" } are not used.

  warnings.warn(smsg, UserWarning)
/Users/alicec03/miniforge3/envs/rail---new/lib/python3.11/site-packages/xgboost/core.py:160: UserWarning: [15:33:48] WARNING: /Users/runner/work/xgboost/xgboost/src/learner.cc:742: 
Parameters: { "silent" } are not used.

  warnings.warn(smsg, UserWarning)
/Users/alicec03/miniforge3/envs/rail---new/lib/python3.11/site-packages/xgboost/core.py:160: UserWarning: [15:33:48] WARNING: /Users/runner/work/xgboost/xgboost/src/learner.cc:742: 
Parameters: { "silent" } are not used.

  warnings.warn(smsg, UserWarning)
/Users/alicec03/miniforge3/envs/rail---new/lib/python3.11/site-packages/xgboost/core.py:160: UserWarning: [15:33:49] WARNING: /Users/runner/work/xgboost/xgboost/src/learner.cc:742: 
Parameters: { "silent" } are not used.

  warnings.warn(smsg, UserWarning)
/Users/alicec03/miniforge3/envs/rail---new/lib/python3.11/site-packages/xgboost/core.py:160: UserWarning: [15:33:49] WARNING: /Users/runner/work/xgboost/xgboost/src/learner.cc:742: 
Parameters: { "silent" } are not used.

  warnings.warn(smsg, UserWarning)
Inserting handle into data store.  model_inform_FZBoost: inprogress_invz=0.3_fzboost.pkl, inform_FZBoost
Stage complete: FlexZBoostInformer @ 2024-08-12 15:33:49.566520 took 0.57 minutes
