Executing stage: GPzInformer @ 2024-08-02 00:06:07.751211
Inserting handle into data store.  output_col_remapper_1: ./output_col_remapper_1.pq, inform_GPz
ngal: 38385
training model...
Iter	 logML/n 		 Train RMSE		 Train RMSE/n		 Valid RMSE		 Valid MLL		 Time    
   1	 2.2492433e-01	 1.8674980e-01	 2.3764096e-01	 1.7831053e-01	[ 2.6904279e-01]	 1.1732461e+00
   2	 3.1415526e-01	 1.7564888e-01	 3.2830445e-01	 1.6406221e-01	[ 3.9362342e-01]	 5.2880311e-01
   3	 3.2407205e-01	 1.7012229e-01	 3.4033028e-01	 1.5947505e-01	[ 4.1794722e-01]	 2.7188563e-01
   4	 3.7151572e-01	 1.6541145e-01	 3.8718328e-01	 1.5553674e-01	[ 4.4531795e-01]	 2.6296210e-01
   5	 3.9418057e-01	 1.6131803e-01	 4.1036535e-01	 1.5272421e-01	[ 4.6383208e-01]	 2.6246905e-01
   6	 4.1533729e-01	 1.5845102e-01	 4.3016487e-01	 1.4928503e-01	[ 4.8877078e-01]	 2.6416111e-01
   7	 4.2232102e-01	 1.5747202e-01	 4.3593941e-01	 1.4953061e-01	[ 4.9259464e-01]	 2.6358509e-01
   8	 4.3085031e-01	 1.5631047e-01	 4.4379383e-01	 1.4878217e-01	[ 4.9600640e-01]	 2.6873589e-01
   9	 4.3616617e-01	 1.5550694e-01	 4.4844987e-01	 1.4835074e-01	[ 4.9803800e-01]	 2.7489805e-01
  10	 4.4189301e-01	 1.5472875e-01	 4.5330998e-01	 1.4733765e-01	[ 5.0474254e-01]	 2.6973176e-01
  11	 4.4702682e-01	 1.5412250e-01	 4.5749221e-01	 1.4627344e-01	[ 5.1046175e-01]	 2.7105784e-01
  12	 4.5219087e-01	 1.5342344e-01	 4.6183412e-01	 1.4518629e-01	[ 5.1720265e-01]	 2.7127385e-01
  13	 4.5532302e-01	 1.5303458e-01	 4.6456884e-01	 1.4450322e-01	[ 5.2201723e-01]	 2.7344823e-01
  14	 4.5931846e-01	 1.5251567e-01	 4.6827043e-01	 1.4404334e-01	[ 5.2486398e-01]	 2.7074623e-01
  15	 4.6291775e-01	 1.5205083e-01	 4.7180687e-01	 1.4344319e-01	[ 5.3207074e-01]	 2.7173495e-01
  16	 4.6690663e-01	 1.5158590e-01	 4.7575297e-01	 1.4370234e-01	  5.3194552e-01 	 2.6873088e-01
  17	 4.6892709e-01	 1.5136634e-01	 4.7768123e-01	 1.4353304e-01	[ 5.3247700e-01]	 2.6806808e-01
  18	 4.7218895e-01	 1.5099907e-01	 4.8103064e-01	 1.4298315e-01	[ 5.3637656e-01]	 2.6490402e-01
  19	 4.7802431e-01	 1.5066968e-01	 4.8753401e-01	 1.4095627e-01	[ 5.4845389e-01]	 2.6623511e-01
  20	 6.0042439e-01	 1.4054640e-01	 6.1273628e-01	 1.3319713e-01	[ 6.3904866e-01]	 5.3612494e-01
  21	 6.0061728e-01	 1.4589797e-01	 6.1192177e-01	 1.3722631e-01	  6.3053716e-01 	 2.7014589e-01
  22	 7.4317851e-01	 1.3512582e-01	 7.5608764e-01	 1.2852788e-01	[ 7.8010086e-01]	 8.2606006e-01
  23	 8.1526386e-01	 1.2857799e-01	 8.3020237e-01	 1.2298616e-01	[ 8.5511727e-01]	 5.4627109e-01
  24	 9.6355473e-01	 1.3233411e-01	 9.7740738e-01	 1.2454935e-01	[ 9.9418647e-01]	 2.7071595e-01
  25	 1.0326175e+00	 1.3694462e-01	 1.0458268e+00	 1.2965309e-01	[ 1.0553901e+00]	 2.7259493e-01
  26	 1.2208056e+00	 1.3083501e-01	 1.2361375e+00	 1.2250543e-01	[ 1.2367280e+00]	 2.6487088e-01
  27	 1.2706669e+00	 1.3133696e-01	 1.2849763e+00	 1.2675437e-01	[ 1.2950472e+00]	 2.6593518e-01
  28	 1.4243625e+00	 1.2449499e-01	 1.4404570e+00	 1.1872909e-01	[ 1.4301850e+00]	 2.6907325e-01
  29	 1.5232618e+00	 1.2476681e-01	 1.5391279e+00	 1.1796637e-01	[ 1.5213972e+00]	 2.6882911e-01
  30	 1.6042697e+00	 1.2292156e-01	 1.6201755e+00	 1.1636967e-01	[ 1.6042131e+00]	 2.6752996e-01
  31	 1.7508096e+00	 1.2330266e-01	 1.7694952e+00	 1.1531727e-01	[ 1.7343651e+00]	 2.6794219e-01
  32	 1.8726261e+00	 1.2176326e-01	 1.8887335e+00	 1.1549305e-01	[ 1.8704027e+00]	 2.7172208e-01
  33	 1.9866320e+00	 1.2254387e-01	 2.0033963e+00	 1.1520429e-01	[ 1.9693307e+00]	 2.7116179e-01
  34	 2.0825926e+00	 1.2171220e-01	 2.0988349e+00	 1.1415030e-01	[ 2.0545854e+00]	 2.7469397e-01
  35	 2.1646844e+00	 1.1939241e-01	 2.1806459e+00	 1.1167666e-01	[ 2.1253080e+00]	 2.7353168e-01
  36	 2.2252602e+00	 1.1856763e-01	 2.2411554e+00	 1.1048242e-01	[ 2.1793571e+00]	 2.7400661e-01
  37	 2.2661139e+00	 1.2218267e-01	 2.2825987e+00	 1.1223056e-01	[ 2.2068492e+00]	 2.7431703e-01
  38	 2.3145575e+00	 1.1905489e-01	 2.3308865e+00	 1.0965622e-01	[ 2.2480327e+00]	 2.9728413e-01
  39	 2.3477756e+00	 1.1825855e-01	 2.3643202e+00	 1.0906209e-01	[ 2.2596510e+00]	 2.7792311e-01
  40	 2.3832239e+00	 1.1833383e-01	 2.3996775e+00	 1.0908141e-01	[ 2.2781268e+00]	 2.7910495e-01
  41	 2.4214317e+00	 1.1683815e-01	 2.4380565e+00	 1.0698754e-01	  2.2532997e+00 	 2.6852894e-01
  42	 2.4325080e+00	 1.1757946e-01	 2.4489503e+00	 1.0722298e-01	  2.2155325e+00 	 2.6890397e-01
  43	 2.4552498e+00	 1.1475576e-01	 2.4718932e+00	 1.0471361e-01	  2.2101068e+00 	 2.7995396e-01
  44	 2.4713995e+00	 1.1344692e-01	 2.4879771e+00	 1.0316401e-01	  2.1993022e+00 	 2.6733375e-01
  45	 2.4862337e+00	 1.1157526e-01	 2.5029235e+00	 1.0147788e-01	  2.1412790e+00 	 2.6877117e-01
  46	 2.5117222e+00	 1.0941451e-01	 2.5283424e+00	 9.9260377e-02	  2.0145231e+00 	 2.6749682e-01
  47	 2.5277343e+00	 1.0755475e-01	 2.5445293e+00	 9.7526039e-02	  1.9528847e+00 	 2.6989627e-01
  48	 2.5447951e+00	 1.0796334e-01	 2.5615975e+00	 9.7621088e-02	  1.9839854e+00 	 2.7051210e-01
  49	 2.5563473e+00	 1.0798535e-01	 2.5732413e+00	 9.7343799e-02	  2.0133963e+00 	 2.7279496e-01
  50	 2.5689663e+00	 1.0784486e-01	 2.5858195e+00	 9.7155180e-02	  2.0895425e+00 	 2.7304387e-01
  51	 2.5765734e+00	 1.0657175e-01	 2.5936119e+00	 9.5363968e-02	  2.1702504e+00 	 2.7329779e-01
  52	 2.5869633e+00	 1.0589008e-01	 2.6039584e+00	 9.4989023e-02	  2.1836500e+00 	 2.7269483e-01
  53	 2.5920635e+00	 1.0502671e-01	 2.6089935e+00	 9.4171367e-02	  2.2057067e+00 	 2.7399015e-01
  54	 2.6005005e+00	 1.0359271e-01	 2.6174591e+00	 9.2799214e-02	  2.2461146e+00 	 2.7158594e-01
  55	 2.6114254e+00	 1.0141996e-01	 2.6282676e+00	 9.0519178e-02	[ 2.3361468e+00]	 2.7120781e-01
  56	 2.6208362e+00	 1.0041223e-01	 2.6378148e+00	 8.9620085e-02	[ 2.3700364e+00]	 2.6864004e-01
  57	 2.6285217e+00	 9.9534618e-02	 2.6455600e+00	 8.8716867e-02	[ 2.3884214e+00]	 2.6709914e-01
  58	 2.6347789e+00	 9.9238180e-02	 2.6518621e+00	 8.8498481e-02	  2.3860029e+00 	 2.6977706e-01
  59	 2.6408285e+00	 9.8439915e-02	 2.6579056e+00	 8.7946857e-02	[ 2.3912539e+00]	 2.6963115e-01
  60	 2.6462517e+00	 9.7059656e-02	 2.6633024e+00	 8.7070725e-02	  2.3885610e+00 	 2.6752281e-01
  61	 2.6512382e+00	 9.6311726e-02	 2.6682536e+00	 8.6473853e-02	[ 2.3959032e+00]	 2.6562905e-01
  62	 2.6556751e+00	 9.5814901e-02	 2.6727161e+00	 8.6066527e-02	  2.3901799e+00 	 2.6758099e-01
  63	 2.6608865e+00	 9.5128489e-02	 2.6779249e+00	 8.5644092e-02	  2.3949256e+00 	 2.7641010e-01
  64	 2.6644387e+00	 9.5291807e-02	 2.6814952e+00	 8.5865229e-02	  2.3913535e+00 	 2.7279305e-01
  65	 2.6698199e+00	 9.5114889e-02	 2.6868888e+00	 8.5895077e-02	  2.3910800e+00 	 2.7406883e-01
  66	 2.6730673e+00	 9.5010399e-02	 2.6901536e+00	 8.5984081e-02	  2.3945028e+00 	 2.7243114e-01
  67	 2.6778058e+00	 9.4947180e-02	 2.6949131e+00	 8.6019323e-02	[ 2.3994982e+00]	 2.7407193e-01
  68	 2.6819998e+00	 9.3863208e-02	 2.6990813e+00	 8.5740885e-02	[ 2.4090871e+00]	 2.7801585e-01
  69	 2.6869253e+00	 9.3937366e-02	 2.7040175e+00	 8.5586048e-02	[ 2.4155459e+00]	 2.7208805e-01
  70	 2.6892551e+00	 9.3588358e-02	 2.7063233e+00	 8.5231039e-02	[ 2.4162881e+00]	 2.7164602e-01
  71	 2.6914385e+00	 9.2824267e-02	 2.7084881e+00	 8.4706721e-02	[ 2.4178394e+00]	 2.6781106e-01
  72	 2.6939454e+00	 9.2130207e-02	 2.7109960e+00	 8.4413007e-02	[ 2.4198181e+00]	 2.7503300e-01
  73	 2.6973644e+00	 9.1415650e-02	 2.7144359e+00	 8.4140269e-02	[ 2.4220530e+00]	 2.7449107e-01
  74	 2.7013888e+00	 9.1515471e-02	 2.7184690e+00	 8.4588183e-02	[ 2.4284414e+00]	 2.6818919e-01
  75	 2.7052979e+00	 9.2216558e-02	 2.7223994e+00	 8.5645521e-02	[ 2.4334874e+00]	 2.6348686e-01
  76	 2.7080809e+00	 9.3119110e-02	 2.7251863e+00	 8.6579629e-02	[ 2.4375516e+00]	 2.6852369e-01
  77	 2.7105063e+00	 9.2601886e-02	 2.7276006e+00	 8.6014686e-02	  2.4354870e+00 	 2.7021694e-01
  78	 2.7133389e+00	 9.1922456e-02	 2.7304073e+00	 8.5623071e-02	  2.4340819e+00 	 2.7498007e-01
  79	 2.7156255e+00	 9.1520251e-02	 2.7326873e+00	 8.5484369e-02	  2.4311567e+00 	 2.7833891e-01
  80	 2.7196571e+00	 9.1054783e-02	 2.7367411e+00	 8.5315676e-02	  2.4237463e+00 	 2.7411699e-01
  81	 2.7236052e+00	 9.1268691e-02	 2.7407013e+00	 8.5579021e-02	  2.4225971e+00 	 2.7432609e-01
  82	 2.7262495e+00	 9.1944040e-02	 2.7433696e+00	 8.6195375e-02	  2.4239379e+00 	 2.7542090e-01
  83	 2.7285876e+00	 9.1766516e-02	 2.7457540e+00	 8.5630736e-02	  2.4255882e+00 	 2.7538991e-01
  84	 2.7307682e+00	 9.2103337e-02	 2.7479193e+00	 8.6033648e-02	  2.4309502e+00 	 2.7033210e-01
  85	 2.7331489e+00	 9.2278713e-02	 2.7502737e+00	 8.6432528e-02	  2.4371850e+00 	 2.6808977e-01
  86	 2.7354406e+00	 9.2309316e-02	 2.7525496e+00	 8.6742519e-02	[ 2.4424407e+00]	 2.6729822e-01
  87	 2.7376597e+00	 9.2434346e-02	 2.7547952e+00	 8.7274240e-02	[ 2.4466064e+00]	 2.6924205e-01
  88	 2.7402318e+00	 9.2316712e-02	 2.7573718e+00	 8.7215742e-02	[ 2.4498866e+00]	 2.6773810e-01
  89	 2.7419846e+00	 9.2171042e-02	 2.7591435e+00	 8.7086465e-02	[ 2.4516446e+00]	 2.6682806e-01
  90	 2.7439242e+00	 9.1910666e-02	 2.7610966e+00	 8.6897899e-02	[ 2.4560112e+00]	 2.6962304e-01
  91	 2.7469966e+00	 9.1127972e-02	 2.7641541e+00	 8.6331638e-02	[ 2.4698175e+00]	 2.6889801e-01
  92	 2.7488051e+00	 9.0318601e-02	 2.7659548e+00	 8.5591934e-02	[ 2.4836412e+00]	 5.4514503e-01
  93	 2.7517273e+00	 8.9300673e-02	 2.7688547e+00	 8.4886408e-02	[ 2.4990222e+00]	 2.7485085e-01
  94	 2.7543279e+00	 8.8184412e-02	 2.7714492e+00	 8.4043185e-02	[ 2.5100991e+00]	 2.7526093e-01
  95	 2.7568249e+00	 8.7202838e-02	 2.7739605e+00	 8.3379158e-02	[ 2.5180741e+00]	 2.7566504e-01
  96	 2.7588152e+00	 8.6217369e-02	 2.7759553e+00	 8.2581290e-02	[ 2.5253864e+00]	 2.7582312e-01
  97	 2.7607503e+00	 8.6279134e-02	 2.7779058e+00	 8.2675426e-02	[ 2.5274613e+00]	 2.7509499e-01
  98	 2.7624277e+00	 8.6494344e-02	 2.7795905e+00	 8.2842862e-02	  2.5266837e+00 	 2.6887989e-01
  99	 2.7647911e+00	 8.6543408e-02	 2.7819602e+00	 8.2846411e-02	[ 2.5289023e+00]	 2.7091527e-01
 100	 2.7661497e+00	 8.6369914e-02	 2.7833565e+00	 8.2802065e-02	  2.5262758e+00 	 2.6704001e-01
 101	 2.7685565e+00	 8.6143285e-02	 2.7857444e+00	 8.2577364e-02	[ 2.5335380e+00]	 2.7055120e-01
 102	 2.7695673e+00	 8.5965998e-02	 2.7867560e+00	 8.2455778e-02	[ 2.5352192e+00]	 2.6850986e-01
 103	 2.7713192e+00	 8.5855304e-02	 2.7885215e+00	 8.2461839e-02	  2.5334113e+00 	 2.6431108e-01
 104	 2.7738873e+00	 8.6005189e-02	 2.7910973e+00	 8.2728378e-02	  2.5292166e+00 	 2.6652217e-01
 105	 2.7755459e+00	 8.7150637e-02	 2.7927860e+00	 8.4081303e-02	  2.5128127e+00 	 2.6781583e-01
 106	 2.7775425e+00	 8.7330258e-02	 2.7947694e+00	 8.4180453e-02	  2.5132073e+00 	 2.7609181e-01
 107	 2.7785225e+00	 8.7532127e-02	 2.7957438e+00	 8.4363358e-02	  2.5122120e+00 	 2.7501178e-01
 108	 2.7803450e+00	 8.7921099e-02	 2.7975648e+00	 8.4827567e-02	  2.5054609e+00 	 2.7567673e-01
 109	 2.7816605e+00	 8.9313717e-02	 2.7988938e+00	 8.6359954e-02	  2.4910235e+00 	 2.7845979e-01
 110	 2.7832642e+00	 8.8973820e-02	 2.8004941e+00	 8.6102274e-02	  2.4907811e+00 	 2.7439022e-01
 111	 2.7842330e+00	 8.8927134e-02	 2.8014658e+00	 8.6134972e-02	  2.4881645e+00 	 2.7214193e-01
 112	 2.7855769e+00	 8.9044158e-02	 2.8028121e+00	 8.6336075e-02	  2.4826497e+00 	 2.7481079e-01
 113	 2.7860604e+00	 8.9890772e-02	 2.8032967e+00	 8.7108836e-02	  2.4641607e+00 	 2.6800632e-01
 114	 2.7893274e+00	 8.9580369e-02	 2.8065567e+00	 8.6935951e-02	  2.4649108e+00 	 2.6580906e-01
 115	 2.7901844e+00	 8.9686294e-02	 2.8074106e+00	 8.7025109e-02	  2.4625497e+00 	 2.6831269e-01
 116	 2.7912651e+00	 8.9765647e-02	 2.8084903e+00	 8.7041494e-02	  2.4592397e+00 	 2.6909900e-01
 117	 2.7928392e+00	 8.9809083e-02	 2.8100734e+00	 8.7077137e-02	  2.4533347e+00 	 2.6413584e-01
 118	 2.7939981e+00	 8.9397222e-02	 2.8112460e+00	 8.6630640e-02	  2.4500319e+00 	 5.3289294e-01
 119	 2.7957887e+00	 8.9280234e-02	 2.8130536e+00	 8.6613706e-02	  2.4422330e+00 	 2.6989007e-01
 120	 2.7967914e+00	 8.8986327e-02	 2.8140608e+00	 8.6438660e-02	  2.4393532e+00 	 2.7601171e-01
 121	 2.7983159e+00	 8.8200802e-02	 2.8155928e+00	 8.5902463e-02	  2.4376768e+00 	 2.7364087e-01
 122	 2.7991311e+00	 8.7841641e-02	 2.8164043e+00	 8.5688361e-02	  2.4332363e+00 	 5.6418300e-01
 123	 2.8003891e+00	 8.7416127e-02	 2.8176593e+00	 8.5396251e-02	  2.4334125e+00 	 2.7456999e-01
 124	 2.8020238e+00	 8.7043770e-02	 2.8192918e+00	 8.5175339e-02	  2.4318836e+00 	 2.7328181e-01
 125	 2.8032606e+00	 8.7138528e-02	 2.8205306e+00	 8.5338531e-02	  2.4280683e+00 	 2.7047586e-01
 126	 2.8039097e+00	 8.7319726e-02	 2.8211924e+00	 8.5767807e-02	  2.4219328e+00 	 2.6966095e-01
 127	 2.8051567e+00	 8.7530760e-02	 2.8224375e+00	 8.5878122e-02	  2.4236741e+00 	 2.6566195e-01
 128	 2.8057509e+00	 8.7702890e-02	 2.8230359e+00	 8.6039112e-02	  2.4240571e+00 	 2.6808286e-01
 129	 2.8065350e+00	 8.7890253e-02	 2.8238244e+00	 8.6244665e-02	  2.4257129e+00 	 3.0016518e-01
 130	 2.8079139e+00	 8.8032905e-02	 2.8252071e+00	 8.6416552e-02	  2.4300751e+00 	 2.7568889e-01
 131	 2.8086024e+00	 8.8352445e-02	 2.8258984e+00	 8.6798156e-02	  2.4308644e+00 	 5.3683710e-01
 132	 2.8097823e+00	 8.8296334e-02	 2.8270779e+00	 8.6726585e-02	  2.4360909e+00 	 2.6890898e-01
 133	 2.8107293e+00	 8.8297305e-02	 2.8280275e+00	 8.6714979e-02	  2.4390554e+00 	 2.7261639e-01
 134	 2.8118463e+00	 8.8305839e-02	 2.8291517e+00	 8.6716967e-02	  2.4410720e+00 	 2.7727008e-01
 135	 2.8125984e+00	 8.8861490e-02	 2.8299254e+00	 8.7234036e-02	  2.4425774e+00 	 2.7426100e-01
 136	 2.8135831e+00	 8.8862327e-02	 2.8309105e+00	 8.7265156e-02	  2.4419481e+00 	 2.7552104e-01
 137	 2.8144807e+00	 8.9106575e-02	 2.8318163e+00	 8.7543531e-02	  2.4407895e+00 	 3.0023909e-01
 138	 2.8151452e+00	 8.9291249e-02	 2.8324851e+00	 8.7729539e-02	  2.4408688e+00 	 2.7612305e-01
 139	 2.8159192e+00	 8.9676617e-02	 2.8332741e+00	 8.8267270e-02	  2.4394306e+00 	 2.6833224e-01
 140	 2.8172059e+00	 8.9856737e-02	 2.8345554e+00	 8.8317764e-02	  2.4418883e+00 	 2.6952195e-01
 141	 2.8177189e+00	 8.9685811e-02	 2.8350627e+00	 8.8153418e-02	  2.4427837e+00 	 2.6939416e-01
 142	 2.8188513e+00	 8.9487282e-02	 2.8361928e+00	 8.8003528e-02	  2.4423952e+00 	 2.6977324e-01
 143	 2.8198643e+00	 8.9621366e-02	 2.8372069e+00	 8.8145687e-02	  2.4426151e+00 	 2.7255917e-01
 144	 2.8208427e+00	 8.9509299e-02	 2.8381876e+00	 8.8013591e-02	  2.4419845e+00 	 2.6910281e-01
 145	 2.8216558e+00	 8.9821770e-02	 2.8390039e+00	 8.8275689e-02	  2.4428327e+00 	 2.6829791e-01
 146	 2.8226962e+00	 9.0186004e-02	 2.8400513e+00	 8.8511763e-02	  2.4442725e+00 	 2.7052808e-01
 147	 2.8236464e+00	 9.0264949e-02	 2.8410097e+00	 8.8494383e-02	  2.4441945e+00 	 2.7503395e-01
 148	 2.8245288e+00	 8.9946671e-02	 2.8419008e+00	 8.8044722e-02	  2.4438619e+00 	 5.4767990e-01
 149	 2.8258291e+00	 8.9971731e-02	 2.8432182e+00	 8.7915399e-02	  2.4416932e+00 	 2.7570033e-01
 150	 2.8263684e+00	 8.9669898e-02	 2.8437579e+00	 8.7668109e-02	  2.4406705e+00 	 2.7577901e-01
 151	 2.8270716e+00	 8.9439967e-02	 2.8444527e+00	 8.7300402e-02	  2.4388273e+00 	 2.7529097e-01
 152	 2.8281588e+00	 8.8833355e-02	 2.8455375e+00	 8.6859614e-02	  2.4383917e+00 	 2.7491713e-01
 153	 2.8285857e+00	 8.8987417e-02	 2.8459622e+00	 8.6963224e-02	  2.4391495e+00 	 2.6886392e-01
 154	 2.8297586e+00	 8.9307742e-02	 2.8471328e+00	 8.7100882e-02	  2.4378248e+00 	 2.6538920e-01
 155	 2.8308737e+00	 8.9439369e-02	 2.8482548e+00	 8.7090814e-02	  2.4333930e+00 	 2.7777004e-01
 156	 2.8318240e+00	 8.9686966e-02	 2.8492276e+00	 8.6996404e-02	  2.4212883e+00 	 2.7139711e-01
 157	 2.8331804e+00	 8.9992813e-02	 2.8505960e+00	 8.7231710e-02	  2.4155069e+00 	 2.6759601e-01
 158	 2.8339012e+00	 8.9805747e-02	 2.8513150e+00	 8.7075591e-02	  2.4174056e+00 	 2.6950693e-01
 159	 2.8350922e+00	 8.9985424e-02	 2.8525071e+00	 8.7153095e-02	  2.4178078e+00 	 2.6607513e-01
 160	 2.8358441e+00	 9.0379969e-02	 2.8532600e+00	 8.7330148e-02	  2.4155182e+00 	 2.7010918e-01
 161	 2.8368855e+00	 9.0953673e-02	 2.8542978e+00	 8.7762085e-02	  2.4156449e+00 	 2.7407217e-01
 162	 2.8376696e+00	 9.1451262e-02	 2.8550747e+00	 8.8161187e-02	  2.4156349e+00 	 2.7540517e-01
 163	 2.8385690e+00	 9.1933891e-02	 2.8559654e+00	 8.8546146e-02	  2.4144237e+00 	 2.7154708e-01
 164	 2.8391446e+00	 9.2093051e-02	 2.8565397e+00	 8.8764114e-02	  2.4080498e+00 	 2.7138400e-01
 165	 2.8401740e+00	 9.2239051e-02	 2.8575673e+00	 8.8815290e-02	  2.4057810e+00 	 2.7327204e-01
 166	 2.8406162e+00	 9.1995310e-02	 2.8580147e+00	 8.8603239e-02	  2.4031986e+00 	 2.7305412e-01
 167	 2.8411722e+00	 9.1820002e-02	 2.8585789e+00	 8.8442241e-02	  2.3989251e+00 	 2.6941204e-01
 168	 2.8421347e+00	 9.1867717e-02	 2.8595518e+00	 8.8408545e-02	  2.3929484e+00 	 2.7141404e-01
 169	 2.8424104e+00	 9.1985128e-02	 2.8598436e+00	 8.8114578e-02	  2.3809528e+00 	 2.6784396e-01
 170	 2.8441767e+00	 9.2543897e-02	 2.8616077e+00	 8.8590391e-02	  2.3803267e+00 	 2.6929498e-01
 171	 2.8446683e+00	 9.2845629e-02	 2.8620926e+00	 8.8788194e-02	  2.3827533e+00 	 2.6549387e-01
 172	 2.8453264e+00	 9.3271342e-02	 2.8627433e+00	 8.8952424e-02	  2.3836140e+00 	 2.6634192e-01
 173	 2.8462042e+00	 9.3553141e-02	 2.8636173e+00	 8.8958863e-02	  2.3819582e+00 	 2.6883602e-01
 174	 2.8468766e+00	 9.3729088e-02	 2.8642903e+00	 8.8847571e-02	  2.3793426e+00 	 5.3564191e-01
 175	 2.8479834e+00	 9.4145974e-02	 2.8654034e+00	 8.8860739e-02	  2.3718698e+00 	 2.7023602e-01
 176	 2.8484921e+00	 9.3861544e-02	 2.8659192e+00	 8.8622955e-02	  2.3689249e+00 	 2.7197099e-01
 177	 2.8490003e+00	 9.3802688e-02	 2.8664406e+00	 8.8555075e-02	  2.3639687e+00 	 2.7449608e-01
 178	 2.8495083e+00	 9.3775847e-02	 2.8669573e+00	 8.8538056e-02	  2.3606566e+00 	 2.7679896e-01
 179	 2.8501274e+00	 9.3982100e-02	 2.8675808e+00	 8.8678194e-02	  2.3587651e+00 	 2.7489400e-01
 180	 2.8509717e+00	 9.4143261e-02	 2.8684241e+00	 8.8762755e-02	  2.3575513e+00 	 2.7782917e-01
 181	 2.8522149e+00	 9.4164241e-02	 2.8696619e+00	 8.8755496e-02	  2.3566601e+00 	 2.6743889e-01
 182	 2.8529118e+00	 9.4602823e-02	 2.8703541e+00	 8.9147835e-02	  2.3552283e+00 	 5.3384399e-01
 183	 2.8535691e+00	 9.4471376e-02	 2.8710051e+00	 8.9060335e-02	  2.3564433e+00 	 2.6859307e-01
 184	 2.8541695e+00	 9.4440131e-02	 2.8716054e+00	 8.9048411e-02	  2.3553949e+00 	 2.6796603e-01
 185	 2.8548789e+00	 9.4564631e-02	 2.8723235e+00	 8.9164307e-02	  2.3516395e+00 	 2.6976800e-01
 186	 2.8556558e+00	 9.5041267e-02	 2.8731278e+00	 8.9629193e-02	  2.3421049e+00 	 2.6887298e-01
 187	 2.8564247e+00	 9.5083016e-02	 2.8739149e+00	 8.9669825e-02	  2.3359981e+00 	 2.6754093e-01
 188	 2.8568051e+00	 9.5111211e-02	 2.8742953e+00	 8.9690310e-02	  2.3362960e+00 	 2.7344108e-01
 189	 2.8573809e+00	 9.5018564e-02	 2.8748756e+00	 8.9661736e-02	  2.3356436e+00 	 2.7004385e-01
 190	 2.8578695e+00	 9.5069006e-02	 2.8753746e+00	 8.9713497e-02	  2.3334627e+00 	 2.7248716e-01
 191	 2.8584563e+00	 9.4891705e-02	 2.8759588e+00	 8.9619823e-02	  2.3345828e+00 	 2.7386284e-01
 192	 2.8593804e+00	 9.4578789e-02	 2.8768755e+00	 8.9470751e-02	  2.3377777e+00 	 2.7541089e-01
 193	 2.8599291e+00	 9.4543588e-02	 2.8774187e+00	 8.9492519e-02	  2.3399933e+00 	 2.7388906e-01
 194	 2.8605848e+00	 9.4462510e-02	 2.8780740e+00	 8.9478785e-02	  2.3416878e+00 	 5.4585814e-01
 195	 2.8615457e+00	 9.4732371e-02	 2.8790288e+00	 8.9780686e-02	  2.3440786e+00 	 2.7094579e-01
 196	 2.8619041e+00	 9.4860838e-02	 2.8793895e+00	 8.9883142e-02	  2.3435760e+00 	 2.6806092e-01
 197	 2.8625400e+00	 9.5091664e-02	 2.8800412e+00	 9.0062618e-02	  2.3392070e+00 	 2.7009487e-01
 198	 2.8631066e+00	 9.5120709e-02	 2.8806240e+00	 9.0083425e-02	  2.3351831e+00 	 2.6693010e-01
 199	 2.8636014e+00	 9.5418359e-02	 2.8811453e+00	 9.0344456e-02	  2.3269353e+00 	 2.7042389e-01
 200	 2.8642126e+00	 9.5209416e-02	 2.8817543e+00	 9.0186517e-02	  2.3272828e+00 	 2.7072573e-01
Inserting handle into data store.  model_inform_GPz: inprogress_DEEP2_gpz.pkl, inform_GPz
Stage complete: GPzInformer @ 2024-08-02 00:07:07.114016 took 0.99 minutes
