Executing stage: GPzInformer @ 2024-08-29 12:52:54.956168
Inserting handle into data store.  output_col_remapper_1: ./output_col_remapper_1.pq, inform_GPz
ngal: 80845
training model...
Iter	 logML/n 		 Train RMSE		 Train RMSE/n		 Valid RMSE		 Valid MLL		 Time    
   1	 4.3644845e-01	 1.5566703e-01	 4.4295929e-01	 1.5010876e-01	[ 4.8169296e-01]	 1.3239849e+00
   2	 5.5112313e-01	 1.3602915e-01	 5.6524248e-01	 1.2931087e-01	[ 5.8866055e-01]	 4.1770577e-01
   3	 5.6712640e-01	 1.3382351e-01	 5.7379420e-01	 1.2652457e-01	[ 5.9445186e-01]	 8.3569002e-01
   4	 6.1305998e-01	 1.3436145e-01	 6.2002774e-01	 1.2673537e-01	[ 6.4459188e-01]	 4.1832900e-01
   5	 6.9685099e-01	 1.3665715e-01	 7.0399378e-01	 1.2803338e-01	[ 7.4602819e-01]	 4.2044592e-01
   6	 7.5759461e-01	 1.3253036e-01	 7.6333713e-01	 1.2573298e-01	[ 7.8748986e-01]	 4.1626215e-01
   7	 7.7566906e-01	 1.3126946e-01	 7.8136525e-01	 1.2505583e-01	[ 8.0184168e-01]	 4.1912103e-01
   8	 8.1284365e-01	 1.3089902e-01	 8.1868419e-01	 1.2504078e-01	[ 8.3908278e-01]	 4.2109704e-01
   9	 8.5870354e-01	 1.3065618e-01	 8.6478778e-01	 1.2512059e-01	[ 8.8633678e-01]	 4.2208219e-01
  10	 8.8060525e-01	 1.2679907e-01	 8.8646162e-01	 1.2218839e-01	[ 8.9876995e-01]	 4.1843581e-01
  11	 9.2486168e-01	 1.2817470e-01	 9.3105278e-01	 1.2333139e-01	[ 9.4844018e-01]	 4.1958117e-01
  12	 9.6795538e-01	 1.2743049e-01	 9.7440993e-01	 1.2273096e-01	[ 9.9404855e-01]	 4.2230678e-01
  13	 1.0000347e+00	 1.2473326e-01	 1.0062954e+00	 1.2039023e-01	[ 1.0213425e+00]	 8.3774424e-01
  14	 1.0261095e+00	 1.2394316e-01	 1.0324371e+00	 1.1967009e-01	[ 1.0479621e+00]	 4.2330074e-01
  15	 1.2481704e+00	 1.1960131e-01	 1.2558437e+00	 1.1460656e-01	[ 1.2817891e+00]	 4.2100406e-01
  16	 1.3267172e+00	 1.1678186e-01	 1.3331159e+00	 1.1376910e-01	[ 1.3366251e+00]	 4.1928411e-01
  17	 1.4113149e+00	 1.1883839e-01	 1.4182769e+00	 1.1566780e-01	[ 1.4261892e+00]	 4.2059016e-01
  18	 1.4257539e+00	 1.2048423e-01	 1.4329787e+00	 1.1748343e-01	[ 1.4433614e+00]	 8.4121227e-01
  19	 1.4383302e+00	 1.2196477e-01	 1.4456213e+00	 1.1932546e-01	[ 1.4558924e+00]	 4.2025781e-01
  20	 1.4671652e+00	 1.2635360e-01	 1.4744585e+00	 1.2461127e-01	[ 1.4828510e+00]	 4.2383218e-01
  21	 1.4931869e+00	 1.3297650e-01	 1.5004706e+00	 1.3180776e-01	[ 1.5072457e+00]	 4.2046499e-01
  22	 1.5265988e+00	 1.4267764e-01	 1.5336899e+00	 1.4149491e-01	[ 1.5361500e+00]	 8.4218001e-01
  23	 1.5343371e+00	 1.4571941e-01	 1.5413342e+00	 1.4439490e-01	[ 1.5420793e+00]	 8.4919500e-01
  24	 1.5433050e+00	 1.5073185e-01	 1.5502353e+00	 1.4931327e-01	[ 1.5488429e+00]	 8.4556699e-01
  25	 1.5564011e+00	 1.5785678e-01	 1.5632737e+00	 1.5635701e-01	[ 1.5586194e+00]	 4.2138505e-01
  26	 1.5799169e+00	 1.6273556e-01	 1.5869415e+00	 1.6141559e-01	[ 1.5797797e+00]	 4.2429113e-01
  27	 1.5989856e+00	 1.6178131e-01	 1.6058195e+00	 1.5984932e-01	[ 1.5967428e+00]	 8.4790301e-01
  28	 1.6409260e+00	 1.5428628e-01	 1.6474518e+00	 1.5072272e-01	[ 1.6375272e+00]	 8.5119891e-01
  29	 1.6689589e+00	 1.4775553e-01	 1.6756084e+00	 1.4337469e-01	[ 1.6677270e+00]	 8.4957480e-01
  30	 1.6785781e+00	 1.4315455e-01	 1.6849486e+00	 1.3760727e-01	[ 1.6770575e+00]	 4.2659307e-01
  31	 1.7031224e+00	 1.4741116e-01	 1.7095516e+00	 1.4214373e-01	[ 1.6961526e+00]	 4.2349577e-01
  32	 1.7373285e+00	 1.5052429e-01	 1.7437737e+00	 1.4492167e-01	[ 1.7188817e+00]	 4.2491007e-01
  33	 1.7408095e+00	 1.4999463e-01	 1.7471266e+00	 1.4405260e-01	[ 1.7217320e+00]	 8.5085273e-01
  34	 1.7505136e+00	 1.5024669e-01	 1.7569367e+00	 1.4399158e-01	[ 1.7241189e+00]	 8.4853077e-01
  35	 1.7514904e+00	 1.5195043e-01	 1.7580565e+00	 1.4602979e-01	  1.7211646e+00 	 4.2292595e-01
  36	 1.7536413e+00	 1.5179580e-01	 1.7601342e+00	 1.4581986e-01	  1.7240265e+00 	 4.2626286e-01
  37	 1.7556708e+00	 1.5133732e-01	 1.7621598e+00	 1.4529368e-01	[ 1.7260248e+00]	 4.2838812e-01
  38	 1.7728472e+00	 1.4809922e-01	 1.7794436e+00	 1.4194539e-01	[ 1.7433626e+00]	 4.2245197e-01
  39	 1.8011303e+00	 1.4502245e-01	 1.8079462e+00	 1.3883904e-01	[ 1.7665183e+00]	 4.2943597e-01
  40	 1.8315639e+00	 1.4302127e-01	 1.8385254e+00	 1.3656520e-01	[ 1.7865521e+00]	 4.2395473e-01
  41	 1.8504016e+00	 1.4194369e-01	 1.8571500e+00	 1.3544031e-01	[ 1.8091945e+00]	 4.2665720e-01
  42	 1.8706381e+00	 1.4034018e-01	 1.8770686e+00	 1.3434938e-01	[ 1.8426804e+00]	 8.4798074e-01
  43	 1.8739291e+00	 1.3945445e-01	 1.8802985e+00	 1.3390055e-01	[ 1.8524463e+00]	 4.2598295e-01
  44	 1.8775480e+00	 1.4072108e-01	 1.8840231e+00	 1.3527770e-01	[ 1.8539619e+00]	 4.2244935e-01
  45	 1.8810337e+00	 1.4110768e-01	 1.8876535e+00	 1.3585017e-01	[ 1.8566764e+00]	 4.2559409e-01
  46	 1.8850565e+00	 1.4170784e-01	 1.8917416e+00	 1.3675512e-01	[ 1.8616646e+00]	 4.2397690e-01
  47	 1.8949383e+00	 1.3998490e-01	 1.9016399e+00	 1.3568170e-01	[ 1.8785642e+00]	 4.2199802e-01
  48	 1.9069857e+00	 1.4132578e-01	 1.9138220e+00	 1.3736187e-01	[ 1.8897968e+00]	 4.2497373e-01
  49	 1.9198209e+00	 1.3702172e-01	 1.9267885e+00	 1.3289028e-01	[ 1.9057355e+00]	 8.5000086e-01
  50	 1.9253096e+00	 1.3687930e-01	 1.9322825e+00	 1.3295799e-01	[ 1.9148009e+00]	 4.2401099e-01
  51	 1.9267666e+00	 1.3793655e-01	 1.9338267e+00	 1.3411444e-01	[ 1.9152792e+00]	 8.4801793e-01
  52	 1.9289356e+00	 1.3704877e-01	 1.9360328e+00	 1.3327790e-01	[ 1.9189187e+00]	 4.2623615e-01
  53	 1.9459762e+00	 1.3647110e-01	 1.9533160e+00	 1.3324877e-01	[ 1.9332007e+00]	 4.2567492e-01
  54	 1.9572821e+00	 1.2953761e-01	 1.9644761e+00	 1.2586021e-01	[ 1.9501503e+00]	 4.2298985e-01
  55	 1.9902308e+00	 1.2953642e-01	 1.9975322e+00	 1.2533141e-01	[ 1.9829918e+00]	 4.2446184e-01
  56	 2.0158529e+00	 1.2759538e-01	 2.0234156e+00	 1.2265942e-01	[ 2.0077101e+00]	 4.2425394e-01
  57	 2.0271441e+00	 1.2810681e-01	 2.0346558e+00	 1.2316180e-01	[ 2.0163032e+00]	 4.2293477e-01
  58	 2.0406846e+00	 1.3020447e-01	 2.0480427e+00	 1.2511808e-01	[ 2.0244923e+00]	 8.4810185e-01
  59	 2.0435660e+00	 1.3084486e-01	 2.0508544e+00	 1.2550919e-01	  2.0242848e+00 	 4.2404008e-01
  60	 2.0446986e+00	 1.2985607e-01	 2.0521073e+00	 1.2445649e-01	[ 2.0256369e+00]	 4.2574096e-01
  61	 2.0453487e+00	 1.3042070e-01	 2.0527068e+00	 1.2502984e-01	[ 2.0262697e+00]	 4.2441106e-01
  62	 2.0456397e+00	 1.3072333e-01	 2.0529781e+00	 1.2531621e-01	  2.0259009e+00 	 4.2415094e-01
  63	 2.0459364e+00	 1.3111892e-01	 2.0532704e+00	 1.2566081e-01	  2.0255500e+00 	 8.5227895e-01
  64	 2.0465577e+00	 1.3133846e-01	 2.0538834e+00	 1.2585798e-01	  2.0250752e+00 	 4.2085409e-01
  65	 2.0473843e+00	 1.3142165e-01	 2.0547222e+00	 1.2591610e-01	  2.0245333e+00 	 4.2301011e-01
  66	 2.0484393e+00	 1.3144103e-01	 2.0557924e+00	 1.2590890e-01	  2.0242315e+00 	 4.2208099e-01
  67	 2.0514687e+00	 1.3131540e-01	 2.0588515e+00	 1.2573226e-01	  2.0244398e+00 	 4.2631197e-01
  68	 2.0575211e+00	 1.3088313e-01	 2.0649171e+00	 1.2522609e-01	[ 2.0265487e+00]	 4.2272377e-01
  69	 2.0671916e+00	 1.2991187e-01	 2.0745938e+00	 1.2425745e-01	[ 2.0328974e+00]	 4.2301798e-01
  70	 2.0776267e+00	 1.2849230e-01	 2.0852267e+00	 1.2307628e-01	[ 2.0405584e+00]	 4.2274594e-01
  71	 2.0834638e+00	 1.2579782e-01	 2.0909247e+00	 1.2033922e-01	[ 2.0467691e+00]	 4.2427278e-01
  72	 2.0912137e+00	 1.2563824e-01	 2.0987443e+00	 1.2027263e-01	[ 2.0571969e+00]	 4.2343712e-01
  73	 2.0922784e+00	 1.2648015e-01	 2.0998072e+00	 1.2113142e-01	[ 2.0599768e+00]	 4.2375708e-01
  74	 2.0928394e+00	 1.2602477e-01	 2.1003616e+00	 1.2069319e-01	[ 2.0612578e+00]	 4.2532086e-01
  75	 2.0931924e+00	 1.2573173e-01	 2.1007097e+00	 1.2041639e-01	[ 2.0625584e+00]	 4.2322421e-01
  76	 2.0937281e+00	 1.2552425e-01	 2.1012406e+00	 1.2022198e-01	[ 2.0639384e+00]	 4.2333889e-01
  77	 2.0952225e+00	 1.2530401e-01	 2.1027295e+00	 1.2001341e-01	[ 2.0665793e+00]	 4.2316484e-01
  78	 2.0977437e+00	 1.2530659e-01	 2.1052620e+00	 1.1999404e-01	[ 2.0692337e+00]	 4.2658210e-01
  79	 2.0981158e+00	 1.2493545e-01	 2.1056686e+00	 1.1959415e-01	  2.0681374e+00 	 1.2721841e+00
  80	 2.1026082e+00	 1.2531230e-01	 2.1101928e+00	 1.1985410e-01	[ 2.0715445e+00]	 4.2268300e-01
  81	 2.1081920e+00	 1.2598305e-01	 2.1158102e+00	 1.2029309e-01	[ 2.0743729e+00]	 4.2305708e-01
  82	 2.1137537e+00	 1.2667029e-01	 2.1213940e+00	 1.2068715e-01	[ 2.0765966e+00]	 4.2374206e-01
  83	 2.1196423e+00	 1.2673866e-01	 2.1273437e+00	 1.2047576e-01	[ 2.0789576e+00]	 4.2431688e-01
  84	 2.1245480e+00	 1.2626508e-01	 2.1322771e+00	 1.1981361e-01	[ 2.0812150e+00]	 4.2501211e-01
  85	 2.1255504e+00	 1.2577409e-01	 2.1333365e+00	 1.1931095e-01	[ 2.0818358e+00]	 8.4520292e-01
  86	 2.1268148e+00	 1.2467349e-01	 2.1345744e+00	 1.1823916e-01	[ 2.0845885e+00]	 4.2164302e-01
  87	 2.1269291e+00	 1.2466593e-01	 2.1346498e+00	 1.1828645e-01	[ 2.0865159e+00]	 4.2532492e-01
  88	 2.1272597e+00	 1.2446237e-01	 2.1349675e+00	 1.1808044e-01	[ 2.0877957e+00]	 4.2228913e-01
  89	 2.1280772e+00	 1.2425064e-01	 2.1357803e+00	 1.1787284e-01	[ 2.0889087e+00]	 4.2610097e-01
  90	 2.1291206e+00	 1.2379314e-01	 2.1368392e+00	 1.1753829e-01	  2.0878867e+00 	 8.5177016e-01
  91	 2.1374894e+00	 1.2232747e-01	 2.1451540e+00	 1.1607411e-01	[ 2.0970534e+00]	 4.2319584e-01
  92	 2.1485616e+00	 1.2104633e-01	 2.1561704e+00	 1.1472193e-01	[ 2.1044675e+00]	 4.2446423e-01
  93	 2.1645920e+00	 1.2017144e-01	 2.1721482e+00	 1.1371418e-01	[ 2.1109961e+00]	 4.2594814e-01
  94	 2.1763886e+00	 1.1881176e-01	 2.1838020e+00	 1.1226121e-01	[ 2.1199268e+00]	 4.2570591e-01
  95	 2.1854144e+00	 1.1913524e-01	 2.1927967e+00	 1.1233415e-01	  2.1184022e+00 	 4.2521381e-01
  96	 2.1860214e+00	 1.1930262e-01	 2.1933726e+00	 1.1245428e-01	  2.1192686e+00 	 8.5132599e-01
  97	 2.1889760e+00	 1.1915207e-01	 2.1963093e+00	 1.1222134e-01	  2.1193840e+00 	 4.2811799e-01
  98	 2.1916859e+00	 1.1794678e-01	 2.1989687e+00	 1.1105740e-01	[ 2.1239629e+00]	 4.2437100e-01
  99	 2.1931663e+00	 1.1742868e-01	 2.2004447e+00	 1.1056584e-01	[ 2.1258211e+00]	 4.2304087e-01
 100	 2.1938186e+00	 1.1701214e-01	 2.2011104e+00	 1.1021479e-01	[ 2.1272723e+00]	 4.2366195e-01
 101	 2.1941064e+00	 1.1673066e-01	 2.2014139e+00	 1.0998331e-01	[ 2.1278200e+00]	 4.2613912e-01
 102	 2.1943165e+00	 1.1649651e-01	 2.2016351e+00	 1.0978303e-01	  2.1277255e+00 	 4.2636728e-01
 103	 2.1946384e+00	 1.1633340e-01	 2.2019712e+00	 1.0962814e-01	  2.1262254e+00 	 4.2519975e-01
 104	 2.1947283e+00	 1.1618746e-01	 2.2020591e+00	 1.0950033e-01	  2.1267905e+00 	 8.4903789e-01
 105	 2.1949475e+00	 1.1618991e-01	 2.2022871e+00	 1.0948103e-01	  2.1249074e+00 	 4.2451119e-01
 106	 2.1951911e+00	 1.1561475e-01	 2.2025003e+00	 1.0895255e-01	  2.1262219e+00 	 8.7991023e-01
 107	 2.1955117e+00	 1.1565240e-01	 2.2028221e+00	 1.0897216e-01	  2.1250166e+00 	 4.4365811e-01
 108	 2.1965125e+00	 1.1551284e-01	 2.2038327e+00	 1.0885112e-01	  2.1232145e+00 	 4.5363879e-01
 109	 2.1972927e+00	 1.1526484e-01	 2.2046252e+00	 1.0867485e-01	  2.1235698e+00 	 4.6504974e-01
 110	 2.1980962e+00	 1.1501003e-01	 2.2054391e+00	 1.0851865e-01	  2.1254701e+00 	 4.3695998e-01
 111	 2.1990699e+00	 1.1501053e-01	 2.2064127e+00	 1.0860432e-01	[ 2.1283160e+00]	 4.9461603e-01
 112	 2.1991513e+00	 1.1481878e-01	 2.2065083e+00	 1.0843394e-01	  2.1282263e+00 	 8.6686230e-01
 113	 2.2000439e+00	 1.1520158e-01	 2.2073892e+00	 1.0882528e-01	[ 2.1314176e+00]	 4.2818522e-01
 114	 2.2003951e+00	 1.1551122e-01	 2.2077326e+00	 1.0910059e-01	[ 2.1322601e+00]	 4.2692614e-01
 115	 2.2006319e+00	 1.1565539e-01	 2.2079653e+00	 1.0921621e-01	[ 2.1324157e+00]	 4.2659020e-01
 116	 2.2006679e+00	 1.1571178e-01	 2.2080041e+00	 1.0925347e-01	  2.1322590e+00 	 8.5467982e-01
 117	 2.2010758e+00	 1.1590914e-01	 2.2084152e+00	 1.0940655e-01	  2.1320717e+00 	 4.2714000e-01
 118	 2.2017407e+00	 1.1512793e-01	 2.2090300e+00	 1.0859314e-01	[ 2.1341169e+00]	 4.2912316e-01
 119	 2.2029675e+00	 1.1580665e-01	 2.2103040e+00	 1.0917028e-01	  2.1311115e+00 	 4.2597795e-01
 120	 2.2038472e+00	 1.1563386e-01	 2.2112004e+00	 1.0899738e-01	  2.1305302e+00 	 4.2868900e-01
 121	 2.2050233e+00	 1.1504306e-01	 2.2123842e+00	 1.0842224e-01	  2.1311094e+00 	 4.2691779e-01
 122	 2.2056074e+00	 1.1522300e-01	 2.2129792e+00	 1.0857176e-01	  2.1318143e+00 	 8.5183311e-01
 123	 2.2063317e+00	 1.1460043e-01	 2.2137471e+00	 1.0797777e-01	  2.1325125e+00 	 8.5350990e-01
 124	 2.2093919e+00	 1.1424340e-01	 2.2168054e+00	 1.0759005e-01	[ 2.1390182e+00]	 4.2560697e-01
 125	 2.2160667e+00	 1.1471856e-01	 2.2235040e+00	 1.0790152e-01	[ 2.1594177e+00]	 4.2241573e-01
 126	 2.2166532e+00	 1.1436165e-01	 2.2240790e+00	 1.0752659e-01	[ 2.1605759e+00]	 8.4768510e-01
 127	 2.2175280e+00	 1.1486515e-01	 2.2249565e+00	 1.0790405e-01	[ 2.1631629e+00]	 4.2677617e-01
 128	 2.2179823e+00	 1.1512155e-01	 2.2253971e+00	 1.0814761e-01	[ 2.1640363e+00]	 4.2690206e-01
 129	 2.2182900e+00	 1.1511868e-01	 2.2256988e+00	 1.0814862e-01	[ 2.1652417e+00]	 4.2486668e-01
 130	 2.2186955e+00	 1.1548962e-01	 2.2261401e+00	 1.0844844e-01	  2.1648658e+00 	 8.5060620e-01
 131	 2.2198779e+00	 1.1549614e-01	 2.2272961e+00	 1.0848399e-01	[ 2.1673818e+00]	 4.2524099e-01
 132	 2.2231720e+00	 1.1536466e-01	 2.2305573e+00	 1.0840469e-01	[ 2.1728126e+00]	 4.2363501e-01
 133	 2.2301411e+00	 1.1499797e-01	 2.2375050e+00	 1.0811507e-01	[ 2.1832365e+00]	 4.2482710e-01
 134	 2.2381468e+00	 1.1475762e-01	 2.2455384e+00	 1.0789407e-01	[ 2.1951000e+00]	 4.2456222e-01
 135	 2.2468184e+00	 1.1600347e-01	 2.2542665e+00	 1.0871424e-01	[ 2.2107623e+00]	 4.2487025e-01
 136	 2.2550854e+00	 1.1670311e-01	 2.2625421e+00	 1.0940406e-01	[ 2.2166349e+00]	 4.2288589e-01
 137	 2.2587907e+00	 1.1721096e-01	 2.2663146e+00	 1.0984683e-01	[ 2.2167508e+00]	 4.2603207e-01
 138	 2.2590792e+00	 1.1710653e-01	 2.2666508e+00	 1.0985671e-01	  2.2136851e+00 	 4.2498207e-01
 139	 2.2603746e+00	 1.1723982e-01	 2.2679525e+00	 1.0990278e-01	  2.2164489e+00 	 4.2545295e-01
 140	 2.2609405e+00	 1.1727973e-01	 2.2685232e+00	 1.0993579e-01	[ 2.2179723e+00]	 4.2575383e-01
 141	 2.2611884e+00	 1.1705039e-01	 2.2687660e+00	 1.0974313e-01	[ 2.2193796e+00]	 8.4869409e-01
 142	 2.2615990e+00	 1.1707013e-01	 2.2691741e+00	 1.0980215e-01	[ 2.2215009e+00]	 4.2475414e-01
 143	 2.2617433e+00	 1.1700239e-01	 2.2693120e+00	 1.0974786e-01	[ 2.2215284e+00]	 4.2705512e-01
 144	 2.2627520e+00	 1.1670201e-01	 2.2703932e+00	 1.0943512e-01	  2.2194630e+00 	 8.5475111e-01
 145	 2.2640793e+00	 1.1626539e-01	 2.2717219e+00	 1.0906955e-01	  2.2214592e+00 	 4.2769313e-01
 146	 2.2678232e+00	 1.1435334e-01	 2.2754656e+00	 1.0744971e-01	[ 2.2252772e+00]	 4.2536211e-01
 147	 2.2688833e+00	 1.1182059e-01	 2.2765668e+00	 1.0519464e-01	[ 2.2346347e+00]	 4.2499089e-01
 148	 2.2715437e+00	 1.1238866e-01	 2.2791967e+00	 1.0564664e-01	  2.2336377e+00 	 4.2765903e-01
 149	 2.2723806e+00	 1.1267925e-01	 2.2800346e+00	 1.0586235e-01	  2.2327998e+00 	 4.2477584e-01
 150	 2.2732096e+00	 1.1264542e-01	 2.2808650e+00	 1.0580677e-01	  2.2329807e+00 	 4.2787409e-01
 151	 2.2740595e+00	 1.1264581e-01	 2.2817189e+00	 1.0581253e-01	  2.2330896e+00 	 4.2600489e-01
 152	 2.2742884e+00	 1.1227397e-01	 2.2819539e+00	 1.0546308e-01	  2.2343990e+00 	 8.8298488e-01
 153	 2.2750621e+00	 1.1240892e-01	 2.2827331e+00	 1.0561790e-01	  2.2344832e+00 	 4.2430711e-01
 154	 2.2760824e+00	 1.1261516e-01	 2.2837636e+00	 1.0586165e-01	[ 2.2349438e+00]	 4.2752481e-01
 155	 2.2769102e+00	 1.1278157e-01	 2.2846131e+00	 1.0605413e-01	[ 2.2352804e+00]	 4.2261291e-01
 156	 2.2774394e+00	 1.1292024e-01	 2.2851123e+00	 1.0622876e-01	[ 2.2377494e+00]	 4.2541695e-01
 157	 2.2780291e+00	 1.1305461e-01	 2.2857405e+00	 1.0631933e-01	  2.2376902e+00 	 4.2374825e-01
 158	 2.2787537e+00	 1.1332635e-01	 2.2864933e+00	 1.0653687e-01	[ 2.2379559e+00]	 4.2985010e-01
 159	 2.2800112e+00	 1.1380877e-01	 2.2877861e+00	 1.0692448e-01	[ 2.2386865e+00]	 4.2439389e-01
 160	 2.2811998e+00	 1.1394830e-01	 2.2889997e+00	 1.0708694e-01	[ 2.2409735e+00]	 4.2507291e-01
 161	 2.2823129e+00	 1.1397751e-01	 2.2901100e+00	 1.0710536e-01	[ 2.2410179e+00]	 4.2585683e-01
 162	 2.2832666e+00	 1.1379211e-01	 2.2910592e+00	 1.0698368e-01	[ 2.2414989e+00]	 4.2530417e-01
 163	 2.2848939e+00	 1.1283992e-01	 2.2927553e+00	 1.0622186e-01	[ 2.2439022e+00]	 4.2483974e-01
 164	 2.2862206e+00	 1.1231101e-01	 2.2941076e+00	 1.0585017e-01	[ 2.2441221e+00]	 4.2432570e-01
 165	 2.2895636e+00	 1.0952382e-01	 2.2977002e+00	 1.0363670e-01	[ 2.2483164e+00]	 4.2547393e-01
 166	 2.2909763e+00	 1.1009272e-01	 2.2991297e+00	 1.0426503e-01	  2.2449968e+00 	 4.2580509e-01
 167	 2.2915874e+00	 1.1017627e-01	 2.2997601e+00	 1.0429105e-01	  2.2459510e+00 	 4.2632985e-01
 168	 2.2917848e+00	 1.1029884e-01	 2.2999661e+00	 1.0436945e-01	  2.2464689e+00 	 4.2475080e-01
 169	 2.2918327e+00	 1.1031228e-01	 2.3000065e+00	 1.0437293e-01	  2.2465089e+00 	 4.2606592e-01
 170	 2.2919418e+00	 1.1031726e-01	 2.3000960e+00	 1.0435713e-01	  2.2463446e+00 	 4.2572427e-01
 171	 2.2919439e+00	 1.1029563e-01	 2.3000821e+00	 1.0434416e-01	  2.2462950e+00 	 8.5378289e-01
 172	 2.2921375e+00	 1.1027551e-01	 2.3002603e+00	 1.0432230e-01	  2.2463212e+00 	 4.2472291e-01
 173	 2.2929189e+00	 1.1048873e-01	 2.3010208e+00	 1.0446351e-01	  2.2481646e+00 	 8.5135818e-01
 174	 2.2940049e+00	 1.1099398e-01	 2.3021464e+00	 1.0498670e-01	  2.2477880e+00 	 8.5330391e-01
 175	 2.2957562e+00	 1.1054687e-01	 2.3039058e+00	 1.0467059e-01	[ 2.2493183e+00]	 4.2490172e-01
 176	 2.2983010e+00	 1.1006260e-01	 2.3065264e+00	 1.0443940e-01	[ 2.2507970e+00]	 4.2261910e-01
 177	 2.2986990e+00	 1.1023386e-01	 2.3069640e+00	 1.0464769e-01	  2.2501049e+00 	 4.2569804e-01
 178	 2.2991558e+00	 1.0993942e-01	 2.3075121e+00	 1.0442839e-01	[ 2.2518104e+00]	 4.2869520e-01
 179	 2.2995591e+00	 1.1016878e-01	 2.3079162e+00	 1.0462231e-01	  2.2508357e+00 	 4.2543793e-01
 180	 2.3007490e+00	 1.1064947e-01	 2.3091056e+00	 1.0498009e-01	  2.2485145e+00 	 4.2644978e-01
 181	 2.3022355e+00	 1.1107629e-01	 2.3105947e+00	 1.0522189e-01	  2.2452076e+00 	 4.2565799e-01
 182	 2.3030577e+00	 1.1103157e-01	 2.3113807e+00	 1.0510088e-01	  2.2436071e+00 	 4.2434406e-01
 183	 2.3036360e+00	 1.1095701e-01	 2.3120137e+00	 1.0498007e-01	  2.2440959e+00 	 4.2541313e-01
 184	 2.3037856e+00	 1.1067015e-01	 2.3121583e+00	 1.0471473e-01	  2.2454247e+00 	 4.2564678e-01
 185	 2.3038368e+00	 1.1054913e-01	 2.3122060e+00	 1.0460813e-01	  2.2457929e+00 	 4.2618179e-01
 186	 2.3039886e+00	 1.1039599e-01	 2.3123529e+00	 1.0448173e-01	  2.2460816e+00 	 4.2635989e-01
 187	 2.3046017e+00	 1.1029282e-01	 2.3129633e+00	 1.0449399e-01	  2.2463803e+00 	 4.2653608e-01
 188	 2.3051670e+00	 1.1032155e-01	 2.3135532e+00	 1.0455198e-01	  2.2450491e+00 	 4.2428017e-01
 189	 2.3056161e+00	 1.1058551e-01	 2.3140164e+00	 1.0484262e-01	  2.2427318e+00 	 4.2259312e-01
 190	 2.3058150e+00	 1.1079530e-01	 2.3142190e+00	 1.0505441e-01	  2.2415489e+00 	 4.2676687e-01
 191	 2.3061233e+00	 1.1105144e-01	 2.3145260e+00	 1.0529378e-01	  2.2402845e+00 	 4.2475510e-01
 192	 2.3067410e+00	 1.1139232e-01	 2.3151331e+00	 1.0558629e-01	  2.2389219e+00 	 4.2429972e-01
 193	 2.3077243e+00	 1.1170192e-01	 2.3160926e+00	 1.0580159e-01	  2.2382010e+00 	 4.2568278e-01
 194	 2.3089084e+00	 1.1188519e-01	 2.3172560e+00	 1.0584865e-01	  2.2382843e+00 	 4.2274594e-01
 195	 2.3089395e+00	 1.1195556e-01	 2.3172991e+00	 1.0591342e-01	  2.2376646e+00 	 1.2785962e+00
 196	 2.3099885e+00	 1.1173903e-01	 2.3183336e+00	 1.0560641e-01	  2.2395480e+00 	 4.2229199e-01
 197	 2.3103878e+00	 1.1135108e-01	 2.3187303e+00	 1.0519599e-01	  2.2416163e+00 	 4.2633700e-01
 198	 2.3105012e+00	 1.1118135e-01	 2.3188453e+00	 1.0503863e-01	  2.2423844e+00 	 4.2576098e-01
 199	 2.3107569e+00	 1.1090380e-01	 2.3191043e+00	 1.0479167e-01	  2.2435129e+00 	 4.2664695e-01
 200	 2.3112430e+00	 1.1058885e-01	 2.3195929e+00	 1.0453654e-01	  2.2446671e+00 	 4.2335296e-01
Inserting handle into data store.  model_inform_GPz: inprogress_VVDSf02_gpz.pkl, inform_GPz
Stage complete: GPzInformer @ 2024-08-29 12:54:37.358344 took 1.71 minutes
