Executing stage: GPzInformer @ 2024-08-02 00:17:30.073554
Inserting handle into data store.  output_col_remapper_1: ./output_col_remapper_1.pq, inform_GPz
ngal: 30953
training model...
Iter	 logML/n 		 Train RMSE		 Train RMSE/n		 Valid RMSE		 Valid MLL		 Time    
   1	-3.4103691e-01	 3.3457289e-01	-3.1599197e-01	 3.4643582e-01	[-3.1346377e-01]	 7.1176696e-01
   2	-1.8624036e-01	 2.8198407e-01	-1.5713547e-01	 2.8940175e-01	[-1.7638063e-01]	 4.5874095e-01
   3	-1.4741717e-01	 2.8716773e-01	-1.2317708e-01	 2.8108752e-01	[-1.1788548e-01]	 2.0754576e-01
   4	-1.1273343e-01	 2.7117428e-01	-8.9943086e-02	 2.6422681e-01	[-8.6740987e-02]	 2.0493388e-01
   5	-8.3619786e-02	 2.6174113e-01	-6.0411253e-02	 2.5731198e-01	[-5.7135336e-02]	 2.1008301e-01
   6	-3.6841872e-02	 2.4757579e-01	-1.9719462e-02	 2.5419849e-01	[-1.3576470e-02]	 2.0959592e-01
   7	-1.6102605e-02	 2.4467451e-01	-2.6836647e-03	 2.5576463e-01	[ 4.3615828e-03]	 2.1045709e-01
   8	-2.8501716e-03	 2.4155447e-01	 9.0721876e-03	 2.4589662e-01	[ 1.9853103e-02]	 2.0955491e-01
   9	 1.0801322e-02	 2.3812424e-01	 2.0301943e-02	 2.3624472e-01	[ 3.5155010e-02]	 2.0890498e-01
  10	 2.6298289e-02	 2.3471393e-01	 3.4175556e-02	 2.3160254e-01	[ 4.9042582e-02]	 2.0393181e-01
  11	 4.2589917e-02	 2.3268053e-01	 4.9793367e-02	 2.2840758e-01	[ 6.9944428e-02]	 2.0879483e-01
  12	 6.0319822e-02	 2.2899652e-01	 6.8555116e-02	 2.2386576e-01	[ 9.2021926e-02]	 2.0636106e-01
  13	 8.2213420e-02	 2.2453671e-01	 9.1232158e-02	 2.2423995e-01	[ 1.1283502e-01]	 2.0470405e-01
  14	 1.0693798e-01	 2.2121375e-01	 1.1625018e-01	 2.3645252e-01	[ 1.3479984e-01]	 2.0609093e-01
  15	 1.3922047e-01	 2.1769513e-01	 1.5237082e-01	 2.4363954e-01	[ 1.5992241e-01]	 2.0651126e-01
  16	 2.0565599e-01	 2.1373757e-01	 2.1942814e-01	 2.0683143e-01	[ 2.3199210e-01]	 2.0508289e-01
  17	 2.5819390e-01	 2.0907319e-01	 2.7049993e-01	 2.0863330e-01	[ 2.7430443e-01]	 2.0577693e-01
  18	 3.0743525e-01	 2.0450291e-01	 3.1832419e-01	 2.0861024e-01	[ 3.1690269e-01]	 2.0571685e-01
  19	 3.5625682e-01	 1.9966009e-01	 3.6744609e-01	 2.0220470e-01	[ 3.6599021e-01]	 2.0726824e-01
  20	 4.4174422e-01	 2.0696143e-01	 4.5412290e-01	 2.0562278e-01	[ 4.5596115e-01]	 2.0884490e-01
  21	 5.5014889e-01	 1.9062333e-01	 5.6264764e-01	 2.0824232e-01	[ 5.5306407e-01]	 2.0743394e-01
  22	 6.2114173e-01	 1.8492213e-01	 6.3322953e-01	 1.9195571e-01	[ 6.2499874e-01]	 2.0778704e-01
  23	 6.9599870e-01	 1.8011856e-01	 7.0855014e-01	 1.8197263e-01	[ 7.0009680e-01]	 2.1269107e-01
  24	 7.9294088e-01	 1.7345199e-01	 8.0569534e-01	 1.7334597e-01	[ 8.0216648e-01]	 2.1161699e-01
  25	 8.8434636e-01	 1.7173823e-01	 8.9801933e-01	 1.7260814e-01	[ 9.0355303e-01]	 2.0810008e-01
  26	 9.5120005e-01	 1.7033353e-01	 9.6455637e-01	 1.7275431e-01	[ 9.7513243e-01]	 2.0971107e-01
  27	 1.0023704e+00	 1.6824167e-01	 1.0164335e+00	 1.7065507e-01	[ 1.0333430e+00]	 2.0817995e-01
  28	 1.0570030e+00	 1.6803129e-01	 1.0711375e+00	 1.7332197e-01	[ 1.0858138e+00]	 2.0908976e-01
  29	 1.1118168e+00	 1.7332041e-01	 1.1264148e+00	 1.7890898e-01	[ 1.1429290e+00]	 2.0609570e-01
  30	 1.1654409e+00	 1.7653386e-01	 1.1802939e+00	 1.7515186e-01	[ 1.1976930e+00]	 2.0663309e-01
  31	 1.2175122e+00	 1.7713635e-01	 1.2326444e+00	 1.7519335e-01	[ 1.2414287e+00]	 2.0936990e-01
  32	 1.2578326e+00	 1.7885184e-01	 1.2733757e+00	 1.7725845e-01	[ 1.2838715e+00]	 2.0665908e-01
  33	 1.2975677e+00	 1.8210193e-01	 1.3137817e+00	 1.8153918e-01	[ 1.3225779e+00]	 2.0850396e-01
  34	 1.3354512e+00	 1.8113310e-01	 1.3519999e+00	 1.8758255e-01	[ 1.3588531e+00]	 2.0523119e-01
  35	 1.3599273e+00	 1.7767333e-01	 1.3765916e+00	 1.8092400e-01	[ 1.3869733e+00]	 2.0657587e-01
  36	 1.3788893e+00	 1.7714451e-01	 1.3953615e+00	 1.8014480e-01	[ 1.4025641e+00]	 2.0886874e-01
  37	 1.3918628e+00	 1.7662244e-01	 1.4083895e+00	 1.8029814e-01	[ 1.4144277e+00]	 2.0431805e-01
  38	 1.4120230e+00	 1.7490012e-01	 1.4286707e+00	 1.7950824e-01	[ 1.4332658e+00]	 2.0749807e-01
  39	 1.4340342e+00	 1.7414787e-01	 1.4508076e+00	 1.8276637e-01	[ 1.4556945e+00]	 2.0954084e-01
  40	 1.4502290e+00	 1.7170983e-01	 1.4670870e+00	 1.7918367e-01	[ 1.4711590e+00]	 2.1035910e-01
  41	 1.4656902e+00	 1.7129008e-01	 1.4823932e+00	 1.8060174e-01	[ 1.4886545e+00]	 2.0980692e-01
  42	 1.4797674e+00	 1.7080070e-01	 1.4965495e+00	 1.8207354e-01	[ 1.5032158e+00]	 2.1096706e-01
  43	 1.4972453e+00	 1.7029582e-01	 1.5140790e+00	 1.8309362e-01	[ 1.5188104e+00]	 2.1141315e-01
  44	 1.5165745e+00	 1.7392946e-01	 1.5336342e+00	 1.8624127e-01	[ 1.5356953e+00]	 2.0939493e-01
  45	 1.5359564e+00	 1.7297613e-01	 1.5528666e+00	 1.8198740e-01	[ 1.5572444e+00]	 2.0869112e-01
  46	 1.5458272e+00	 1.6836730e-01	 1.5627984e+00	 1.7696969e-01	[ 1.5655040e+00]	 2.0886397e-01
  47	 1.5587798e+00	 1.6493209e-01	 1.5758110e+00	 1.7134829e-01	[ 1.5787137e+00]	 2.0899820e-01
  48	 1.5707693e+00	 1.6351593e-01	 1.5878729e+00	 1.6715409e-01	[ 1.5903796e+00]	 2.0902491e-01
  49	 1.5808169e+00	 1.6125314e-01	 1.5978986e+00	 1.6384530e-01	[ 1.6023847e+00]	 2.1358490e-01
  50	 1.5875362e+00	 1.6154523e-01	 1.6045457e+00	 1.6435925e-01	[ 1.6096058e+00]	 2.0930982e-01
  51	 1.6012223e+00	 1.6183755e-01	 1.6182921e+00	 1.6489410e-01	[ 1.6228028e+00]	 2.0943117e-01
  52	 1.6096109e+00	 1.6346360e-01	 1.6267382e+00	 1.6703074e-01	[ 1.6278525e+00]	 2.0628405e-01
  53	 1.6182473e+00	 1.6299329e-01	 1.6353815e+00	 1.6675089e-01	[ 1.6350764e+00]	 2.0656013e-01
  54	 1.6255622e+00	 1.6207996e-01	 1.6427911e+00	 1.6520941e-01	[ 1.6411177e+00]	 2.0550513e-01
  55	 1.6339805e+00	 1.6110780e-01	 1.6513631e+00	 1.6395108e-01	[ 1.6480491e+00]	 2.0702529e-01
  56	 1.6487883e+00	 1.6015603e-01	 1.6663022e+00	 1.6202910e-01	[ 1.6592318e+00]	 2.0606518e-01
  57	 1.6517405e+00	 1.6155642e-01	 1.6694670e+00	 1.6534143e-01	  1.6486786e+00 	 2.0738196e-01
  58	 1.6638305e+00	 1.6128923e-01	 1.6813047e+00	 1.6455098e-01	[ 1.6694506e+00]	 2.0877004e-01
  59	 1.6675568e+00	 1.6134193e-01	 1.6850105e+00	 1.6430704e-01	[ 1.6730763e+00]	 2.1087217e-01
  60	 1.6753791e+00	 1.6141440e-01	 1.6928203e+00	 1.6396000e-01	[ 1.6820194e+00]	 2.1340322e-01
  61	 1.6845247e+00	 1.6092339e-01	 1.7019311e+00	 1.6257987e-01	[ 1.6934792e+00]	 2.1254921e-01
  62	 1.6927498e+00	 1.6081258e-01	 1.7101628e+00	 1.6213443e-01	[ 1.7021241e+00]	 2.1062517e-01
  63	 1.6995104e+00	 1.6026300e-01	 1.7169573e+00	 1.6173596e-01	[ 1.7089839e+00]	 2.0871186e-01
  64	 1.7081206e+00	 1.5871219e-01	 1.7256814e+00	 1.6011033e-01	[ 1.7153846e+00]	 2.1048617e-01
  65	 1.7134198e+00	 1.5731126e-01	 1.7310564e+00	 1.5834791e-01	[ 1.7217251e+00]	 2.0966291e-01
  66	 1.7194648e+00	 1.5716124e-01	 1.7370625e+00	 1.5834406e-01	[ 1.7288843e+00]	 2.1198416e-01
  67	 1.7227398e+00	 1.5745461e-01	 1.7403482e+00	 1.5868020e-01	[ 1.7306192e+00]	 2.0963001e-01
  68	 1.7267983e+00	 1.5713395e-01	 1.7444163e+00	 1.5891253e-01	[ 1.7350404e+00]	 2.0891714e-01
  69	 1.7332089e+00	 1.5683314e-01	 1.7508659e+00	 1.5911226e-01	[ 1.7405706e+00]	 2.0938301e-01
  70	 1.7388430e+00	 1.5679881e-01	 1.7566174e+00	 1.6096142e-01	[ 1.7412392e+00]	 2.0859289e-01
  71	 1.7452541e+00	 1.5619055e-01	 1.7630161e+00	 1.6084877e-01	[ 1.7486244e+00]	 2.0814300e-01
  72	 1.7490697e+00	 1.5583269e-01	 1.7668673e+00	 1.6114404e-01	[ 1.7526883e+00]	 2.0626283e-01
  73	 1.7524703e+00	 1.5513615e-01	 1.7702978e+00	 1.6193341e-01	[ 1.7542395e+00]	 2.0845795e-01
  74	 1.7570507e+00	 1.5525554e-01	 1.7749066e+00	 1.6393472e-01	[ 1.7581103e+00]	 2.0671391e-01
  75	 1.7614725e+00	 1.5531285e-01	 1.7793073e+00	 1.6481579e-01	[ 1.7610146e+00]	 2.0542383e-01
  76	 1.7658428e+00	 1.5488509e-01	 1.7836255e+00	 1.6356862e-01	[ 1.7664887e+00]	 2.0762205e-01
  77	 1.7694231e+00	 1.5490325e-01	 1.7871829e+00	 1.6340444e-01	[ 1.7702681e+00]	 2.1112108e-01
  78	 1.7731370e+00	 1.5497151e-01	 1.7908654e+00	 1.6168656e-01	[ 1.7767065e+00]	 2.1024823e-01
  79	 1.7769109e+00	 1.5435314e-01	 1.7946573e+00	 1.6055137e-01	[ 1.7813168e+00]	 2.1183324e-01
  80	 1.7810031e+00	 1.5358265e-01	 1.7987804e+00	 1.5944748e-01	[ 1.7872118e+00]	 2.1124911e-01
  81	 1.7851742e+00	 1.5248891e-01	 1.8029816e+00	 1.5903298e-01	[ 1.7895954e+00]	 2.1093035e-01
  82	 1.7885806e+00	 1.5198137e-01	 1.8063927e+00	 1.5907395e-01	[ 1.7918252e+00]	 2.0792603e-01
  83	 1.7910471e+00	 1.5192903e-01	 1.8088476e+00	 1.5972493e-01	[ 1.7944482e+00]	 2.3039389e-01
  84	 1.7941542e+00	 1.5193255e-01	 1.8119664e+00	 1.6086424e-01	[ 1.7963593e+00]	 2.1932578e-01
  85	 1.7964456e+00	 1.5163147e-01	 1.8143023e+00	 1.6139547e-01	[ 1.7997354e+00]	 2.1151519e-01
  86	 1.7988040e+00	 1.5137895e-01	 1.8166829e+00	 1.6117896e-01	[ 1.8014446e+00]	 2.0870304e-01
  87	 1.8012134e+00	 1.5114786e-01	 1.8191135e+00	 1.6103155e-01	[ 1.8031218e+00]	 2.0896292e-01
  88	 1.8041042e+00	 1.5092102e-01	 1.8220268e+00	 1.6113278e-01	[ 1.8050269e+00]	 2.1088505e-01
  89	 1.8069986e+00	 1.5047975e-01	 1.8249426e+00	 1.6138246e-01	[ 1.8054553e+00]	 2.1272182e-01
  90	 1.8103471e+00	 1.5016373e-01	 1.8282793e+00	 1.6073567e-01	[ 1.8089536e+00]	 2.0946002e-01
  91	 1.8124043e+00	 1.4985241e-01	 1.8303110e+00	 1.6052015e-01	[ 1.8111425e+00]	 2.0804691e-01
  92	 1.8156925e+00	 1.4951843e-01	 1.8335763e+00	 1.6055717e-01	[ 1.8142186e+00]	 2.0924401e-01
  93	 1.8184149e+00	 1.4855244e-01	 1.8363242e+00	 1.5904568e-01	[ 1.8165797e+00]	 2.1463203e-01
  94	 1.8221995e+00	 1.4864694e-01	 1.8401039e+00	 1.5948589e-01	[ 1.8190799e+00]	 2.0804501e-01
  95	 1.8247843e+00	 1.4892397e-01	 1.8426998e+00	 1.5997746e-01	[ 1.8203506e+00]	 2.0947790e-01
  96	 1.8267784e+00	 1.4877518e-01	 1.8447242e+00	 1.5919445e-01	[ 1.8210071e+00]	 2.1008706e-01
  97	 1.8296966e+00	 1.4842737e-01	 1.8476770e+00	 1.5830735e-01	[ 1.8224435e+00]	 2.0983100e-01
  98	 1.8330150e+00	 1.4785387e-01	 1.8510186e+00	 1.5592652e-01	[ 1.8235382e+00]	 2.1348596e-01
  99	 1.8350048e+00	 1.4748107e-01	 1.8530167e+00	 1.5436837e-01	[ 1.8261642e+00]	 2.1171689e-01
 100	 1.8369533e+00	 1.4752071e-01	 1.8549387e+00	 1.5437353e-01	[ 1.8287022e+00]	 2.0830011e-01
 101	 1.8382819e+00	 1.4756322e-01	 1.8562514e+00	 1.5410384e-01	[ 1.8298397e+00]	 2.0752811e-01
 102	 1.8405361e+00	 1.4765531e-01	 1.8584942e+00	 1.5349385e-01	[ 1.8315752e+00]	 2.1035099e-01
 103	 1.8435826e+00	 1.4761597e-01	 1.8615607e+00	 1.5253491e-01	[ 1.8333701e+00]	 2.1401978e-01
 104	 1.8448290e+00	 1.4780724e-01	 1.8628694e+00	 1.5171113e-01	  1.8311147e+00 	 2.1278095e-01
 105	 1.8480310e+00	 1.4733734e-01	 1.8660611e+00	 1.5154793e-01	[ 1.8356715e+00]	 2.1035385e-01
 106	 1.8491704e+00	 1.4717595e-01	 1.8672175e+00	 1.5146830e-01	[ 1.8364658e+00]	 2.0787573e-01
 107	 1.8514363e+00	 1.4696974e-01	 1.8695202e+00	 1.5135017e-01	[ 1.8383968e+00]	 2.1240997e-01
 108	 1.8528695e+00	 1.4719644e-01	 1.8709908e+00	 1.5147521e-01	[ 1.8398441e+00]	 2.4113107e-01
 109	 1.8549190e+00	 1.4732689e-01	 1.8730199e+00	 1.5155524e-01	[ 1.8420354e+00]	 2.1668100e-01
 110	 1.8561103e+00	 1.4759634e-01	 1.8741967e+00	 1.5160619e-01	[ 1.8431662e+00]	 2.0703173e-01
 111	 1.8572343e+00	 1.4774070e-01	 1.8753070e+00	 1.5162870e-01	[ 1.8443424e+00]	 2.0779705e-01
 112	 1.8590708e+00	 1.4769982e-01	 1.8771465e+00	 1.5134844e-01	[ 1.8450689e+00]	 2.0875812e-01
 113	 1.8600226e+00	 1.4755654e-01	 1.8781008e+00	 1.5119981e-01	[ 1.8453852e+00]	 2.1060991e-01
 114	 1.8613755e+00	 1.4721575e-01	 1.8794512e+00	 1.5095400e-01	[ 1.8471423e+00]	 2.0634007e-01
 115	 1.8621544e+00	 1.4696376e-01	 1.8802450e+00	 1.5078634e-01	[ 1.8475568e+00]	 2.0657182e-01
 116	 1.8637706e+00	 1.4658242e-01	 1.8818808e+00	 1.5050402e-01	[ 1.8487607e+00]	 2.1004319e-01
 117	 1.8653774e+00	 1.4631149e-01	 1.8835058e+00	 1.5048150e-01	  1.8474336e+00 	 2.1127915e-01
 118	 1.8673778e+00	 1.4618645e-01	 1.8854883e+00	 1.5036074e-01	[ 1.8503742e+00]	 2.1069694e-01
 119	 1.8684028e+00	 1.4625801e-01	 1.8864878e+00	 1.5044380e-01	[ 1.8523038e+00]	 2.1263599e-01
 120	 1.8698127e+00	 1.4614841e-01	 1.8878666e+00	 1.5045540e-01	[ 1.8540733e+00]	 2.1001697e-01
 121	 1.8710210e+00	 1.4592841e-01	 1.8890600e+00	 1.5040076e-01	[ 1.8558403e+00]	 2.0959687e-01
 122	 1.8725295e+00	 1.4570950e-01	 1.8905721e+00	 1.5027366e-01	[ 1.8568871e+00]	 2.1255589e-01
 123	 1.8739128e+00	 1.4545358e-01	 1.8919801e+00	 1.5005155e-01	[ 1.8575441e+00]	 2.0893264e-01
 124	 1.8751231e+00	 1.4532854e-01	 1.8932163e+00	 1.4982838e-01	[ 1.8582545e+00]	 2.0761704e-01
 125	 1.8765221e+00	 1.4535237e-01	 1.8946545e+00	 1.4951717e-01	[ 1.8593092e+00]	 2.0744109e-01
 126	 1.8783019e+00	 1.4545147e-01	 1.8964391e+00	 1.4938447e-01	[ 1.8614055e+00]	 2.0629382e-01
 127	 1.8792932e+00	 1.4560889e-01	 1.8974194e+00	 1.4942550e-01	[ 1.8626487e+00]	 2.0604324e-01
 128	 1.8809342e+00	 1.4581191e-01	 1.8990391e+00	 1.4933560e-01	[ 1.8649070e+00]	 2.0564008e-01
 129	 1.8817360e+00	 1.4583314e-01	 1.8998299e+00	 1.4910700e-01	[ 1.8655423e+00]	 2.1012592e-01
 130	 1.8834203e+00	 1.4567363e-01	 1.9015034e+00	 1.4888886e-01	[ 1.8673630e+00]	 2.0860314e-01
 131	 1.8847439e+00	 1.4535855e-01	 1.9028207e+00	 1.4852445e-01	[ 1.8683643e+00]	 2.1094179e-01
 132	 1.8859171e+00	 1.4505327e-01	 1.9039898e+00	 1.4821203e-01	[ 1.8687787e+00]	 2.1010208e-01
 133	 1.8879278e+00	 1.4485593e-01	 1.9060005e+00	 1.4804879e-01	[ 1.8692489e+00]	 2.1001387e-01
 134	 1.8889942e+00	 1.4504631e-01	 1.9070725e+00	 1.4823840e-01	  1.8685552e+00 	 4.1918683e-01
 135	 1.8907331e+00	 1.4522103e-01	 1.9088173e+00	 1.4842376e-01	  1.8688484e+00 	 2.0991397e-01
 136	 1.8919493e+00	 1.4544896e-01	 1.9100412e+00	 1.4863000e-01	[ 1.8699983e+00]	 2.1106195e-01
 137	 1.8932180e+00	 1.4573524e-01	 1.9113236e+00	 1.4878754e-01	[ 1.8707725e+00]	 2.1089387e-01
 138	 1.8944510e+00	 1.4587142e-01	 1.9125633e+00	 1.4874808e-01	[ 1.8727906e+00]	 2.1211910e-01
 139	 1.8955863e+00	 1.4579030e-01	 1.9136987e+00	 1.4856753e-01	[ 1.8738223e+00]	 2.0940065e-01
 140	 1.8973885e+00	 1.4574820e-01	 1.9155058e+00	 1.4831681e-01	[ 1.8759328e+00]	 2.1080089e-01
 141	 1.8975786e+00	 1.4605568e-01	 1.9157072e+00	 1.4853830e-01	  1.8751242e+00 	 2.0984721e-01
 142	 1.8989633e+00	 1.4602177e-01	 1.9170897e+00	 1.4849599e-01	[ 1.8768396e+00]	 2.1135902e-01
 143	 1.8996173e+00	 1.4613527e-01	 1.9177501e+00	 1.4858137e-01	[ 1.8776239e+00]	 2.0779800e-01
 144	 1.9007046e+00	 1.4638870e-01	 1.9188568e+00	 1.4876113e-01	[ 1.8787821e+00]	 2.0879292e-01
 145	 1.9020752e+00	 1.4642362e-01	 1.9202501e+00	 1.4871254e-01	[ 1.8801712e+00]	 2.0906186e-01
 146	 1.9026752e+00	 1.4638999e-01	 1.9209054e+00	 1.4854941e-01	  1.8782159e+00 	 2.0710111e-01
 147	 1.9046249e+00	 1.4583134e-01	 1.9228381e+00	 1.4796724e-01	[ 1.8816849e+00]	 2.0898104e-01
 148	 1.9052081e+00	 1.4548343e-01	 1.9234098e+00	 1.4763604e-01	[ 1.8823188e+00]	 2.0678401e-01
 149	 1.9062979e+00	 1.4489431e-01	 1.9244912e+00	 1.4701411e-01	[ 1.8833283e+00]	 2.0719790e-01
 150	 1.9068522e+00	 1.4467621e-01	 1.9250448e+00	 1.4680943e-01	[ 1.8835897e+00]	 2.0501494e-01
 151	 1.9082551e+00	 1.4473021e-01	 1.9264444e+00	 1.4679745e-01	[ 1.8847243e+00]	 2.0819306e-01
 152	 1.9090197e+00	 1.4507427e-01	 1.9272131e+00	 1.4709596e-01	[ 1.8852712e+00]	 2.0812798e-01
 153	 1.9098041e+00	 1.4551406e-01	 1.9280048e+00	 1.4750474e-01	[ 1.8856906e+00]	 2.0928597e-01
 154	 1.9110919e+00	 1.4568055e-01	 1.9293074e+00	 1.4767325e-01	[ 1.8866370e+00]	 2.1409297e-01
 155	 1.9117884e+00	 1.4600860e-01	 1.9300485e+00	 1.4797177e-01	  1.8852118e+00 	 2.1008706e-01
 156	 1.9133552e+00	 1.4538534e-01	 1.9315991e+00	 1.4741568e-01	[ 1.8877715e+00]	 2.1077609e-01
 157	 1.9139994e+00	 1.4491438e-01	 1.9322413e+00	 1.4698177e-01	[ 1.8886210e+00]	 2.1271300e-01
 158	 1.9150166e+00	 1.4444296e-01	 1.9332628e+00	 1.4653834e-01	[ 1.8895173e+00]	 2.1365714e-01
 159	 1.9157712e+00	 1.4423834e-01	 1.9340253e+00	 1.4648303e-01	  1.8885622e+00 	 2.1321487e-01
 160	 1.9170301e+00	 1.4424087e-01	 1.9352801e+00	 1.4642838e-01	[ 1.8901408e+00]	 2.1623683e-01
 161	 1.9177229e+00	 1.4457536e-01	 1.9359653e+00	 1.4673578e-01	[ 1.8907624e+00]	 2.1178579e-01
 162	 1.9187598e+00	 1.4508520e-01	 1.9369874e+00	 1.4726518e-01	[ 1.8912388e+00]	 2.1040606e-01
 163	 1.9190848e+00	 1.4520314e-01	 1.9373074e+00	 1.4744858e-01	  1.8911372e+00 	 2.1087098e-01
 164	 1.9201308e+00	 1.4517207e-01	 1.9383443e+00	 1.4744312e-01	[ 1.8918920e+00]	 2.1373606e-01
 165	 1.9206784e+00	 1.4492734e-01	 1.9388901e+00	 1.4723368e-01	[ 1.8921508e+00]	 2.1311998e-01
 166	 1.9214509e+00	 1.4456236e-01	 1.9396617e+00	 1.4690774e-01	[ 1.8924497e+00]	 2.1385217e-01
 167	 1.9226098e+00	 1.4429302e-01	 1.9408188e+00	 1.4667168e-01	[ 1.8928247e+00]	 2.1472192e-01
 168	 1.9231385e+00	 1.4393862e-01	 1.9413591e+00	 1.4638440e-01	[ 1.8936684e+00]	 2.1373177e-01
 169	 1.9248533e+00	 1.4405604e-01	 1.9430621e+00	 1.4653986e-01	[ 1.8939257e+00]	 2.1154809e-01
 170	 1.9253087e+00	 1.4421650e-01	 1.9435176e+00	 1.4668956e-01	[ 1.8943963e+00]	 2.1239614e-01
 171	 1.9259281e+00	 1.4429241e-01	 1.9441404e+00	 1.4678418e-01	[ 1.8947922e+00]	 2.1342015e-01
 172	 1.9267814e+00	 1.4429411e-01	 1.9449991e+00	 1.4685476e-01	[ 1.8949785e+00]	 2.1283317e-01
 173	 1.9276584e+00	 1.4383388e-01	 1.9458910e+00	 1.4653807e-01	  1.8942002e+00 	 2.1133685e-01
 174	 1.9288870e+00	 1.4360944e-01	 1.9471140e+00	 1.4640568e-01	  1.8946050e+00 	 2.1498775e-01
 175	 1.9296274e+00	 1.4326989e-01	 1.9478509e+00	 1.4613807e-01	  1.8946020e+00 	 2.1206617e-01
 176	 1.9302683e+00	 1.4294981e-01	 1.9484922e+00	 1.4585952e-01	  1.8947128e+00 	 2.1637392e-01
 177	 1.9314956e+00	 1.4258505e-01	 1.9497263e+00	 1.4552259e-01	[ 1.8952137e+00]	 2.1612382e-01
 178	 1.9317523e+00	 1.4205478e-01	 1.9500063e+00	 1.4493079e-01	  1.8949645e+00 	 2.1636391e-01
 179	 1.9331446e+00	 1.4232128e-01	 1.9513865e+00	 1.4513646e-01	[ 1.8971023e+00]	 2.1383715e-01
 180	 1.9336224e+00	 1.4246615e-01	 1.9518629e+00	 1.4524354e-01	[ 1.8979067e+00]	 2.0970392e-01
 181	 1.9344563e+00	 1.4259172e-01	 1.9526962e+00	 1.4527555e-01	[ 1.8994421e+00]	 2.1097994e-01
 182	 1.9350859e+00	 1.4225641e-01	 1.9533291e+00	 1.4503650e-01	[ 1.8996177e+00]	 2.1049976e-01
 183	 1.9360762e+00	 1.4216145e-01	 1.9543091e+00	 1.4491369e-01	[ 1.9009024e+00]	 2.1460700e-01
 184	 1.9367241e+00	 1.4187340e-01	 1.9549503e+00	 1.4468102e-01	[ 1.9012518e+00]	 2.1236205e-01
 185	 1.9372752e+00	 1.4156491e-01	 1.9554974e+00	 1.4447009e-01	  1.9012389e+00 	 2.1179581e-01
 186	 1.9383011e+00	 1.4118226e-01	 1.9565251e+00	 1.4421694e-01	[ 1.9016976e+00]	 2.0849299e-01
 187	 1.9390815e+00	 1.4062079e-01	 1.9573090e+00	 1.4394237e-01	  1.9011544e+00 	 2.1000695e-01
 188	 1.9399338e+00	 1.4071283e-01	 1.9581681e+00	 1.4400709e-01	[ 1.9021330e+00]	 2.1115708e-01
 189	 1.9405279e+00	 1.4088588e-01	 1.9587708e+00	 1.4410032e-01	[ 1.9033159e+00]	 2.1194577e-01
 190	 1.9413412e+00	 1.4096157e-01	 1.9595978e+00	 1.4416465e-01	[ 1.9041580e+00]	 2.1417975e-01
 191	 1.9424082e+00	 1.4067359e-01	 1.9606904e+00	 1.4385721e-01	[ 1.9065511e+00]	 2.1542287e-01
 192	 1.9434465e+00	 1.4062085e-01	 1.9617273e+00	 1.4390991e-01	  1.9059598e+00 	 2.1510792e-01
 193	 1.9439866e+00	 1.4044803e-01	 1.9622591e+00	 1.4380950e-01	  1.9059318e+00 	 2.1362400e-01
 194	 1.9446570e+00	 1.4019190e-01	 1.9629208e+00	 1.4362646e-01	  1.9061215e+00 	 2.1654391e-01
 195	 1.9456619e+00	 1.4004589e-01	 1.9639236e+00	 1.4347834e-01	[ 1.9074440e+00]	 2.1533608e-01
 196	 1.9465292e+00	 1.3970234e-01	 1.9647969e+00	 1.4317735e-01	[ 1.9080233e+00]	 2.1671200e-01
 197	 1.9471397e+00	 1.3988498e-01	 1.9654148e+00	 1.4325831e-01	[ 1.9090768e+00]	 2.1444488e-01
 198	 1.9476918e+00	 1.4006650e-01	 1.9659787e+00	 1.4335885e-01	[ 1.9099632e+00]	 2.1319604e-01
 199	 1.9485511e+00	 1.4022719e-01	 1.9668550e+00	 1.4350066e-01	[ 1.9104013e+00]	 2.1206808e-01
 200	 1.9494877e+00	 1.4028253e-01	 1.9678201e+00	 1.4361887e-01	  1.9098829e+00 	 2.1447301e-01
Inserting handle into data store.  model_inform_GPz: inprogress_LSSTerr_only_gpz.pkl, inform_GPz
Stage complete: GPzInformer @ 2024-08-02 00:18:13.655675 took 0.73 minutes
