Executing stage: GPzInformer @ 2024-08-29 13:06:14.995652
Inserting handle into data store.  output_col_remapper_1: ./output_col_remapper_1.pq, inform_GPz
ngal: 27910
training model...
Iter	 logML/n 		 Train RMSE		 Train RMSE/n		 Valid RMSE		 Valid MLL		 Time    
   1	-8.5868191e-03	 2.4317475e-01	 5.1940825e-03	 2.4352734e-01	[ 5.0102228e-03]	 2.1431899e-01
   2	 9.4457300e-02	 2.3991542e-01	 1.1002862e-01	 2.3952734e-01	[ 1.1095856e-01]	 3.1656194e-01
   3	 9.6895658e-02	 2.3947412e-01	 1.1281453e-01	 2.3897498e-01	[ 1.1380543e-01]	 2.3477387e-01
   4	 1.5180171e-01	 2.1981382e-01	 1.6953267e-01	 2.2027066e-01	[ 1.7054361e-01]	 3.3373380e-01
   5	 1.5855308e-01	 2.1670294e-01	 1.7823008e-01	 2.1708996e-01	[ 1.7913345e-01]	 2.3317599e-01
   6	 1.8219159e-01	 2.1430024e-01	 2.0679270e-01	 2.1404967e-01	[ 2.0763949e-01]	 2.6071692e-01
   7	 1.9803480e-01	 2.1255407e-01	 2.2356736e-01	 2.1215619e-01	[ 2.2455064e-01]	 1.2265015e-01
   8	 3.9675038e-01	 2.0574879e-01	 4.1428962e-01	 2.0560005e-01	[ 4.2332201e-01]	 1.2702489e-01
   9	 5.7828518e-01	 2.1815772e-01	 5.9168062e-01	 2.1720674e-01	[ 6.1991102e-01]	 1.2636209e-01
  10	 6.6905806e-01	 2.3273637e-01	 6.8315826e-01	 2.3112605e-01	[ 7.3046261e-01]	 1.2772298e-01
  11	 6.8288747e-01	 2.4273200e-01	 6.9795478e-01	 2.4067083e-01	[ 7.6001320e-01]	 1.2007523e-01
  12	 6.9020768e-01	 2.4208329e-01	 7.0481492e-01	 2.4018689e-01	[ 7.6022387e-01]	 1.1365104e-01
  13	 7.0595874e-01	 2.3942049e-01	 7.2036186e-01	 2.3742251e-01	[ 7.6972702e-01]	 2.5652695e-01
  14	 7.1364319e-01	 2.4054615e-01	 7.2821884e-01	 2.3839198e-01	[ 7.7395469e-01]	 2.6691031e-01
  15	 7.2867332e-01	 2.4934206e-01	 7.4416844e-01	 2.4682605e-01	[ 7.9276824e-01]	 1.2435627e-01
  16	 7.3385296e-01	 2.5164470e-01	 7.5053298e-01	 2.4915901e-01	[ 7.9606919e-01]	 1.2723613e-01
  17	 7.3798222e-01	 2.5403279e-01	 7.5515326e-01	 2.5158510e-01	[ 8.0281732e-01]	 1.2013698e-01
  18	 7.4508704e-01	 2.5626567e-01	 7.6300061e-01	 2.5408412e-01	[ 8.1177395e-01]	 1.0856795e-01
  19	 7.6754868e-01	 2.6069679e-01	 7.8650697e-01	 2.5961473e-01	[ 8.3850545e-01]	 1.0798287e-01
  20	 7.9831743e-01	 2.6262715e-01	 8.1658160e-01	 2.6257290e-01	[ 8.6983661e-01]	 1.0871077e-01
  21	 8.4392501e-01	 2.5537211e-01	 8.6000323e-01	 2.5539162e-01	[ 9.1041313e-01]	 1.0856795e-01
  22	 8.5626976e-01	 2.3796545e-01	 8.7129503e-01	 2.3738832e-01	[ 9.1433928e-01]	 1.1231112e-01
  23	 8.6283196e-01	 2.4261901e-01	 8.7776503e-01	 2.4215829e-01	[ 9.1797186e-01]	 2.1442199e-01
  24	 8.6856783e-01	 2.4787307e-01	 8.8367248e-01	 2.4776836e-01	[ 9.2608522e-01]	 1.0813689e-01
  25	 8.7002411e-01	 2.4832389e-01	 8.8510083e-01	 2.4836390e-01	[ 9.2661960e-01]	 1.2247300e-01
  26	 8.9545577e-01	 2.5023498e-01	 9.1065794e-01	 2.5082638e-01	[ 9.4793445e-01]	 1.0870624e-01
  27	 9.5313566e-01	 2.6846313e-01	 9.7093419e-01	 2.7060801e-01	[ 9.9435090e-01]	 1.0808015e-01
  28	 9.6288930e-01	 2.6686038e-01	 9.8003602e-01	 2.6914679e-01	[ 1.0015664e+00]	 2.1703315e-01
  29	 9.7820770e-01	 2.5830968e-01	 9.9469679e-01	 2.5986779e-01	[ 1.0211886e+00]	 1.1126208e-01
  30	 9.8120602e-01	 2.5607181e-01	 9.9758052e-01	 2.5744440e-01	[ 1.0242228e+00]	 1.2717700e-01
  31	 9.8244621e-01	 2.5342372e-01	 9.9883154e-01	 2.5461485e-01	[ 1.0259574e+00]	 1.1521006e-01
  32	 9.8860953e-01	 2.4600201e-01	 1.0050883e+00	 2.4675873e-01	[ 1.0319365e+00]	 1.0724592e-01
  33	 9.9535290e-01	 2.4345968e-01	 1.0119859e+00	 2.4407163e-01	[ 1.0376202e+00]	 1.1812878e-01
  34	 1.0034505e+00	 2.4326053e-01	 1.0203567e+00	 2.4379307e-01	[ 1.0459030e+00]	 1.0958195e-01
  35	 1.0042944e+00	 2.4419469e-01	 1.0211746e+00	 2.4465715e-01	[ 1.0461904e+00]	 2.8817201e-01
  36	 1.0086591e+00	 2.4442909e-01	 1.0256446e+00	 2.4472168e-01	[ 1.0534547e+00]	 1.0799503e-01
  37	 1.0098284e+00	 2.4538558e-01	 1.0268502e+00	 2.4559398e-01	[ 1.0566726e+00]	 1.1130810e-01
  38	 1.0100336e+00	 2.4531630e-01	 1.0270449e+00	 2.4548780e-01	[ 1.0571680e+00]	 1.1031771e-01
  39	 1.0110453e+00	 2.4484016e-01	 1.0280955e+00	 2.4493836e-01	[ 1.0586920e+00]	 1.1687589e-01
  40	 1.0155585e+00	 2.4238034e-01	 1.0328225e+00	 2.4227974e-01	[ 1.0646206e+00]	 1.0798502e-01
  41	 1.0231479e+00	 2.3337296e-01	 1.0406415e+00	 2.3284709e-01	[ 1.0723248e+00]	 1.0907817e-01
  42	 1.0323966e+00	 2.2897218e-01	 1.0503388e+00	 2.2833693e-01	[ 1.0824680e+00]	 1.0984397e-01
  43	 1.0399761e+00	 2.2997697e-01	 1.0589420e+00	 2.2956716e-01	[ 1.0917075e+00]	 1.1011624e-01
  44	 1.0418770e+00	 2.2794393e-01	 1.0607419e+00	 2.2741710e-01	  1.0914825e+00 	 1.1121392e-01
  45	 1.0428679e+00	 2.2870696e-01	 1.0617295e+00	 2.2823641e-01	  1.0912588e+00 	 1.1043501e-01
  46	 1.0438762e+00	 2.2888901e-01	 1.0627450e+00	 2.2852688e-01	  1.0911785e+00 	 1.1615419e-01
  47	 1.0457742e+00	 2.2969210e-01	 1.0647234e+00	 2.2949932e-01	  1.0912361e+00 	 2.1907306e-01
  48	 1.0486503e+00	 2.2910329e-01	 1.0671171e+00	 2.2915688e-01	[ 1.0935607e+00]	 1.1021090e-01
  49	 1.0518562e+00	 2.2801940e-01	 1.0702182e+00	 2.2828542e-01	[ 1.0975019e+00]	 1.0581708e-01
  50	 1.0536543e+00	 2.2727305e-01	 1.0718469e+00	 2.2779351e-01	[ 1.1005091e+00]	 1.1378598e-01
  51	 1.0552649e+00	 2.2647838e-01	 1.0732875e+00	 2.2692086e-01	[ 1.1022125e+00]	 2.5939894e-01
  52	 1.0588053e+00	 2.2478285e-01	 1.0765846e+00	 2.2520104e-01	[ 1.1053945e+00]	 1.1385512e-01
  53	 1.0677245e+00	 2.2094248e-01	 1.0851005e+00	 2.2150554e-01	[ 1.1129024e+00]	 1.0881209e-01
  54	 1.0808723e+00	 2.1675402e-01	 1.0980497e+00	 2.1766796e-01	[ 1.1244743e+00]	 1.0926008e-01
  55	 1.0820004e+00	 2.1698484e-01	 1.0992307e+00	 2.1788471e-01	[ 1.1278794e+00]	 6.7043376e-01
  56	 1.0911758e+00	 2.1608024e-01	 1.1085579e+00	 2.1738457e-01	[ 1.1336401e+00]	 1.0928679e-01
  57	 1.0940671e+00	 2.1646678e-01	 1.1117725e+00	 2.1780664e-01	[ 1.1350187e+00]	 1.2034106e-01
  58	 1.0958524e+00	 2.1673343e-01	 1.1138423e+00	 2.1806022e-01	[ 1.1355985e+00]	 1.0847116e-01
  59	 1.0979427e+00	 2.1673971e-01	 1.1161962e+00	 2.1803532e-01	[ 1.1369095e+00]	 1.1761212e-01
  60	 1.1026683e+00	 2.1628541e-01	 1.1213323e+00	 2.1753007e-01	[ 1.1406303e+00]	 1.0788918e-01
  61	 1.1103908e+00	 2.1518874e-01	 1.1294511e+00	 2.1633638e-01	[ 1.1476206e+00]	 1.1839414e-01
  62	 1.1122240e+00	 2.1446861e-01	 1.1312754e+00	 2.1567221e-01	[ 1.1500787e+00]	 2.1873212e-01
  63	 1.1207999e+00	 2.1380970e-01	 1.1400167e+00	 2.1460805e-01	[ 1.1599994e+00]	 1.1112905e-01
  64	 1.1226780e+00	 2.1315702e-01	 1.1414821e+00	 2.1399083e-01	[ 1.1629692e+00]	 1.2767577e-01
  65	 1.1240359e+00	 2.1293662e-01	 1.1426150e+00	 2.1389932e-01	[ 1.1635348e+00]	 1.1435294e-01
  66	 1.1251805e+00	 2.1245497e-01	 1.1435495e+00	 2.1361234e-01	[ 1.1647901e+00]	 1.0966086e-01
  67	 1.1261921e+00	 2.1229949e-01	 1.1444479e+00	 2.1345869e-01	  1.1641672e+00 	 1.2684965e-01
  68	 1.1272463e+00	 2.1218646e-01	 1.1455587e+00	 2.1331865e-01	  1.1642470e+00 	 1.1019707e-01
  69	 1.1309079e+00	 2.1179851e-01	 1.1499304e+00	 2.1278917e-01	[ 1.1679621e+00]	 1.1003280e-01
  70	 1.1360599e+00	 2.1105339e-01	 1.1546868e+00	 2.1217934e-01	[ 1.1720083e+00]	 1.1077976e-01
  71	 1.1436142e+00	 2.0976081e-01	 1.1619718e+00	 2.1103865e-01	[ 1.1780568e+00]	 1.2422395e-01
  72	 1.1551782e+00	 2.0775865e-01	 1.1733881e+00	 2.0902415e-01	[ 1.1882351e+00]	 1.0757494e-01
  73	 1.1579990e+00	 2.0749744e-01	 1.1764074e+00	 2.0880456e-01	[ 1.1909302e+00]	 2.2717309e-01
  74	 1.1615637e+00	 2.0762029e-01	 1.1799392e+00	 2.0885754e-01	[ 1.1951521e+00]	 1.0841084e-01
  75	 1.1645014e+00	 2.0794989e-01	 1.1829155e+00	 2.0909605e-01	[ 1.1984385e+00]	 1.0794497e-01
  76	 1.1657981e+00	 2.0810479e-01	 1.1842706e+00	 2.0919289e-01	[ 1.1997613e+00]	 1.1982894e-01
  77	 1.1674121e+00	 2.0814435e-01	 1.1860033e+00	 2.0917409e-01	[ 1.2013125e+00]	 1.1664510e-01
  78	 1.1694018e+00	 2.0810596e-01	 1.1883377e+00	 2.0902669e-01	[ 1.2044069e+00]	 1.0844612e-01
  79	 1.1722227e+00	 2.0762022e-01	 1.1912914e+00	 2.0858149e-01	[ 1.2066085e+00]	 1.1314368e-01
  80	 1.1746736e+00	 2.0707322e-01	 1.1938227e+00	 2.0808887e-01	[ 1.2083422e+00]	 1.0660028e-01
  81	 1.1803276e+00	 2.0587172e-01	 1.1996571e+00	 2.0701914e-01	[ 1.2112865e+00]	 1.0772014e-01
  82	 1.1832935e+00	 2.0525523e-01	 1.2027057e+00	 2.0647242e-01	[ 1.2136061e+00]	 1.1853909e-01
  83	 1.1867780e+00	 2.0442204e-01	 1.2061777e+00	 2.0573085e-01	[ 1.2172183e+00]	 1.2976909e-01
  84	 1.1897568e+00	 2.0379813e-01	 1.2090902e+00	 2.0517847e-01	[ 1.2214692e+00]	 1.1241817e-01
  85	 1.1935694e+00	 2.0321201e-01	 1.2125623e+00	 2.0467121e-01	[ 1.2271468e+00]	 1.0978103e-01
  86	 1.1949388e+00	 2.0276503e-01	 1.2136974e+00	 2.0423362e-01	[ 1.2296065e+00]	 2.5616789e-01
  87	 1.2005954e+00	 2.0233552e-01	 1.2191452e+00	 2.0386495e-01	[ 1.2354018e+00]	 1.0957313e-01
  88	 1.2030127e+00	 2.0193521e-01	 1.2214139e+00	 2.0349027e-01	[ 1.2359095e+00]	 1.2682104e-01
  89	 1.2048115e+00	 2.0167350e-01	 1.2233370e+00	 2.0323231e-01	[ 1.2359873e+00]	 1.0949397e-01
  90	 1.2062713e+00	 2.0163187e-01	 1.2250003e+00	 2.0315284e-01	[ 1.2364322e+00]	 1.0828614e-01
  91	 1.2069728e+00	 2.0140454e-01	 1.2258814e+00	 2.0291974e-01	  1.2357565e+00 	 1.0849404e-01
  92	 1.2072403e+00	 2.0146721e-01	 1.2261273e+00	 2.0293918e-01	  1.2363462e+00 	 1.2704086e-01
  93	 1.2073927e+00	 2.0142053e-01	 1.2262341e+00	 2.0288765e-01	[ 1.2365969e+00]	 1.1752582e-01
  94	 1.2080225e+00	 2.0141865e-01	 1.2269456e+00	 2.0287009e-01	[ 1.2366829e+00]	 2.1973705e-01
  95	 1.2103674e+00	 2.0111684e-01	 1.2291879e+00	 2.0250474e-01	[ 1.2400177e+00]	 1.1597991e-01
  96	 1.2208063e+00	 1.9979876e-01	 1.2395855e+00	 2.0076860e-01	[ 1.2554707e+00]	 1.0885715e-01
  97	 1.2275674e+00	 1.9922807e-01	 1.2465365e+00	 2.0001218e-01	[ 1.2641653e+00]	 1.0914898e-01
  98	 1.2303640e+00	 1.9915115e-01	 1.2496693e+00	 1.9984729e-01	[ 1.2679246e+00]	 1.1796498e-01
  99	 1.2307093e+00	 1.9924162e-01	 1.2500384e+00	 1.9990790e-01	[ 1.2685449e+00]	 1.1959004e-01
 100	 1.2308846e+00	 1.9929747e-01	 1.2503141e+00	 1.9997560e-01	[ 1.2691604e+00]	 2.1869421e-01
 101	 1.2312073e+00	 1.9934120e-01	 1.2506428e+00	 2.0001515e-01	[ 1.2693915e+00]	 1.2903285e-01
 102	 1.2320401e+00	 1.9940481e-01	 1.2514537e+00	 2.0008503e-01	[ 1.2701376e+00]	 1.0821295e-01
 103	 1.2333745e+00	 1.9944301e-01	 1.2527420e+00	 2.0014146e-01	[ 1.2715165e+00]	 1.2875915e-01
 104	 1.2361802e+00	 1.9943640e-01	 1.2554878e+00	 2.0017692e-01	[ 1.2745540e+00]	 1.0906291e-01
 105	 1.2377523e+00	 1.9916949e-01	 1.2568043e+00	 2.0001710e-01	[ 1.2764657e+00]	 2.4135399e-01
 106	 1.2426124e+00	 1.9906147e-01	 1.2616210e+00	 1.9992763e-01	[ 1.2824382e+00]	 1.2992692e-01
 107	 1.2480952e+00	 1.9884756e-01	 1.2670998e+00	 1.9975507e-01	[ 1.2895431e+00]	 1.1825180e-01
 108	 1.2500819e+00	 1.9852781e-01	 1.2690836e+00	 1.9948890e-01	[ 1.2918733e+00]	 1.2974215e-01
 109	 1.2506498e+00	 1.9819094e-01	 1.2694711e+00	 1.9919718e-01	[ 1.2921902e+00]	 1.0857081e-01
 110	 1.2517112e+00	 1.9802209e-01	 1.2706208e+00	 1.9906839e-01	[ 1.2928016e+00]	 1.0981917e-01
 111	 1.2534191e+00	 1.9777138e-01	 1.2725734e+00	 1.9887301e-01	[ 1.2934796e+00]	 1.2656784e-01
 112	 1.2551440e+00	 1.9761555e-01	 1.2744989e+00	 1.9874974e-01	[ 1.2936235e+00]	 1.4926577e-01
 113	 1.2579372e+00	 1.9760362e-01	 1.2776510e+00	 1.9878120e-01	[ 1.2939260e+00]	 1.1697102e-01
 114	 1.2585606e+00	 1.9756978e-01	 1.2781273e+00	 1.9875162e-01	  1.2933343e+00 	 2.4951291e-01
 115	 1.2612687e+00	 1.9770721e-01	 1.2812453e+00	 1.9893453e-01	[ 1.2943746e+00]	 1.0916615e-01
 116	 1.2634249e+00	 1.9782970e-01	 1.2836058e+00	 1.9906684e-01	[ 1.2965210e+00]	 1.0835099e-01
 117	 1.2688368e+00	 1.9806810e-01	 1.2893832e+00	 1.9938681e-01	[ 1.3025454e+00]	 1.0910511e-01
 118	 1.2723817e+00	 1.9821569e-01	 1.2931424e+00	 1.9960485e-01	[ 1.3069421e+00]	 1.2508106e-01
 119	 1.2733403e+00	 1.9801737e-01	 1.2939243e+00	 1.9948723e-01	[ 1.3075770e+00]	 2.4144292e-01
 120	 1.2763225e+00	 1.9814774e-01	 1.2973160e+00	 1.9965797e-01	[ 1.3116460e+00]	 1.1691618e-01
 121	 1.2767861e+00	 1.9824690e-01	 1.2980685e+00	 1.9973643e-01	[ 1.3127525e+00]	 2.3783517e-01
 122	 1.2773902e+00	 1.9811899e-01	 1.2986892e+00	 1.9960307e-01	[ 1.3137260e+00]	 1.1266899e-01
 123	 1.2781567e+00	 1.9818955e-01	 1.2989775e+00	 1.9964841e-01	[ 1.3158265e+00]	 2.3931813e-01
 124	 1.2805994e+00	 1.9795668e-01	 1.3013299e+00	 1.9939265e-01	[ 1.3186814e+00]	 1.1894488e-01
 125	 1.2910605e+00	 1.9726296e-01	 1.3116150e+00	 1.9858719e-01	[ 1.3288558e+00]	 1.1921096e-01
 126	 1.2998106e+00	 1.9691718e-01	 1.3211256e+00	 1.9812012e-01	[ 1.3392135e+00]	 1.1198783e-01
 127	 1.3008230e+00	 1.9676158e-01	 1.3216985e+00	 1.9794929e-01	  1.3384481e+00 	 2.3476005e-01
 128	 1.3054572e+00	 1.9718469e-01	 1.3270394e+00	 1.9839119e-01	[ 1.3421998e+00]	 1.1166692e-01
 129	 1.3066025e+00	 1.9739621e-01	 1.3284054e+00	 1.9863593e-01	[ 1.3422522e+00]	 1.0478401e-01
 130	 1.3068543e+00	 1.9737806e-01	 1.3286870e+00	 1.9862982e-01	  1.3421852e+00 	 1.1279321e-01
 131	 1.3076943e+00	 1.9750224e-01	 1.3298072e+00	 1.9866526e-01	[ 1.3430722e+00]	 2.2250581e-01
 132	 1.3080460e+00	 1.9749867e-01	 1.3303814e+00	 1.9863379e-01	[ 1.3437921e+00]	 2.2486782e-01
 133	 1.3082382e+00	 1.9744632e-01	 1.3305059e+00	 1.9859539e-01	[ 1.3439772e+00]	 1.1141491e-01
 134	 1.3120128e+00	 1.9641012e-01	 1.3344159e+00	 1.9760156e-01	[ 1.3483320e+00]	 1.1145496e-01
 135	 1.3177081e+00	 1.9449239e-01	 1.3400493e+00	 1.9565915e-01	[ 1.3538949e+00]	 1.2035298e-01
 136	 1.3256155e+00	 1.9237985e-01	 1.3477316e+00	 1.9339296e-01	[ 1.3614516e+00]	 1.3652515e-01
 137	 1.3317025e+00	 1.9113137e-01	 1.3538715e+00	 1.9191439e-01	[ 1.3669457e+00]	 1.1582899e-01
 138	 1.3340412e+00	 1.9127478e-01	 1.3561175e+00	 1.9197166e-01	[ 1.3692416e+00]	 1.0752678e-01
 139	 1.3367684e+00	 1.9181170e-01	 1.3586286e+00	 1.9241227e-01	[ 1.3720299e+00]	 1.0855007e-01
 140	 1.3381047e+00	 1.9184480e-01	 1.3597158e+00	 1.9243506e-01	[ 1.3729785e+00]	 1.0713696e-01
 141	 1.3408764e+00	 1.9142279e-01	 1.3616869e+00	 1.9200593e-01	[ 1.3745580e+00]	 1.3002992e-01
 142	 1.3412159e+00	 1.9172084e-01	 1.3622124e+00	 1.9231045e-01	[ 1.3750207e+00]	 3.2958007e-01
 143	 1.3425721e+00	 1.9153151e-01	 1.3634410e+00	 1.9206754e-01	[ 1.3761026e+00]	 1.1890817e-01
 144	 1.3434933e+00	 1.9099514e-01	 1.3640827e+00	 1.9154543e-01	[ 1.3765605e+00]	 1.1042786e-01
 145	 1.3439941e+00	 1.9068648e-01	 1.3646006e+00	 1.9122210e-01	[ 1.3769158e+00]	 1.1064696e-01
 146	 1.3448489e+00	 1.9048419e-01	 1.3655782e+00	 1.9097552e-01	[ 1.3777452e+00]	 1.2812495e-01
 147	 1.3475353e+00	 1.9031318e-01	 1.3687042e+00	 1.9070281e-01	[ 1.3805928e+00]	 1.3272595e-01
 148	 1.3502792e+00	 1.9058915e-01	 1.3724528e+00	 1.9089456e-01	[ 1.3842870e+00]	 1.2116575e-01
 149	 1.3522081e+00	 1.9092158e-01	 1.3747083e+00	 1.9122253e-01	[ 1.3861728e+00]	 1.1743999e-01
 150	 1.3547568e+00	 1.9132409e-01	 1.3776610e+00	 1.9167349e-01	[ 1.3885952e+00]	 1.2575698e-01
 151	 1.3593007e+00	 1.9170873e-01	 1.3828036e+00	 1.9217509e-01	[ 1.3927848e+00]	 1.2414122e-01
 152	 1.3646798e+00	 1.9172798e-01	 1.3880133e+00	 1.9234294e-01	[ 1.3966244e+00]	 1.4818406e-01
 153	 1.3693663e+00	 1.9157319e-01	 1.3919486e+00	 1.9235243e-01	[ 1.3988148e+00]	 1.4863372e-01
 154	 1.3694475e+00	 1.9151105e-01	 1.3920179e+00	 1.9227571e-01	[ 1.3990825e+00]	 2.8792906e-01
 155	 1.3707891e+00	 1.9119269e-01	 1.3929250e+00	 1.9201945e-01	[ 1.3994381e+00]	 1.3614917e-01
 156	 1.3710712e+00	 1.9099002e-01	 1.3931598e+00	 1.9179077e-01	[ 1.3999349e+00]	 2.6073289e-01
 157	 1.3718971e+00	 1.9081510e-01	 1.3937901e+00	 1.9162585e-01	[ 1.4008661e+00]	 1.4144182e-01
 158	 1.3737134e+00	 1.9060141e-01	 1.3951796e+00	 1.9142565e-01	[ 1.4036606e+00]	 1.4187884e-01
 159	 1.3756696e+00	 1.9064963e-01	 1.3968010e+00	 1.9147307e-01	[ 1.4072533e+00]	 1.3470173e-01
 160	 1.3776910e+00	 1.9100499e-01	 1.3983459e+00	 1.9183797e-01	[ 1.4106924e+00]	 1.2128782e-01
 161	 1.3781849e+00	 1.9128483e-01	 1.3983320e+00	 1.9216365e-01	  1.4103918e+00 	 2.6605201e-01
 162	 1.3797491e+00	 1.9178593e-01	 1.3995957e+00	 1.9265121e-01	[ 1.4133680e+00]	 1.1790514e-01
 163	 1.3803174e+00	 1.9184237e-01	 1.4001565e+00	 1.9270029e-01	[ 1.4139020e+00]	 1.3489103e-01
 164	 1.3809516e+00	 1.9182578e-01	 1.4008236e+00	 1.9268529e-01	[ 1.4141275e+00]	 1.4361405e-01
 165	 1.3812289e+00	 1.9173079e-01	 1.4010464e+00	 1.9257539e-01	  1.4140743e+00 	 1.3117623e-01
 166	 1.3820463e+00	 1.9167095e-01	 1.4018689e+00	 1.9254949e-01	[ 1.4144308e+00]	 1.2424135e-01
 167	 1.3837025e+00	 1.9146306e-01	 1.4034307e+00	 1.9241362e-01	[ 1.4154080e+00]	 1.1016965e-01
 168	 1.3857867e+00	 1.9117910e-01	 1.4052679e+00	 1.9223331e-01	[ 1.4166829e+00]	 1.1009598e-01
 169	 1.3860177e+00	 1.9110236e-01	 1.4055149e+00	 1.9215731e-01	  1.4165364e+00 	 2.4704719e-01
 170	 1.3870934e+00	 1.9115864e-01	 1.4063398e+00	 1.9224859e-01	[ 1.4178709e+00]	 1.0995913e-01
 171	 1.3873392e+00	 1.9124478e-01	 1.4064657e+00	 1.9233340e-01	[ 1.4184269e+00]	 1.1005116e-01
 172	 1.3873636e+00	 1.9127199e-01	 1.4064695e+00	 1.9235979e-01	[ 1.4185351e+00]	 1.1784887e-01
 173	 1.3874246e+00	 1.9133407e-01	 1.4064980e+00	 1.9242177e-01	[ 1.4187337e+00]	 1.0873079e-01
 174	 1.3875754e+00	 1.9148287e-01	 1.4065926e+00	 1.9257320e-01	[ 1.4191202e+00]	 1.1656427e-01
 175	 1.3879026e+00	 1.9180189e-01	 1.4068347e+00	 1.9290128e-01	[ 1.4198018e+00]	 1.2432075e-01
 176	 1.3884625e+00	 1.9226972e-01	 1.4072971e+00	 1.9337293e-01	[ 1.4205800e+00]	 1.1414623e-01
 177	 1.3889119e+00	 1.9313244e-01	 1.4076261e+00	 1.9428629e-01	[ 1.4213765e+00]	 1.3290000e-01
 178	 1.3894005e+00	 1.9308420e-01	 1.4081913e+00	 1.9423247e-01	[ 1.4214878e+00]	 1.2907410e-01
 179	 1.3899497e+00	 1.9293491e-01	 1.4088241e+00	 1.9408859e-01	[ 1.4216283e+00]	 1.3167191e-01
 180	 1.3909258e+00	 1.9271826e-01	 1.4099310e+00	 1.9389159e-01	[ 1.4219017e+00]	 1.3269210e-01
 181	 1.3922271e+00	 1.9262906e-01	 1.4113101e+00	 1.9383796e-01	[ 1.4225913e+00]	 1.3183403e-01
 182	 1.3951885e+00	 1.9276353e-01	 1.4142953e+00	 1.9407460e-01	[ 1.4246378e+00]	 1.3128924e-01
 183	 1.3977167e+00	 1.9325173e-01	 1.4166838e+00	 1.9465570e-01	[ 1.4269858e+00]	 1.3382411e-01
 184	 1.3989088e+00	 1.9370926e-01	 1.4177399e+00	 1.9513111e-01	[ 1.4288633e+00]	 1.3276696e-01
 185	 1.3992281e+00	 1.9389425e-01	 1.4179566e+00	 1.9532008e-01	[ 1.4291832e+00]	 2.7696896e-01
 186	 1.3993874e+00	 1.9394401e-01	 1.4180664e+00	 1.9535263e-01	[ 1.4296697e+00]	 1.2881923e-01
 187	 1.3995329e+00	 1.9397389e-01	 1.4181810e+00	 1.9536865e-01	[ 1.4300611e+00]	 1.2079382e-01
 188	 1.3999799e+00	 1.9377113e-01	 1.4186149e+00	 1.9512679e-01	[ 1.4308249e+00]	 1.0903025e-01
 189	 1.4008000e+00	 1.9393303e-01	 1.4194074e+00	 1.9525753e-01	[ 1.4322002e+00]	 1.2573886e-01
 190	 1.4011030e+00	 1.9326416e-01	 1.4197936e+00	 1.9453470e-01	[ 1.4324959e+00]	 2.1827674e-01
 191	 1.4022788e+00	 1.9345095e-01	 1.4210215e+00	 1.9470907e-01	[ 1.4338183e+00]	 1.1423898e-01
 192	 1.4033186e+00	 1.9341243e-01	 1.4222535e+00	 1.9465744e-01	[ 1.4346313e+00]	 1.2103295e-01
 193	 1.4035220e+00	 1.9320824e-01	 1.4225278e+00	 1.9445370e-01	  1.4346135e+00 	 1.1799598e-01
 194	 1.4036732e+00	 1.9312162e-01	 1.4227062e+00	 1.9437163e-01	[ 1.4346622e+00]	 1.0854125e-01
 195	 1.4044026e+00	 1.9293519e-01	 1.4235293e+00	 1.9419051e-01	[ 1.4353611e+00]	 1.1569715e-01
 196	 1.4058766e+00	 1.9287944e-01	 1.4251605e+00	 1.9414281e-01	[ 1.4369588e+00]	 1.0820985e-01
 197	 1.4078443e+00	 1.9249250e-01	 1.4275060e+00	 1.9370988e-01	[ 1.4400941e+00]	 1.0936308e-01
 198	 1.4100693e+00	 1.9272986e-01	 1.4296293e+00	 1.9391191e-01	[ 1.4431500e+00]	 1.0895205e-01
 199	 1.4129101e+00	 1.9370641e-01	 1.4324493e+00	 1.9478393e-01	[ 1.4490998e+00]	 1.2762785e-01
 200	 1.4131191e+00	 1.9373387e-01	 1.4326656e+00	 1.9479864e-01	[ 1.4496009e+00]	 1.0797787e-01
Inserting handle into data store.  model_inform_GPz: inprogress_invz=1.1_gpz.pkl, inform_GPz
Stage complete: GPzInformer @ 2024-08-29 13:06:43.816510 took 0.48 minutes
