Executing stage: GPzInformer @ 2024-06-17 17:42:13.942666
Inserting handle into data store.  output_col_remapper_1: ./output_col_remapper_1.pq, inform_GPz
ngal: 94504
training model...
Iter	 logML/n 		 Train RMSE		 Train RMSE/n		 Valid RMSE		 Valid MLL		 Time    
   1	-4.9656625e-01	 3.9600510e-01	-4.9257555e-01	 3.9638838e-01	[-4.9342139e-01]	 3.1781898e+00
   2	-4.8610186e-01	 3.9100880e-01	-4.7845512e-01	 3.9104847e-01	[-4.7840605e-01]	 1.5592408e+00
   3	-4.7064327e-01	 3.8387900e-01	-4.6168220e-01	 3.8466348e-01	[-4.6264973e-01]	 7.7688479e-01
   4	-4.6015432e-01	 3.8073528e-01	-4.5170034e-01	 3.8086532e-01	[-4.5125724e-01]	 7.8495312e-01
   5	-4.5160837e-01	 3.7765353e-01	-4.4395545e-01	 3.7778958e-01	[-4.4343372e-01]	 7.8284073e-01
   6	-4.4476532e-01	 3.7565252e-01	-4.3898255e-01	 3.7568965e-01	[-4.3798925e-01]	 7.8255701e-01
   7	-4.3853110e-01	 3.7368196e-01	-4.3363760e-01	 3.7418985e-01	[-4.3388190e-01]	 7.8182888e-01
   8	-4.3720478e-01	 3.7332580e-01	-4.3273231e-01	 3.7380088e-01	[-4.3288869e-01]	 7.8869104e-01
   9	-4.3485749e-01	 3.7282153e-01	-4.3138105e-01	 3.7334721e-01	[-4.3169130e-01]	 7.8433704e-01
  10	-4.3310972e-01	 3.7239575e-01	-4.3020072e-01	 3.7294537e-01	[-4.3049892e-01]	 7.7932286e-01
  11	-4.3198971e-01	 3.7206334e-01	-4.2926474e-01	 3.7251378e-01	[-4.2934162e-01]	 7.8363800e-01
  12	-4.2993270e-01	 3.7134834e-01	-4.2737158e-01	 3.7153354e-01	[-4.2671812e-01]	 7.8213716e-01
  13	-4.0839510e-01	 3.6134881e-01	-4.0406158e-01	 3.6020759e-01	[-4.0082867e-01]	 1.5676270e+00
  14	-3.9687506e-01	 3.5270241e-01	-3.9333410e-01	 3.5140047e-01	[-3.9039615e-01]	 1.5779991e+00
  15	-3.7969223e-01	 3.4803822e-01	-3.7606837e-01	 3.4724231e-01	[-3.7348491e-01]	 7.8502393e-01
  16	-3.6397457e-01	 3.4515735e-01	-3.6019059e-01	 3.4411603e-01	[-3.5629451e-01]	 7.8117681e-01
  17	-3.5901938e-01	 3.4376113e-01	-3.5526300e-01	 3.4239056e-01	[-3.5067221e-01]	 7.8691101e-01
  18	-3.5293189e-01	 3.4224130e-01	-3.4906819e-01	 3.4065825e-01	[-3.4423910e-01]	 7.8762984e-01
  19	-3.2251015e-01	 3.3628200e-01	-3.1869870e-01	 3.3419613e-01	[-3.1442662e-01]	 7.7862120e-01
  20	-2.8549803e-01	 3.3096575e-01	-2.8155877e-01	 3.2912742e-01	[-2.7839132e-01]	 7.8286171e-01
  21	-2.2748486e-01	 3.2525584e-01	-2.2346832e-01	 3.2278017e-01	[-2.1931679e-01]	 7.8911734e-01
  22	-1.6001930e-01	 3.2182889e-01	-1.5602480e-01	 3.1962648e-01	[-1.5391069e-01]	 7.8351736e-01
  23	-9.7892879e-02	 3.2244540e-01	-9.3667045e-02	 3.2027567e-01	[-9.0220547e-02]	 7.8481483e-01
  24	-7.5898439e-02	 3.1958089e-01	-7.1527045e-02	 3.1752186e-01	[-6.9994025e-02]	 1.5794361e+00
  25	-5.8049816e-02	 3.1940605e-01	-5.3675189e-02	 3.1744740e-01	[-5.2659936e-02]	 7.8476596e-01
  26	-3.1364807e-02	 3.1886137e-01	-2.6968209e-02	 3.1700396e-01	[-2.6624521e-02]	 7.8389382e-01
  27	 2.1135482e-02	 3.2377834e-01	 2.5525186e-02	 3.2208236e-01	[ 2.4599575e-02]	 7.7898479e-01
  28	 3.5785848e-02	 3.2498372e-01	 4.0383373e-02	 3.2329128e-01	[ 4.0750398e-02]	 7.8267217e-01
  29	 5.5147714e-02	 3.1866218e-01	 5.9585519e-02	 3.1680948e-01	[ 6.1551210e-02]	 7.8545475e-01
  30	 6.1487657e-02	 3.1784927e-01	 6.5942926e-02	 3.1571959e-01	[ 6.8299623e-02]	 7.8715515e-01
  31	 7.5042552e-02	 3.1734646e-01	 7.9523946e-02	 3.1457712e-01	[ 8.3650510e-02]	 8.5019994e-01
  32	 9.1120855e-02	 3.1612286e-01	 9.5635321e-02	 3.1299066e-01	[ 1.0169217e-01]	 7.7640986e-01
  33	 9.8979837e-02	 3.1605217e-01	 1.0357454e-01	 3.1308568e-01	[ 1.1100296e-01]	 7.7889776e-01
  34	 1.1189556e-01	 3.1483565e-01	 1.1643982e-01	 3.1167779e-01	[ 1.2494846e-01]	 7.8960276e-01
  35	 1.1816404e-01	 3.1335940e-01	 1.2272788e-01	 3.1032162e-01	[ 1.3147952e-01]	 7.8587794e-01
  36	 1.2621673e-01	 3.1282844e-01	 1.3078031e-01	 3.0978325e-01	[ 1.4021779e-01]	 7.7967095e-01
  37	 1.3465217e-01	 3.1173513e-01	 1.3929386e-01	 3.0859785e-01	[ 1.4949576e-01]	 7.9531026e-01
  38	 1.4380426e-01	 3.1138466e-01	 1.4841534e-01	 3.0878844e-01	[ 1.5731507e-01]	 7.8085613e-01
  39	 1.4975201e-01	 3.1107139e-01	 1.5436977e-01	 3.0885626e-01	[ 1.6252105e-01]	 7.8910422e-01
  40	 1.5955334e-01	 3.1241044e-01	 1.6421850e-01	 3.1019368e-01	[ 1.7260550e-01]	 7.7877021e-01
  41	 1.6351553e-01	 3.1242245e-01	 1.6815571e-01	 3.1026197e-01	[ 1.7638055e-01]	 7.8920388e-01
  42	 1.6923210e-01	 3.1149378e-01	 1.7391126e-01	 3.0927516e-01	[ 1.8210554e-01]	 7.8248906e-01
  43	 1.7308385e-01	 3.1116642e-01	 1.7777466e-01	 3.0894009e-01	[ 1.8622966e-01]	 7.7798104e-01
  44	 1.7795335e-01	 3.1051940e-01	 1.8265633e-01	 3.0834547e-01	[ 1.9178124e-01]	 7.8904915e-01
  45	 1.8685298e-01	 3.0960565e-01	 1.9159735e-01	 3.0748099e-01	[ 2.0254729e-01]	 7.8426290e-01
  46	 1.9149384e-01	 3.0966300e-01	 1.9616906e-01	 3.0745833e-01	[ 2.0688443e-01]	 7.9282403e-01
  47	 1.9711359e-01	 3.0872328e-01	 2.0182691e-01	 3.0673047e-01	[ 2.1239356e-01]	 7.8455901e-01
  48	 2.0039099e-01	 3.0817620e-01	 2.0512212e-01	 3.0634399e-01	[ 2.1468599e-01]	 7.8570104e-01
  49	 2.0449927e-01	 3.0782460e-01	 2.0923299e-01	 3.0627524e-01	[ 2.1777653e-01]	 8.1005597e-01
  50	 2.1163166e-01	 3.0763432e-01	 2.1636738e-01	 3.0652813e-01	[ 2.2356268e-01]	 7.8760099e-01
  51	 2.1314568e-01	 3.0856481e-01	 2.1794070e-01	 3.0749503e-01	[ 2.2468471e-01]	 7.8927207e-01
  52	 2.1995312e-01	 3.0800347e-01	 2.2470331e-01	 3.0707919e-01	[ 2.3151772e-01]	 7.8892016e-01
  53	 2.2177787e-01	 3.0769415e-01	 2.2653560e-01	 3.0669296e-01	[ 2.3376260e-01]	 7.8783488e-01
  54	 2.2545395e-01	 3.0788690e-01	 2.3022640e-01	 3.0694103e-01	[ 2.3814393e-01]	 7.9201102e-01
  55	 2.2885806e-01	 3.0715180e-01	 2.3360766e-01	 3.0627862e-01	[ 2.4225496e-01]	 7.8857303e-01
  56	 2.3209350e-01	 3.0679600e-01	 2.3686759e-01	 3.0591243e-01	[ 2.4475303e-01]	 7.8366494e-01
  57	 2.3492341e-01	 3.0662120e-01	 2.3970621e-01	 3.0586394e-01	[ 2.4658720e-01]	 7.8951192e-01
  58	 2.3738448e-01	 3.0635777e-01	 2.4216909e-01	 3.0568859e-01	[ 2.4857766e-01]	 7.9002380e-01
  59	 2.4264850e-01	 3.0587977e-01	 2.4743900e-01	 3.0532101e-01	[ 2.5350983e-01]	 7.9104900e-01
  60	 2.4597267e-01	 3.0551424e-01	 2.5081607e-01	 3.0510976e-01	[ 2.5797169e-01]	 7.8322816e-01
  61	 2.5026653e-01	 3.0543046e-01	 2.5505905e-01	 3.0502127e-01	[ 2.6123024e-01]	 7.8831291e-01
  62	 2.5208693e-01	 3.0515635e-01	 2.5689595e-01	 3.0465941e-01	[ 2.6330291e-01]	 7.9684305e-01
  63	 2.5464279e-01	 3.0505378e-01	 2.5947505e-01	 3.0441651e-01	[ 2.6609943e-01]	 8.3450508e-01
  64	 2.5756387e-01	 3.0481008e-01	 2.6240415e-01	 3.0414210e-01	[ 2.6875549e-01]	 7.9991603e-01
  65	 2.6185238e-01	 3.0434352e-01	 2.6671742e-01	 3.0347041e-01	[ 2.7304197e-01]	 7.8415704e-01
  66	 2.6468683e-01	 3.0487976e-01	 2.6954949e-01	 3.0420713e-01	[ 2.7452893e-01]	 7.7999592e-01
  67	 2.6700812e-01	 3.0431613e-01	 2.7185844e-01	 3.0358802e-01	[ 2.7721096e-01]	 7.8666115e-01
  68	 2.6869252e-01	 3.0398686e-01	 2.7355119e-01	 3.0327479e-01	[ 2.7900777e-01]	 7.8577685e-01
  69	 2.7147696e-01	 3.0377219e-01	 2.7634554e-01	 3.0311098e-01	[ 2.8209937e-01]	 7.8862000e-01
  70	 2.7428621e-01	 3.0343281e-01	 2.7919913e-01	 3.0294620e-01	[ 2.8440309e-01]	 7.8230882e-01
  71	 2.7656826e-01	 3.0354303e-01	 2.8148371e-01	 3.0307546e-01	[ 2.8675856e-01]	 7.8422093e-01
  72	 2.7904920e-01	 3.0347411e-01	 2.8396503e-01	 3.0295916e-01	[ 2.8920050e-01]	 7.7993608e-01
  73	 2.8112015e-01	 3.0353179e-01	 2.8606835e-01	 3.0307344e-01	[ 2.9073255e-01]	 7.8316689e-01
  74	 2.8342010e-01	 3.0326433e-01	 2.8833868e-01	 3.0280850e-01	[ 2.9252114e-01]	 7.8771687e-01
  75	 2.8500845e-01	 3.0304543e-01	 2.8992190e-01	 3.0258825e-01	[ 2.9384312e-01]	 7.8345490e-01
  76	 2.8681071e-01	 3.0281515e-01	 2.9173626e-01	 3.0230806e-01	[ 2.9538239e-01]	 7.9226708e-01
  77	 2.8898359e-01	 3.0272037e-01	 2.9391590e-01	 3.0225645e-01	[ 2.9673770e-01]	 7.9066801e-01
  78	 2.9055521e-01	 3.0262711e-01	 2.9552203e-01	 3.0198076e-01	[ 2.9856176e-01]	 1.5756972e+00
  79	 2.9243089e-01	 3.0253250e-01	 2.9739965e-01	 3.0194532e-01	[ 3.0007790e-01]	 7.8196383e-01
  80	 2.9468342e-01	 3.0242924e-01	 2.9965447e-01	 3.0193743e-01	[ 3.0210640e-01]	 7.8386307e-01
  81	 2.9646792e-01	 3.0226530e-01	 3.0143531e-01	 3.0181680e-01	[ 3.0380794e-01]	 7.8860593e-01
  82	 2.9773172e-01	 3.0197521e-01	 3.0273549e-01	 3.0177476e-01	[ 3.0410131e-01]	 7.8569603e-01
  83	 3.0059411e-01	 3.0171510e-01	 3.0556492e-01	 3.0142181e-01	[ 3.0727464e-01]	 7.8506494e-01
  84	 3.0151752e-01	 3.0160015e-01	 3.0648340e-01	 3.0126169e-01	[ 3.0825311e-01]	 7.7797413e-01
  85	 3.0378254e-01	 3.0137600e-01	 3.0874334e-01	 3.0095387e-01	[ 3.1047578e-01]	 7.7653503e-01
  86	 3.0512019e-01	 3.0150645e-01	 3.1012252e-01	 3.0108650e-01	[ 3.1138628e-01]	 7.7997208e-01
  87	 3.0734134e-01	 3.0153898e-01	 3.1231819e-01	 3.0108294e-01	[ 3.1328135e-01]	 7.9032826e-01
  88	 3.0860052e-01	 3.0155308e-01	 3.1357633e-01	 3.0113181e-01	[ 3.1440205e-01]	 7.8099203e-01
  89	 3.1044983e-01	 3.0159691e-01	 3.1543927e-01	 3.0117477e-01	[ 3.1592982e-01]	 7.9363132e-01
  90	 3.1257015e-01	 3.0119794e-01	 3.1757923e-01	 3.0063651e-01	[ 3.1792436e-01]	 7.8576589e-01
  91	 3.1451790e-01	 3.0121710e-01	 3.1953536e-01	 3.0048795e-01	[ 3.1911057e-01]	 7.8557801e-01
  92	 3.1611881e-01	 3.0067024e-01	 3.2116049e-01	 2.9971112e-01	[ 3.2107148e-01]	 7.9620814e-01
  93	 3.1736644e-01	 3.0046326e-01	 3.2239438e-01	 2.9951402e-01	[ 3.2213449e-01]	 7.8320694e-01
  94	 3.1909144e-01	 3.0043523e-01	 3.2411524e-01	 2.9950689e-01	[ 3.2377671e-01]	 7.9363513e-01
  95	 3.2045257e-01	 3.0050382e-01	 3.2545982e-01	 2.9960493e-01	[ 3.2441711e-01]	 7.8675103e-01
  96	 3.2197833e-01	 3.0054663e-01	 3.2700529e-01	 2.9969211e-01	[ 3.2593179e-01]	 7.8328824e-01
  97	 3.2345674e-01	 3.0064245e-01	 3.2850712e-01	 2.9982330e-01	[ 3.2758571e-01]	 7.9171586e-01
  98	 3.2481536e-01	 3.0049255e-01	 3.2987558e-01	 2.9965839e-01	[ 3.2900161e-01]	 7.9050088e-01
  99	 3.2701617e-01	 3.0014724e-01	 3.3210300e-01	 2.9937703e-01	[ 3.3024503e-01]	 7.8486013e-01
 100	 3.2722833e-01	 2.9962278e-01	 3.3226181e-01	 2.9876928e-01	  3.2996018e-01 	 7.8116488e-01
 101	 3.2903872e-01	 2.9965348e-01	 3.3409197e-01	 2.9887441e-01	[ 3.3160582e-01]	 7.9103327e-01
 102	 3.2975089e-01	 2.9965750e-01	 3.3480967e-01	 2.9892839e-01	[ 3.3190727e-01]	 7.8916669e-01
 103	 3.3108227e-01	 2.9962922e-01	 3.3614607e-01	 2.9896572e-01	[ 3.3243704e-01]	 7.9512405e-01
 104	 3.3286656e-01	 2.9975488e-01	 3.3792864e-01	 2.9915401e-01	[ 3.3314715e-01]	 7.8422022e-01
 105	 3.3387665e-01	 2.9960200e-01	 3.3894735e-01	 2.9894171e-01	[ 3.3382786e-01]	 1.5733321e+00
 106	 3.3494705e-01	 2.9965616e-01	 3.4001311e-01	 2.9902072e-01	[ 3.3454972e-01]	 7.8993821e-01
 107	 3.3595741e-01	 2.9954697e-01	 3.4102310e-01	 2.9891801e-01	[ 3.3549205e-01]	 7.9488707e-01
 108	 3.3739287e-01	 2.9939206e-01	 3.4246155e-01	 2.9882845e-01	[ 3.3650487e-01]	 7.9979181e-01
 109	 3.3819102e-01	 2.9933701e-01	 3.4326090e-01	 2.9881809e-01	[ 3.3740547e-01]	 7.8129005e-01
 110	 3.4010883e-01	 2.9907072e-01	 3.4518783e-01	 2.9860596e-01	[ 3.3882130e-01]	 7.8272176e-01
 111	 3.4112161e-01	 2.9893737e-01	 3.4619922e-01	 2.9849831e-01	[ 3.3952216e-01]	 7.9570699e-01
 112	 3.4237565e-01	 2.9878741e-01	 3.4745882e-01	 2.9833256e-01	[ 3.4055644e-01]	 7.9820490e-01
 113	 3.4337940e-01	 2.9845253e-01	 3.4843098e-01	 2.9798539e-01	[ 3.4099807e-01]	 7.8896999e-01
 114	 3.4488541e-01	 2.9849403e-01	 3.4995564e-01	 2.9795450e-01	[ 3.4265962e-01]	 7.8184700e-01
 115	 3.4591994e-01	 2.9849758e-01	 3.5099800e-01	 2.9788609e-01	[ 3.4375717e-01]	 7.9336762e-01
 116	 3.4699401e-01	 2.9850262e-01	 3.5207435e-01	 2.9783694e-01	[ 3.4465938e-01]	 7.8631020e-01
 117	 3.4910626e-01	 2.9835835e-01	 3.5419983e-01	 2.9751985e-01	[ 3.4692922e-01]	 7.8571415e-01
 118	 3.5029588e-01	 2.9845743e-01	 3.5537659e-01	 2.9758821e-01	[ 3.4766644e-01]	 1.5829070e+00
 119	 3.5183952e-01	 2.9827352e-01	 3.5693256e-01	 2.9729960e-01	[ 3.4920837e-01]	 7.8411794e-01
 120	 3.5328105e-01	 2.9806799e-01	 3.5838657e-01	 2.9701275e-01	[ 3.5047756e-01]	 7.9403114e-01
 121	 3.5440876e-01	 2.9799043e-01	 3.5952460e-01	 2.9686254e-01	[ 3.5063264e-01]	 7.8790903e-01
 122	 3.5571017e-01	 2.9785651e-01	 3.6083170e-01	 2.9672842e-01	[ 3.5114033e-01]	 8.1388402e-01
 123	 3.5721480e-01	 2.9773443e-01	 3.6233638e-01	 2.9667798e-01	[ 3.5177843e-01]	 7.8669620e-01
 124	 3.5841831e-01	 2.9765247e-01	 3.6355166e-01	 2.9665836e-01	[ 3.5185965e-01]	 7.8784800e-01
 125	 3.5962708e-01	 2.9757149e-01	 3.6475407e-01	 2.9661680e-01	[ 3.5301842e-01]	 7.9494500e-01
 126	 3.6113097e-01	 2.9744847e-01	 3.6627485e-01	 2.9648762e-01	[ 3.5455031e-01]	 7.8550386e-01
 127	 3.6204849e-01	 2.9719031e-01	 3.6717206e-01	 2.9615896e-01	[ 3.5581635e-01]	 7.9786205e-01
 128	 3.6283970e-01	 2.9707926e-01	 3.6797367e-01	 2.9599880e-01	[ 3.5661622e-01]	 7.9273772e-01
 129	 3.6412877e-01	 2.9686509e-01	 3.6927656e-01	 2.9563427e-01	[ 3.5783250e-01]	 7.8518605e-01
 130	 3.6495257e-01	 2.9676512e-01	 3.7010150e-01	 2.9544721e-01	[ 3.5870773e-01]	 7.8533316e-01
 131	 3.6561861e-01	 2.9669851e-01	 3.7075324e-01	 2.9535932e-01	  3.5809193e-01 	 7.9456520e-01
 132	 3.6735521e-01	 2.9661412e-01	 3.7249598e-01	 2.9520533e-01	[ 3.6018071e-01]	 8.2124114e-01
 133	 3.6787571e-01	 2.9661448e-01	 3.7301694e-01	 2.9524852e-01	[ 3.6051917e-01]	 7.8845215e-01
 134	 3.6913126e-01	 2.9652257e-01	 3.7427773e-01	 2.9519840e-01	[ 3.6137360e-01]	 7.9571199e-01
 135	 3.6952664e-01	 2.9664661e-01	 3.7468155e-01	 2.9525549e-01	  3.6055798e-01 	 7.8365803e-01
 136	 3.7102757e-01	 2.9637744e-01	 3.7618029e-01	 2.9499290e-01	[ 3.6247828e-01]	 7.9081488e-01
 137	 3.7164371e-01	 2.9626575e-01	 3.7679780e-01	 2.9486215e-01	[ 3.6319004e-01]	 7.8724575e-01
 138	 3.7240172e-01	 2.9617631e-01	 3.7755919e-01	 2.9476661e-01	[ 3.6388186e-01]	 7.9811382e-01
 139	 3.7349677e-01	 2.9610207e-01	 3.7865560e-01	 2.9475028e-01	[ 3.6489482e-01]	 7.9258323e-01
 140	 3.7423179e-01	 2.9600997e-01	 3.7940785e-01	 2.9476480e-01	[ 3.6523221e-01]	 1.5790689e+00
 141	 3.7552427e-01	 2.9598020e-01	 3.8069466e-01	 2.9484023e-01	[ 3.6665111e-01]	 7.8654981e-01
 142	 3.7639864e-01	 2.9593140e-01	 3.8157339e-01	 2.9486920e-01	[ 3.6757695e-01]	 7.8966093e-01
 143	 3.7726054e-01	 2.9587518e-01	 3.8243170e-01	 2.9491712e-01	[ 3.6852914e-01]	 7.9216099e-01
 144	 3.7806714e-01	 2.9576674e-01	 3.8325338e-01	 2.9484807e-01	[ 3.6932129e-01]	 7.9462242e-01
 145	 3.7891284e-01	 2.9563077e-01	 3.8410315e-01	 2.9469774e-01	[ 3.7016404e-01]	 7.9303789e-01
 146	 3.7968980e-01	 2.9564794e-01	 3.8490023e-01	 2.9463431e-01	[ 3.7095805e-01]	 7.9099894e-01
 147	 3.8050723e-01	 2.9550895e-01	 3.8570675e-01	 2.9444986e-01	[ 3.7153102e-01]	 7.8879428e-01
 148	 3.8097780e-01	 2.9550242e-01	 3.8616992e-01	 2.9440967e-01	[ 3.7208313e-01]	 7.8312206e-01
 149	 3.8199598e-01	 2.9548959e-01	 3.8718780e-01	 2.9431624e-01	[ 3.7316886e-01]	 7.8679895e-01
 150	 3.8284196e-01	 2.9542278e-01	 3.8802875e-01	 2.9419844e-01	[ 3.7449277e-01]	 7.8850889e-01
 151	 3.8374354e-01	 2.9547088e-01	 3.8894245e-01	 2.9418806e-01	[ 3.7509668e-01]	 7.9342484e-01
 152	 3.8461941e-01	 2.9541835e-01	 3.8983233e-01	 2.9410005e-01	[ 3.7585316e-01]	 7.9384303e-01
 153	 3.8561411e-01	 2.9541464e-01	 3.9083092e-01	 2.9415599e-01	[ 3.7657051e-01]	 7.9169798e-01
 154	 3.8637091e-01	 2.9540939e-01	 3.9159472e-01	 2.9410742e-01	[ 3.7755414e-01]	 7.8953695e-01
 155	 3.8712243e-01	 2.9530020e-01	 3.9233661e-01	 2.9404427e-01	[ 3.7834700e-01]	 7.8591585e-01
 156	 3.8776802e-01	 2.9526064e-01	 3.9297028e-01	 2.9404658e-01	[ 3.7890021e-01]	 7.9648495e-01
 157	 3.8842009e-01	 2.9520881e-01	 3.9362076e-01	 2.9402255e-01	[ 3.7946824e-01]	 7.9118991e-01
 158	 3.8907280e-01	 2.9519550e-01	 3.9426536e-01	 2.9408904e-01	[ 3.7986889e-01]	 7.9141116e-01
 159	 3.8971521e-01	 2.9508642e-01	 3.9491373e-01	 2.9396435e-01	[ 3.8029514e-01]	 7.9001713e-01
 160	 3.9009529e-01	 2.9504987e-01	 3.9530319e-01	 2.9391877e-01	[ 3.8058711e-01]	 7.8880978e-01
 161	 3.9053738e-01	 2.9501035e-01	 3.9574879e-01	 2.9387087e-01	[ 3.8098796e-01]	 7.9013896e-01
 162	 3.9120955e-01	 2.9495363e-01	 3.9642244e-01	 2.9383552e-01	[ 3.8137989e-01]	 7.8851414e-01
 163	 3.9165091e-01	 2.9484637e-01	 3.9685345e-01	 2.9370641e-01	[ 3.8233993e-01]	 7.8574538e-01
 164	 3.9244811e-01	 2.9483265e-01	 3.9764685e-01	 2.9374248e-01	[ 3.8249382e-01]	 7.9696727e-01
 165	 3.9285118e-01	 2.9479186e-01	 3.9805132e-01	 2.9372429e-01	[ 3.8259643e-01]	 7.8972697e-01
 166	 3.9341595e-01	 2.9472098e-01	 3.9861560e-01	 2.9365840e-01	[ 3.8286579e-01]	 7.8640318e-01
 167	 3.9390698e-01	 2.9462500e-01	 3.9912383e-01	 2.9362990e-01	  3.8285706e-01 	 7.9004979e-01
 168	 3.9453607e-01	 2.9460469e-01	 3.9974887e-01	 2.9356475e-01	[ 3.8335708e-01]	 7.9059124e-01
 169	 3.9498361e-01	 2.9458884e-01	 4.0019567e-01	 2.9353002e-01	[ 3.8379398e-01]	 7.9213309e-01
 170	 3.9547470e-01	 2.9454272e-01	 4.0069119e-01	 2.9348756e-01	[ 3.8416684e-01]	 7.9048777e-01
 171	 3.9586523e-01	 2.9447866e-01	 4.0107896e-01	 2.9345641e-01	[ 3.8446647e-01]	 7.8655314e-01
 172	 3.9642843e-01	 2.9440983e-01	 4.0164277e-01	 2.9342176e-01	[ 3.8481386e-01]	 7.8741217e-01
 173	 3.9685826e-01	 2.9430482e-01	 4.0207528e-01	 2.9334367e-01	[ 3.8505830e-01]	 7.8451395e-01
 174	 3.9725854e-01	 2.9422228e-01	 4.0247639e-01	 2.9329336e-01	[ 3.8525585e-01]	 7.8802705e-01
 175	 3.9768330e-01	 2.9404422e-01	 4.0289981e-01	 2.9314275e-01	[ 3.8552587e-01]	 7.9463506e-01
 176	 3.9817211e-01	 2.9403182e-01	 4.0338833e-01	 2.9313510e-01	[ 3.8599342e-01]	 7.7907991e-01
 177	 3.9862602e-01	 2.9402895e-01	 4.0384420e-01	 2.9313490e-01	[ 3.8637484e-01]	 7.8697801e-01
 178	 3.9892419e-01	 2.9401794e-01	 4.0414431e-01	 2.9313524e-01	[ 3.8653463e-01]	 7.9377699e-01
 179	 3.9972406e-01	 2.9397155e-01	 4.0495491e-01	 2.9312518e-01	[ 3.8687053e-01]	 7.9768014e-01
 180	 3.9989691e-01	 2.9405382e-01	 4.0511671e-01	 2.9323161e-01	  3.8593063e-01 	 7.9386282e-01
 181	 4.0070714e-01	 2.9393040e-01	 4.0593113e-01	 2.9312293e-01	[ 3.8699566e-01]	 7.9188776e-01
 182	 4.0094881e-01	 2.9389145e-01	 4.0617487e-01	 2.9308449e-01	[ 3.8719978e-01]	 7.9567003e-01
 183	 4.0140736e-01	 2.9382163e-01	 4.0663278e-01	 2.9301948e-01	[ 3.8746809e-01]	 7.8896785e-01
 184	 4.0192575e-01	 2.9374473e-01	 4.0716556e-01	 2.9293432e-01	[ 3.8748675e-01]	 7.8974009e-01
 185	 4.0249059e-01	 2.9368458e-01	 4.0772160e-01	 2.9287234e-01	[ 3.8790631e-01]	 7.9648209e-01
 186	 4.0286582e-01	 2.9366309e-01	 4.0809265e-01	 2.9284951e-01	[ 3.8825370e-01]	 7.8423810e-01
 187	 4.0331988e-01	 2.9363548e-01	 4.0855127e-01	 2.9280177e-01	[ 3.8863807e-01]	 7.9021215e-01
 188	 4.0375075e-01	 2.9357639e-01	 4.0897975e-01	 2.9275725e-01	[ 3.8905771e-01]	 7.8608799e-01
 189	 4.0420618e-01	 2.9352378e-01	 4.0944060e-01	 2.9270761e-01	[ 3.8952520e-01]	 7.9444623e-01
 190	 4.0464774e-01	 2.9340279e-01	 4.0988719e-01	 2.9257169e-01	[ 3.9031078e-01]	 7.8953695e-01
 191	 4.0505512e-01	 2.9337458e-01	 4.1029605e-01	 2.9258701e-01	[ 3.9055926e-01]	 7.9089308e-01
 192	 4.0525270e-01	 2.9336674e-01	 4.1049050e-01	 2.9258952e-01	[ 3.9076180e-01]	 7.9003787e-01
 193	 4.0579327e-01	 2.9331608e-01	 4.1102412e-01	 2.9257307e-01	[ 3.9155085e-01]	 7.8744102e-01
 194	 4.0605563e-01	 2.9336602e-01	 4.1128237e-01	 2.9265271e-01	[ 3.9171345e-01]	 1.5819781e+00
 195	 4.0640364e-01	 2.9332688e-01	 4.1162739e-01	 2.9262683e-01	[ 3.9227334e-01]	 7.9052496e-01
 196	 4.0689253e-01	 2.9331013e-01	 4.1211992e-01	 2.9261896e-01	[ 3.9285946e-01]	 8.1340694e-01
 197	 4.0723282e-01	 2.9334361e-01	 4.1245590e-01	 2.9267781e-01	[ 3.9312411e-01]	 7.9372215e-01
 198	 4.0762122e-01	 2.9334662e-01	 4.1285408e-01	 2.9266892e-01	[ 3.9330717e-01]	 7.9265809e-01
 199	 4.0797607e-01	 2.9335818e-01	 4.1321614e-01	 2.9265980e-01	[ 3.9336478e-01]	 7.8595209e-01
 200	 4.0842170e-01	 2.9332710e-01	 4.1366550e-01	 2.9260456e-01	[ 3.9346203e-01]	 7.8825712e-01
Inserting handle into data store.  model_inform_GPz: inprogress_gpz.pkl, inform_GPz
Stage complete: GPzInformer @ 2024-06-17 17:45:02.576046 took 2.81 minutes
