Executing stage: GPzInformer @ 2024-08-09 14:02:43.379748
Inserting handle into data store.  output_col_remapper_1: ./output_col_remapper_1.pq, inform_GPz
ngal: 21044
training model...
Iter	 logML/n 		 Train RMSE		 Train RMSE/n		 Valid RMSE		 Valid MLL		 Time    
   1	 2.1052536e-02	 2.3429878e-01	 3.8583138e-02	 2.4278723e-01	[ 2.8161990e-03]	 4.2826509e-01
   2	 8.6077081e-02	 2.1538122e-01	 1.0522346e-01	 2.2462822e-01	[ 4.4716401e-02]	 2.6208878e-01
   3	 1.3379315e-01	 2.0927826e-01	 1.5017148e-01	 2.2062966e-01	[ 9.7269367e-02]	 1.2364197e-01
   4	 1.4824316e-01	 2.0572799e-01	 1.6586899e-01	 2.1654328e-01	[ 1.1439276e-01]	 1.2019825e-01
   5	 1.8068454e-01	 1.9960280e-01	 1.9371676e-01	 2.0993222e-01	[ 1.3321722e-01]	 1.2087798e-01
   6	 1.9577163e-01	 1.9592499e-01	 2.0865840e-01	 2.0679605e-01	[ 1.6195242e-01]	 1.1712217e-01
   7	 2.1650039e-01	 1.9319448e-01	 2.2928961e-01	 2.0503697e-01	[ 1.7915464e-01]	 1.1451197e-01
   8	 2.2879471e-01	 1.9027410e-01	 2.4142128e-01	 2.0174825e-01	[ 1.8682620e-01]	 1.1824179e-01
   9	 2.3692871e-01	 1.8898811e-01	 2.4948225e-01	 1.9969423e-01	[ 1.9695917e-01]	 1.2288284e-01
  10	 2.4501936e-01	 1.8759569e-01	 2.5772133e-01	 1.9810289e-01	[ 2.0528009e-01]	 1.1749029e-01
  11	 2.5893931e-01	 1.8519512e-01	 2.7181299e-01	 1.9522980e-01	[ 2.2091369e-01]	 1.2858701e-01
  12	 2.6906297e-01	 1.8362579e-01	 2.8075477e-01	 1.9319855e-01	[ 2.2894611e-01]	 1.2533689e-01
  13	 2.7700803e-01	 1.8241256e-01	 2.8838438e-01	 1.9210597e-01	[ 2.3417779e-01]	 1.1423063e-01
  14	 2.8471671e-01	 1.8118535e-01	 2.9593674e-01	 1.9096041e-01	[ 2.4101416e-01]	 1.1983490e-01
  15	 3.1130640e-01	 1.7760017e-01	 3.2359272e-01	 1.8661941e-01	[ 2.7421317e-01]	 1.1632586e-01
  16	 3.3551825e-01	 1.7504404e-01	 3.5022667e-01	 1.8587500e-01	[ 3.0047599e-01]	 1.2302709e-01
  17	 3.4521999e-01	 1.7456883e-01	 3.5988021e-01	 1.8808222e-01	[ 3.0567360e-01]	 1.5534186e-01
  18	 3.5646896e-01	 1.7250407e-01	 3.7132440e-01	 1.8484269e-01	[ 3.1696548e-01]	 1.3818288e-01
  19	 3.6795869e-01	 1.7059617e-01	 3.8321749e-01	 1.8126047e-01	[ 3.2794225e-01]	 1.2523580e-01
  20	 3.9155537e-01	 1.6849952e-01	 4.0783386e-01	 1.7851003e-01	[ 3.5178597e-01]	 1.2448001e-01
  21	 4.2458274e-01	 1.6798614e-01	 4.4206469e-01	 1.7574751e-01	[ 3.8339454e-01]	 1.1834693e-01
  22	 4.7922402e-01	 1.6339957e-01	 4.9899870e-01	 1.7186568e-01	[ 4.4345705e-01]	 1.2691617e-01
  23	 5.4938831e-01	 1.6588183e-01	 5.6865390e-01	 1.7538959e-01	[ 5.1313446e-01]	 2.4419689e-01
  24	 6.1943203e-01	 1.6714894e-01	 6.3913959e-01	 1.7632688e-01	[ 5.9865463e-01]	 1.2479091e-01
  25	 7.2587452e-01	 1.5960940e-01	 7.4621452e-01	 1.6791593e-01	[ 7.0126650e-01]	 1.2268782e-01
  26	 7.6440026e-01	 1.6278695e-01	 7.8667597e-01	 1.7065270e-01	[ 7.2270635e-01]	 1.3059878e-01
  27	 8.4545737e-01	 1.5498553e-01	 8.6714444e-01	 1.6558155e-01	[ 7.9498523e-01]	 1.2811899e-01
  28	 9.1714770e-01	 1.4897651e-01	 9.3855299e-01	 1.6031348e-01	[ 8.6812081e-01]	 1.2940097e-01
  29	 9.9915999e-01	 1.5646673e-01	 1.0226606e+00	 1.6341692e-01	[ 9.7849060e-01]	 1.1825204e-01
  30	 1.0844705e+00	 1.5090769e-01	 1.1061035e+00	 1.6098245e-01	[ 1.0787192e+00]	 1.1831784e-01
  31	 1.1443510e+00	 1.4774108e-01	 1.1662717e+00	 1.5825818e-01	[ 1.1432571e+00]	 1.1788607e-01
  32	 1.2171389e+00	 1.4561696e-01	 1.2405141e+00	 1.5516894e-01	[ 1.2157776e+00]	 2.4075699e-01
  33	 1.2758167e+00	 1.5191942e-01	 1.3012163e+00	 1.6055966e-01	[ 1.2878174e+00]	 1.2080693e-01
  34	 1.3268213e+00	 1.4737681e-01	 1.3522989e+00	 1.5478577e-01	[ 1.3456902e+00]	 2.4817276e-01
  35	 1.3794521e+00	 1.4158986e-01	 1.4038358e+00	 1.5040975e-01	[ 1.3975411e+00]	 1.1853981e-01
  36	 1.4274192e+00	 1.3974480e-01	 1.4523380e+00	 1.4882486e-01	[ 1.4438509e+00]	 1.2036204e-01
  37	 1.4847809e+00	 1.4597725e-01	 1.5109341e+00	 1.5253051e-01	[ 1.5005882e+00]	 1.2251091e-01
  38	 1.5252485e+00	 1.4431573e-01	 1.5505978e+00	 1.5407540e-01	[ 1.5483782e+00]	 1.2724686e-01
  39	 1.5486533e+00	 1.4245180e-01	 1.5739149e+00	 1.5276683e-01	[ 1.5721918e+00]	 1.2297988e-01
  40	 1.5796264e+00	 1.3906793e-01	 1.6053345e+00	 1.4954557e-01	[ 1.6017728e+00]	 1.2293005e-01
  41	 1.6016915e+00	 1.3955748e-01	 1.6277722e+00	 1.5047862e-01	[ 1.6158679e+00]	 1.2090278e-01
  42	 1.6219002e+00	 1.3873718e-01	 1.6481591e+00	 1.5002361e-01	[ 1.6307967e+00]	 1.1541200e-01
  43	 1.6370798e+00	 1.3857332e-01	 1.6633198e+00	 1.5033533e-01	[ 1.6382354e+00]	 1.2031007e-01
  44	 1.6621643e+00	 1.3883052e-01	 1.6885061e+00	 1.5140180e-01	[ 1.6446329e+00]	 1.1952519e-01
  45	 1.6667160e+00	 1.3904643e-01	 1.6932307e+00	 1.5127046e-01	  1.6376068e+00 	 1.1876893e-01
  46	 1.6879305e+00	 1.3891867e-01	 1.7142526e+00	 1.5164098e-01	[ 1.6628152e+00]	 1.1604810e-01
  47	 1.6960075e+00	 1.3834885e-01	 1.7224189e+00	 1.5099879e-01	[ 1.6728245e+00]	 1.1911798e-01
  48	 1.7051540e+00	 1.3720318e-01	 1.7317308e+00	 1.4968039e-01	[ 1.6843542e+00]	 1.2494802e-01
  49	 1.7204458e+00	 1.3564036e-01	 1.7470917e+00	 1.4778964e-01	[ 1.7014537e+00]	 1.2916589e-01
  50	 1.7306872e+00	 1.3520318e-01	 1.7574945e+00	 1.4673798e-01	[ 1.7132998e+00]	 1.1978817e-01
  51	 1.7459295e+00	 1.3461505e-01	 1.7724393e+00	 1.4635919e-01	[ 1.7243449e+00]	 1.2360501e-01
  52	 1.7521741e+00	 1.3388055e-01	 1.7785783e+00	 1.4582048e-01	[ 1.7303654e+00]	 1.1728311e-01
  53	 1.7625263e+00	 1.3320989e-01	 1.7889614e+00	 1.4551706e-01	[ 1.7378003e+00]	 1.1629796e-01
  54	 1.7772465e+00	 1.3432833e-01	 1.8038981e+00	 1.4723298e-01	[ 1.7420398e+00]	 1.1664510e-01
  55	 1.7858546e+00	 1.3540239e-01	 1.8126477e+00	 1.4834798e-01	[ 1.7537134e+00]	 1.2480521e-01
  56	 1.7911779e+00	 1.3542998e-01	 1.8180110e+00	 1.4849591e-01	[ 1.7600898e+00]	 1.2485886e-01
  57	 1.8065486e+00	 1.3781886e-01	 1.8337682e+00	 1.5101847e-01	[ 1.7743471e+00]	 1.1834598e-01
  58	 1.8133087e+00	 1.3918150e-01	 1.8406185e+00	 1.5258313e-01	[ 1.7872038e+00]	 1.1989832e-01
  59	 1.8195035e+00	 1.4046115e-01	 1.8467595e+00	 1.5370349e-01	[ 1.7938505e+00]	 1.2457299e-01
  60	 1.8276199e+00	 1.4035092e-01	 1.8550260e+00	 1.5343604e-01	[ 1.8007642e+00]	 1.2437105e-01
  61	 1.8378711e+00	 1.3974090e-01	 1.8654742e+00	 1.5257740e-01	[ 1.8036754e+00]	 1.1879587e-01
  62	 1.8458431e+00	 1.4055992e-01	 1.8735961e+00	 1.5301905e-01	[ 1.8152196e+00]	 1.1965489e-01
  63	 1.8519731e+00	 1.3970496e-01	 1.8797374e+00	 1.5217832e-01	[ 1.8208976e+00]	 1.2659717e-01
  64	 1.8611379e+00	 1.4080049e-01	 1.8890219e+00	 1.5311583e-01	[ 1.8276240e+00]	 1.2191534e-01
  65	 1.8681768e+00	 1.3999853e-01	 1.8960148e+00	 1.5212036e-01	[ 1.8364800e+00]	 1.1806774e-01
  66	 1.8760028e+00	 1.4227279e-01	 1.9037421e+00	 1.5426672e-01	[ 1.8440876e+00]	 1.2174082e-01
  67	 1.8846843e+00	 1.4421905e-01	 1.9124395e+00	 1.5642519e-01	[ 1.8502652e+00]	 1.2322307e-01
  68	 1.8899289e+00	 1.4697137e-01	 1.9177551e+00	 1.5993803e-01	[ 1.8522417e+00]	 1.2681675e-01
  69	 1.8969798e+00	 1.4696653e-01	 1.9247372e+00	 1.6033547e-01	[ 1.8595864e+00]	 1.1421680e-01
  70	 1.9019454e+00	 1.4689946e-01	 1.9297171e+00	 1.6069213e-01	[ 1.8639743e+00]	 1.2333798e-01
  71	 1.9077388e+00	 1.4701373e-01	 1.9355488e+00	 1.6129724e-01	[ 1.8690290e+00]	 1.1890268e-01
  72	 1.9181204e+00	 1.4730343e-01	 1.9459910e+00	 1.6226300e-01	[ 1.8802151e+00]	 1.3084984e-01
  73	 1.9231246e+00	 1.4730939e-01	 1.9511446e+00	 1.6260110e-01	[ 1.8857782e+00]	 2.5187302e-01
  74	 1.9299305e+00	 1.4691334e-01	 1.9580014e+00	 1.6264504e-01	[ 1.8933738e+00]	 1.1867023e-01
  75	 1.9347217e+00	 1.4608497e-01	 1.9628483e+00	 1.6183603e-01	[ 1.8982337e+00]	 1.2430167e-01
  76	 1.9424329e+00	 1.4462748e-01	 1.9706967e+00	 1.6021545e-01	[ 1.9079500e+00]	 1.2317204e-01
  77	 1.9477249e+00	 1.4353117e-01	 1.9760640e+00	 1.5898111e-01	[ 1.9146366e+00]	 1.1689591e-01
  78	 1.9531240e+00	 1.4360552e-01	 1.9814119e+00	 1.5912404e-01	[ 1.9204754e+00]	 1.1828709e-01
  79	 1.9607601e+00	 1.4364907e-01	 1.9890700e+00	 1.5934188e-01	[ 1.9278358e+00]	 1.1850595e-01
  80	 1.9666227e+00	 1.4374715e-01	 1.9949472e+00	 1.5957165e-01	[ 1.9334387e+00]	 1.1775327e-01
  81	 1.9745703e+00	 1.4481626e-01	 2.0030770e+00	 1.6098567e-01	[ 1.9390356e+00]	 1.1975002e-01
  82	 1.9814314e+00	 1.4491942e-01	 2.0099072e+00	 1.6115375e-01	[ 1.9455602e+00]	 1.2719393e-01
  83	 1.9843594e+00	 1.4454069e-01	 2.0127945e+00	 1.6083997e-01	[ 1.9496308e+00]	 1.1746120e-01
  84	 1.9913919e+00	 1.4412769e-01	 2.0199000e+00	 1.6062413e-01	[ 1.9570813e+00]	 1.1777782e-01
  85	 1.9977730e+00	 1.4415894e-01	 2.0263358e+00	 1.6084982e-01	[ 1.9658573e+00]	 1.1776519e-01
  86	 2.0040293e+00	 1.4542311e-01	 2.0326209e+00	 1.6221267e-01	[ 1.9740049e+00]	 1.1855817e-01
  87	 2.0094086e+00	 1.4563336e-01	 2.0379799e+00	 1.6247843e-01	[ 1.9787638e+00]	 1.2173605e-01
  88	 2.0165078e+00	 1.4546859e-01	 2.0451365e+00	 1.6236464e-01	[ 1.9864675e+00]	 1.2132502e-01
  89	 2.0216325e+00	 1.4582033e-01	 2.0502720e+00	 1.6266654e-01	[ 1.9912932e+00]	 1.2069702e-01
  90	 2.0265376e+00	 1.4554594e-01	 2.0551941e+00	 1.6241747e-01	[ 1.9972686e+00]	 1.2399483e-01
  91	 2.0314957e+00	 1.4501029e-01	 2.0601834e+00	 1.6192446e-01	[ 2.0028624e+00]	 1.1418319e-01
  92	 2.0368946e+00	 1.4470268e-01	 2.0656449e+00	 1.6172881e-01	[ 2.0065410e+00]	 1.1945605e-01
  93	 2.0433551e+00	 1.4362738e-01	 2.0721495e+00	 1.6083932e-01	[ 2.0109076e+00]	 1.2529325e-01
  94	 2.0478001e+00	 1.4363303e-01	 2.0766079e+00	 1.6094699e-01	[ 2.0126317e+00]	 1.2570500e-01
  95	 2.0513619e+00	 1.4356227e-01	 2.0801692e+00	 1.6093919e-01	[ 2.0147593e+00]	 1.2690496e-01
  96	 2.0565371e+00	 1.4340487e-01	 2.0853929e+00	 1.6090077e-01	[ 2.0182106e+00]	 1.2327790e-01
  97	 2.0603818e+00	 1.4334210e-01	 2.0892628e+00	 1.6113787e-01	[ 2.0200297e+00]	 1.1855984e-01
  98	 2.0654745e+00	 1.4342247e-01	 2.0943324e+00	 1.6123723e-01	[ 2.0266020e+00]	 1.2405610e-01
  99	 2.0675846e+00	 1.4328869e-01	 2.0964264e+00	 1.6117579e-01	[ 2.0292896e+00]	 1.1748600e-01
 100	 2.0709324e+00	 1.4298294e-01	 2.0998007e+00	 1.6112394e-01	[ 2.0309496e+00]	 1.1967683e-01
 101	 2.0758111e+00	 1.4312121e-01	 2.1046785e+00	 1.6176927e-01	[ 2.0312249e+00]	 1.2158799e-01
 102	 2.0791960e+00	 1.4312808e-01	 2.1080673e+00	 1.6227311e-01	  2.0310336e+00 	 1.2459421e-01
 103	 2.0820440e+00	 1.4325010e-01	 2.1108910e+00	 1.6247191e-01	[ 2.0323578e+00]	 1.1954093e-01
 104	 2.0841077e+00	 1.4329641e-01	 2.1129535e+00	 1.6259567e-01	[ 2.0340228e+00]	 1.2970114e-01
 105	 2.0867656e+00	 1.4313208e-01	 2.1156469e+00	 1.6255726e-01	[ 2.0361662e+00]	 1.2327433e-01
 106	 2.0908228e+00	 1.4286606e-01	 2.1197942e+00	 1.6258747e-01	[ 2.0418232e+00]	 1.1794186e-01
 107	 2.0949449e+00	 1.4239673e-01	 2.1239144e+00	 1.6226544e-01	[ 2.0459837e+00]	 1.1843991e-01
 108	 2.0976050e+00	 1.4208498e-01	 2.1265692e+00	 1.6204314e-01	[ 2.0491404e+00]	 1.1704779e-01
 109	 2.1007428e+00	 1.4198531e-01	 2.1297500e+00	 1.6209666e-01	[ 2.0513052e+00]	 1.2234592e-01
 110	 2.1027263e+00	 1.4243174e-01	 2.1318130e+00	 1.6284342e-01	[ 2.0516436e+00]	 1.1766815e-01
 111	 2.1058889e+00	 1.4258476e-01	 2.1349607e+00	 1.6302782e-01	[ 2.0542845e+00]	 1.2277985e-01
 112	 2.1082078e+00	 1.4303144e-01	 2.1372935e+00	 1.6355664e-01	[ 2.0553190e+00]	 1.1765885e-01
 113	 2.1099758e+00	 1.4328299e-01	 2.1390626e+00	 1.6386151e-01	[ 2.0564922e+00]	 1.2116575e-01
 114	 2.1140509e+00	 1.4353278e-01	 2.1431411e+00	 1.6422246e-01	[ 2.0589616e+00]	 1.1903501e-01
 115	 2.1149925e+00	 1.4396932e-01	 2.1440939e+00	 1.6489954e-01	  2.0573117e+00 	 1.2641096e-01
 116	 2.1193601e+00	 1.4340072e-01	 2.1484017e+00	 1.6424833e-01	[ 2.0630558e+00]	 1.2343502e-01
 117	 2.1207817e+00	 1.4308474e-01	 2.1498220e+00	 1.6394710e-01	[ 2.0641653e+00]	 1.2389088e-01
 118	 2.1229212e+00	 1.4285172e-01	 2.1519710e+00	 1.6376845e-01	[ 2.0652052e+00]	 1.1799693e-01
 119	 2.1256311e+00	 1.4270672e-01	 2.1546984e+00	 1.6369089e-01	  2.0649919e+00 	 1.1724401e-01
 120	 2.1285819e+00	 1.4352571e-01	 2.1576512e+00	 1.6458037e-01	[ 2.0652225e+00]	 1.1865211e-01
 121	 2.1310181e+00	 1.4421192e-01	 2.1600915e+00	 1.6530218e-01	  2.0651642e+00 	 1.2203074e-01
 122	 2.1328233e+00	 1.4487402e-01	 2.1619083e+00	 1.6592849e-01	[ 2.0660240e+00]	 1.3126993e-01
 123	 2.1344481e+00	 1.4493743e-01	 2.1635415e+00	 1.6596925e-01	[ 2.0681372e+00]	 1.2206793e-01
 124	 2.1360324e+00	 1.4460903e-01	 2.1651314e+00	 1.6555993e-01	[ 2.0712498e+00]	 1.1535525e-01
 125	 2.1382809e+00	 1.4441095e-01	 2.1673862e+00	 1.6530725e-01	[ 2.0753330e+00]	 1.1990404e-01
 126	 2.1406258e+00	 1.4410037e-01	 2.1697312e+00	 1.6491863e-01	[ 2.0782116e+00]	 1.1545515e-01
 127	 2.1422793e+00	 1.4411569e-01	 2.1713885e+00	 1.6493601e-01	[ 2.0795159e+00]	 1.2750316e-01
 128	 2.1444969e+00	 1.4417755e-01	 2.1736344e+00	 1.6502852e-01	[ 2.0800097e+00]	 1.3207722e-01
 129	 2.1468043e+00	 1.4386579e-01	 2.1759682e+00	 1.6473584e-01	[ 2.0823469e+00]	 1.2218809e-01
 130	 2.1493646e+00	 1.4378081e-01	 2.1785434e+00	 1.6470275e-01	[ 2.0836005e+00]	 1.1857104e-01
 131	 2.1509341e+00	 1.4347021e-01	 2.1801115e+00	 1.6442117e-01	[ 2.0850056e+00]	 1.2000084e-01
 132	 2.1524203e+00	 1.4335307e-01	 2.1816013e+00	 1.6431949e-01	[ 2.0874753e+00]	 1.1770821e-01
 133	 2.1548516e+00	 1.4323880e-01	 2.1840382e+00	 1.6431172e-01	[ 2.0896663e+00]	 1.2606597e-01
 134	 2.1570323e+00	 1.4343037e-01	 2.1862282e+00	 1.6456706e-01	[ 2.0927120e+00]	 1.3834596e-01
 135	 2.1585008e+00	 1.4365922e-01	 2.1876883e+00	 1.6484762e-01	[ 2.0943539e+00]	 1.2352777e-01
 136	 2.1600616e+00	 1.4367129e-01	 2.1892451e+00	 1.6491872e-01	[ 2.0945144e+00]	 1.2043524e-01
 137	 2.1616749e+00	 1.4362088e-01	 2.1908643e+00	 1.6497323e-01	[ 2.0954965e+00]	 1.2252712e-01
 138	 2.1635992e+00	 1.4330912e-01	 2.1927930e+00	 1.6471142e-01	[ 2.0956348e+00]	 1.1804199e-01
 139	 2.1666013e+00	 1.4248712e-01	 2.1957914e+00	 1.6396422e-01	[ 2.0977434e+00]	 1.1981702e-01
 140	 2.1684443e+00	 1.4219793e-01	 2.1976455e+00	 1.6368965e-01	  2.0976380e+00 	 1.1464810e-01
 141	 2.1701189e+00	 1.4217312e-01	 2.1993050e+00	 1.6365523e-01	[ 2.1002300e+00]	 1.1388111e-01
 142	 2.1719253e+00	 1.4211328e-01	 2.2011138e+00	 1.6360123e-01	[ 2.1026494e+00]	 1.2778687e-01
 143	 2.1734519e+00	 1.4202681e-01	 2.2026542e+00	 1.6353089e-01	[ 2.1033710e+00]	 1.2950230e-01
 144	 2.1753099e+00	 1.4170377e-01	 2.2045446e+00	 1.6328280e-01	  2.1024640e+00 	 1.2199187e-01
 145	 2.1771399e+00	 1.4171612e-01	 2.2063710e+00	 1.6335259e-01	[ 2.1041039e+00]	 1.1741900e-01
 146	 2.1781859e+00	 1.4176224e-01	 2.2074091e+00	 1.6342178e-01	[ 2.1047744e+00]	 1.2403584e-01
 147	 2.1797201e+00	 1.4179927e-01	 2.2089567e+00	 1.6349832e-01	[ 2.1051944e+00]	 1.2395597e-01
 148	 2.1811233e+00	 1.4215489e-01	 2.2104044e+00	 1.6389972e-01	  2.1038806e+00 	 1.2326574e-01
 149	 2.1828516e+00	 1.4225773e-01	 2.2121275e+00	 1.6398628e-01	[ 2.1055240e+00]	 1.1935472e-01
 150	 2.1837706e+00	 1.4238533e-01	 2.2130473e+00	 1.6410443e-01	[ 2.1062026e+00]	 1.2130308e-01
 151	 2.1846798e+00	 1.4248275e-01	 2.2139570e+00	 1.6419971e-01	[ 2.1067332e+00]	 1.1483097e-01
 152	 2.1868544e+00	 1.4272556e-01	 2.2161557e+00	 1.6443244e-01	  2.1067182e+00 	 1.1415982e-01
 153	 2.1881405e+00	 1.4280963e-01	 2.2174717e+00	 1.6453398e-01	[ 2.1079850e+00]	 2.4153399e-01
 154	 2.1900276e+00	 1.4288412e-01	 2.2193791e+00	 1.6460695e-01	[ 2.1080677e+00]	 1.2440205e-01
 155	 2.1920195e+00	 1.4282182e-01	 2.2214018e+00	 1.6453552e-01	[ 2.1088341e+00]	 1.1828685e-01
 156	 2.1936175e+00	 1.4258438e-01	 2.2230138e+00	 1.6427754e-01	[ 2.1104389e+00]	 1.2228894e-01
 157	 2.1947022e+00	 1.4210589e-01	 2.2241188e+00	 1.6364016e-01	[ 2.1124158e+00]	 1.1843204e-01
 158	 2.1968089e+00	 1.4203727e-01	 2.2262026e+00	 1.6357777e-01	[ 2.1155543e+00]	 1.1893892e-01
 159	 2.1977455e+00	 1.4201177e-01	 2.2271124e+00	 1.6353604e-01	[ 2.1170061e+00]	 1.2526202e-01
 160	 2.1991922e+00	 1.4190802e-01	 2.2285360e+00	 1.6335718e-01	[ 2.1192546e+00]	 1.2309790e-01
 161	 2.2008626e+00	 1.4158799e-01	 2.2302114e+00	 1.6289548e-01	[ 2.1211761e+00]	 1.1982107e-01
 162	 2.2024015e+00	 1.4151274e-01	 2.2317723e+00	 1.6264816e-01	[ 2.1230901e+00]	 1.2316012e-01
 163	 2.2035169e+00	 1.4141097e-01	 2.2329137e+00	 1.6248422e-01	[ 2.1243772e+00]	 1.1858892e-01
 164	 2.2047071e+00	 1.4121576e-01	 2.2341343e+00	 1.6223458e-01	[ 2.1253974e+00]	 1.2302804e-01
 165	 2.2058175e+00	 1.4096187e-01	 2.2352622e+00	 1.6194170e-01	[ 2.1266814e+00]	 1.2074327e-01
 166	 2.2076922e+00	 1.4058524e-01	 2.2371411e+00	 1.6152356e-01	[ 2.1277333e+00]	 1.2198329e-01
 167	 2.2094313e+00	 1.3995507e-01	 2.2388690e+00	 1.6082937e-01	[ 2.1286776e+00]	 1.1762285e-01
 168	 2.2108134e+00	 1.3980049e-01	 2.2402298e+00	 1.6066671e-01	[ 2.1288490e+00]	 1.1981702e-01
 169	 2.2124330e+00	 1.3986812e-01	 2.2418489e+00	 1.6070310e-01	  2.1264981e+00 	 1.3020921e-01
 170	 2.2133861e+00	 1.3973120e-01	 2.2428289e+00	 1.6052531e-01	  2.1257137e+00 	 1.2489080e-01
 171	 2.2144240e+00	 1.3974280e-01	 2.2438774e+00	 1.6051499e-01	  2.1256159e+00 	 1.2747812e-01
 172	 2.2154959e+00	 1.3977986e-01	 2.2449710e+00	 1.6048047e-01	  2.1254870e+00 	 1.1885500e-01
 173	 2.2164015e+00	 1.3977114e-01	 2.2458715e+00	 1.6042807e-01	  2.1257528e+00 	 1.2790895e-01
 174	 2.2177177e+00	 1.3986636e-01	 2.2471831e+00	 1.6043643e-01	  2.1257535e+00 	 1.3281488e-01
 175	 2.2191154e+00	 1.3986992e-01	 2.2485665e+00	 1.6045900e-01	  2.1260708e+00 	 1.2529731e-01
 176	 2.2200508e+00	 1.3987042e-01	 2.2494968e+00	 1.6051179e-01	  2.1262618e+00 	 1.2010694e-01
 177	 2.2214906e+00	 1.3976142e-01	 2.2509794e+00	 1.6048551e-01	  2.1252796e+00 	 1.3242388e-01
 178	 2.2222168e+00	 1.3941414e-01	 2.2517631e+00	 1.6020062e-01	  2.1219018e+00 	 1.1858010e-01
 179	 2.2231937e+00	 1.3935441e-01	 2.2527284e+00	 1.6013288e-01	  2.1238421e+00 	 1.2139130e-01
 180	 2.2240206e+00	 1.3911722e-01	 2.2535615e+00	 1.5990167e-01	  2.1244117e+00 	 1.2129784e-01
 181	 2.2249611e+00	 1.3878805e-01	 2.2545035e+00	 1.5960172e-01	  2.1240235e+00 	 1.1717725e-01
 182	 2.2266582e+00	 1.3833039e-01	 2.2561967e+00	 1.5919545e-01	  2.1217793e+00 	 1.2299228e-01
 183	 2.2273127e+00	 1.3815758e-01	 2.2568489e+00	 1.5899021e-01	  2.1202248e+00 	 2.5143194e-01
 184	 2.2286112e+00	 1.3791500e-01	 2.2581364e+00	 1.5876787e-01	  2.1182066e+00 	 1.1811185e-01
 185	 2.2294845e+00	 1.3788042e-01	 2.2590066e+00	 1.5870225e-01	  2.1175201e+00 	 1.3097811e-01
 186	 2.2305777e+00	 1.3790953e-01	 2.2601049e+00	 1.5866942e-01	  2.1178006e+00 	 1.2201595e-01
 187	 2.2315309e+00	 1.3792697e-01	 2.2610664e+00	 1.5864450e-01	  2.1180184e+00 	 1.1768699e-01
 188	 2.2323521e+00	 1.3795128e-01	 2.2618851e+00	 1.5864640e-01	  2.1194760e+00 	 1.1817908e-01
 189	 2.2331670e+00	 1.3791106e-01	 2.2626955e+00	 1.5860593e-01	  2.1204733e+00 	 1.1909294e-01
 190	 2.2338385e+00	 1.3788297e-01	 2.2633588e+00	 1.5859023e-01	  2.1207834e+00 	 1.1785889e-01
 191	 2.2348795e+00	 1.3782934e-01	 2.2643925e+00	 1.5854311e-01	  2.1198792e+00 	 1.2096691e-01
 192	 2.2358493e+00	 1.3797613e-01	 2.2653791e+00	 1.5864818e-01	  2.1184784e+00 	 1.2953401e-01
 193	 2.2368935e+00	 1.3794440e-01	 2.2664267e+00	 1.5859162e-01	  2.1181729e+00 	 1.1983395e-01
 194	 2.2375520e+00	 1.3801300e-01	 2.2670970e+00	 1.5861816e-01	  2.1184383e+00 	 1.1914897e-01
 195	 2.2382562e+00	 1.3816630e-01	 2.2678179e+00	 1.5872968e-01	  2.1194856e+00 	 1.2697911e-01
 196	 2.2388389e+00	 1.3835937e-01	 2.2684244e+00	 1.5880719e-01	  2.1198587e+00 	 1.1832094e-01
 197	 2.2395325e+00	 1.3841442e-01	 2.2691113e+00	 1.5885970e-01	  2.1212385e+00 	 1.2418103e-01
 198	 2.2400199e+00	 1.3838452e-01	 2.2695898e+00	 1.5881904e-01	  2.1218064e+00 	 1.2310195e-01
 199	 2.2405936e+00	 1.3829009e-01	 2.2701585e+00	 1.5868214e-01	  2.1220779e+00 	 1.1964297e-01
 200	 2.2415971e+00	 1.3806048e-01	 2.2711682e+00	 1.5831748e-01	  2.1213000e+00 	 1.1643386e-01
Inserting handle into data store.  model_inform_GPz: inprogress_invz=0.6_gpz.pkl, inform_GPz
Stage complete: GPzInformer @ 2024-08-09 14:03:09.374281 took 0.43 minutes
