Executing stage: GPzInformer @ 2024-06-17 17:34:32.712863
Inserting handle into data store.  output_col_remapper_1: ./output_col_remapper_1.pq, inform_GPz
ngal: 57704
training model...
Iter	 logML/n 		 Train RMSE		 Train RMSE/n		 Valid RMSE		 Valid MLL		 Time    
   1	 8.7275652e-01	 9.9483519e-02	 8.8555340e-01	 9.9732877e-02	[ 8.9088273e-01]	 8.9175987e-01
   2	 8.8044236e-01	 9.1766191e-02	 8.9056276e-01	 9.2159079e-02	[ 9.0428521e-01]	 8.9250803e-01
   3	 9.4738007e-01	 9.0126066e-02	 9.5633427e-01	 9.0770082e-02	[ 9.6183953e-01]	 4.5332789e-01
   4	 9.9439069e-01	 8.9142161e-02	 1.0029704e+00	 9.0719039e-02	[ 1.0021701e+00]	 4.5077515e-01
   5	 1.0098454e+00	 8.9116822e-02	 1.0178038e+00	 8.9848053e-02	[ 1.0214175e+00]	 4.3798113e-01
   6	 1.0185523e+00	 8.8355858e-02	 1.0264000e+00	 8.8387927e-02	[ 1.0359030e+00]	 4.5202398e-01
   7	 1.0225531e+00	 8.8044815e-02	 1.0306381e+00	 8.8382779e-02	[ 1.0373796e+00]	 4.5420289e-01
   8	 1.0260684e+00	 8.7682733e-02	 1.0345520e+00	 8.8123480e-02	[ 1.0414165e+00]	 4.5798707e-01
   9	 1.0312937e+00	 8.6996070e-02	 1.0400168e+00	 8.7973006e-02	[ 1.0453150e+00]	 4.6060014e-01
  10	 1.0363097e+00	 8.6576904e-02	 1.0453171e+00	 8.7494124e-02	[ 1.0515033e+00]	 4.6237373e-01
  11	 1.0432980e+00	 8.5992114e-02	 1.0524879e+00	 8.6766161e-02	[ 1.0602461e+00]	 4.5595598e-01
  12	 1.0506223e+00	 8.5378491e-02	 1.0598585e+00	 8.5986220e-02	[ 1.0691448e+00]	 4.5396829e-01
  13	 1.0629867e+00	 8.4336942e-02	 1.0721238e+00	 8.5304631e-02	[ 1.0822597e+00]	 4.6382213e-01
  14	 1.0717451e+00	 8.3676881e-02	 1.0805883e+00	 8.5111042e-02	[ 1.0905001e+00]	 4.5523596e-01
  15	 1.0789489e+00	 8.3259659e-02	 1.0876714e+00	 8.4842098e-02	[ 1.0971272e+00]	 4.5640802e-01
  16	 1.0948324e+00	 8.2397185e-02	 1.1034691e+00	 8.2936261e-02	[ 1.1165216e+00]	 4.5966101e-01
  17	 1.1165828e+00	 8.1460576e-02	 1.1253117e+00	 8.0826364e-02	[ 1.1397197e+00]	 4.6692085e-01
  18	 1.1279448e+00	 8.0760756e-02	 1.1367770e+00	 8.0560673e-02	[ 1.1512635e+00]	 4.5298004e-01
  19	 1.1404971e+00	 8.0199212e-02	 1.1494658e+00	 7.9777283e-02	[ 1.1663730e+00]	 4.5542097e-01
  20	 1.1547807e+00	 7.9646864e-02	 1.1640190e+00	 7.7675407e-02	[ 1.1856644e+00]	 4.5767212e-01
  21	 1.1781290e+00	 7.7852113e-02	 1.1872948e+00	 7.6246918e-02	[ 1.2070606e+00]	 4.5974803e-01
  22	 1.1971401e+00	 7.6405143e-02	 1.2063824e+00	 7.4758187e-02	[ 1.2269982e+00]	 4.6220303e-01
  23	 1.2233966e+00	 7.4983367e-02	 1.2327496e+00	 7.3524573e-02	[ 1.2515336e+00]	 4.5770288e-01
  24	 1.2383491e+00	 7.3721382e-02	 1.2478876e+00	 7.2148323e-02	[ 1.2692042e+00]	 9.1131234e-01
  25	 1.2551064e+00	 7.3037882e-02	 1.2645940e+00	 7.1684800e-02	[ 1.2834234e+00]	 4.6087122e-01
  26	 1.2803478e+00	 7.2076928e-02	 1.2898137e+00	 7.1057659e-02	[ 1.3071284e+00]	 4.6470189e-01
  27	 1.3021560e+00	 7.1179166e-02	 1.3116351e+00	 7.0255323e-02	[ 1.3276941e+00]	 4.7343206e-01
  28	 1.3247903e+00	 7.0207671e-02	 1.3343621e+00	 6.9882960e-02	[ 1.3492359e+00]	 4.6778321e-01
  29	 1.3417894e+00	 6.9350884e-02	 1.3514288e+00	 6.8976122e-02	[ 1.3664244e+00]	 4.6261287e-01
  30	 1.3599170e+00	 6.8477147e-02	 1.3696427e+00	 6.7859194e-02	[ 1.3855375e+00]	 4.6327806e-01
  31	 1.3769648e+00	 6.7673536e-02	 1.3867952e+00	 6.7100723e-02	[ 1.4048385e+00]	 4.6380997e-01
  32	 1.3899667e+00	 6.7254417e-02	 1.3998030e+00	 6.6354041e-02	[ 1.4170901e+00]	 4.7085214e-01
  33	 1.3973111e+00	 6.7238239e-02	 1.4072641e+00	 6.6293290e-02	[ 1.4247153e+00]	 4.6702504e-01
  34	 1.4032198e+00	 6.6998547e-02	 1.4131010e+00	 6.5944643e-02	[ 1.4294985e+00]	 4.6226215e-01
  35	 1.4085623e+00	 6.6893747e-02	 1.4184351e+00	 6.5869685e-02	[ 1.4341452e+00]	 4.6692514e-01
  36	 1.4154399e+00	 6.6576068e-02	 1.4253117e+00	 6.5487089e-02	[ 1.4414638e+00]	 4.6304584e-01
  37	 1.4224070e+00	 6.6289190e-02	 1.4322901e+00	 6.5468305e-02	[ 1.4458354e+00]	 4.6770787e-01
  38	 1.4279349e+00	 6.5731690e-02	 1.4378691e+00	 6.4828542e-02	[ 1.4523492e+00]	 4.6565080e-01
  39	 1.4310608e+00	 6.5378009e-02	 1.4410112e+00	 6.4534959e-02	[ 1.4553002e+00]	 4.6444702e-01
  40	 1.4348735e+00	 6.5140883e-02	 1.4448462e+00	 6.4234250e-02	[ 1.4586204e+00]	 4.6556115e-01
  41	 1.4410432e+00	 6.5196108e-02	 1.4510270e+00	 6.4436908e-02	[ 1.4630419e+00]	 4.6230388e-01
  42	 1.4470950e+00	 6.4962054e-02	 1.4570968e+00	 6.3985144e-02	[ 1.4686929e+00]	 4.6605015e-01
  43	 1.4517621e+00	 6.4841225e-02	 1.4618041e+00	 6.3742982e-02	[ 1.4734421e+00]	 4.6684813e-01
  44	 1.4567422e+00	 6.4777633e-02	 1.4667905e+00	 6.3481557e-02	[ 1.4786664e+00]	 4.6562195e-01
  45	 1.4606322e+00	 6.4703561e-02	 1.4708224e+00	 6.3306300e-02	[ 1.4838117e+00]	 4.6387625e-01
  46	 1.4651799e+00	 6.4630194e-02	 1.4753266e+00	 6.3166158e-02	[ 1.4880433e+00]	 4.6330166e-01
  47	 1.4692088e+00	 6.4354671e-02	 1.4793476e+00	 6.2952912e-02	[ 1.4916181e+00]	 4.6808195e-01
  48	 1.4732848e+00	 6.4135532e-02	 1.4834397e+00	 6.2736374e-02	[ 1.4950803e+00]	 4.6555281e-01
  49	 1.4772450e+00	 6.4296569e-02	 1.4874842e+00	 6.3038326e-02	[ 1.4973023e+00]	 4.6446490e-01
  50	 1.4806786e+00	 6.3965021e-02	 1.4909083e+00	 6.2795428e-02	[ 1.4996508e+00]	 4.6027493e-01
  51	 1.4824169e+00	 6.3862990e-02	 1.4926602e+00	 6.2676321e-02	[ 1.5018070e+00]	 4.6074796e-01
  52	 1.4865172e+00	 6.3606567e-02	 1.4967846e+00	 6.2552032e-02	[ 1.5059054e+00]	 5.1735997e-01
  53	 1.4916512e+00	 6.3382760e-02	 1.5019640e+00	 6.2442988e-02	[ 1.5120601e+00]	 4.6477890e-01
  54	 1.4955396e+00	 6.3197307e-02	 1.5058311e+00	 6.2577644e-02	[ 1.5146969e+00]	 4.6305299e-01
  55	 1.4982151e+00	 6.3012440e-02	 1.5085128e+00	 6.2378747e-02	[ 1.5173085e+00]	 4.6220493e-01
  56	 1.5006141e+00	 6.2892047e-02	 1.5109237e+00	 6.2224807e-02	[ 1.5197210e+00]	 4.6620989e-01
  57	 1.5041690e+00	 6.2717436e-02	 1.5145307e+00	 6.2023684e-02	[ 1.5235456e+00]	 4.6424389e-01
  58	 1.5069770e+00	 6.2579680e-02	 1.5173038e+00	 6.1779778e-02	[ 1.5258926e+00]	 9.1698313e-01
  59	 1.5104468e+00	 6.2441139e-02	 1.5208579e+00	 6.1610002e-02	[ 1.5295634e+00]	 4.6438122e-01
  60	 1.5133274e+00	 6.2195574e-02	 1.5237854e+00	 6.1346191e-02	[ 1.5325689e+00]	 4.6077800e-01
  61	 1.5167640e+00	 6.1906303e-02	 1.5272594e+00	 6.1014182e-02	[ 1.5363482e+00]	 4.6607900e-01
  62	 1.5189914e+00	 6.1779366e-02	 1.5295031e+00	 6.0782781e-02	[ 1.5386778e+00]	 9.2001104e-01
  63	 1.5220034e+00	 6.1575784e-02	 1.5325121e+00	 6.0529253e-02	[ 1.5420082e+00]	 4.6120691e-01
  64	 1.5241365e+00	 6.1432809e-02	 1.5346528e+00	 6.0369716e-02	[ 1.5441364e+00]	 4.6299696e-01
  65	 1.5267875e+00	 6.1227133e-02	 1.5372967e+00	 6.0053237e-02	[ 1.5472312e+00]	 4.6518302e-01
  66	 1.5292370e+00	 6.1165798e-02	 1.5397629e+00	 5.9939232e-02	[ 1.5493700e+00]	 4.6279407e-01
  67	 1.5314901e+00	 6.1104138e-02	 1.5420377e+00	 5.9808639e-02	[ 1.5512222e+00]	 4.6112895e-01
  68	 1.5342490e+00	 6.1025976e-02	 1.5448094e+00	 5.9700640e-02	[ 1.5529753e+00]	 4.6536589e-01
  69	 1.5366992e+00	 6.1060368e-02	 1.5473444e+00	 5.9833443e-02	[ 1.5535901e+00]	 4.6404290e-01
  70	 1.5401724e+00	 6.0917859e-02	 1.5507741e+00	 5.9722767e-02	[ 1.5561258e+00]	 4.5676112e-01
  71	 1.5417693e+00	 6.0768406e-02	 1.5523543e+00	 5.9642158e-02	[ 1.5573755e+00]	 4.6945691e-01
  72	 1.5436066e+00	 6.0656342e-02	 1.5542113e+00	 5.9577465e-02	[ 1.5590786e+00]	 4.6531892e-01
  73	 1.5458488e+00	 6.0547745e-02	 1.5564452e+00	 5.9536534e-02	[ 1.5608082e+00]	 4.6765208e-01
  74	 1.5482231e+00	 6.0442377e-02	 1.5588734e+00	 5.9461053e-02	[ 1.5638615e+00]	 4.6004987e-01
  75	 1.5502949e+00	 6.0337953e-02	 1.5609626e+00	 5.9329385e-02	[ 1.5662443e+00]	 4.6411180e-01
  76	 1.5530676e+00	 6.0180229e-02	 1.5637658e+00	 5.9140905e-02	[ 1.5692495e+00]	 4.6693897e-01
  77	 1.5546627e+00	 6.0111439e-02	 1.5653331e+00	 5.9036209e-02	[ 1.5709740e+00]	 4.6827221e-01
  78	 1.5560790e+00	 6.0041409e-02	 1.5667566e+00	 5.8907556e-02	[ 1.5724052e+00]	 4.5982695e-01
  79	 1.5575468e+00	 5.9949168e-02	 1.5682272e+00	 5.8749935e-02	[ 1.5738408e+00]	 4.6361804e-01
  80	 1.5594520e+00	 5.9858642e-02	 1.5701547e+00	 5.8560223e-02	[ 1.5761232e+00]	 4.6732807e-01
  81	 1.5607194e+00	 5.9843662e-02	 1.5714127e+00	 5.8433394e-02	[ 1.5772849e+00]	 4.6634221e-01
  82	 1.5626724e+00	 5.9731428e-02	 1.5733787e+00	 5.8339386e-02	[ 1.5793680e+00]	 4.5757008e-01
  83	 1.5637867e+00	 5.9715583e-02	 1.5745020e+00	 5.8339427e-02	[ 1.5806172e+00]	 4.6551418e-01
  84	 1.5653930e+00	 5.9684161e-02	 1.5761252e+00	 5.8332831e-02	[ 1.5820782e+00]	 4.6498299e-01
  85	 1.5672703e+00	 5.9719419e-02	 1.5779848e+00	 5.8413806e-02	[ 1.5831849e+00]	 4.5727801e-01
  86	 1.5688448e+00	 5.9688291e-02	 1.5796130e+00	 5.8458428e-02	[ 1.5847728e+00]	 4.6275091e-01
  87	 1.5701746e+00	 5.9602194e-02	 1.5809249e+00	 5.8348043e-02	[ 1.5861068e+00]	 4.6725512e-01
  88	 1.5713187e+00	 5.9534874e-02	 1.5820527e+00	 5.8236692e-02	[ 1.5875952e+00]	 4.7435594e-01
  89	 1.5722709e+00	 5.9563660e-02	 1.5830062e+00	 5.8249902e-02	[ 1.5886492e+00]	 4.7463417e-01
  90	 1.5734947e+00	 5.9494613e-02	 1.5842273e+00	 5.8166344e-02	[ 1.5903299e+00]	 4.8982477e-01
  91	 1.5749240e+00	 5.9471174e-02	 1.5856723e+00	 5.8127178e-02	[ 1.5925098e+00]	 4.6369100e-01
  92	 1.5759347e+00	 5.9441174e-02	 1.5866940e+00	 5.8082462e-02	[ 1.5938791e+00]	 4.6383309e-01
  93	 1.5783238e+00	 5.9341093e-02	 1.5890881e+00	 5.7961453e-02	[ 1.5970278e+00]	 4.6207404e-01
  94	 1.5795394e+00	 5.9262761e-02	 1.5903468e+00	 5.7844014e-02	[ 1.5986803e+00]	 9.2405677e-01
  95	 1.5807087e+00	 5.9189175e-02	 1.5915065e+00	 5.7781710e-02	[ 1.5994975e+00]	 4.5794511e-01
  96	 1.5822579e+00	 5.9093143e-02	 1.5930533e+00	 5.7705157e-02	[ 1.6004613e+00]	 4.5908213e-01
  97	 1.5837428e+00	 5.9082491e-02	 1.5945295e+00	 5.7673672e-02	[ 1.6013721e+00]	 4.6210003e-01
  98	 1.5853359e+00	 5.9007677e-02	 1.5961337e+00	 5.7628096e-02	[ 1.6027506e+00]	 5.2432895e-01
  99	 1.5867059e+00	 5.8963133e-02	 1.5975293e+00	 5.7535520e-02	[ 1.6045969e+00]	 5.0761104e-01
 100	 1.5882411e+00	 5.8902848e-02	 1.5990632e+00	 5.7425462e-02	[ 1.6063759e+00]	 4.7117710e-01
 101	 1.5898102e+00	 5.8803096e-02	 1.6006484e+00	 5.7334978e-02	[ 1.6075615e+00]	 5.0211287e-01
 102	 1.5917403e+00	 5.8742555e-02	 1.6025617e+00	 5.7286047e-02	[ 1.6090696e+00]	 5.8627200e-01
 103	 1.5930056e+00	 5.8732522e-02	 1.6038273e+00	 5.7411693e-02	  1.6081603e+00 	 5.1050091e-01
 104	 1.5942266e+00	 5.8666691e-02	 1.6050444e+00	 5.7359245e-02	[ 1.6097508e+00]	 5.6357789e-01
 105	 1.5955584e+00	 5.8627594e-02	 1.6063856e+00	 5.7309429e-02	[ 1.6116971e+00]	 5.5763006e-01
 106	 1.5967645e+00	 5.8612062e-02	 1.6076010e+00	 5.7322714e-02	[ 1.6131001e+00]	 5.1027894e-01
 107	 1.5982140e+00	 5.8576049e-02	 1.6090808e+00	 5.7297231e-02	[ 1.6148316e+00]	 4.6293879e-01
 108	 1.5994058e+00	 5.8532137e-02	 1.6102651e+00	 5.7233150e-02	[ 1.6160215e+00]	 4.6635985e-01
 109	 1.6007512e+00	 5.8443632e-02	 1.6116248e+00	 5.7118206e-02	[ 1.6169762e+00]	 4.6539879e-01
 110	 1.6017673e+00	 5.8343450e-02	 1.6126167e+00	 5.6980837e-02	[ 1.6181610e+00]	 4.6576500e-01
 111	 1.6026780e+00	 5.8301048e-02	 1.6135130e+00	 5.6955537e-02	[ 1.6186471e+00]	 4.6245480e-01
 112	 1.6039180e+00	 5.8245713e-02	 1.6147565e+00	 5.6937570e-02	[ 1.6195245e+00]	 4.6083498e-01
 113	 1.6049716e+00	 5.8211449e-02	 1.6158070e+00	 5.6912458e-02	[ 1.6199443e+00]	 4.6541405e-01
 114	 1.6061105e+00	 5.8177129e-02	 1.6169493e+00	 5.6911201e-02	[ 1.6206406e+00]	 4.7482276e-01
 115	 1.6073176e+00	 5.8175891e-02	 1.6181900e+00	 5.6903609e-02	[ 1.6217235e+00]	 4.6512890e-01
 116	 1.6082280e+00	 5.8166111e-02	 1.6190963e+00	 5.6895107e-02	[ 1.6224954e+00]	 4.6684432e-01
 117	 1.6091725e+00	 5.8146169e-02	 1.6200435e+00	 5.6873934e-02	[ 1.6228366e+00]	 4.7003198e-01
 118	 1.6103466e+00	 5.8135590e-02	 1.6212217e+00	 5.6840735e-02	[ 1.6239191e+00]	 4.5918107e-01
 119	 1.6112648e+00	 5.8081004e-02	 1.6221579e+00	 5.6751812e-02	[ 1.6248405e+00]	 4.6000409e-01
 120	 1.6121972e+00	 5.8024507e-02	 1.6230994e+00	 5.6670007e-02	[ 1.6258289e+00]	 4.6358395e-01
 121	 1.6127918e+00	 5.8013863e-02	 1.6237056e+00	 5.6580716e-02	[ 1.6275659e+00]	 4.6213984e-01
 122	 1.6139175e+00	 5.7932382e-02	 1.6248212e+00	 5.6540621e-02	[ 1.6281948e+00]	 4.6201229e-01
 123	 1.6142797e+00	 5.7894880e-02	 1.6251779e+00	 5.6527718e-02	[ 1.6283259e+00]	 4.5937777e-01
 124	 1.6150073e+00	 5.7845947e-02	 1.6259028e+00	 5.6526879e-02	[ 1.6285257e+00]	 4.6057606e-01
 125	 1.6162118e+00	 5.7792126e-02	 1.6271171e+00	 5.6543380e-02	[ 1.6287871e+00]	 4.6779084e-01
 126	 1.6172992e+00	 5.7763471e-02	 1.6282015e+00	 5.6595272e-02	[ 1.6291452e+00]	 4.5873308e-01
 127	 1.6181145e+00	 5.7739439e-02	 1.6290116e+00	 5.6578938e-02	[ 1.6297441e+00]	 4.6197677e-01
 128	 1.6190737e+00	 5.7724808e-02	 1.6300025e+00	 5.6525631e-02	[ 1.6305817e+00]	 4.6970701e-01
 129	 1.6199353e+00	 5.7681135e-02	 1.6308462e+00	 5.6452537e-02	[ 1.6318068e+00]	 4.6851516e-01
 130	 1.6206742e+00	 5.7633306e-02	 1.6315771e+00	 5.6383286e-02	[ 1.6325408e+00]	 4.6406388e-01
 131	 1.6215686e+00	 5.7583568e-02	 1.6324762e+00	 5.6320072e-02	[ 1.6331554e+00]	 4.6569610e-01
 132	 1.6222577e+00	 5.7551576e-02	 1.6331741e+00	 5.6236554e-02	[ 1.6338096e+00]	 4.6489692e-01
 133	 1.6228683e+00	 5.7516061e-02	 1.6337901e+00	 5.6217245e-02	[ 1.6342767e+00]	 4.6560717e-01
 134	 1.6239393e+00	 5.7469596e-02	 1.6348747e+00	 5.6203214e-02	[ 1.6350424e+00]	 4.6487403e-01
 135	 1.6245595e+00	 5.7451874e-02	 1.6355039e+00	 5.6185253e-02	[ 1.6359101e+00]	 4.5651388e-01
 136	 1.6254088e+00	 5.7451648e-02	 1.6363502e+00	 5.6226207e-02	[ 1.6364663e+00]	 4.5909405e-01
 137	 1.6261684e+00	 5.7429091e-02	 1.6371127e+00	 5.6205490e-02	[ 1.6373054e+00]	 4.6597505e-01
 138	 1.6269722e+00	 5.7390382e-02	 1.6379095e+00	 5.6169502e-02	[ 1.6380932e+00]	 4.6607399e-01
 139	 1.6277010e+00	 5.7352431e-02	 1.6386419e+00	 5.6154473e-02	[ 1.6384283e+00]	 4.6922493e-01
 140	 1.6286407e+00	 5.7288426e-02	 1.6395899e+00	 5.6134331e-02	[ 1.6388970e+00]	 4.6187592e-01
 141	 1.6293729e+00	 5.7250685e-02	 1.6403346e+00	 5.6164032e-02	  1.6386478e+00 	 4.6592116e-01
 142	 1.6300658e+00	 5.7228078e-02	 1.6410228e+00	 5.6188596e-02	[ 1.6391863e+00]	 4.6615911e-01
 143	 1.6308550e+00	 5.7203846e-02	 1.6418144e+00	 5.6222758e-02	[ 1.6396377e+00]	 4.6420193e-01
 144	 1.6313148e+00	 5.7210746e-02	 1.6422585e+00	 5.6262405e-02	[ 1.6401472e+00]	 4.6522784e-01
 145	 1.6319334e+00	 5.7171273e-02	 1.6428821e+00	 5.6232793e-02	[ 1.6407515e+00]	 4.5992494e-01
 146	 1.6327376e+00	 5.7121667e-02	 1.6436932e+00	 5.6190250e-02	[ 1.6415701e+00]	 4.6440291e-01
 147	 1.6332275e+00	 5.7093081e-02	 1.6441827e+00	 5.6171159e-02	[ 1.6420614e+00]	 4.6096587e-01
 148	 1.6340560e+00	 5.7073813e-02	 1.6450293e+00	 5.6227535e-02	[ 1.6422718e+00]	 4.6146989e-01
 149	 1.6348319e+00	 5.7029660e-02	 1.6457886e+00	 5.6212815e-02	[ 1.6428485e+00]	 4.6476912e-01
 150	 1.6352308e+00	 5.7001566e-02	 1.6461901e+00	 5.6176157e-02	[ 1.6431293e+00]	 4.6067119e-01
 151	 1.6357713e+00	 5.6955507e-02	 1.6467355e+00	 5.6151851e-02	[ 1.6432280e+00]	 4.6761799e-01
 152	 1.6365045e+00	 5.6885368e-02	 1.6474771e+00	 5.6073914e-02	[ 1.6441806e+00]	 4.6408796e-01
 153	 1.6372490e+00	 5.6825433e-02	 1.6482271e+00	 5.6046210e-02	[ 1.6444887e+00]	 4.6740294e-01
 154	 1.6378457e+00	 5.6787787e-02	 1.6488226e+00	 5.6027551e-02	[ 1.6452916e+00]	 4.6135497e-01
 155	 1.6383817e+00	 5.6753362e-02	 1.6493600e+00	 5.5977909e-02	[ 1.6459403e+00]	 4.6575093e-01
 156	 1.6388826e+00	 5.6740959e-02	 1.6498595e+00	 5.5956216e-02	[ 1.6465837e+00]	 4.6198773e-01
 157	 1.6395800e+00	 5.6724363e-02	 1.6505586e+00	 5.5886284e-02	[ 1.6479182e+00]	 5.2909803e-01
 158	 1.6401079e+00	 5.6716770e-02	 1.6510781e+00	 5.5892936e-02	[ 1.6485523e+00]	 4.6234989e-01
 159	 1.6403987e+00	 5.6686773e-02	 1.6513726e+00	 5.5870163e-02	[ 1.6486654e+00]	 4.6373034e-01
 160	 1.6408039e+00	 5.6651105e-02	 1.6517840e+00	 5.5842687e-02	[ 1.6491058e+00]	 4.6771026e-01
 161	 1.6413868e+00	 5.6608003e-02	 1.6523747e+00	 5.5824293e-02	[ 1.6496792e+00]	 4.6355104e-01
 162	 1.6419056e+00	 5.6571275e-02	 1.6529040e+00	 5.5818090e-02	[ 1.6501369e+00]	 4.6208525e-01
 163	 1.6424919e+00	 5.6544659e-02	 1.6534870e+00	 5.5828825e-02	[ 1.6503976e+00]	 4.6512389e-01
 164	 1.6430401e+00	 5.6512997e-02	 1.6540389e+00	 5.5841752e-02	  1.6502407e+00 	 4.6310091e-01
 165	 1.6435838e+00	 5.6486397e-02	 1.6545789e+00	 5.5837816e-02	  1.6501014e+00 	 4.6314287e-01
 166	 1.6440572e+00	 5.6453770e-02	 1.6550549e+00	 5.5824631e-02	  1.6500304e+00 	 4.6365690e-01
 167	 1.6445407e+00	 5.6408283e-02	 1.6555441e+00	 5.5807372e-02	  1.6500905e+00 	 4.6567965e-01
 168	 1.6452536e+00	 5.6334191e-02	 1.6562666e+00	 5.5757157e-02	[ 1.6506737e+00]	 4.6428895e-01
 169	 1.6455340e+00	 5.6321992e-02	 1.6565464e+00	 5.5840600e-02	  1.6506250e+00 	 4.6534133e-01
 170	 1.6461789e+00	 5.6276697e-02	 1.6571952e+00	 5.5761594e-02	[ 1.6513492e+00]	 4.6607208e-01
 171	 1.6465069e+00	 5.6261226e-02	 1.6575230e+00	 5.5732177e-02	[ 1.6518417e+00]	 4.5936394e-01
 172	 1.6469582e+00	 5.6248328e-02	 1.6579763e+00	 5.5717854e-02	[ 1.6522252e+00]	 4.6384096e-01
 173	 1.6472362e+00	 5.6284578e-02	 1.6582566e+00	 5.5692768e-02	[ 1.6531284e+00]	 4.6122813e-01
 174	 1.6478704e+00	 5.6250084e-02	 1.6588906e+00	 5.5684579e-02	[ 1.6532114e+00]	 4.6100616e-01
 175	 1.6481931e+00	 5.6241054e-02	 1.6592157e+00	 5.5679895e-02	  1.6531941e+00 	 4.6101499e-01
 176	 1.6485123e+00	 5.6234067e-02	 1.6595384e+00	 5.5663026e-02	[ 1.6533349e+00]	 4.8433208e-01
 177	 1.6490623e+00	 5.6201793e-02	 1.6600942e+00	 5.5625156e-02	[ 1.6536659e+00]	 4.6628189e-01
 178	 1.6494408e+00	 5.6193267e-02	 1.6604803e+00	 5.5613198e-02	[ 1.6538198e+00]	 9.3317080e-01
 179	 1.6500056e+00	 5.6146460e-02	 1.6610491e+00	 5.5569730e-02	[ 1.6542578e+00]	 4.6395707e-01
 180	 1.6503264e+00	 5.6114722e-02	 1.6613732e+00	 5.5560018e-02	[ 1.6542901e+00]	 4.7296405e-01
 181	 1.6506863e+00	 5.6093384e-02	 1.6617336e+00	 5.5540604e-02	[ 1.6546683e+00]	 4.6632409e-01
 182	 1.6510052e+00	 5.6076389e-02	 1.6620551e+00	 5.5553278e-02	  1.6544055e+00 	 4.6910405e-01
 183	 1.6513288e+00	 5.6067258e-02	 1.6623774e+00	 5.5543536e-02	  1.6546223e+00 	 4.6859097e-01
 184	 1.6518135e+00	 5.6058490e-02	 1.6628645e+00	 5.5507465e-02	[ 1.6551444e+00]	 4.7016907e-01
 185	 1.6521451e+00	 5.6041695e-02	 1.6631925e+00	 5.5491806e-02	[ 1.6553691e+00]	 4.6219397e-01
 186	 1.6524476e+00	 5.6016403e-02	 1.6634958e+00	 5.5465450e-02	[ 1.6557341e+00]	 4.6996403e-01
 187	 1.6531551e+00	 5.5944042e-02	 1.6642095e+00	 5.5390606e-02	[ 1.6563863e+00]	 4.6553087e-01
 188	 1.6532502e+00	 5.5938986e-02	 1.6643049e+00	 5.5370587e-02	[ 1.6569876e+00]	 4.6932673e-01
 189	 1.6536789e+00	 5.5901422e-02	 1.6647346e+00	 5.5337881e-02	[ 1.6570511e+00]	 4.7046518e-01
 190	 1.6539570e+00	 5.5878606e-02	 1.6650141e+00	 5.5307262e-02	[ 1.6571169e+00]	 4.6228790e-01
 191	 1.6542310e+00	 5.5859544e-02	 1.6652894e+00	 5.5263034e-02	[ 1.6573746e+00]	 4.6779227e-01
 192	 1.6546059e+00	 5.5830549e-02	 1.6656670e+00	 5.5191289e-02	[ 1.6578950e+00]	 4.6355629e-01
 193	 1.6548522e+00	 5.5813193e-02	 1.6659123e+00	 5.5137616e-02	[ 1.6586280e+00]	 9.3734789e-01
 194	 1.6552859e+00	 5.5786792e-02	 1.6663493e+00	 5.5071917e-02	[ 1.6592090e+00]	 4.7325301e-01
 195	 1.6555888e+00	 5.5768772e-02	 1.6666539e+00	 5.5033530e-02	[ 1.6596435e+00]	 4.7285509e-01
 196	 1.6559555e+00	 5.5745773e-02	 1.6670228e+00	 5.5009356e-02	[ 1.6599886e+00]	 4.6860790e-01
 197	 1.6562462e+00	 5.5736115e-02	 1.6673078e+00	 5.4960549e-02	[ 1.6604874e+00]	 4.6294284e-01
 198	 1.6565766e+00	 5.5719068e-02	 1.6676368e+00	 5.4959005e-02	[ 1.6606091e+00]	 4.6139812e-01
 199	 1.6570181e+00	 5.5703070e-02	 1.6680747e+00	 5.4959490e-02	[ 1.6606621e+00]	 4.6478391e-01
 200	 1.6572587e+00	 5.5694821e-02	 1.6683148e+00	 5.4944764e-02	  1.6606536e+00 	 4.6872783e-01
Inserting handle into data store.  model_inform_GPz: inprogress_gpz.pkl, inform_GPz
Stage complete: GPzInformer @ 2024-06-17 17:36:10.684454 took 1.63 minutes
