Executing stage: GPzInformer @ 2024-08-29 13:12:14.051592
Inserting handle into data store.  output_col_remapper_1: ./output_col_remapper_1.pq, inform_GPz
ngal: 30953
training model...
Iter	 logML/n 		 Train RMSE		 Train RMSE/n		 Valid RMSE		 Valid MLL		 Time    
   1	-3.7885760e-01	 3.5257985e-01	-3.7093844e-01	 3.5548920e-01	[-3.6746488e-01]	 4.8391104e-01
   2	-2.3258878e-01	 2.6569622e-01	-2.0423755e-01	 2.6292389e-01	[-2.0048700e-01]	 4.0912199e-01
   3	-2.2377561e-01	 2.5756812e-01	-2.0083231e-01	 2.5510758e-01	[-1.9801087e-01]	 2.6442409e-01
   4	-1.4540951e-01	 2.5765192e-01	-1.1575890e-01	 2.5547612e-01	[-1.1038144e-01]	 1.3249421e-01
   5	-1.0590593e-01	 2.5829054e-01	-6.5483124e-02	 2.5895921e-01	[-5.2184194e-02]	 1.3716817e-01
   6	-7.8352447e-02	 2.5792868e-01	-5.3333279e-02	 2.6070104e-01	[-4.6206275e-02]	 1.3554883e-01
   7	-7.3782221e-02	 2.5901284e-01	-4.9691429e-02	 2.6315211e-01	[-4.2682506e-02]	 1.3703990e-01
   8	-6.1369667e-02	 2.6150883e-01	-3.9569264e-02	 2.7016846e-01	[-3.4294130e-02]	 1.4555717e-01
   9	-1.4250788e-02	 2.5241087e-01	 3.5386139e-03	 2.6872671e-01	[-2.9943951e-05]	 1.4030695e-01
  10	 8.3007572e-02	 2.3771140e-01	 9.9400334e-02	 2.5419144e-01	[ 9.1061437e-02]	 1.5489292e-01
  11	 1.5786852e-01	 2.3225618e-01	 1.7456438e-01	 2.4722726e-01	[ 1.6423688e-01]	 3.0535007e-01
  12	 2.4111651e-01	 2.3153240e-01	 2.5496968e-01	 2.3981409e-01	[ 2.3807845e-01]	 1.3647199e-01
  13	 3.1253504e-01	 2.3530457e-01	 3.2638763e-01	 2.4207315e-01	[ 3.0740652e-01]	 1.3920903e-01
  14	 3.5182729e-01	 2.3674774e-01	 3.6744712e-01	 2.4557179e-01	[ 3.4424968e-01]	 1.3831210e-01
  15	 3.5760726e-01	 2.3569470e-01	 3.7341139e-01	 2.4506369e-01	[ 3.5025894e-01]	 1.3254499e-01
  16	 3.7002920e-01	 2.3475254e-01	 3.8586658e-01	 2.4435608e-01	[ 3.6273638e-01]	 1.3099909e-01
  17	 4.7108550e-01	 2.3004155e-01	 4.8605726e-01	 2.3979798e-01	[ 4.6425989e-01]	 1.3786697e-01
  18	 5.6268072e-01	 2.3161999e-01	 5.7672160e-01	 2.4003912e-01	[ 5.6170985e-01]	 1.3430905e-01
  19	 5.8632950e-01	 2.3338211e-01	 6.0124005e-01	 2.4158321e-01	[ 5.8547815e-01]	 1.3311124e-01
  20	 5.9919692e-01	 2.3331058e-01	 6.1416424e-01	 2.4101912e-01	[ 6.0007456e-01]	 1.3431811e-01
  21	 6.7082993e-01	 2.3319877e-01	 6.8686363e-01	 2.3921609e-01	[ 6.7337933e-01]	 1.3469410e-01
  22	 7.1808649e-01	 2.3447429e-01	 7.3399211e-01	 2.3983275e-01	[ 7.1983586e-01]	 1.3581181e-01
  23	 7.3936408e-01	 2.3454463e-01	 7.5587271e-01	 2.3998118e-01	[ 7.3789006e-01]	 1.3521504e-01
  24	 7.4291769e-01	 2.3720141e-01	 7.5839994e-01	 2.4227395e-01	[ 7.4436003e-01]	 1.3433790e-01
  25	 7.4676293e-01	 2.3671490e-01	 7.6283473e-01	 2.4193215e-01	[ 7.4678648e-01]	 1.4382195e-01
  26	 7.4813852e-01	 2.3740632e-01	 7.6413350e-01	 2.4255985e-01	[ 7.4881086e-01]	 1.3822722e-01
  27	 7.4975847e-01	 2.4154866e-01	 7.6515413e-01	 2.4625011e-01	[ 7.5464302e-01]	 1.3236785e-01
  28	 7.5279716e-01	 2.4126886e-01	 7.6801991e-01	 2.4590377e-01	[ 7.5760840e-01]	 1.3610601e-01
  29	 7.5449999e-01	 2.4216512e-01	 7.6939931e-01	 2.4657661e-01	[ 7.6036997e-01]	 1.5270090e-01
  30	 7.5957779e-01	 2.4299705e-01	 7.7394896e-01	 2.4699096e-01	[ 7.6731180e-01]	 1.4676571e-01
  31	 7.6751457e-01	 2.4464414e-01	 7.8134170e-01	 2.4791651e-01	[ 7.7788073e-01]	 1.3340497e-01
  32	 7.7094014e-01	 2.5004327e-01	 7.8443057e-01	 2.5226631e-01	[ 7.8416450e-01]	 2.7769899e-01
  33	 7.8800504e-01	 2.4586959e-01	 8.0183582e-01	 2.4672574e-01	[ 8.0659445e-01]	 2.7562714e-01
  34	 8.1785618e-01	 2.4018994e-01	 8.3150445e-01	 2.4139752e-01	[ 8.3480140e-01]	 1.3279629e-01
  35	 8.5631852e-01	 2.3725513e-01	 8.7073897e-01	 2.4014003e-01	[ 8.6969849e-01]	 1.5327001e-01
  36	 8.8624845e-01	 2.3327280e-01	 9.0164718e-01	 2.3740439e-01	[ 8.9147089e-01]	 2.6949382e-01
  37	 8.8925791e-01	 2.4021275e-01	 9.0492422e-01	 2.4395943e-01	[ 9.0094991e-01]	 1.4141107e-01
  38	 8.9187303e-01	 2.3668978e-01	 9.0737466e-01	 2.4048681e-01	[ 9.0101295e-01]	 1.4730906e-01
  39	 8.9248853e-01	 2.3596334e-01	 9.0810339e-01	 2.3979837e-01	  9.0066890e-01 	 1.3138413e-01
  40	 8.9364331e-01	 2.3508370e-01	 9.0942079e-01	 2.3886752e-01	[ 9.0104345e-01]	 1.3237906e-01
  41	 9.0611145e-01	 2.3440051e-01	 9.2221374e-01	 2.3774481e-01	[ 9.1394412e-01]	 1.4236808e-01
  42	 9.4075956e-01	 2.3507266e-01	 9.5759886e-01	 2.3685078e-01	[ 9.4958034e-01]	 1.5821910e-01
  43	 9.6183133e-01	 2.3656361e-01	 9.7863107e-01	 2.3804205e-01	[ 9.7014093e-01]	 1.3099122e-01
  44	 9.7325271e-01	 2.3387760e-01	 9.8985992e-01	 2.3540188e-01	[ 9.7509572e-01]	 1.3365412e-01
  45	 9.7519230e-01	 2.3342912e-01	 9.9208815e-01	 2.3499701e-01	[ 9.7534595e-01]	 1.3540196e-01
  46	 9.7548140e-01	 2.3333869e-01	 9.9231742e-01	 2.3491676e-01	[ 9.7559391e-01]	 1.3533902e-01
  47	 9.7595173e-01	 2.3270626e-01	 9.9262870e-01	 2.3432547e-01	[ 9.7586279e-01]	 1.5252972e-01
  48	 9.7669365e-01	 2.3264507e-01	 9.9335013e-01	 2.3427859e-01	[ 9.7682758e-01]	 1.3303208e-01
  49	 9.7836955e-01	 2.3232438e-01	 9.9502708e-01	 2.3401070e-01	[ 9.7884577e-01]	 1.3034225e-01
  50	 9.8177277e-01	 2.3067027e-01	 9.9837150e-01	 2.3257928e-01	[ 9.8172137e-01]	 1.3368917e-01
  51	 9.8606900e-01	 2.3095991e-01	 1.0027582e+00	 2.3297839e-01	[ 9.8865762e-01]	 2.6929593e-01
  52	 9.9461080e-01	 2.2804150e-01	 1.0112570e+00	 2.3045364e-01	[ 9.9548258e-01]	 1.3083601e-01
  53	 1.0178337e+00	 2.2223588e-01	 1.0349092e+00	 2.2561651e-01	[ 1.0122831e+00]	 1.3309479e-01
  54	 1.0260983e+00	 2.2222706e-01	 1.0435937e+00	 2.2604671e-01	[ 1.0190536e+00]	 1.3173509e-01
  55	 1.0273988e+00	 2.2106211e-01	 1.0455217e+00	 2.2459685e-01	  1.0170838e+00 	 1.3196611e-01
  56	 1.0306679e+00	 2.2207416e-01	 1.0485777e+00	 2.2546936e-01	[ 1.0229135e+00]	 1.3444495e-01
  57	 1.0312536e+00	 2.2262640e-01	 1.0491153e+00	 2.2588195e-01	[ 1.0247957e+00]	 1.3212419e-01
  58	 1.0314879e+00	 2.2307719e-01	 1.0492875e+00	 2.2620929e-01	[ 1.0261598e+00]	 1.3284612e-01
  59	 1.0316632e+00	 2.2330816e-01	 1.0492328e+00	 2.2646187e-01	[ 1.0278042e+00]	 2.6647687e-01
  60	 1.0399164e+00	 2.2299322e-01	 1.0573351e+00	 2.2580161e-01	[ 1.0399401e+00]	 2.6961398e-01
  61	 1.0473316e+00	 2.2189126e-01	 1.0645589e+00	 2.2439212e-01	[ 1.0519090e+00]	 2.6453400e-01
  62	 1.0663791e+00	 2.1858290e-01	 1.0836976e+00	 2.2074672e-01	[ 1.0760199e+00]	 1.3421822e-01
  63	 1.0778275e+00	 2.1637183e-01	 1.0960900e+00	 2.1836326e-01	[ 1.0900252e+00]	 1.3299417e-01
  64	 1.0785510e+00	 2.1668840e-01	 1.0966174e+00	 2.1864058e-01	[ 1.0916806e+00]	 1.3373590e-01
  65	 1.0787420e+00	 2.1676874e-01	 1.0967617e+00	 2.1875396e-01	  1.0914885e+00 	 1.3420796e-01
  66	 1.0788238e+00	 2.1681715e-01	 1.0968487e+00	 2.1878744e-01	[ 1.0917929e+00]	 1.3284397e-01
  67	 1.0788760e+00	 2.1652692e-01	 1.0967445e+00	 2.1848704e-01	  1.0917678e+00 	 2.6297379e-01
  68	 1.0794450e+00	 2.1682412e-01	 1.0972716e+00	 2.1871360e-01	[ 1.0935015e+00]	 1.3640666e-01
  69	 1.0822662e+00	 2.1729003e-01	 1.1001456e+00	 2.1924100e-01	[ 1.0986272e+00]	 1.3380408e-01
  70	 1.0934102e+00	 2.1607204e-01	 1.1110149e+00	 2.1766089e-01	[ 1.1103753e+00]	 2.6673174e-01
  71	 1.1040963e+00	 2.1510772e-01	 1.1218462e+00	 2.1629329e-01	[ 1.1192362e+00]	 1.3398004e-01
  72	 1.1075636e+00	 2.1473274e-01	 1.1265115e+00	 2.1568241e-01	[ 1.1207645e+00]	 1.3309407e-01
  73	 1.1091614e+00	 2.1483515e-01	 1.1280162e+00	 2.1587834e-01	[ 1.1210931e+00]	 1.3318300e-01
  74	 1.1098757e+00	 2.1481899e-01	 1.1288813e+00	 2.1596696e-01	  1.1207359e+00 	 1.3549185e-01
  75	 1.1101251e+00	 2.1493774e-01	 1.1291909e+00	 2.1609666e-01	[ 1.1211975e+00]	 2.6844501e-01
  76	 1.1105959e+00	 2.1494924e-01	 1.1297886e+00	 2.1619215e-01	  1.1205403e+00 	 1.3117886e-01
  77	 1.1108472e+00	 2.1500961e-01	 1.1301179e+00	 2.1623455e-01	  1.1208457e+00 	 1.3232923e-01
  78	 1.1109487e+00	 2.1504514e-01	 1.1302525e+00	 2.1624840e-01	  1.1211165e+00 	 1.3426113e-01
  79	 1.1111036e+00	 2.1508033e-01	 1.1304277e+00	 2.1625627e-01	[ 1.1214676e+00]	 1.3267398e-01
  80	 1.1116183e+00	 2.1514658e-01	 1.1309858e+00	 2.1624879e-01	[ 1.1224337e+00]	 1.3472390e-01
  81	 1.1127426e+00	 2.1521852e-01	 1.1322095e+00	 2.1617796e-01	[ 1.1243056e+00]	 1.3117218e-01
  82	 1.1143725e+00	 2.1551383e-01	 1.1333111e+00	 2.1623936e-01	[ 1.1272365e+00]	 1.7859888e-01
  83	 1.1167551e+00	 2.1546124e-01	 1.1359993e+00	 2.1585124e-01	[ 1.1318908e+00]	 1.3191700e-01
  84	 1.1187860e+00	 2.1518808e-01	 1.1377082e+00	 2.1555162e-01	[ 1.1341400e+00]	 1.3219309e-01
  85	 1.1198964e+00	 2.1526981e-01	 1.1384220e+00	 2.1578506e-01	  1.1338782e+00 	 1.3505673e-01
  86	 1.1200326e+00	 2.1509350e-01	 1.1385295e+00	 2.1557031e-01	  1.1340444e+00 	 2.6350212e-01
  87	 1.1206071e+00	 2.1503762e-01	 1.1390504e+00	 2.1544181e-01	[ 1.1350137e+00]	 1.3239002e-01
  88	 1.1221485e+00	 2.1492768e-01	 1.1404507e+00	 2.1503542e-01	[ 1.1374805e+00]	 1.3315701e-01
  89	 1.1230604e+00	 2.1491550e-01	 1.1414065e+00	 2.1492582e-01	[ 1.1380190e+00]	 1.3333011e-01
  90	 1.1257951e+00	 2.1495388e-01	 1.1446777e+00	 2.1482323e-01	  1.1379765e+00 	 1.3347816e-01
  91	 1.1265539e+00	 2.1505429e-01	 1.1457316e+00	 2.1482236e-01	  1.1376151e+00 	 1.3217902e-01
  92	 1.1275266e+00	 2.1483739e-01	 1.1473407e+00	 2.1468093e-01	  1.1370721e+00 	 1.3293409e-01
  93	 1.1278269e+00	 2.1479573e-01	 1.1474070e+00	 2.1465610e-01	  1.1379846e+00 	 1.3308001e-01
  94	 1.1283943e+00	 2.1468171e-01	 1.1478436e+00	 2.1453701e-01	[ 1.1394120e+00]	 1.3295603e-01
  95	 1.1291511e+00	 2.1452505e-01	 1.1486145e+00	 2.1432290e-01	[ 1.1411188e+00]	 1.3323593e-01
  96	 1.1298423e+00	 2.1443166e-01	 1.1494248e+00	 2.1416415e-01	[ 1.1421269e+00]	 1.3155007e-01
  97	 1.1301062e+00	 2.1449632e-01	 1.1498945e+00	 2.1421607e-01	[ 1.1425476e+00]	 2.6316595e-01
  98	 1.1311670e+00	 2.1441465e-01	 1.1511490e+00	 2.1407178e-01	[ 1.1434842e+00]	 1.3378096e-01
  99	 1.1334235e+00	 2.1440421e-01	 1.1539481e+00	 2.1399348e-01	[ 1.1454849e+00]	 1.3297677e-01
 100	 1.1369739e+00	 2.1459170e-01	 1.1584591e+00	 2.1416412e-01	[ 1.1489688e+00]	 1.3166308e-01
 101	 1.1408779e+00	 2.1498542e-01	 1.1634503e+00	 2.1463750e-01	[ 1.1531187e+00]	 1.3150620e-01
 102	 1.1434232e+00	 2.1532622e-01	 1.1670020e+00	 2.1487602e-01	[ 1.1550473e+00]	 1.3124824e-01
 103	 1.1436832e+00	 2.1534544e-01	 1.1673330e+00	 2.1497213e-01	[ 1.1551117e+00]	 2.6480603e-01
 104	 1.1454259e+00	 2.1546322e-01	 1.1686620e+00	 2.1528161e-01	[ 1.1564072e+00]	 1.3354707e-01
 105	 1.1464711e+00	 2.1556932e-01	 1.1690671e+00	 2.1552089e-01	[ 1.1570007e+00]	 1.3216615e-01
 106	 1.1475744e+00	 2.1571169e-01	 1.1696806e+00	 2.1574552e-01	[ 1.1575797e+00]	 1.3504219e-01
 107	 1.1500000e+00	 2.1616484e-01	 1.1715875e+00	 2.1631844e-01	[ 1.1584811e+00]	 1.3270092e-01
 108	 1.1501438e+00	 2.1622060e-01	 1.1718437e+00	 2.1634789e-01	[ 1.1587103e+00]	 3.9874625e-01
 109	 1.1526286e+00	 2.1669421e-01	 1.1743211e+00	 2.1687415e-01	[ 1.1593818e+00]	 1.3076091e-01
 110	 1.1544528e+00	 2.1696991e-01	 1.1768765e+00	 2.1716617e-01	[ 1.1599757e+00]	 1.3173079e-01
 111	 1.1547705e+00	 2.1695331e-01	 1.1774391e+00	 2.1709655e-01	[ 1.1602424e+00]	 1.3483000e-01
 112	 1.1548765e+00	 2.1690921e-01	 1.1775612e+00	 2.1701112e-01	[ 1.1604118e+00]	 1.3466811e-01
 113	 1.1554786e+00	 2.1673333e-01	 1.1788380e+00	 2.1676841e-01	[ 1.1617603e+00]	 1.3092303e-01
 114	 1.1560226e+00	 2.1660083e-01	 1.1790906e+00	 2.1653295e-01	[ 1.1626607e+00]	 1.3197184e-01
 115	 1.1580780e+00	 2.1633311e-01	 1.1805082e+00	 2.1606396e-01	[ 1.1659823e+00]	 1.3307428e-01
 116	 1.1630738e+00	 2.1601475e-01	 1.1846294e+00	 2.1545541e-01	[ 1.1738111e+00]	 1.3586020e-01
 117	 1.1718650e+00	 2.1599249e-01	 1.1927083e+00	 2.1521240e-01	[ 1.1864343e+00]	 1.3429928e-01
 118	 1.1838156e+00	 2.1740259e-01	 1.2048933e+00	 2.1672347e-01	[ 1.2002279e+00]	 1.3513422e-01
 119	 1.1864897e+00	 2.1916626e-01	 1.2083336e+00	 2.1863237e-01	[ 1.2025555e+00]	 2.6576400e-01
 120	 1.1886431e+00	 2.1971022e-01	 1.2107500e+00	 2.1941929e-01	[ 1.2046827e+00]	 1.3320088e-01
 121	 1.1886643e+00	 2.1940443e-01	 1.2105480e+00	 2.1911535e-01	[ 1.2050470e+00]	 1.3319898e-01
 122	 1.1887021e+00	 2.1931354e-01	 1.2105565e+00	 2.1903743e-01	[ 1.2052677e+00]	 2.6893115e-01
 123	 1.1887394e+00	 2.1907526e-01	 1.2105889e+00	 2.1885248e-01	[ 1.2059078e+00]	 1.3152003e-01
 124	 1.1892913e+00	 2.1914041e-01	 1.2113217e+00	 2.1898637e-01	[ 1.2066538e+00]	 2.6800323e-01
 125	 1.1907313e+00	 2.1919818e-01	 1.2132035e+00	 2.1914040e-01	[ 1.2080265e+00]	 1.3361573e-01
 126	 1.1926298e+00	 2.1910979e-01	 1.2157869e+00	 2.1910474e-01	[ 1.2092727e+00]	 1.3453388e-01
 127	 1.1938584e+00	 2.1882950e-01	 1.2175443e+00	 2.1880836e-01	[ 1.2095052e+00]	 1.3435817e-01
 128	 1.1940311e+00	 2.1801051e-01	 1.2169786e+00	 2.1778917e-01	  1.2093145e+00 	 1.3206291e-01
 129	 1.1957255e+00	 2.1945318e-01	 1.2194136e+00	 2.1940994e-01	  1.2081985e+00 	 1.3687205e-01
 130	 1.1963067e+00	 2.1915039e-01	 1.2195982e+00	 2.1914669e-01	  1.2093641e+00 	 1.3486385e-01
 131	 1.1969284e+00	 2.1908022e-01	 1.2199195e+00	 2.1939628e-01	  1.2085968e+00 	 1.3188410e-01
 132	 1.1969525e+00	 2.1899167e-01	 1.2197586e+00	 2.1930563e-01	  1.2087295e+00 	 2.8355885e-01
 133	 1.1970328e+00	 2.1899690e-01	 1.2195380e+00	 2.1932954e-01	  1.2085684e+00 	 1.4926481e-01
 134	 1.1971211e+00	 2.1910268e-01	 1.2195654e+00	 2.1945199e-01	  1.2084812e+00 	 1.3416982e-01
 135	 1.1972926e+00	 2.1931735e-01	 1.2196651e+00	 2.1969456e-01	  1.2084217e+00 	 1.3422704e-01
 136	 1.1976521e+00	 2.1951185e-01	 1.2199866e+00	 2.1992438e-01	  1.2086035e+00 	 1.3314295e-01
 137	 1.2004243e+00	 2.2068788e-01	 1.2227983e+00	 2.2138947e-01	[ 1.2097439e+00]	 1.3299823e-01
 138	 1.2031192e+00	 2.2127982e-01	 1.2257753e+00	 2.2222682e-01	[ 1.2112908e+00]	 1.3258123e-01
 139	 1.2059068e+00	 2.2136353e-01	 1.2292163e+00	 2.2256547e-01	[ 1.2134520e+00]	 1.3470793e-01
 140	 1.2064885e+00	 2.2174649e-01	 1.2303459e+00	 2.2305228e-01	  1.2134355e+00 	 2.6859188e-01
 141	 1.2067341e+00	 2.2071324e-01	 1.2304533e+00	 2.2194442e-01	[ 1.2154334e+00]	 1.3258791e-01
 142	 1.2071948e+00	 2.2071998e-01	 1.2311904e+00	 2.2183019e-01	[ 1.2161323e+00]	 1.3184190e-01
 143	 1.2073099e+00	 2.2072064e-01	 1.2313903e+00	 2.2188222e-01	  1.2158014e+00 	 2.6626611e-01
 144	 1.2075011e+00	 2.2058649e-01	 1.2315866e+00	 2.2171988e-01	  1.2158659e+00 	 1.3737798e-01
 145	 1.2086168e+00	 2.1975370e-01	 1.2325148e+00	 2.2069981e-01	  1.2155731e+00 	 1.3328791e-01
 146	 1.2091968e+00	 2.1948582e-01	 1.2332887e+00	 2.2039523e-01	  1.2156491e+00 	 1.3210702e-01
 147	 1.2100913e+00	 2.1964484e-01	 1.2338601e+00	 2.2056345e-01	  1.2159222e+00 	 1.3707089e-01
 148	 1.2113748e+00	 2.2032660e-01	 1.2346097e+00	 2.2130628e-01	[ 1.2164816e+00]	 1.3451314e-01
 149	 1.2116785e+00	 2.2061414e-01	 1.2347753e+00	 2.2162485e-01	[ 1.2167177e+00]	 1.3531590e-01
 150	 1.2117997e+00	 2.2050415e-01	 1.2346641e+00	 2.2145696e-01	[ 1.2169655e+00]	 2.6957607e-01
 151	 1.2119158e+00	 2.2058087e-01	 1.2341752e+00	 2.2148278e-01	[ 1.2180139e+00]	 1.3280606e-01
 152	 1.2121870e+00	 2.2088174e-01	 1.2346238e+00	 2.2183990e-01	  1.2178138e+00 	 1.3319683e-01
 153	 1.2129813e+00	 2.2091365e-01	 1.2358210e+00	 2.2185348e-01	[ 1.2187763e+00]	 2.6935697e-01
 154	 1.2148019e+00	 2.2112927e-01	 1.2379819e+00	 2.2202094e-01	[ 1.2206650e+00]	 1.3410163e-01
 155	 1.2187746e+00	 2.2189987e-01	 1.2421046e+00	 2.2263977e-01	[ 1.2245690e+00]	 1.3251805e-01
 156	 1.2200860e+00	 2.2263810e-01	 1.2433279e+00	 2.2351615e-01	  1.2240244e+00 	 2.6794004e-01
 157	 1.2214714e+00	 2.2297080e-01	 1.2440349e+00	 2.2370227e-01	[ 1.2254836e+00]	 1.3477898e-01
 158	 1.2219385e+00	 2.2283762e-01	 1.2443188e+00	 2.2341209e-01	[ 1.2258498e+00]	 1.3654900e-01
 159	 1.2223267e+00	 2.2305325e-01	 1.2443913e+00	 2.2368603e-01	[ 1.2261098e+00]	 1.3449073e-01
 160	 1.2223425e+00	 2.2308293e-01	 1.2443957e+00	 2.2373256e-01	  1.2260990e+00 	 1.3436294e-01
 161	 1.2224233e+00	 2.2321965e-01	 1.2443236e+00	 2.2392482e-01	  1.2257854e+00 	 1.4280319e-01
 162	 1.2224592e+00	 2.2329443e-01	 1.2443109e+00	 2.2401695e-01	[ 1.2261248e+00]	 4.0050793e-01
 163	 1.2226854e+00	 2.2344138e-01	 1.2444676e+00	 2.2421806e-01	  1.2260237e+00 	 1.3331676e-01
 164	 1.2226868e+00	 2.2340407e-01	 1.2444392e+00	 2.2417772e-01	  1.2261011e+00 	 3.9682293e-01
 165	 1.2239578e+00	 2.2396165e-01	 1.2454167e+00	 2.2494151e-01	[ 1.2264988e+00]	 1.3325691e-01
 166	 1.2263472e+00	 2.2485854e-01	 1.2475921e+00	 2.2609174e-01	[ 1.2282454e+00]	 1.3404298e-01
 167	 1.2263490e+00	 2.2483414e-01	 1.2476010e+00	 2.2606725e-01	[ 1.2283092e+00]	 3.9701295e-01
 168	 1.2294607e+00	 2.2573272e-01	 1.2506871e+00	 2.2719016e-01	[ 1.2317212e+00]	 1.3456917e-01
 169	 1.2297885e+00	 2.2586484e-01	 1.2509233e+00	 2.2733145e-01	[ 1.2321146e+00]	 2.6610017e-01
 170	 1.2322975e+00	 2.2623454e-01	 1.2535901e+00	 2.2773662e-01	[ 1.2355682e+00]	 1.3490200e-01
 171	 1.2323386e+00	 2.2607867e-01	 1.2538640e+00	 2.2759320e-01	[ 1.2356559e+00]	 2.6750374e-01
 172	 1.2338359e+00	 2.2607866e-01	 1.2554917e+00	 2.2748495e-01	[ 1.2383386e+00]	 1.3225818e-01
 173	 1.2340993e+00	 2.2583683e-01	 1.2558734e+00	 2.2714688e-01	  1.2380461e+00 	 2.6359510e-01
 174	 1.2353748e+00	 2.2548831e-01	 1.2571314e+00	 2.2664499e-01	[ 1.2403581e+00]	 1.3317013e-01
 175	 1.2377184e+00	 2.2433135e-01	 1.2591134e+00	 2.2513702e-01	[ 1.2449690e+00]	 1.3233995e-01
 176	 1.2397406e+00	 2.2349393e-01	 1.2609272e+00	 2.2405913e-01	[ 1.2477452e+00]	 1.3359809e-01
 177	 1.2403953e+00	 2.2284734e-01	 1.2610980e+00	 2.2329288e-01	[ 1.2496120e+00]	 2.6758099e-01
 178	 1.2414656e+00	 2.2245941e-01	 1.2620448e+00	 2.2294171e-01	[ 1.2508500e+00]	 1.3372302e-01
 179	 1.2426929e+00	 2.2315953e-01	 1.2628984e+00	 2.2384776e-01	  1.2505440e+00 	 1.3287091e-01
 180	 1.2430436e+00	 2.2369136e-01	 1.2632575e+00	 2.2450618e-01	[ 1.2508986e+00]	 1.3319993e-01
 181	 1.2435081e+00	 2.2380967e-01	 1.2637386e+00	 2.2464438e-01	  1.2508724e+00 	 1.3407898e-01
 182	 1.2436271e+00	 2.2386392e-01	 1.2639051e+00	 2.2471126e-01	[ 1.2509199e+00]	 1.3421893e-01
 183	 1.2436785e+00	 2.2391809e-01	 1.2639738e+00	 2.2477546e-01	[ 1.2510544e+00]	 1.3397717e-01
 184	 1.2436912e+00	 2.2391810e-01	 1.2639462e+00	 2.2475136e-01	[ 1.2510772e+00]	 2.6670194e-01
 185	 1.2437668e+00	 2.2398282e-01	 1.2640051e+00	 2.2482095e-01	[ 1.2513018e+00]	 1.3343787e-01
 186	 1.2439137e+00	 2.2406261e-01	 1.2640900e+00	 2.2489479e-01	[ 1.2517849e+00]	 1.3394809e-01
 187	 1.2441415e+00	 2.2413893e-01	 1.2642321e+00	 2.2495239e-01	[ 1.2524101e+00]	 1.3358402e-01
 188	 1.2445834e+00	 2.2422161e-01	 1.2645574e+00	 2.2499417e-01	[ 1.2533346e+00]	 1.3173890e-01
 189	 1.2447867e+00	 2.2426929e-01	 1.2648436e+00	 2.2504752e-01	[ 1.2533983e+00]	 2.6519394e-01
 190	 1.2455464e+00	 2.2445469e-01	 1.2654329e+00	 2.2520236e-01	[ 1.2541394e+00]	 1.3303113e-01
 191	 1.2461951e+00	 2.2463104e-01	 1.2659983e+00	 2.2538062e-01	  1.2541069e+00 	 1.3336897e-01
 192	 1.2466033e+00	 2.2478043e-01	 1.2663990e+00	 2.2555745e-01	  1.2537653e+00 	 1.3368297e-01
 193	 1.2466284e+00	 2.2478642e-01	 1.2664537e+00	 2.2557314e-01	  1.2536190e+00 	 2.7098703e-01
 194	 1.2469000e+00	 2.2489671e-01	 1.2667522e+00	 2.2571662e-01	  1.2532467e+00 	 1.3367200e-01
 195	 1.2471362e+00	 2.2499556e-01	 1.2670234e+00	 2.2584902e-01	  1.2530659e+00 	 1.3530207e-01
 196	 1.2477752e+00	 2.2529074e-01	 1.2677496e+00	 2.2623466e-01	  1.2528913e+00 	 1.3387704e-01
 197	 1.2485284e+00	 2.2565998e-01	 1.2685771e+00	 2.2669968e-01	  1.2531254e+00 	 1.3674712e-01
 198	 1.2491934e+00	 2.2594230e-01	 1.2693977e+00	 2.2710080e-01	  1.2538491e+00 	 1.3512993e-01
 199	 1.2494920e+00	 2.2617499e-01	 1.2695710e+00	 2.2731698e-01	[ 1.2543655e+00]	 2.6810288e-01
 200	 1.2495029e+00	 2.2616715e-01	 1.2695606e+00	 2.2730673e-01	[ 1.2544713e+00]	 4.0097404e-01
Inserting handle into data store.  model_inform_GPz: inprogress_LSSTerr_only_gpz.pkl, inform_GPz
Stage complete: GPzInformer @ 2024-08-29 13:12:47.709746 took 0.56 minutes
