Executing stage: GPzInformer @ 2024-08-09 14:01:58.039288
Inserting handle into data store.  output_col_remapper_1: ./output_col_remapper_1.pq, inform_GPz
ngal: 4180
training model...
Iter	 logML/n 		 Train RMSE		 Train RMSE/n		 Valid RMSE		 Valid MLL		 Time    
   1	-2.2098334e-01	 2.9111559e-01	-1.9197276e-01	 6.1649575e-01	[-2.3752030e-01]	 6.9078207e-02
   2	-1.7555541e-01	 2.6726782e-01	-1.2458363e-01	 4.9720964e-01	[-1.5791016e-01]	 2.2184134e-02
   3	-1.6042203e-01	 2.5140473e-01	-1.0974629e-01	 5.0283958e-01	[-1.4544957e-01]	 4.4313192e-02
   4	-1.0568543e-01	 2.3311071e-01	-4.8375541e-02	 4.0138105e-01	[-8.5200020e-02]	 2.2536039e-02
   5	 4.4861266e-02	 2.2355340e-01	 9.4031535e-02	 2.8320044e-01	[ 2.3341091e-02]	 4.4559717e-02
   6	 9.4823892e-02	 2.1138068e-01	 1.3479814e-01	 4.7159894e-01	 -1.7085479e-02 	 2.2857189e-02
   7	 1.1435812e-01	 2.0822583e-01	 1.5578434e-01	 4.8289579e-01	  1.1894655e-02 	 2.2364378e-02
   8	 1.3661819e-01	 2.0412152e-01	 1.7519890e-01	 4.0884771e-01	[ 3.8898862e-02]	 2.2842169e-02
   9	 1.4922093e-01	 2.0185965e-01	 1.8724575e-01	 4.7501409e-01	  3.6064997e-02 	 2.3690939e-02
  10	 1.8147019e-01	 1.9609711e-01	 2.1940372e-01	 7.2560125e-01	  8.6208135e-03 	 2.4267673e-02
  11	 2.1205455e-01	 1.9047926e-01	 2.5285252e-01	 8.6061706e-01	  2.4985689e-02 	 2.9131889e-02
  12	 2.5226601e-01	 1.8493544e-01	 2.9408289e-01	 8.4081158e-01	[ 7.7778278e-02]	 3.3522844e-02
  13	 2.9777115e-01	 1.7956864e-01	 3.4330791e-01	 7.6352329e-01	[ 1.6630174e-01]	 2.7578115e-02
  14	 3.4902637e-01	 1.7753183e-01	 3.9771738e-01	 5.7444334e-01	[ 2.4546686e-01]	 2.9006004e-02
  15	 4.3951512e-01	 1.7467616e-01	 4.9589830e-01	 7.1901789e-01	[ 3.4380197e-01]	 2.7827978e-02
  16	 4.9224924e-01	 1.8548802e-01	 5.5379131e-01	 5.3795054e-01	[ 4.1605490e-01]	 2.4998188e-02
  17	 5.7814350e-01	 1.7968596e-01	 6.4544950e-01	 5.0685506e-01	[ 4.4835789e-01]	 2.5955915e-02
  18	 6.8111646e-01	 1.7502348e-01	 7.5747548e-01	 3.9943009e-01	  4.4668459e-01 	 2.4574995e-02
  19	 7.2975608e-01	 1.7374064e-01	 8.1551307e-01	 4.6597354e-01	  3.5040871e-01 	 2.7306318e-02
  20	 8.0447249e-01	 1.7414142e-01	 8.8929029e-01	 4.7743153e-01	[ 4.7451120e-01]	 2.3679972e-02
  21	 8.5111966e-01	 1.7345227e-01	 9.3565696e-01	 4.8301579e-01	[ 5.5738889e-01]	 2.3136139e-02
  22	 9.2172822e-01	 1.7637356e-01	 1.0086440e+00	 4.7276244e-01	[ 6.5899860e-01]	 2.2851944e-02
  23	 1.0318737e+00	 1.7987441e-01	 1.1236555e+00	 4.3956947e-01	[ 7.9606949e-01]	 2.2324800e-02
  24	 1.1062543e+00	 1.7632744e-01	 1.2097473e+00	 5.0533182e-01	[ 7.9842968e-01]	 2.2897959e-02
  25	 1.1561307e+00	 1.7432498e-01	 1.2595840e+00	 4.9226866e-01	[ 8.8129192e-01]	 2.2388935e-02
  26	 1.1928295e+00	 1.7340074e-01	 1.2962364e+00	 5.0035575e-01	[ 8.9805170e-01]	 2.4071932e-02
  27	 1.2335672e+00	 1.7372766e-01	 1.3352409e+00	 4.9939928e-01	[ 9.6812927e-01]	 2.3188114e-02
  28	 1.2680537e+00	 1.7357391e-01	 1.3676549e+00	 4.7123471e-01	[ 1.0201331e+00]	 2.2184849e-02
  29	 1.2942184e+00	 1.7450463e-01	 1.3968385e+00	 4.5909598e-01	[ 1.0709436e+00]	 2.2434235e-02
  30	 1.3180056e+00	 1.7594896e-01	 1.4215476e+00	 4.4285440e-01	[ 1.1371808e+00]	 2.3352861e-02
  31	 1.3356304e+00	 1.7577154e-01	 1.4383303e+00	 4.4500121e-01	[ 1.1574893e+00]	 2.2439957e-02
  32	 1.3639104e+00	 1.7392234e-01	 1.4659891e+00	 4.1469058e-01	[ 1.2121857e+00]	 2.3086071e-02
  33	 1.3844549e+00	 1.7254376e-01	 1.4863525e+00	 3.8571203e-01	[ 1.2528484e+00]	 2.2842884e-02
  34	 1.4108480e+00	 1.7015342e-01	 1.5134707e+00	 3.1250368e-01	[ 1.3167986e+00]	 2.2713900e-02
  35	 1.4284617e+00	 1.6824443e-01	 1.5334431e+00	 3.0817684e-01	[ 1.3341830e+00]	 2.3029089e-02
  36	 1.4483549e+00	 1.6621889e-01	 1.5545946e+00	 2.9538299e-01	[ 1.3551796e+00]	 2.2719860e-02
  37	 1.4718214e+00	 1.6529838e-01	 1.5784390e+00	 2.8232729e-01	[ 1.3715811e+00]	 2.2956848e-02
  38	 1.5041945e+00	 1.6493863e-01	 1.6121032e+00	 2.7698856e-01	[ 1.3892496e+00]	 2.3331881e-02
  39	 1.5256832e+00	 1.6705073e-01	 1.6347572e+00	 2.6393115e-01	[ 1.4001642e+00]	 2.3595095e-02
  40	 1.5556892e+00	 1.6686722e-01	 1.6636534e+00	 2.8116320e-01	[ 1.4157084e+00]	 2.2941113e-02
  41	 1.5725314e+00	 1.6434399e-01	 1.6806752e+00	 2.7440482e-01	[ 1.4412133e+00]	 2.3225069e-02
  42	 1.5911838e+00	 1.6367821e-01	 1.7001768e+00	 2.8915361e-01	[ 1.4458514e+00]	 2.2369146e-02
  43	 1.6170008e+00	 1.6178443e-01	 1.7282488e+00	 3.2265733e-01	  1.4113155e+00 	 2.2858143e-02
  44	 1.6301346e+00	 1.6170724e-01	 1.7419049e+00	 3.5496847e-01	  1.3962356e+00 	 2.2810936e-02
  45	 1.6497036e+00	 1.6100592e-01	 1.7605012e+00	 3.5258614e-01	  1.4105148e+00 	 2.4578810e-02
  46	 1.6711100e+00	 1.5997169e-01	 1.7818079e+00	 3.5864786e-01	  1.4067253e+00 	 2.2907972e-02
  47	 1.6866282e+00	 1.5910807e-01	 1.7975242e+00	 3.6692045e-01	  1.4014920e+00 	 2.4496078e-02
  48	 1.7119688e+00	 1.5606663e-01	 1.8242248e+00	 3.8314917e-01	  1.3786956e+00 	 2.3422956e-02
  49	 1.7228228e+00	 1.5047178e-01	 1.8366626e+00	 3.7935742e-01	  1.3617777e+00 	 2.2767067e-02
  50	 1.7451930e+00	 1.5122464e-01	 1.8580234e+00	 3.7000564e-01	  1.4099033e+00 	 2.2907019e-02
  51	 1.7580269e+00	 1.5024178e-01	 1.8711161e+00	 3.6047424e-01	  1.4273783e+00 	 2.2662878e-02
  52	 1.7775774e+00	 1.4733702e-01	 1.8916221e+00	 3.4594354e-01	  1.4456305e+00 	 2.2785187e-02
  53	 1.8078550e+00	 1.4276822e-01	 1.9221338e+00	 3.4062246e-01	[ 1.4660474e+00]	 2.2814989e-02
  54	 1.8238717e+00	 1.3531360e-01	 1.9408800e+00	 3.4731720e-01	  1.4083217e+00 	 2.2912025e-02
  55	 1.8482084e+00	 1.3716669e-01	 1.9637509e+00	 3.5272834e-01	  1.4529583e+00 	 2.2268772e-02
  56	 1.8596445e+00	 1.3759233e-01	 1.9750872e+00	 3.5304486e-01	  1.4570752e+00 	 2.2988081e-02
  57	 1.8795336e+00	 1.3373424e-01	 1.9956124e+00	 3.6623839e-01	  1.4372246e+00 	 2.2899866e-02
  58	 1.8865518e+00	 1.3099164e-01	 2.0034131e+00	 3.5427888e-01	  1.4279224e+00 	 2.2714853e-02
  59	 1.9007739e+00	 1.3034478e-01	 2.0169743e+00	 3.5762622e-01	  1.4482517e+00 	 2.2974968e-02
  60	 1.9083954e+00	 1.2851111e-01	 2.0245432e+00	 3.5694123e-01	  1.4527293e+00 	 2.2781849e-02
  61	 1.9193612e+00	 1.2669595e-01	 2.0357383e+00	 3.5033143e-01	  1.4625852e+00 	 2.2856236e-02
  62	 1.9333166e+00	 1.2521625e-01	 2.0501863e+00	 3.3596631e-01	[ 1.4711751e+00]	 2.2676945e-02
  63	 1.9459535e+00	 1.2635090e-01	 2.0633201e+00	 3.2761262e-01	[ 1.4791526e+00]	 2.3007154e-02
  64	 1.9568889e+00	 1.2703812e-01	 2.0739207e+00	 3.2559167e-01	[ 1.4893640e+00]	 2.2991896e-02
  65	 1.9691699e+00	 1.2873899e-01	 2.0862583e+00	 3.2619556e-01	  1.4862243e+00 	 2.2060633e-02
  66	 1.9797050e+00	 1.3003081e-01	 2.0971569e+00	 3.2889682e-01	  1.4704839e+00 	 2.2734880e-02
  67	 1.9898399e+00	 1.3013474e-01	 2.1073878e+00	 3.3453612e-01	  1.4557703e+00 	 2.2437096e-02
  68	 1.9989935e+00	 1.2995634e-01	 2.1165930e+00	 3.2855073e-01	  1.4483564e+00 	 2.2631884e-02
  69	 2.0074873e+00	 1.2810521e-01	 2.1252536e+00	 3.2107511e-01	  1.4409344e+00 	 2.2849083e-02
  70	 2.0154646e+00	 1.2607065e-01	 2.1336369e+00	 3.1171289e-01	  1.4382848e+00 	 2.2926807e-02
  71	 2.0240729e+00	 1.2473697e-01	 2.1422937e+00	 3.0040093e-01	  1.4365410e+00 	 2.2289991e-02
  72	 2.0343589e+00	 1.2313264e-01	 2.1525607e+00	 2.9463166e-01	  1.4364408e+00 	 2.3092031e-02
  73	 2.0419976e+00	 1.2125985e-01	 2.1602799e+00	 2.9403240e-01	  1.4400366e+00 	 2.1961927e-02
  74	 2.0490749e+00	 1.2116187e-01	 2.1672526e+00	 2.9505749e-01	  1.4417429e+00 	 2.2429943e-02
  75	 2.0562520e+00	 1.2049178e-01	 2.1746694e+00	 2.9556867e-01	  1.4423909e+00 	 2.2479296e-02
  76	 2.0625424e+00	 1.1982327e-01	 2.1812272e+00	 2.9244030e-01	  1.4399134e+00 	 2.2610903e-02
  77	 2.0682147e+00	 1.1809998e-01	 2.1874328e+00	 2.8702197e-01	  1.4282443e+00 	 2.3354053e-02
  78	 2.0746437e+00	 1.1822291e-01	 2.1934504e+00	 2.8293349e-01	  1.4412825e+00 	 2.2907257e-02
  79	 2.0790338e+00	 1.1818544e-01	 2.1976534e+00	 2.7969492e-01	  1.4486279e+00 	 2.2707939e-02
  80	 2.0867979e+00	 1.1837948e-01	 2.2052772e+00	 2.7672739e-01	  1.4602770e+00 	 2.2688150e-02
  81	 2.0896929e+00	 1.1837229e-01	 2.2086587e+00	 2.6762497e-01	  1.4551559e+00 	 2.2917986e-02
  82	 2.0993113e+00	 1.1899576e-01	 2.2178788e+00	 2.7458233e-01	  1.4635515e+00 	 2.2795916e-02
  83	 2.1037739e+00	 1.1917327e-01	 2.2224003e+00	 2.7844295e-01	  1.4539862e+00 	 2.2864819e-02
  84	 2.1118255e+00	 1.1991304e-01	 2.2308677e+00	 2.8248540e-01	  1.4223722e+00 	 2.2677898e-02
  85	 2.1210269e+00	 1.2146184e-01	 2.2404078e+00	 2.8214113e-01	  1.3857514e+00 	 2.4069071e-02
  86	 2.1253756e+00	 1.2431848e-01	 2.2451919e+00	 2.7742047e-01	  1.3439425e+00 	 2.2374153e-02
  87	 2.1331265e+00	 1.2366764e-01	 2.2523506e+00	 2.7234798e-01	  1.3769508e+00 	 2.2215128e-02
  88	 2.1361485e+00	 1.2368350e-01	 2.2551632e+00	 2.6869002e-01	  1.3938654e+00 	 2.2542238e-02
  89	 2.1418569e+00	 1.2405780e-01	 2.2606248e+00	 2.6299216e-01	  1.4132299e+00 	 2.2755146e-02
  90	 2.1469930e+00	 1.2451464e-01	 2.2658115e+00	 2.5969113e-01	  1.4208865e+00 	 2.3039818e-02
  91	 2.1514260e+00	 1.2464788e-01	 2.2703212e+00	 2.6249129e-01	  1.4124860e+00 	 2.2970915e-02
  92	 2.1565823e+00	 1.2453607e-01	 2.2760312e+00	 2.6611504e-01	  1.3876470e+00 	 2.2914886e-02
  93	 2.1603166e+00	 1.2384458e-01	 2.2801096e+00	 2.6574991e-01	  1.3784930e+00 	 2.3607731e-02
  94	 2.1652690e+00	 1.2246562e-01	 2.2854746e+00	 2.6135549e-01	  1.3771079e+00 	 2.2228003e-02
  95	 2.1694974e+00	 1.2015750e-01	 2.2901525e+00	 2.4314842e-01	  1.3800960e+00 	 2.2981882e-02
  96	 2.1742428e+00	 1.1901223e-01	 2.2946672e+00	 2.4064259e-01	  1.4077682e+00 	 2.2463083e-02
  97	 2.1768683e+00	 1.1861377e-01	 2.2970131e+00	 2.3962169e-01	  1.4221181e+00 	 2.2805214e-02
  98	 2.1826214e+00	 1.1686750e-01	 2.3025037e+00	 2.3488854e-01	  1.4380936e+00 	 2.2747040e-02
  99	 2.1847821e+00	 1.1453137e-01	 2.3055237e+00	 2.2527168e-01	  1.4293254e+00 	 2.3096085e-02
 100	 2.1902800e+00	 1.1481894e-01	 2.3107778e+00	 2.2660089e-01	  1.4194444e+00 	 2.4168015e-02
 101	 2.1930534e+00	 1.1476883e-01	 2.3138718e+00	 2.2489099e-01	  1.3953398e+00 	 2.2845268e-02
 102	 2.1959933e+00	 1.1477312e-01	 2.3172575e+00	 2.2169454e-01	  1.3658275e+00 	 2.2701025e-02
 103	 2.2006102e+00	 1.1505062e-01	 2.3224375e+00	 2.1495356e-01	  1.3319022e+00 	 2.2758245e-02
 104	 2.2023473e+00	 1.1578237e-01	 2.3250452e+00	 2.1094016e-01	  1.3041554e+00 	 2.2472858e-02
 105	 2.2077232e+00	 1.1583807e-01	 2.3297381e+00	 2.1018281e-01	  1.3359444e+00 	 2.1842957e-02
 106	 2.2098901e+00	 1.1577478e-01	 2.3315508e+00	 2.1010300e-01	  1.3567385e+00 	 2.3438215e-02
 107	 2.2131576e+00	 1.1557359e-01	 2.3345104e+00	 2.0998494e-01	  1.3826244e+00 	 2.3511887e-02
 108	 2.2159130e+00	 1.1522918e-01	 2.3373177e+00	 2.0993313e-01	  1.3858857e+00 	 2.3028374e-02
 109	 2.2192946e+00	 1.1483931e-01	 2.3406730e+00	 2.0980477e-01	  1.3809538e+00 	 2.2530079e-02
 110	 2.2215938e+00	 1.1436997e-01	 2.3432539e+00	 2.0926700e-01	  1.3605498e+00 	 2.2191286e-02
 111	 2.2237399e+00	 1.1383565e-01	 2.3456380e+00	 2.0898650e-01	  1.3431340e+00 	 2.2681236e-02
 112	 2.2284982e+00	 1.1268441e-01	 2.3508802e+00	 2.0681606e-01	  1.3121062e+00 	 2.2808075e-02
 113	 2.2309779e+00	 1.1222137e-01	 2.3536154e+00	 2.0631900e-01	  1.2975622e+00 	 4.5119047e-02
 114	 2.2349937e+00	 1.1144240e-01	 2.3577633e+00	 2.0407984e-01	  1.2973064e+00 	 2.2629976e-02
 115	 2.2377775e+00	 1.1124166e-01	 2.3605535e+00	 2.0113987e-01	  1.3059454e+00 	 2.2770882e-02
 116	 2.2404727e+00	 1.1122013e-01	 2.3631487e+00	 1.9939597e-01	  1.3268225e+00 	 2.2933006e-02
 117	 2.2433934e+00	 1.1130861e-01	 2.3660669e+00	 1.9706187e-01	  1.3356195e+00 	 2.3411036e-02
 118	 2.2465090e+00	 1.1128118e-01	 2.3692879e+00	 1.9606131e-01	  1.3367113e+00 	 2.2949934e-02
 119	 2.2492798e+00	 1.1134750e-01	 2.3721979e+00	 1.9711893e-01	  1.3258104e+00 	 2.2349834e-02
 120	 2.2515442e+00	 1.1126982e-01	 2.3745666e+00	 1.9666946e-01	  1.3152962e+00 	 2.3623228e-02
 121	 2.2540157e+00	 1.1138137e-01	 2.3771326e+00	 1.9636280e-01	  1.3053627e+00 	 2.2908926e-02
 122	 2.2571267e+00	 1.1163476e-01	 2.3804474e+00	 1.9494964e-01	  1.2886446e+00 	 2.2377968e-02
 123	 2.2586643e+00	 1.1250160e-01	 2.3823630e+00	 1.9619094e-01	  1.2757034e+00 	 2.2429943e-02
 124	 2.2614797e+00	 1.1251952e-01	 2.3850416e+00	 1.9634578e-01	  1.2691995e+00 	 2.2722006e-02
 125	 2.2629251e+00	 1.1268762e-01	 2.3865114e+00	 1.9687466e-01	  1.2587153e+00 	 2.3172140e-02
 126	 2.2645211e+00	 1.1288728e-01	 2.3882113e+00	 1.9796139e-01	  1.2419051e+00 	 2.2971153e-02
 127	 2.2673225e+00	 1.1299051e-01	 2.3911716e+00	 1.9717156e-01	  1.2105336e+00 	 2.3082972e-02
 128	 2.2696778e+00	 1.1300758e-01	 2.3939221e+00	 1.9941025e-01	  1.1747365e+00 	 2.2775173e-02
 129	 2.2719870e+00	 1.1267172e-01	 2.3959974e+00	 1.9755086e-01	  1.1762218e+00 	 2.3003817e-02
 130	 2.2735790e+00	 1.1224573e-01	 2.3974465e+00	 1.9556175e-01	  1.1815262e+00 	 2.2567749e-02
 131	 2.2751654e+00	 1.1183862e-01	 2.3990266e+00	 1.9546885e-01	  1.1724276e+00 	 2.2047043e-02
 132	 2.2773653e+00	 1.1141040e-01	 2.4011997e+00	 1.9451462e-01	  1.1659861e+00 	 2.2269964e-02
 133	 2.2799948e+00	 1.1101111e-01	 2.4039141e+00	 1.9485339e-01	  1.1455229e+00 	 2.2773027e-02
 134	 2.2819429e+00	 1.1075470e-01	 2.4059384e+00	 1.9478801e-01	  1.1299814e+00 	 2.3002148e-02
 135	 2.2848649e+00	 1.1039961e-01	 2.4091537e+00	 1.9706989e-01	  1.1036622e+00 	 2.2799015e-02
 136	 2.2871312e+00	 1.1012677e-01	 2.4116852e+00	 1.9506809e-01	  1.0732210e+00 	 2.2561789e-02
 137	 2.2888462e+00	 1.1012054e-01	 2.4132017e+00	 1.9533968e-01	  1.0887561e+00 	 2.2748232e-02
 138	 2.2907810e+00	 1.1007973e-01	 2.4151763e+00	 1.9611032e-01	  1.0832329e+00 	 2.2778273e-02
 139	 2.2928193e+00	 1.1007072e-01	 2.4173947e+00	 1.9718794e-01	  1.0653157e+00 	 2.3022652e-02
 140	 2.2941564e+00	 1.1000014e-01	 2.4193099e+00	 1.9887692e-01	  1.0163010e+00 	 2.2681713e-02
 141	 2.2968888e+00	 1.1007852e-01	 2.4218935e+00	 1.9993429e-01	  1.0133805e+00 	 2.4331093e-02
 142	 2.2980052e+00	 1.1005907e-01	 2.4229511e+00	 1.9933506e-01	  1.0069919e+00 	 2.3079157e-02
 143	 2.2996743e+00	 1.1008333e-01	 2.4246537e+00	 1.9886969e-01	  9.9101635e-01 	 2.2792816e-02
 144	 2.3014111e+00	 1.1011405e-01	 2.4264861e+00	 1.9494738e-01	  9.6299852e-01 	 2.2874117e-02
 145	 2.3033254e+00	 1.1022049e-01	 2.4283162e+00	 1.9536250e-01	  9.5949904e-01 	 2.2791862e-02
 146	 2.3048588e+00	 1.1027792e-01	 2.4298500e+00	 1.9504864e-01	  9.5517794e-01 	 2.4379969e-02
 147	 2.3062500e+00	 1.1031722e-01	 2.4312369e+00	 1.9516252e-01	  9.4308567e-01 	 2.2312880e-02
 148	 2.3080098e+00	 1.1027089e-01	 2.4330330e+00	 1.9384962e-01	  9.1628179e-01 	 2.4318933e-02
 149	 2.3099221e+00	 1.1026226e-01	 2.4348781e+00	 1.9473809e-01	  8.9560513e-01 	 2.2045135e-02
 150	 2.3113340e+00	 1.1023101e-01	 2.4362899e+00	 1.9549859e-01	  8.7395338e-01 	 2.3097992e-02
 151	 2.3129447e+00	 1.1025305e-01	 2.4379599e+00	 1.9642055e-01	  8.4540861e-01 	 2.2952795e-02
 152	 2.3141132e+00	 1.1016283e-01	 2.4392853e+00	 1.9585509e-01	  8.0640768e-01 	 4.5185089e-02
 153	 2.3159160e+00	 1.1024972e-01	 2.4411718e+00	 1.9646811e-01	  7.7154780e-01 	 2.4571896e-02
 154	 2.3173040e+00	 1.1029995e-01	 2.4426911e+00	 1.9631141e-01	  7.4303010e-01 	 2.2847891e-02
 155	 2.3192254e+00	 1.1028426e-01	 2.4448617e+00	 1.9566171e-01	  7.0053770e-01 	 2.2992849e-02
 156	 2.3209124e+00	 1.1026068e-01	 2.4470162e+00	 1.9575777e-01	  6.3408652e-01 	 2.4551868e-02
 157	 2.3231482e+00	 1.1015672e-01	 2.4493437e+00	 1.9425180e-01	  6.0403391e-01 	 2.2670984e-02
 158	 2.3242438e+00	 1.1009968e-01	 2.4504330e+00	 1.9449307e-01	  6.0073501e-01 	 2.5324106e-02
 159	 2.3255619e+00	 1.1006173e-01	 2.4518057e+00	 1.9459747e-01	  5.9248780e-01 	 2.2410154e-02
 160	 2.3268841e+00	 1.1015799e-01	 2.4533214e+00	 1.9675637e-01	  5.6100151e-01 	 2.2610903e-02
 161	 2.3288059e+00	 1.1006129e-01	 2.4551832e+00	 1.9519823e-01	  5.6170185e-01 	 2.3037910e-02
 162	 2.3301249e+00	 1.1003063e-01	 2.4565131e+00	 1.9411015e-01	  5.4781080e-01 	 2.3190975e-02
 163	 2.3312920e+00	 1.0995864e-01	 2.4577201e+00	 1.9354490e-01	  5.3370856e-01 	 2.2876978e-02
 164	 2.3323788e+00	 1.0988037e-01	 2.4588855e+00	 1.9328016e-01	  5.1481143e-01 	 4.6203852e-02
 165	 2.3339822e+00	 1.0969874e-01	 2.4604552e+00	 1.9312719e-01	  5.0370845e-01 	 2.2016048e-02
 166	 2.3354739e+00	 1.0952559e-01	 2.4619207e+00	 1.9339526e-01	  4.9257479e-01 	 2.1839142e-02
 167	 2.3367174e+00	 1.0937972e-01	 2.4631346e+00	 1.9334156e-01	  4.8795624e-01 	 2.2230864e-02
 168	 2.3381674e+00	 1.0932638e-01	 2.4646276e+00	 1.9421249e-01	  4.8335430e-01 	 2.3025036e-02
 169	 2.3393966e+00	 1.0924686e-01	 2.4658524e+00	 1.9441311e-01	  4.8433012e-01 	 2.2858143e-02
 170	 2.3403247e+00	 1.0923381e-01	 2.4667840e+00	 1.9396411e-01	  4.7825866e-01 	 2.2819757e-02
 171	 2.3416352e+00	 1.0921718e-01	 2.4681857e+00	 1.9441414e-01	  4.6367897e-01 	 2.2865057e-02
 172	 2.3430135e+00	 1.0897384e-01	 2.4697507e+00	 1.9338264e-01	  4.2708523e-01 	 2.3111105e-02
 173	 2.3447526e+00	 1.0872331e-01	 2.4717496e+00	 1.9388026e-01	  3.7601884e-01 	 2.2195101e-02
 174	 2.3462696e+00	 1.0846369e-01	 2.4735475e+00	 1.9377657e-01	  3.1930992e-01 	 2.3860931e-02
 175	 2.3473858e+00	 1.0838920e-01	 2.4747059e+00	 1.9410795e-01	  2.9168890e-01 	 2.3011923e-02
 176	 2.3483360e+00	 1.0840109e-01	 2.4756906e+00	 1.9389196e-01	  2.7688020e-01 	 2.3368120e-02
 177	 2.3496741e+00	 1.0845853e-01	 2.4772114e+00	 1.9510188e-01	  2.2705935e-01 	 2.1904945e-02
 178	 2.3508313e+00	 1.0852503e-01	 2.4786012e+00	 1.9464178e-01	  1.7539157e-01 	 2.2535086e-02
 179	 2.3518223e+00	 1.0851478e-01	 2.4796180e+00	 1.9498541e-01	  1.5832579e-01 	 2.2794247e-02
 180	 2.3529711e+00	 1.0854614e-01	 2.4808777e+00	 1.9607747e-01	  1.2400770e-01 	 2.2886992e-02
 181	 2.3539550e+00	 1.0861734e-01	 2.4819425e+00	 1.9683616e-01	  9.8443869e-02 	 2.3523092e-02
 182	 2.3554427e+00	 1.0876679e-01	 2.4835310e+00	 1.9793173e-01	  5.2260105e-02 	 2.2886038e-02
 183	 2.3565843e+00	 1.0901229e-01	 2.4848703e+00	 1.9989616e-01	 -1.5934840e-02 	 2.2222757e-02
 184	 2.3580038e+00	 1.0905138e-01	 2.4862364e+00	 1.9932725e-01	 -3.5205676e-02 	 2.4778128e-02
 185	 2.3590541e+00	 1.0906916e-01	 2.4873380e+00	 1.9870036e-01	 -6.6463284e-02 	 2.2996902e-02
 186	 2.3601534e+00	 1.0913081e-01	 2.4885454e+00	 1.9871137e-01	 -1.1911441e-01 	 2.2874117e-02
 187	 2.3605386e+00	 1.0923981e-01	 2.4893897e+00	 1.9688014e-01	 -2.5463408e-01 	 2.3050070e-02
 188	 2.3625901e+00	 1.0931528e-01	 2.4912070e+00	 1.9874455e-01	 -2.6691869e-01 	 2.3040056e-02
 189	 2.3631657e+00	 1.0937069e-01	 2.4917676e+00	 1.9935771e-01	 -2.8258157e-01 	 2.3001909e-02
 190	 2.3640563e+00	 1.0946019e-01	 2.4926644e+00	 2.0018555e-01	 -3.2550243e-01 	 2.3727179e-02
 191	 2.3644278e+00	 1.0962564e-01	 2.4931626e+00	 1.9911958e-01	 -3.8702726e-01 	 2.2871971e-02
 192	 2.3652821e+00	 1.0958000e-01	 2.4939077e+00	 1.9955063e-01	 -3.8762515e-01 	 2.2770166e-02
 193	 2.3658259e+00	 1.0957407e-01	 2.4944485e+00	 1.9954672e-01	 -4.0788128e-01 	 2.4523020e-02
 194	 2.3664894e+00	 1.0956687e-01	 2.4951253e+00	 1.9937815e-01	 -4.3827644e-01 	 2.3091078e-02
 195	 2.3675974e+00	 1.0955392e-01	 2.4962641e+00	 1.9930531e-01	 -4.9521911e-01 	 2.4214029e-02
 196	 2.3683488e+00	 1.0952816e-01	 2.4970636e+00	 1.9923960e-01	 -5.5889713e-01 	 4.5095921e-02
 197	 2.3693014e+00	 1.0952158e-01	 2.4980338e+00	 1.9901316e-01	 -6.1168887e-01 	 2.2881985e-02
 198	 2.3701638e+00	 1.0951162e-01	 2.4989390e+00	 1.9872829e-01	 -6.5559705e-01 	 2.3077250e-02
 199	 2.3712247e+00	 1.0949620e-01	 2.5000595e+00	 1.9824795e-01	 -7.1022275e-01 	 2.2712946e-02
 200	 2.3730923e+00	 1.0944143e-01	 2.5020583e+00	 1.9755517e-01	 -8.2616941e-01 	 2.2844076e-02
Inserting handle into data store.  model_inform_GPz: inprogress_invz=0.1_gpz.pkl, inform_GPz
Stage complete: GPzInformer @ 2024-08-09 14:02:03.125788 took 0.08 minutes
