Executing stage: GPzInformer @ 2024-08-02 00:05:13.233820
Inserting handle into data store.  output_col_remapper_1: ./output_col_remapper_1.pq, inform_GPz
ngal: 195
training model...
Iter	 logML/n 		 Train RMSE		 Train RMSE/n		 Valid RMSE		 Valid MLL		 Time    
   1	 1.1780677e+00	 3.2144347e-02	 1.9185900e+00	 6.8334301e-02	[ 1.6707155e+00]	 1.0149002e-02
   2	 1.3230247e+00	 2.7159807e-02	 2.1740073e+00	 1.0664214e-01	  1.3170541e+00 	 4.2259693e-03
   3	 1.4167946e+00	 2.5102954e-02	 2.2416487e+00	 1.0738437e-01	  1.3619734e+00 	 2.1910667e-03
   4	 1.4439339e+00	 2.4234837e-02	 2.2456471e+00	 1.0621027e-01	  1.5118385e+00 	 2.2778511e-03
   5	 1.4719774e+00	 2.3518067e-02	 2.2817854e+00	 1.0096858e-01	  1.5476985e+00 	 2.2659302e-03
   6	 1.4968713e+00	 2.2793962e-02	 2.3345799e+00	 8.3779106e-02	  1.5809864e+00 	 2.3179054e-03
   7	 1.5132464e+00	 2.2523552e-02	 2.3394132e+00	 8.8196009e-02	  1.5364680e+00 	 2.3467541e-03
   8	 1.5225440e+00	 2.2304593e-02	 2.3413698e+00	 8.4435105e-02	  1.5728776e+00 	 2.3889542e-03
   9	 1.5312977e+00	 2.2073323e-02	 2.3506251e+00	 7.7255748e-02	  1.6348424e+00 	 2.4290085e-03
  10	 1.5508055e+00	 2.1638282e-02	 2.3827090e+00	 5.5545327e-02	[ 1.6946179e+00]	 2.4640560e-03
  11	 1.5648595e+00	 2.1226021e-02	 2.3974129e+00	 4.9670809e-02	  1.6611680e+00 	 2.5410652e-03
  12	 1.5770916e+00	 2.1022806e-02	 2.4015290e+00	 5.4950338e-02	  1.6582893e+00 	 2.5057793e-03
  13	 1.5868315e+00	 2.0844423e-02	 2.4142625e+00	 5.2168433e-02	  1.6308567e+00 	 2.5029182e-03
  14	 1.5876715e+00	 2.0495943e-02	 2.4428221e+00	 4.3543331e-02	  1.5524143e+00 	 2.4986267e-03
  15	 1.5998624e+00	 2.0355395e-02	 2.4467754e+00	 4.9468467e-02	  1.5261658e+00 	 2.4940968e-03
  16	 1.6102594e+00	 2.0266551e-02	 2.4425524e+00	 4.9506696e-02	  1.5746436e+00 	 2.5207996e-03
  17	 1.6150670e+00	 2.0254779e-02	 2.4406014e+00	 4.6156149e-02	  1.6128085e+00 	 2.5258064e-03
  18	 1.6220140e+00	 2.0080131e-02	 2.4507032e+00	 4.5196271e-02	  1.5810562e+00 	 2.5050640e-03
  19	 1.6307157e+00	 1.9847598e-02	 2.4648240e+00	 5.2631913e-02	  1.4603864e+00 	 2.4929047e-03
  20	 1.6371432e+00	 1.9725550e-02	 2.4706886e+00	 5.4542720e-02	  1.4315636e+00 	 2.4950504e-03
  21	 1.6425124e+00	 1.9624277e-02	 2.4759991e+00	 5.7654790e-02	  1.3924245e+00 	 2.4869442e-03
  22	 1.6490249e+00	 1.9482480e-02	 2.4822133e+00	 6.0000573e-02	  1.3096333e+00 	 2.5050640e-03
  23	 1.6505512e+00	 1.9443443e-02	 2.4893861e+00	 7.0448887e-02	  1.1469234e+00 	 2.5022030e-03
  24	 1.6557285e+00	 1.9358351e-02	 2.4911962e+00	 6.5800060e-02	  1.1999051e+00 	 2.5148392e-03
  25	 1.6583870e+00	 1.9327710e-02	 2.4918902e+00	 6.5201382e-02	  1.2070985e+00 	 2.5010109e-03
  26	 1.6611952e+00	 1.9277979e-02	 2.4941275e+00	 6.5058388e-02	  1.1982917e+00 	 2.4960041e-03
  27	 1.6655274e+00	 1.9173315e-02	 2.4979848e+00	 6.7449923e-02	  1.1653080e+00 	 2.4969578e-03
  28	 1.6681393e+00	 1.9090211e-02	 2.5041388e+00	 7.0575920e-02	  1.1075802e+00 	 2.4991035e-03
  29	 1.6717733e+00	 1.9015842e-02	 2.5073473e+00	 7.0499119e-02	  1.1092609e+00 	 2.5041103e-03
  30	 1.6738212e+00	 1.9001050e-02	 2.5078832e+00	 6.9553674e-02	  1.1307774e+00 	 2.6769638e-03
  31	 1.6772193e+00	 1.8947847e-02	 2.5109045e+00	 6.9112226e-02	  1.1320740e+00 	 2.6578903e-03
  32	 1.6814382e+00	 1.8856338e-02	 2.5157565e+00	 6.9288127e-02	  1.1301810e+00 	 2.5560856e-03
  33	 1.6848566e+00	 1.8728991e-02	 2.5224084e+00	 6.9238925e-02	  1.1068658e+00 	 2.5410652e-03
  34	 1.6885715e+00	 1.8651429e-02	 2.5262623e+00	 7.1136280e-02	  1.0970466e+00 	 2.5269985e-03
  35	 1.6916125e+00	 1.8614005e-02	 2.5285490e+00	 7.1611746e-02	  1.0963698e+00 	 2.5207996e-03
  36	 1.6955065e+00	 1.8540304e-02	 2.5320839e+00	 7.1041727e-02	  1.1104225e+00 	 2.5079250e-03
  37	 1.6976976e+00	 1.8491548e-02	 2.5348854e+00	 7.2443839e-02	  1.1062855e+00 	 4.5721531e-03
  38	 1.7005114e+00	 1.8413325e-02	 2.5383455e+00	 7.1608283e-02	  1.1268676e+00 	 2.5010109e-03
  39	 1.7025330e+00	 1.8378946e-02	 2.5400679e+00	 7.1607374e-02	  1.1370451e+00 	 2.5043488e-03
  40	 1.7046750e+00	 1.8346946e-02	 2.5413645e+00	 7.3225205e-02	  1.1462598e+00 	 2.4979115e-03
  41	 1.7054206e+00	 1.8334300e-02	 2.5418487e+00	 8.0764414e-02	  1.1285133e+00 	 2.5417805e-03
  42	 1.7078391e+00	 1.8288837e-02	 2.5435579e+00	 7.8252933e-02	  1.1404829e+00 	 2.5439262e-03
  43	 1.7087704e+00	 1.8284883e-02	 2.5440442e+00	 7.7718022e-02	  1.1447460e+00 	 2.4991035e-03
  44	 1.7098818e+00	 1.8273080e-02	 2.5446870e+00	 7.9049984e-02	  1.1485519e+00 	 2.4919510e-03
  45	 1.7120333e+00	 1.8241474e-02	 2.5460976e+00	 8.3858659e-02	  1.1522226e+00 	 2.5098324e-03
  46	 1.7144479e+00	 1.8206020e-02	 2.5480864e+00	 9.3252894e-02	  1.1512589e+00 	 2.4948120e-03
  47	 1.7151002e+00	 1.8197753e-02	 2.5482127e+00	 1.0105660e-01	  1.1354381e+00 	 2.5048256e-03
  48	 1.7168945e+00	 1.8168256e-02	 2.5496636e+00	 1.0108152e-01	  1.1461430e+00 	 2.5179386e-03
  49	 1.7174784e+00	 1.8162924e-02	 2.5500901e+00	 1.0115950e-01	  1.1497479e+00 	 2.5031567e-03
  50	 1.7185391e+00	 1.8149902e-02	 2.5508379e+00	 1.0413745e-01	  1.1462562e+00 	 2.6009083e-03
  51	 1.7196882e+00	 1.8129039e-02	 2.5518747e+00	 1.0841522e-01	  1.1412626e+00 	 2.6431084e-03
  52	 1.7206298e+00	 1.8114831e-02	 2.5525389e+00	 1.1102854e-01	  1.1379532e+00 	 2.5539398e-03
  53	 1.7219158e+00	 1.8094327e-02	 2.5535437e+00	 1.1605102e-01	  1.1294965e+00 	 2.5179386e-03
  54	 1.7229958e+00	 1.8078098e-02	 2.5545674e+00	 1.2005323e-01	  1.1245096e+00 	 2.5107861e-03
  55	 1.7245084e+00	 1.8043728e-02	 2.5562783e+00	 1.2677534e-01	  1.1061432e+00 	 2.5331974e-03
  56	 1.7256334e+00	 1.8024140e-02	 2.5573560e+00	 1.2939946e-01	  1.1068276e+00 	 2.5048256e-03
  57	 1.7267282e+00	 1.8008504e-02	 2.5583612e+00	 1.3066525e-01	  1.0999752e+00 	 2.5110245e-03
  58	 1.7284944e+00	 1.7980997e-02	 2.5600916e+00	 1.3439404e-01	  1.0870440e+00 	 2.5041103e-03
  59	 1.7294723e+00	 1.7953428e-02	 2.5618290e+00	 1.4798487e-01	  1.0474899e+00 	 2.5012493e-03
  60	 1.7311465e+00	 1.7923197e-02	 2.5632469e+00	 1.4927150e-01	  1.0470911e+00 	 2.4988651e-03
  61	 1.7319191e+00	 1.7916064e-02	 2.5637513e+00	 1.5119645e-01	  1.0506434e+00 	 2.5138855e-03
  62	 1.7329532e+00	 1.7900196e-02	 2.5648096e+00	 1.5634755e-01	  1.0469860e+00 	 2.5489330e-03
  63	 1.7331983e+00	 1.7888672e-02	 2.5658338e+00	 1.7123369e-01	  1.0186843e+00 	 2.5782585e-03
  64	 1.7345772e+00	 1.7865295e-02	 2.5667942e+00	 1.6780018e-01	  1.0302383e+00 	 2.5260448e-03
  65	 1.7351116e+00	 1.7858668e-02	 2.5673501e+00	 1.6897136e-01	  1.0268213e+00 	 2.5279522e-03
  66	 1.7358113e+00	 1.7848109e-02	 2.5681679e+00	 1.7230455e-01	  1.0190928e+00 	 2.5100708e-03
  67	 1.7371631e+00	 1.7827269e-02	 2.5696780e+00	 1.7861210e-01	  1.0088038e+00 	 2.5053024e-03
  68	 1.7378374e+00	 1.7818167e-02	 2.5706738e+00	 1.8455297e-01	  1.0085075e+00 	 4.5638084e-03
  69	 1.7389737e+00	 1.7791606e-02	 2.5721832e+00	 1.9036517e-01	  1.0009848e+00 	 2.4919510e-03
  70	 1.7397423e+00	 1.7779196e-02	 2.5729705e+00	 1.9216040e-01	  9.9510852e-01 	 2.4929047e-03
  71	 1.7406378e+00	 1.7761785e-02	 2.5740647e+00	 1.9632559e-01	  9.9424816e-01 	 2.4831295e-03
  72	 1.7415065e+00	 1.7748158e-02	 2.5748798e+00	 1.9859941e-01	  9.8918919e-01 	 2.4907589e-03
  73	 1.7430830e+00	 1.7720167e-02	 2.5765593e+00	 2.0381148e-01	  9.7217028e-01 	 2.4871826e-03
  74	 1.7439200e+00	 1.7702111e-02	 2.5782257e+00	 2.1328817e-01	  9.4600258e-01 	 2.5248528e-03
  75	 1.7452041e+00	 1.7678303e-02	 2.5792788e+00	 2.1391153e-01	  9.3136557e-01 	 2.5730133e-03
  76	 1.7460835e+00	 1.7666881e-02	 2.5800988e+00	 2.1636764e-01	  9.1650785e-01 	 2.5169849e-03
  77	 1.7466379e+00	 1.7656642e-02	 2.5808680e+00	 2.2146118e-01	  8.8941904e-01 	 2.5029182e-03
  78	 1.7473642e+00	 1.7641856e-02	 2.5816983e+00	 2.2273223e-01	  8.8606481e-01 	 2.4981499e-03
  79	 1.7481691e+00	 1.7628416e-02	 2.5826555e+00	 2.2483072e-01	  8.8149133e-01 	 2.5038719e-03
  80	 1.7489197e+00	 1.7617350e-02	 2.5834293e+00	 2.2705052e-01	  8.7650584e-01 	 2.4929047e-03
  81	 1.7502458e+00	 1.7600575e-02	 2.5846141e+00	 2.2953376e-01	  8.7730722e-01 	 2.4979115e-03
  82	 1.7508793e+00	 1.7589907e-02	 2.5854058e+00	 2.3308354e-01	  8.5620065e-01 	 4.5640469e-03
  83	 1.7518580e+00	 1.7570823e-02	 2.5864237e+00	 2.3442231e-01	  8.5455819e-01 	 2.4960041e-03
  84	 1.7524662e+00	 1.7562685e-02	 2.5869554e+00	 2.3521066e-01	  8.4905098e-01 	 2.4890900e-03
  85	 1.7533592e+00	 1.7550796e-02	 2.5878208e+00	 2.3699793e-01	  8.3465348e-01 	 2.4931431e-03
  86	 1.7538133e+00	 1.7539493e-02	 2.5886289e+00	 2.3954417e-01	  8.2367057e-01 	 2.4898052e-03
  87	 1.7545059e+00	 1.7529418e-02	 2.5891725e+00	 2.3943015e-01	  8.2289799e-01 	 2.5539398e-03
  88	 1.7550299e+00	 1.7523999e-02	 2.5896317e+00	 2.3954170e-01	  8.2138352e-01 	 2.5558472e-03
  89	 1.7555107e+00	 1.7516703e-02	 2.5901583e+00	 2.4015465e-01	  8.1463064e-01 	 2.5188923e-03
  90	 1.7565996e+00	 1.7499051e-02	 2.5913297e+00	 2.4079722e-01	  7.9519518e-01 	 2.5129318e-03
  91	 1.7571051e+00	 1.7489809e-02	 2.5919330e+00	 2.4326578e-01	  7.7118639e-01 	 4.5721531e-03
  92	 1.7579899e+00	 1.7470181e-02	 2.5931060e+00	 2.4344341e-01	  7.5250686e-01 	 2.5491714e-03
  93	 1.7586117e+00	 1.7457404e-02	 2.5938239e+00	 2.4289750e-01	  7.3763324e-01 	 2.5258064e-03
  94	 1.7593474e+00	 1.7445230e-02	 2.5945954e+00	 2.4274879e-01	  7.1866351e-01 	 2.5210381e-03
  95	 1.7601177e+00	 1.7429016e-02	 2.5954025e+00	 2.4238279e-01	  6.9944278e-01 	 2.5308132e-03
  96	 1.7609655e+00	 1.7413651e-02	 2.5961738e+00	 2.4255609e-01	  6.7981898e-01 	 2.4967194e-03
  97	 1.7617766e+00	 1.7398081e-02	 2.5969427e+00	 2.4306781e-01	  6.5045629e-01 	 2.5177002e-03
  98	 1.7626576e+00	 1.7382685e-02	 2.5977989e+00	 2.4237445e-01	  6.3242616e-01 	 2.5117397e-03
  99	 1.7636460e+00	 1.7359730e-02	 2.5989395e+00	 2.4523320e-01	  5.6703970e-01 	 2.5248528e-03
 100	 1.7643468e+00	 1.7337059e-02	 2.6001488e+00	 2.4287853e-01	  5.5223492e-01 	 2.5048256e-03
 101	 1.7650014e+00	 1.7333101e-02	 2.6005549e+00	 2.4326106e-01	  5.4852461e-01 	 2.5861263e-03
 102	 1.7656907e+00	 1.7325190e-02	 2.6010389e+00	 2.4458581e-01	  5.2320289e-01 	 2.5830269e-03
 103	 1.7662301e+00	 1.7312418e-02	 2.6017005e+00	 2.4432603e-01	  5.0457726e-01 	 2.6471615e-03
 104	 1.7669142e+00	 1.7296115e-02	 2.6024174e+00	 2.4506723e-01	  4.7989357e-01 	 2.6097298e-03
 105	 1.7675114e+00	 1.7287013e-02	 2.6029329e+00	 2.4605209e-01	  4.6022351e-01 	 2.5479794e-03
 106	 1.7681385e+00	 1.7272868e-02	 2.6037226e+00	 2.4558482e-01	  4.4615806e-01 	 2.5660992e-03
 107	 1.7690045e+00	 1.7256733e-02	 2.6046770e+00	 2.4751217e-01	  4.1092864e-01 	 2.5780201e-03
 108	 1.7697742e+00	 1.7238543e-02	 2.6055442e+00	 2.4718764e-01	  4.0066443e-01 	 2.5467873e-03
 109	 1.7704616e+00	 1.7233870e-02	 2.6059634e+00	 2.4864172e-01	  3.9110454e-01 	 2.5389194e-03
 110	 1.7712217e+00	 1.7219637e-02	 2.6067957e+00	 2.4881687e-01	  3.7790787e-01 	 2.5541782e-03
 111	 1.7719131e+00	 1.7208126e-02	 2.6073997e+00	 2.5124969e-01	  3.4787720e-01 	 2.6271343e-03
 112	 1.7725708e+00	 1.7189366e-02	 2.6083298e+00	 2.5279763e-01	  3.0846059e-01 	 2.5510788e-03
 113	 1.7732513e+00	 1.7171310e-02	 2.6091219e+00	 2.5410181e-01	  2.6960093e-01 	 2.5405884e-03
 114	 1.7737575e+00	 1.7161394e-02	 2.6096128e+00	 2.5478334e-01	  2.5131481e-01 	 2.5520325e-03
 115	 1.7745561e+00	 1.7150655e-02	 2.6102257e+00	 2.5660309e-01	  2.1776099e-01 	 2.5608540e-03
 116	 1.7749061e+00	 1.7133348e-02	 2.6109052e+00	 2.5890660e-01	  1.6049345e-01 	 2.6061535e-03
 117	 1.7755852e+00	 1.7128109e-02	 2.6112461e+00	 2.6096723e-01	  1.5584342e-01 	 2.5570393e-03
 118	 1.7759607e+00	 1.7120561e-02	 2.6115714e+00	 2.6180100e-01	  1.4059926e-01 	 2.9182434e-03
 119	 1.7762591e+00	 1.7110568e-02	 2.6119690e+00	 2.6339325e-01	  1.1269353e-01 	 3.3228397e-03
 120	 1.7767699e+00	 1.7098584e-02	 2.6124876e+00	 2.6575860e-01	  8.1176672e-02 	 2.9277802e-03
 121	 1.7771979e+00	 1.7086940e-02	 2.6130348e+00	 2.6988418e-01	  2.5941510e-02 	 2.8431416e-03
 122	 1.7777544e+00	 1.7080561e-02	 2.6133737e+00	 2.6982351e-01	  4.5699344e-02 	 2.8328896e-03
 123	 1.7780099e+00	 1.7075520e-02	 2.6136202e+00	 2.7088222e-01	  2.5352076e-02 	 2.9599667e-03
 124	 1.7783523e+00	 1.7073174e-02	 2.6138293e+00	 2.7138892e-01	  3.1608427e-02 	 2.9430389e-03
 125	 1.7789084e+00	 1.7055805e-02	 2.6145258e+00	 2.7560930e-01	 -2.4181071e-02 	 2.8841496e-03
 126	 1.7793543e+00	 1.7047216e-02	 2.6148729e+00	 2.7686988e-01	 -3.6786623e-02 	 2.8867722e-03
 127	 1.7798180e+00	 1.7038196e-02	 2.6153034e+00	 2.7906907e-01	 -5.4884119e-02 	 2.8417110e-03
 128	 1.7802480e+00	 1.7026118e-02	 2.6157822e+00	 2.8261830e-01	 -1.0812165e-01 	 2.8510094e-03
 129	 1.7806445e+00	 1.7021434e-02	 2.6160337e+00	 2.8327631e-01	 -1.0944094e-01 	 1.0101080e-02
 130	 1.7811592e+00	 1.7001599e-02	 2.6167113e+00	 2.8788862e-01	 -1.9497284e-01 	 3.1926632e-03
 131	 1.7816527e+00	 1.6997481e-02	 2.6169321e+00	 2.8744327e-01	 -1.6978813e-01 	 2.9439926e-03
 132	 1.7819894e+00	 1.6990614e-02	 2.6171999e+00	 2.8950021e-01	 -1.9309801e-01 	 2.8893948e-03
 133	 1.7823217e+00	 1.6982876e-02	 2.6174537e+00	 2.9025315e-01	 -2.0817450e-01 	 2.8879642e-03
 134	 1.7826006e+00	 1.6981792e-02	 2.6176118e+00	 2.8947815e-01	 -2.0188272e-01 	 2.9950142e-03
 135	 1.7830565e+00	 1.6971744e-02	 2.6179900e+00	 2.9068519e-01	 -2.3881770e-01 	 2.8219223e-03
 136	 1.7835107e+00	 1.6960090e-02	 2.6185243e+00	 2.9153455e-01	 -2.8038804e-01 	 2.8901100e-03
 137	 1.7837996e+00	 1.6954562e-02	 2.6187759e+00	 2.9183221e-01	 -2.9002478e-01 	 5.1150322e-03
 138	 1.7844609e+00	 1.6938502e-02	 2.6194055e+00	 2.9227817e-01	 -3.1229976e-01 	 2.8860569e-03
 139	 1.7849555e+00	 1.6923592e-02	 2.6198761e+00	 2.9040586e-01	 -3.1262957e-01 	 8.2209110e-03
 140	 1.7855400e+00	 1.6903791e-02	 2.6206197e+00	 2.9005912e-01	 -3.4038027e-01 	 3.1599998e-03
 141	 1.7861328e+00	 1.6890370e-02	 2.6212311e+00	 2.8772557e-01	 -3.4608257e-01 	 2.9067993e-03
 142	 1.7865308e+00	 1.6878623e-02	 2.6217352e+00	 2.8525621e-01	 -3.2985789e-01 	 2.8641224e-03
 143	 1.7869421e+00	 1.6870316e-02	 2.6221206e+00	 2.8479511e-01	 -3.3162075e-01 	 3.6768913e-03
 144	 1.7874998e+00	 1.6857365e-02	 2.6226998e+00	 2.8297531e-01	 -3.2075735e-01 	 2.8669834e-03
 145	 1.7876819e+00	 1.6846995e-02	 2.6231540e+00	 2.8313682e-01	 -3.2175461e-01 	 2.8679371e-03
 146	 1.7880509e+00	 1.6835772e-02	 2.6235688e+00	 2.8203372e-01	 -3.1352575e-01 	 2.8469563e-03
 147	 1.7883178e+00	 1.6827475e-02	 2.6239311e+00	 2.8122037e-01	 -3.0841034e-01 	 2.8412342e-03
 148	 1.7886129e+00	 1.6817313e-02	 2.6243952e+00	 2.8016339e-01	 -3.0226664e-01 	 2.8250217e-03
 149	 1.7891500e+00	 1.6799015e-02	 2.6252130e+00	 2.7782561e-01	 -2.8432300e-01 	 4.6648979e-03
 150	 1.7893015e+00	 1.6789296e-02	 2.6259267e+00	 2.7740658e-01	 -3.5327534e-01 	 4.2450428e-03
 151	 1.7903494e+00	 1.6753990e-02	 2.6272470e+00	 2.7289924e-01	 -2.7915884e-01 	 2.8479099e-03
 152	 1.7907636e+00	 1.6750383e-02	 2.6274924e+00	 2.7245591e-01	 -2.7347704e-01 	 2.8309822e-03
 153	 1.7912608e+00	 1.6743321e-02	 2.6279062e+00	 2.7130717e-01	 -2.7064302e-01 	 3.0031204e-03
 154	 1.7918224e+00	 1.6727362e-02	 2.6286888e+00	 2.7175098e-01	 -3.2831992e-01 	 2.8250217e-03
 155	 1.7921000e+00	 1.6710730e-02	 2.6294157e+00	 2.6226196e-01	 -2.1618472e-01 	 3.8440228e-03
 156	 1.7929642e+00	 1.6694660e-02	 2.6302818e+00	 2.6734158e-01	 -3.2508844e-01 	 2.9058456e-03
 157	 1.7933386e+00	 1.6685308e-02	 2.6308018e+00	 2.6820221e-01	 -3.6576255e-01 	 3.3428669e-03
 158	 1.7938523e+00	 1.6670531e-02	 2.6315607e+00	 2.6755329e-01	 -3.9265156e-01 	 3.3369064e-03
 159	 1.7941337e+00	 1.6659249e-02	 2.6320679e+00	 2.6597927e-01	 -3.9730350e-01 	 5.6350231e-03
 160	 1.7946717e+00	 1.6635400e-02	 2.6330545e+00	 2.6253523e-01	 -3.8369522e-01 	 3.0970573e-03
 161	 1.7951901e+00	 1.6617698e-02	 2.6338645e+00	 2.5986421e-01	 -3.8392662e-01 	 3.5769939e-03
 162	 1.7957868e+00	 1.6600578e-02	 2.6346876e+00	 2.5703693e-01	 -3.7408494e-01 	 3.5798550e-03
 163	 1.7962927e+00	 1.6585966e-02	 2.6355964e+00	 2.5595657e-01	 -4.1241378e-01 	 3.1249523e-03
 164	 1.7970439e+00	 1.6559672e-02	 2.6366531e+00	 2.5241824e-01	 -3.6431592e-01 	 3.7891865e-03
 165	 1.7976607e+00	 1.6550215e-02	 2.6372422e+00	 2.5216686e-01	 -3.4947850e-01 	 2.7909279e-03
 166	 1.7982926e+00	 1.6534719e-02	 2.6380505e+00	 2.5050792e-01	 -3.3114887e-01 	 2.6798248e-03
 167	 1.7989125e+00	 1.6515827e-02	 2.6391615e+00	 2.4537913e-01	 -2.7455906e-01 	 3.2329559e-03
 168	 1.7997586e+00	 1.6486547e-02	 2.6404282e+00	 2.4355679e-01	 -2.8544875e-01 	 2.9370785e-03
 169	 1.8005458e+00	 1.6469826e-02	 2.6413981e+00	 2.4508230e-01	 -3.5871341e-01 	 2.8450489e-03
 170	 1.8010531e+00	 1.6449735e-02	 2.6423909e+00	 2.4164083e-01	 -3.6682224e-01 	 2.8650761e-03
 171	 1.8015916e+00	 1.6432671e-02	 2.6434027e+00	 2.4426690e-01	 -4.5323139e-01 	 2.8810501e-03
 172	 1.8021271e+00	 1.6423585e-02	 2.6439157e+00	 2.4456391e-01	 -4.7091161e-01 	 3.1049252e-03
 173	 1.8027252e+00	 1.6404309e-02	 2.6448581e+00	 2.4083237e-01	 -4.2794090e-01 	 2.8328896e-03
 174	 1.8032887e+00	 1.6396630e-02	 2.6453572e+00	 2.4173190e-01	 -4.3637510e-01 	 2.7167797e-03
 175	 1.8045241e+00	 1.6371379e-02	 2.6468363e+00	 2.4244594e-01	 -4.8173204e-01 	 2.7401447e-03
 176	 1.8051313e+00	 1.6351987e-02	 2.6478441e+00	 2.3994281e-01	 -4.4820240e-01 	 2.7194023e-03
 177	 1.8056844e+00	 1.6348770e-02	 2.6481156e+00	 2.4238586e-01	 -5.0681818e-01 	 2.6321411e-03
 178	 1.8062541e+00	 1.6337618e-02	 2.6488066e+00	 2.4331379e-01	 -5.5614722e-01 	 2.6271343e-03
 179	 1.8068595e+00	 1.6323790e-02	 2.6496748e+00	 2.4504277e-01	 -6.1854928e-01 	 2.6252270e-03
 180	 1.8077185e+00	 1.6297109e-02	 2.6512137e+00	 2.4358060e-01	 -6.1366796e-01 	 2.6371479e-03
 181	 1.8084567e+00	 1.6273828e-02	 2.6526549e+00	 2.4124512e-01	 -6.0964114e-01 	 2.6109219e-03
 182	 1.8091457e+00	 1.6262037e-02	 2.6533704e+00	 2.4196606e-01	 -6.2720019e-01 	 2.6280880e-03
 183	 1.8095596e+00	 1.6258002e-02	 2.6537296e+00	 2.4113219e-01	 -6.1936301e-01 	 2.6237965e-03
 184	 1.8098999e+00	 1.6256771e-02	 2.6539280e+00	 2.4026910e-01	 -6.3532423e-01 	 2.6118755e-03
 185	 1.8103436e+00	 1.6247760e-02	 2.6544278e+00	 2.3996106e-01	 -6.6141599e-01 	 2.6710033e-03
 186	 1.8109584e+00	 1.6234102e-02	 2.6552911e+00	 2.3955383e-01	 -7.2804798e-01 	 2.6211739e-03
 187	 1.8114162e+00	 1.6225651e-02	 2.6558160e+00	 2.3955337e-01	 -7.6947523e-01 	 2.7749538e-03
 188	 1.8122314e+00	 1.6205869e-02	 2.6570418e+00	 2.3881576e-01	 -8.6143439e-01 	 2.8238297e-03
 189	 1.8129168e+00	 1.6189873e-02	 2.6578483e+00	 2.3709354e-01	 -8.6455140e-01 	 2.8772354e-03
 190	 1.8132999e+00	 1.6184639e-02	 2.6582470e+00	 2.3615961e-01	 -8.5379360e-01 	 2.8488636e-03
 191	 1.8138966e+00	 1.6175509e-02	 2.6590027e+00	 2.3505258e-01	 -8.7590368e-01 	 2.8438568e-03
 192	 1.8141053e+00	 1.6170873e-02	 2.6594434e+00	 2.3584561e-01	 -9.1300430e-01 	 2.8297901e-03
 193	 1.8145046e+00	 1.6163253e-02	 2.6598266e+00	 2.3449515e-01	 -9.0980270e-01 	 2.8629303e-03
 194	 1.8148913e+00	 1.6156274e-02	 2.6602964e+00	 2.3356425e-01	 -9.4070830e-01 	 3.0839443e-03
 195	 1.8151738e+00	 1.6149216e-02	 2.6607544e+00	 2.3307607e-01	 -9.7528905e-01 	 3.0751228e-03
 196	 1.8158803e+00	 1.6134335e-02	 2.6618321e+00	 2.3131752e-01	 -1.0027582e+00 	 2.8181076e-03
 197	 1.8161963e+00	 1.6125756e-02	 2.6622894e+00	 2.3064504e-01	 -1.0288567e+00 	 5.1720142e-03
 198	 1.8165012e+00	 1.6117245e-02	 2.6627607e+00	 2.2985725e-01	 -1.0205360e+00 	 3.0879974e-03
 199	 1.8168081e+00	 1.6112351e-02	 2.6631012e+00	 2.2911955e-01	 -1.0112180e+00 	 3.1559467e-03
 200	 1.8172317e+00	 1.6107165e-02	 2.6635240e+00	 2.2714327e-01	 -9.5475538e-01 	 2.9728413e-03
Inserting handle into data store.  model_inform_GPz: inprogress_BOSS_gpz.pkl, inform_GPz
Stage complete: GPzInformer @ 2024-08-02 00:05:14.060159 took 0.01 minutes
