Executing stage: GPzInformer @ 2024-06-17 17:30:07.741319
Inserting handle into data store.  output_col_remapper_1: ./output_col_remapper_1.pq, inform_GPz
ngal: 137241
training model...
Iter	 logML/n 		 Train RMSE		 Train RMSE/n		 Valid RMSE		 Valid MLL		 Time    
   1	 3.1275912e-01	 1.7368378e-01	 3.2085977e-01	 1.7171417e-01	[ 3.2874274e-01]	 3.1671498e+00
   2	 4.0906776e-01	 1.5945468e-01	 4.1975696e-01	 1.5874799e-01	[ 4.2522901e-01]	 2.1117358e+00
   3	 4.4245162e-01	 1.5316226e-01	 4.5046146e-01	 1.5241054e-01	[ 4.5560827e-01]	 1.0587511e+00
   4	 4.7705041e-01	 1.5102478e-01	 4.8339167e-01	 1.5021024e-01	[ 4.8901316e-01]	 1.0579360e+00
   5	 4.8462658e-01	 1.4974712e-01	 4.9076722e-01	 1.4920973e-01	[ 4.9495041e-01]	 1.0551879e+00
   6	 4.8972009e-01	 1.4892635e-01	 4.9659463e-01	 1.4838434e-01	[ 5.0105967e-01]	 1.0618329e+00
   7	 4.9368115e-01	 1.4820774e-01	 5.0037502e-01	 1.4772270e-01	[ 5.0497353e-01]	 1.0570712e+00
   8	 4.9681631e-01	 1.4777993e-01	 5.0337735e-01	 1.4732593e-01	[ 5.0785078e-01]	 1.0543449e+00
   9	 4.9957084e-01	 1.4743151e-01	 5.0589747e-01	 1.4710014e-01	[ 5.0981532e-01]	 1.0536621e+00
  10	 5.0301135e-01	 1.4698957e-01	 5.0897656e-01	 1.4698498e-01	[ 5.1155724e-01]	 1.0548749e+00
  11	 5.0733494e-01	 1.4646226e-01	 5.1292809e-01	 1.4669549e-01	[ 5.1453011e-01]	 1.0698221e+00
  12	 5.1134275e-01	 1.4602102e-01	 5.1652320e-01	 1.4630655e-01	[ 5.1753780e-01]	 1.0611339e+00
  13	 5.1725561e-01	 1.4525722e-01	 5.2206020e-01	 1.4557042e-01	[ 5.2272644e-01]	 1.0503311e+00
  14	 5.2669161e-01	 1.4402855e-01	 5.3039021e-01	 1.4372541e-01	[ 5.3290825e-01]	 1.0598021e+00
  15	 5.3198414e-01	 1.4331365e-01	 5.3568648e-01	 1.4294449e-01	[ 5.3921803e-01]	 1.0534170e+00
  16	 5.3656959e-01	 1.4289828e-01	 5.4007889e-01	 1.4281797e-01	[ 5.4308514e-01]	 1.0592451e+00
  17	 5.4056763e-01	 1.4248773e-01	 5.4437002e-01	 1.4239213e-01	[ 5.4718946e-01]	 1.0571709e+00
  18	 5.5034760e-01	 1.4193887e-01	 5.5413589e-01	 1.4158748e-01	[ 5.5620575e-01]	 1.0640919e+00
  19	 5.6247888e-01	 1.4118558e-01	 5.6620710e-01	 1.4103439e-01	[ 5.6670105e-01]	 1.0614679e+00
  20	 5.7334561e-01	 1.4136321e-01	 5.7701154e-01	 1.4084548e-01	[ 5.7769753e-01]	 1.0667262e+00
  21	 5.9797805e-01	 1.4037942e-01	 6.0131539e-01	 1.3832882e-01	[ 6.0228757e-01]	 2.1245749e+00
  22	 6.4371829e-01	 1.3903838e-01	 6.4719175e-01	 1.3805492e-01	[ 6.4384937e-01]	 1.0586810e+00
  23	 6.7295664e-01	 1.3900278e-01	 6.7650707e-01	 1.3778319e-01	[ 6.7121566e-01]	 1.0766783e+00
  24	 7.0591884e-01	 1.3427451e-01	 7.0959609e-01	 1.3309953e-01	[ 7.0234988e-01]	 2.1161621e+00
  25	 7.3914648e-01	 1.2966853e-01	 7.4274743e-01	 1.2872631e-01	[ 7.3631727e-01]	 1.0606418e+00
  26	 7.8070916e-01	 1.2550746e-01	 7.8434146e-01	 1.2467288e-01	[ 7.7795783e-01]	 1.0627592e+00
  27	 8.1477256e-01	 1.2434035e-01	 8.1833670e-01	 1.2333357e-01	[ 8.1482449e-01]	 1.0612299e+00
  28	 8.3646075e-01	 1.2347964e-01	 8.4013202e-01	 1.2212539e-01	[ 8.3680334e-01]	 2.1214931e+00
  29	 8.5862381e-01	 1.2201611e-01	 8.6230375e-01	 1.2048816e-01	[ 8.5817983e-01]	 1.0652871e+00
  30	 8.9755023e-01	 1.2093041e-01	 9.0124666e-01	 1.1888078e-01	[ 8.9843121e-01]	 1.0640430e+00
  31	 9.2087498e-01	 1.1844010e-01	 9.2456342e-01	 1.1687860e-01	[ 9.2406689e-01]	 1.0609300e+00
  32	 9.3993073e-01	 1.1722290e-01	 9.4370794e-01	 1.1592396e-01	[ 9.4436117e-01]	 1.0601060e+00
  33	 9.5687255e-01	 1.1613103e-01	 9.6068284e-01	 1.1525496e-01	[ 9.6311931e-01]	 1.0608041e+00
  34	 9.7428938e-01	 1.1500844e-01	 9.7812010e-01	 1.1414544e-01	[ 9.8331861e-01]	 1.0616431e+00
  35	 9.8719557e-01	 1.1492768e-01	 9.9105272e-01	 1.1429716e-01	[ 9.9643659e-01]	 1.0647719e+00
  36	 9.9483142e-01	 1.1415186e-01	 9.9868822e-01	 1.1344715e-01	[ 1.0041270e+00]	 1.0548651e+00
  37	 1.0056570e+00	 1.1344546e-01	 1.0094628e+00	 1.1217552e-01	[ 1.0160640e+00]	 1.0670879e+00
  38	 1.0201932e+00	 1.1171023e-01	 1.0240892e+00	 1.1058037e-01	[ 1.0312250e+00]	 1.0647521e+00
  39	 1.0282521e+00	 1.1118512e-01	 1.0321122e+00	 1.0999747e-01	[ 1.0394628e+00]	 1.0619760e+00
  40	 1.0392737e+00	 1.1077375e-01	 1.0431335e+00	 1.0944471e-01	[ 1.0511569e+00]	 1.0613208e+00
  41	 1.0545936e+00	 1.1081050e-01	 1.0584524e+00	 1.0924959e-01	[ 1.0666768e+00]	 1.0931320e+00
  42	 1.0639865e+00	 1.1180962e-01	 1.0679051e+00	 1.0963929e-01	[ 1.0789749e+00]	 1.0506101e+00
  43	 1.0758938e+00	 1.1084389e-01	 1.0798039e+00	 1.0868104e-01	[ 1.0910787e+00]	 1.0564342e+00
  44	 1.0806843e+00	 1.1062545e-01	 1.0845927e+00	 1.0855040e-01	[ 1.0957253e+00]	 1.0583060e+00
  45	 1.0917239e+00	 1.1019299e-01	 1.0956375e+00	 1.0819156e-01	[ 1.1064300e+00]	 1.0622392e+00
  46	 1.1008737e+00	 1.1033176e-01	 1.1048034e+00	 1.0887823e-01	[ 1.1121088e+00]	 1.0607891e+00
  47	 1.1125784e+00	 1.0944193e-01	 1.1165189e+00	 1.0793378e-01	[ 1.1241499e+00]	 1.0633900e+00
  48	 1.1199539e+00	 1.0903777e-01	 1.1239039e+00	 1.0748445e-01	[ 1.1310294e+00]	 1.0592511e+00
  49	 1.1307003e+00	 1.0899894e-01	 1.1346598e+00	 1.0729908e-01	[ 1.1410385e+00]	 1.0639222e+00
  50	 1.1415084e+00	 1.0844889e-01	 1.1455273e+00	 1.0668153e-01	[ 1.1521573e+00]	 1.0614951e+00
  51	 1.1445780e+00	 1.0951156e-01	 1.1485111e+00	 1.0717610e-01	[ 1.1557467e+00]	 1.0574536e+00
  52	 1.1562230e+00	 1.0805929e-01	 1.1601776e+00	 1.0615153e-01	[ 1.1677292e+00]	 1.0622141e+00
  53	 1.1632968e+00	 1.0756072e-01	 1.1672871e+00	 1.0588910e-01	[ 1.1743712e+00]	 1.0565121e+00
  54	 1.1742955e+00	 1.0772406e-01	 1.1783423e+00	 1.0614224e-01	[ 1.1873300e+00]	 1.0596437e+00
  55	 1.1826905e+00	 1.0786218e-01	 1.1867227e+00	 1.0637975e-01	[ 1.1960834e+00]	 1.0606270e+00
  56	 1.1875010e+00	 1.0783803e-01	 1.1915156e+00	 1.0625906e-01	[ 1.2012420e+00]	 1.0587740e+00
  57	 1.1944618e+00	 1.0764330e-01	 1.1984657e+00	 1.0603918e-01	[ 1.2084803e+00]	 1.0678220e+00
  58	 1.2027216e+00	 1.0764627e-01	 1.2067228e+00	 1.0606208e-01	[ 1.2167155e+00]	 1.0583453e+00
  59	 1.2093392e+00	 1.0763829e-01	 1.2133526e+00	 1.0591605e-01	[ 1.2219293e+00]	 1.0667589e+00
  60	 1.2161356e+00	 1.0821801e-01	 1.2201476e+00	 1.0657561e-01	[ 1.2266696e+00]	 1.0597851e+00
  61	 1.2196896e+00	 1.0818688e-01	 1.2237082e+00	 1.0653055e-01	[ 1.2292195e+00]	 1.0644500e+00
  62	 1.2270611e+00	 1.0801653e-01	 1.2310900e+00	 1.0628700e-01	[ 1.2344989e+00]	 1.0571902e+00
  63	 1.2324581e+00	 1.0741857e-01	 1.2365003e+00	 1.0570136e-01	[ 1.2404213e+00]	 1.0644553e+00
  64	 1.2376039e+00	 1.0737509e-01	 1.2416307e+00	 1.0566318e-01	[ 1.2446049e+00]	 1.0617981e+00
  65	 1.2415884e+00	 1.0710108e-01	 1.2456125e+00	 1.0542520e-01	[ 1.2486087e+00]	 1.0621872e+00
  66	 1.2445688e+00	 1.0691793e-01	 1.2486005e+00	 1.0521336e-01	[ 1.2515559e+00]	 1.0616150e+00
  67	 1.2478196e+00	 1.0689735e-01	 1.2518570e+00	 1.0518166e-01	[ 1.2548435e+00]	 1.0640280e+00
  68	 1.2501702e+00	 1.0688533e-01	 1.2542156e+00	 1.0517080e-01	[ 1.2570082e+00]	 1.0637121e+00
  69	 1.2542519e+00	 1.0685085e-01	 1.2582966e+00	 1.0514946e-01	[ 1.2606375e+00]	 1.0616131e+00
  70	 1.2592145e+00	 1.0635234e-01	 1.2632946e+00	 1.0464758e-01	[ 1.2662690e+00]	 1.0620370e+00
  71	 1.2632528e+00	 1.0594946e-01	 1.2672875e+00	 1.0427298e-01	[ 1.2707761e+00]	 1.0663831e+00
  72	 1.2660096e+00	 1.0554000e-01	 1.2700469e+00	 1.0389205e-01	[ 1.2736194e+00]	 1.0595481e+00
  73	 1.2712578e+00	 1.0518615e-01	 1.2753043e+00	 1.0349136e-01	[ 1.2775196e+00]	 1.0641990e+00
  74	 1.2737687e+00	 1.0443241e-01	 1.2778230e+00	 1.0272622e-01	[ 1.2798371e+00]	 1.0538220e+00
  75	 1.2763118e+00	 1.0450941e-01	 1.2803607e+00	 1.0276773e-01	[ 1.2820757e+00]	 1.0611751e+00
  76	 1.2800997e+00	 1.0473751e-01	 1.2841456e+00	 1.0292972e-01	[ 1.2850924e+00]	 1.0628669e+00
  77	 1.2825254e+00	 1.0497158e-01	 1.2865706e+00	 1.0318238e-01	[ 1.2874588e+00]	 1.0688949e+00
  78	 1.2848875e+00	 1.0526189e-01	 1.2889332e+00	 1.0345690e-01	[ 1.2887286e+00]	 1.0602429e+00
  79	 1.2867308e+00	 1.0520777e-01	 1.2907841e+00	 1.0341762e-01	[ 1.2905860e+00]	 1.0668280e+00
  80	 1.2882968e+00	 1.0510812e-01	 1.2923594e+00	 1.0337196e-01	[ 1.2918921e+00]	 1.0563579e+00
  81	 1.2906746e+00	 1.0492310e-01	 1.2947478e+00	 1.0326681e-01	[ 1.2935563e+00]	 1.0653780e+00
  82	 1.2948827e+00	 1.0482540e-01	 1.2989811e+00	 1.0327057e-01	[ 1.2961477e+00]	 1.0576260e+00
  83	 1.2965678e+00	 1.0470036e-01	 1.3006436e+00	 1.0322981e-01	[ 1.2969926e+00]	 2.1255012e+00
  84	 1.2985781e+00	 1.0467481e-01	 1.3026679e+00	 1.0323341e-01	[ 1.2983398e+00]	 1.0613849e+00
  85	 1.3003066e+00	 1.0468321e-01	 1.3043975e+00	 1.0324652e-01	[ 1.2996559e+00]	 1.0652301e+00
  86	 1.3023983e+00	 1.0477792e-01	 1.3064938e+00	 1.0338013e-01	[ 1.3012552e+00]	 1.0709550e+00
  87	 1.3045746e+00	 1.0474795e-01	 1.3086673e+00	 1.0337184e-01	[ 1.3031415e+00]	 1.0600519e+00
  88	 1.3067334e+00	 1.0483868e-01	 1.3108212e+00	 1.0343982e-01	[ 1.3056669e+00]	 1.0638001e+00
  89	 1.3097760e+00	 1.0504316e-01	 1.3138685e+00	 1.0363129e-01	[ 1.3085154e+00]	 1.0625873e+00
  90	 1.3107600e+00	 1.0532931e-01	 1.3148553e+00	 1.0388117e-01	[ 1.3107885e+00]	 1.0642891e+00
  91	 1.3130264e+00	 1.0529754e-01	 1.3171216e+00	 1.0384674e-01	[ 1.3125254e+00]	 1.0649929e+00
  92	 1.3141617e+00	 1.0520107e-01	 1.3182594e+00	 1.0377608e-01	[ 1.3133543e+00]	 1.0589521e+00
  93	 1.3161910e+00	 1.0521514e-01	 1.3202873e+00	 1.0384546e-01	[ 1.3151191e+00]	 1.0590148e+00
  94	 1.3188189e+00	 1.0514889e-01	 1.3229547e+00	 1.0391365e-01	[ 1.3165289e+00]	 1.0608990e+00
  95	 1.3216120e+00	 1.0547035e-01	 1.3257072e+00	 1.0421540e-01	[ 1.3205503e+00]	 1.0583792e+00
  96	 1.3227088e+00	 1.0537429e-01	 1.3268067e+00	 1.0411069e-01	[ 1.3218520e+00]	 1.0677660e+00
  97	 1.3243754e+00	 1.0521981e-01	 1.3284769e+00	 1.0394049e-01	[ 1.3234033e+00]	 1.0839732e+00
  98	 1.3258236e+00	 1.0537938e-01	 1.3299360e+00	 1.0405850e-01	[ 1.3245893e+00]	 1.0700891e+00
  99	 1.3274689e+00	 1.0522142e-01	 1.3315796e+00	 1.0388961e-01	[ 1.3257845e+00]	 1.0675910e+00
 100	 1.3290066e+00	 1.0520566e-01	 1.3331173e+00	 1.0387255e-01	[ 1.3269367e+00]	 1.0617752e+00
 101	 1.3303883e+00	 1.0520994e-01	 1.3344999e+00	 1.0388732e-01	[ 1.3282615e+00]	 1.0694921e+00
 102	 1.3321399e+00	 1.0521767e-01	 1.3362556e+00	 1.0387640e-01	[ 1.3305539e+00]	 1.0663559e+00
 103	 1.3330561e+00	 1.0538160e-01	 1.3371716e+00	 1.0400470e-01	[ 1.3319479e+00]	 1.0644882e+00
 104	 1.3346379e+00	 1.0512754e-01	 1.3387556e+00	 1.0374398e-01	[ 1.3336400e+00]	 1.0634179e+00
 105	 1.3356140e+00	 1.0495580e-01	 1.3397358e+00	 1.0354116e-01	[ 1.3347385e+00]	 1.0545061e+00
 106	 1.3367699e+00	 1.0480308e-01	 1.3408934e+00	 1.0332893e-01	[ 1.3359695e+00]	 1.0627441e+00
 107	 1.3387866e+00	 1.0461130e-01	 1.3429212e+00	 1.0306378e-01	[ 1.3377353e+00]	 1.0625002e+00
 108	 1.3399987e+00	 1.0447098e-01	 1.3441122e+00	 1.0286575e-01	[ 1.3391773e+00]	 2.1262670e+00
 109	 1.3415590e+00	 1.0437569e-01	 1.3456806e+00	 1.0277194e-01	[ 1.3404079e+00]	 1.0656812e+00
 110	 1.3431536e+00	 1.0427796e-01	 1.3472807e+00	 1.0272093e-01	[ 1.3418222e+00]	 1.0651157e+00
 111	 1.3443970e+00	 1.0415029e-01	 1.3485258e+00	 1.0263861e-01	[ 1.3429264e+00]	 1.0689650e+00
 112	 1.3452914e+00	 1.0416775e-01	 1.3494167e+00	 1.0271144e-01	[ 1.3436880e+00]	 1.0586560e+00
 113	 1.3470386e+00	 1.0397005e-01	 1.3511663e+00	 1.0252500e-01	[ 1.3451636e+00]	 1.0673060e+00
 114	 1.3477148e+00	 1.0389608e-01	 1.3518433e+00	 1.0243929e-01	[ 1.3456818e+00]	 1.0623460e+00
 115	 1.3490609e+00	 1.0376145e-01	 1.3531909e+00	 1.0229111e-01	[ 1.3467069e+00]	 1.0612838e+00
 116	 1.3509183e+00	 1.0345953e-01	 1.3550481e+00	 1.0195126e-01	[ 1.3481086e+00]	 1.0647669e+00
 117	 1.3513960e+00	 1.0356745e-01	 1.3555360e+00	 1.0207885e-01	[ 1.3486590e+00]	 1.0656078e+00
 118	 1.3536238e+00	 1.0328247e-01	 1.3577563e+00	 1.0178989e-01	[ 1.3509530e+00]	 1.0644491e+00
 119	 1.3543017e+00	 1.0319959e-01	 1.3584333e+00	 1.0170545e-01	[ 1.3518444e+00]	 1.0671721e+00
 120	 1.3553736e+00	 1.0312273e-01	 1.3595012e+00	 1.0161439e-01	[ 1.3533918e+00]	 1.0798540e+00
 121	 1.3565820e+00	 1.0294544e-01	 1.3607248e+00	 1.0136535e-01	[ 1.3555174e+00]	 1.0705829e+00
 122	 1.3581969e+00	 1.0294658e-01	 1.3623261e+00	 1.0134845e-01	[ 1.3574833e+00]	 1.0628622e+00
 123	 1.3591995e+00	 1.0289937e-01	 1.3633250e+00	 1.0129829e-01	[ 1.3585682e+00]	 1.0633609e+00
 124	 1.3602458e+00	 1.0279727e-01	 1.3643791e+00	 1.0119312e-01	[ 1.3593454e+00]	 1.0633900e+00
 125	 1.3611538e+00	 1.0257346e-01	 1.3652805e+00	 1.0097722e-01	[ 1.3603659e+00]	 1.0636508e+00
 126	 1.3622202e+00	 1.0246912e-01	 1.3663541e+00	 1.0088878e-01	[ 1.3612197e+00]	 1.0648210e+00
 127	 1.3637384e+00	 1.0229691e-01	 1.3678813e+00	 1.0073698e-01	[ 1.3624393e+00]	 1.0656843e+00
 128	 1.3646084e+00	 1.0227434e-01	 1.3687521e+00	 1.0071651e-01	[ 1.3633523e+00]	 1.0624111e+00
 129	 1.3666724e+00	 1.0240462e-01	 1.3708173e+00	 1.0077938e-01	[ 1.3645378e+00]	 1.0584319e+00
 130	 1.3687568e+00	 1.0226531e-01	 1.3728991e+00	 1.0067024e-01	[ 1.3675917e+00]	 1.0636232e+00
 131	 1.3694974e+00	 1.0216789e-01	 1.3736387e+00	 1.0055734e-01	[ 1.3682719e+00]	 1.0643649e+00
 132	 1.3707937e+00	 1.0206863e-01	 1.3749483e+00	 1.0047403e-01	[ 1.3691803e+00]	 1.0587943e+00
 133	 1.3718883e+00	 1.0186317e-01	 1.3760328e+00	 1.0024132e-01	[ 1.3700561e+00]	 1.0634210e+00
 134	 1.3726658e+00	 1.0183058e-01	 1.3768126e+00	 1.0023142e-01	[ 1.3707943e+00]	 1.0615330e+00
 135	 1.3745779e+00	 1.0178201e-01	 1.3787348e+00	 1.0029136e-01	[ 1.3723270e+00]	 1.0680261e+00
 136	 1.3753644e+00	 1.0176466e-01	 1.3795223e+00	 1.0027676e-01	[ 1.3734260e+00]	 1.0623538e+00
 137	 1.3762378e+00	 1.0173908e-01	 1.3803983e+00	 1.0025331e-01	[ 1.3741089e+00]	 1.0665128e+00
 138	 1.3773217e+00	 1.0172355e-01	 1.3814768e+00	 1.0024187e-01	[ 1.3748347e+00]	 1.0581019e+00
 139	 1.3781762e+00	 1.0168088e-01	 1.3823401e+00	 1.0019414e-01	[ 1.3752454e+00]	 1.1134460e+00
 140	 1.3793343e+00	 1.0167760e-01	 1.3834912e+00	 1.0019698e-01	[ 1.3762338e+00]	 1.0617108e+00
 141	 1.3805682e+00	 1.0160350e-01	 1.3847257e+00	 1.0012014e-01	[ 1.3775548e+00]	 1.0666170e+00
 142	 1.3818747e+00	 1.0172450e-01	 1.3860321e+00	 1.0020197e-01	[ 1.3794127e+00]	 1.0585549e+00
 143	 1.3830313e+00	 1.0164353e-01	 1.3871919e+00	 1.0012240e-01	[ 1.3812840e+00]	 1.0679722e+00
 144	 1.3839675e+00	 1.0158704e-01	 1.3881300e+00	 1.0003257e-01	[ 1.3824519e+00]	 1.0658808e+00
 145	 1.3847936e+00	 1.0162122e-01	 1.3889674e+00	 1.0004178e-01	[ 1.3834120e+00]	 1.0672562e+00
 146	 1.3855735e+00	 1.0157208e-01	 1.3897422e+00	 9.9971910e-02	[ 1.3839892e+00]	 1.0642340e+00
 147	 1.3866827e+00	 1.0149739e-01	 1.3908473e+00	 9.9880631e-02	[ 1.3844180e+00]	 1.0711071e+00
 148	 1.3878827e+00	 1.0139458e-01	 1.3920467e+00	 9.9812743e-02	[ 1.3848156e+00]	 1.0655110e+00
 149	 1.3883382e+00	 1.0129740e-01	 1.3925078e+00	 9.9722782e-02	  1.3846390e+00 	 1.0708842e+00
 150	 1.3896482e+00	 1.0123769e-01	 1.3938148e+00	 9.9716307e-02	[ 1.3860209e+00]	 1.0585089e+00
 151	 1.3901686e+00	 1.0120203e-01	 1.3943376e+00	 9.9707967e-02	[ 1.3866064e+00]	 1.0628407e+00
 152	 1.3909977e+00	 1.0119573e-01	 1.3951651e+00	 9.9744973e-02	[ 1.3875501e+00]	 1.0783722e+00
 153	 1.3916327e+00	 1.0120314e-01	 1.3958237e+00	 9.9800937e-02	[ 1.3877315e+00]	 1.0687008e+00
 154	 1.3926365e+00	 1.0121603e-01	 1.3968178e+00	 9.9830699e-02	[ 1.3888340e+00]	 1.0639620e+00
 155	 1.3934483e+00	 1.0123067e-01	 1.3976259e+00	 9.9865935e-02	[ 1.3894163e+00]	 1.0696080e+00
 156	 1.3942016e+00	 1.0125435e-01	 1.3983814e+00	 9.9921384e-02	[ 1.3898721e+00]	 1.0656340e+00
 157	 1.3954526e+00	 1.0119171e-01	 1.3996350e+00	 9.9934248e-02	[ 1.3908556e+00]	 1.0646322e+00
 158	 1.3962249e+00	 1.0128005e-01	 1.4004160e+00	 1.0005879e-01	[ 1.3912665e+00]	 2.1220899e+00
 159	 1.3969643e+00	 1.0114919e-01	 1.4011536e+00	 9.9942813e-02	[ 1.3918432e+00]	 1.0660789e+00
 160	 1.3975832e+00	 1.0101959e-01	 1.4017737e+00	 9.9826630e-02	[ 1.3924542e+00]	 1.0629120e+00
 161	 1.3982926e+00	 1.0089356e-01	 1.4024785e+00	 9.9688116e-02	[ 1.3928444e+00]	 1.0625350e+00
 162	 1.3992804e+00	 1.0075828e-01	 1.4034691e+00	 9.9563530e-02	[ 1.3935108e+00]	 1.0657802e+00
 163	 1.4000524e+00	 1.0076468e-01	 1.4042363e+00	 9.9595672e-02	[ 1.3940002e+00]	 1.0684280e+00
 164	 1.4008456e+00	 1.0079044e-01	 1.4050320e+00	 9.9623927e-02	[ 1.3943327e+00]	 1.0690269e+00
 165	 1.4015651e+00	 1.0088643e-01	 1.4057510e+00	 9.9775703e-02	[ 1.3950839e+00]	 1.0629938e+00
 166	 1.4024458e+00	 1.0100321e-01	 1.4066419e+00	 9.9939489e-02	[ 1.3956264e+00]	 1.0661268e+00
 167	 1.4031601e+00	 1.0110852e-01	 1.4073497e+00	 1.0007359e-01	[ 1.3964576e+00]	 1.0631931e+00
 168	 1.4040046e+00	 1.0108074e-01	 1.4082003e+00	 1.0002269e-01	[ 1.3969476e+00]	 1.0663619e+00
 169	 1.4048673e+00	 1.0098815e-01	 1.4090660e+00	 9.9874268e-02	[ 1.3974127e+00]	 1.0750668e+00
 170	 1.4057051e+00	 1.0090573e-01	 1.4099051e+00	 9.9772187e-02	[ 1.3981254e+00]	 1.0624182e+00
 171	 1.4063849e+00	 1.0092459e-01	 1.4105887e+00	 9.9753520e-02	[ 1.3986919e+00]	 2.1292050e+00
 172	 1.4072656e+00	 1.0080467e-01	 1.4114642e+00	 9.9631195e-02	[ 1.3996036e+00]	 1.0628781e+00
 173	 1.4078148e+00	 1.0069896e-01	 1.4120147e+00	 9.9533211e-02	[ 1.4001959e+00]	 1.0666621e+00
 174	 1.4086169e+00	 1.0048745e-01	 1.4128107e+00	 9.9299843e-02	[ 1.4005776e+00]	 1.0634959e+00
 175	 1.4092737e+00	 1.0040279e-01	 1.4134742e+00	 9.9201063e-02	[ 1.4011931e+00]	 1.0649500e+00
 176	 1.4097504e+00	 1.0037836e-01	 1.4139519e+00	 9.9158603e-02	[ 1.4014801e+00]	 1.0628860e+00
 177	 1.4106070e+00	 1.0030375e-01	 1.4148085e+00	 9.9029130e-02	[ 1.4016957e+00]	 1.0622091e+00
 178	 1.4110654e+00	 1.0035931e-01	 1.4152630e+00	 9.9101445e-02	[ 1.4021083e+00]	 2.1294231e+00
 179	 1.4115810e+00	 1.0033354e-01	 1.4157789e+00	 9.9066694e-02	[ 1.4023324e+00]	 1.0576468e+00
 180	 1.4122660e+00	 1.0031878e-01	 1.4164597e+00	 9.9071814e-02	[ 1.4028126e+00]	 1.0668452e+00
 181	 1.4125138e+00	 1.0033339e-01	 1.4167221e+00	 9.9101361e-02	  1.4026112e+00 	 1.0644109e+00
 182	 1.4129010e+00	 1.0032649e-01	 1.4171040e+00	 9.9103857e-02	[ 1.4031854e+00]	 1.0660558e+00
 183	 1.4133310e+00	 1.0032132e-01	 1.4175314e+00	 9.9108602e-02	[ 1.4037500e+00]	 1.0677330e+00
 184	 1.4137413e+00	 1.0031013e-01	 1.4179416e+00	 9.9099113e-02	[ 1.4041149e+00]	 1.0607550e+00
 185	 1.4144125e+00	 1.0027882e-01	 1.4186130e+00	 9.9064471e-02	[ 1.4046297e+00]	 1.0642648e+00
 186	 1.4148654e+00	 1.0028176e-01	 1.4190568e+00	 9.9032061e-02	[ 1.4048565e+00]	 1.0677524e+00
 187	 1.4158829e+00	 1.0021227e-01	 1.4200790e+00	 9.8977399e-02	[ 1.4056869e+00]	 1.0630562e+00
 188	 1.4162796e+00	 1.0015788e-01	 1.4204752e+00	 9.8929131e-02	[ 1.4060895e+00]	 1.0686033e+00
 189	 1.4167771e+00	 1.0012580e-01	 1.4209729e+00	 9.8907321e-02	[ 1.4065367e+00]	 1.0650771e+00
 190	 1.4172599e+00	 1.0005554e-01	 1.4214467e+00	 9.8821660e-02	[ 1.4069536e+00]	 1.0652637e+00
 191	 1.4179503e+00	 1.0006939e-01	 1.4221419e+00	 9.8847173e-02	[ 1.4075969e+00]	 1.0591471e+00
 192	 1.4186496e+00	 1.0007963e-01	 1.4228464e+00	 9.8862604e-02	[ 1.4082010e+00]	 1.0676591e+00
 193	 1.4190252e+00	 1.0009372e-01	 1.4232227e+00	 9.8875095e-02	[ 1.4086759e+00]	 1.0625401e+00
 194	 1.4195825e+00	 1.0006503e-01	 1.4237911e+00	 9.8817731e-02	[ 1.4091965e+00]	 1.0627918e+00
 195	 1.4201240e+00	 1.0010222e-01	 1.4243211e+00	 9.8854876e-02	[ 1.4103355e+00]	 1.0651240e+00
 196	 1.4204982e+00	 1.0006979e-01	 1.4246991e+00	 9.8821648e-02	[ 1.4106443e+00]	 1.0626271e+00
 197	 1.4209053e+00	 1.0000592e-01	 1.4251073e+00	 9.8758786e-02	[ 1.4109327e+00]	 1.0585940e+00
 198	 1.4213993e+00	 9.9933538e-02	 1.4256015e+00	 9.8693944e-02	[ 1.4111580e+00]	 1.0674529e+00
 199	 1.4224149e+00	 9.9766859e-02	 1.4266166e+00	 9.8564892e-02	[ 1.4114603e+00]	 1.0650640e+00
 200	 1.4230909e+00	 9.9650988e-02	 1.4272924e+00	 9.8463257e-02	[ 1.4116432e+00]	 1.0656967e+00
Inserting handle into data store.  model_inform_GPz: inprogress_gpz.pkl, inform_GPz
Stage complete: GPzInformer @ 2024-06-17 17:33:53.721231 took 3.77 minutes
