Executing stage: GPzInformer @ 2024-06-17 17:45:35.546427
Inserting handle into data store.  output_col_remapper_1: ./output_col_remapper_1.pq, inform_GPz
ngal: 100000
training model...
Iter	 logML/n 		 Train RMSE		 Train RMSE/n		 Valid RMSE		 Valid MLL		 Time    
   1	-5.5938294e-01	 4.2147216e-01	-5.5514324e-01	 4.2859260e-01	[-5.7069372e-01]	 3.3301203e+00
   2	-5.4995271e-01	 4.1739092e-01	-5.4354039e-01	 4.2522810e-01	[-5.6270708e-01]	 1.6631510e+00
   3	-5.3231568e-01	 4.0832685e-01	-5.2242523e-01	 4.1590264e-01	[-5.4153701e-01]	 8.3562398e-01
   4	-5.1829835e-01	 4.0369206e-01	-5.1031157e-01	 4.1031484e-01	[-5.2735609e-01]	 8.2823896e-01
   5	-5.0958864e-01	 4.0043192e-01	-5.0242429e-01	 4.0718358e-01	[-5.1939899e-01]	 8.3612704e-01
   6	-5.0181700e-01	 3.9790272e-01	-4.9624811e-01	 4.0484110e-01	[-5.1423267e-01]	 8.3064175e-01
   7	-4.9731164e-01	 3.9645302e-01	-4.9263397e-01	 4.0340106e-01	[-5.1038559e-01]	 8.9112186e-01
   8	-4.9411822e-01	 3.9550368e-01	-4.9023575e-01	 4.0246368e-01	[-5.0789502e-01]	 9.2547989e-01
   9	-4.9079327e-01	 3.9452244e-01	-4.8774804e-01	 4.0151819e-01	[-5.0561683e-01]	 8.6087704e-01
  10	-4.8758014e-01	 3.9337280e-01	-4.8489037e-01	 4.0034516e-01	[-5.0268554e-01]	 8.4450793e-01
  11	-4.5687812e-01	 3.8103888e-01	-4.5380953e-01	 3.8840283e-01	[-4.7341729e-01]	 1.6874733e+00
  12	-4.3197153e-01	 3.7118129e-01	-4.2826963e-01	 3.7951084e-01	[-4.5176596e-01]	 8.4130406e-01
  13	-4.1947905e-01	 3.6551053e-01	-4.1596628e-01	 3.7392466e-01	[-4.3487758e-01]	 1.6915870e+00
  14	-4.0744723e-01	 3.6292116e-01	-4.0390399e-01	 3.7094551e-01	[-4.2431133e-01]	 8.4834290e-01
  15	-3.9428218e-01	 3.5857767e-01	-3.9079053e-01	 3.6580486e-01	[-4.1099924e-01]	 8.4420204e-01
  16	-3.8231019e-01	 3.5549399e-01	-3.7873419e-01	 3.6235521e-01	[-3.9839444e-01]	 8.3985496e-01
  17	-3.5487278e-01	 3.5189019e-01	-3.5131866e-01	 3.5793251e-01	[-3.6908432e-01]	 8.4371996e-01
  18	-3.0804000e-01	 3.4878704e-01	-3.0446276e-01	 3.5487085e-01	[-3.2083790e-01]	 8.4494805e-01
  19	-2.5153612e-01	 3.4691338e-01	-2.4782823e-01	 3.5327355e-01	[-2.6583876e-01]	 8.4137797e-01
  20	-1.9605825e-01	 3.4615752e-01	-1.9210518e-01	 3.5153399e-01	[-2.0350329e-01]	 8.7343311e-01
  21	-1.7704530e-01	 3.4345323e-01	-1.7299231e-01	 3.4883768e-01	[-1.8625544e-01]	 1.6931269e+00
  22	-1.5443846e-01	 3.4153937e-01	-1.5043131e-01	 3.4703319e-01	[-1.6622726e-01]	 8.4426117e-01
  23	-1.1380685e-01	 3.4139425e-01	-1.0984266e-01	 3.4659442e-01	[-1.2575588e-01]	 8.5924506e-01
  24	-8.6813048e-02	 3.3909655e-01	-8.2684224e-02	 3.4402409e-01	[-1.0030961e-01]	 8.4643602e-01
  25	-6.1231503e-02	 3.3862955e-01	-5.6982554e-02	 3.4389941e-01	[-7.9555948e-02]	 8.4131408e-01
  26	-4.5541439e-02	 3.3817425e-01	-4.1269959e-02	 3.4336245e-01	[-6.4339146e-02]	 8.4400105e-01
  27	-2.1523460e-02	 3.3723870e-01	-1.7196744e-02	 3.4213209e-01	[-4.0886395e-02]	 8.3916116e-01
  28	 4.3050900e-05	 3.3753955e-01	 4.2064778e-03	 3.4241212e-01	[-1.4974601e-02]	 8.4345293e-01
  29	 1.8277251e-02	 3.3734075e-01	 2.2562706e-02	 3.4171272e-01	[ 1.0579205e-04]	 8.3995080e-01
  30	 2.8550577e-02	 3.3622277e-01	 3.2816208e-02	 3.4077151e-01	[ 1.0848304e-02]	 8.4410024e-01
  31	 4.4090794e-02	 3.3513225e-01	 4.8356347e-02	 3.4033546e-01	[ 2.6324036e-02]	 8.4000492e-01
  32	 5.6240701e-02	 3.3432355e-01	 6.0497376e-02	 3.3979965e-01	[ 3.8124417e-02]	 8.4850717e-01
  33	 6.9431966e-02	 3.3516269e-01	 7.3763517e-02	 3.4123555e-01	[ 4.8731298e-02]	 8.4243703e-01
  34	 8.1936026e-02	 3.3341251e-01	 8.6301922e-02	 3.3915498e-01	[ 6.0132002e-02]	 8.4488106e-01
  35	 9.2522256e-02	 3.3210938e-01	 9.6912887e-02	 3.3775964e-01	[ 6.9406126e-02]	 8.4568882e-01
  36	 9.7887945e-02	 3.3115911e-01	 1.0233250e-01	 3.3656925e-01	[ 7.2736350e-02]	 8.4342670e-01
  37	 1.0435087e-01	 3.3115037e-01	 1.0875116e-01	 3.3640676e-01	[ 7.9308714e-02]	 8.4321713e-01
  38	 1.0895205e-01	 3.3022548e-01	 1.1332097e-01	 3.3550492e-01	[ 8.5533365e-02]	 8.3879805e-01
  39	 1.1411050e-01	 3.2966131e-01	 1.1846317e-01	 3.3499551e-01	[ 9.1321301e-02]	 8.4153914e-01
  40	 1.1910025e-01	 3.2886668e-01	 1.2346032e-01	 3.3426205e-01	[ 9.6204201e-02]	 8.4398985e-01
  41	 1.2525614e-01	 3.2861418e-01	 1.2962749e-01	 3.3405307e-01	[ 1.0167814e-01]	 8.4259892e-01
  42	 1.3125844e-01	 3.2839371e-01	 1.3565238e-01	 3.3392454e-01	[ 1.0614560e-01]	 8.4630322e-01
  43	 1.3993088e-01	 3.2771742e-01	 1.4438221e-01	 3.3334182e-01	[ 1.1203589e-01]	 8.4432602e-01
  44	 1.4166788e-01	 3.2721161e-01	 1.4604392e-01	 3.3304016e-01	[ 1.1556856e-01]	 8.4650993e-01
  45	 1.4899377e-01	 3.2678060e-01	 1.5343805e-01	 3.3262733e-01	[ 1.2029792e-01]	 8.4049296e-01
  46	 1.5191841e-01	 3.2626813e-01	 1.5637330e-01	 3.3215866e-01	[ 1.2300808e-01]	 8.4290886e-01
  47	 1.5549144e-01	 3.2572214e-01	 1.5994983e-01	 3.3169501e-01	[ 1.2592291e-01]	 8.4281707e-01
  48	 1.6070633e-01	 3.2489827e-01	 1.6519253e-01	 3.3108906e-01	[ 1.2961207e-01]	 8.4094810e-01
  49	 1.6381464e-01	 3.2500610e-01	 1.6829601e-01	 3.3141697e-01	[ 1.3129407e-01]	 8.4376788e-01
  50	 1.6687371e-01	 3.2478680e-01	 1.7136120e-01	 3.3115519e-01	[ 1.3443599e-01]	 8.4079695e-01
  51	 1.6977429e-01	 3.2474504e-01	 1.7428726e-01	 3.3112186e-01	[ 1.3662502e-01]	 8.4325409e-01
  52	 1.7370823e-01	 3.2449062e-01	 1.7823897e-01	 3.3087135e-01	[ 1.4007249e-01]	 8.4271002e-01
  53	 1.7763878e-01	 3.2456845e-01	 1.8223589e-01	 3.3129985e-01	[ 1.4319678e-01]	 8.4009600e-01
  54	 1.8288480e-01	 3.2373463e-01	 1.8743708e-01	 3.3029838e-01	[ 1.4904863e-01]	 8.5182309e-01
  55	 1.8503106e-01	 3.2335905e-01	 1.8956692e-01	 3.2989266e-01	[ 1.5132216e-01]	 8.4429502e-01
  56	 1.8911231e-01	 3.2290833e-01	 1.9365892e-01	 3.2958452e-01	[ 1.5335697e-01]	 8.4782910e-01
  57	 1.9155656e-01	 3.2317975e-01	 1.9605811e-01	 3.3003981e-01	[ 1.5735511e-01]	 8.4478068e-01
  58	 1.9435637e-01	 3.2314627e-01	 1.9888995e-01	 3.3014835e-01	[ 1.5830659e-01]	 8.5079288e-01
  59	 1.9774595e-01	 3.2303700e-01	 2.0231379e-01	 3.3030780e-01	[ 1.5940789e-01]	 8.4237313e-01
  60	 1.9976888e-01	 3.2296288e-01	 2.0434065e-01	 3.3026577e-01	[ 1.6065167e-01]	 8.4493208e-01
  61	 2.0320409e-01	 3.2225995e-01	 2.0774891e-01	 3.2962348e-01	[ 1.6419971e-01]	 8.4644127e-01
  62	 2.0600246e-01	 3.2148696e-01	 2.1053593e-01	 3.2865114e-01	[ 1.6684620e-01]	 8.4422588e-01
  63	 2.0862850e-01	 3.2085348e-01	 2.1315621e-01	 3.2797871e-01	[ 1.6837559e-01]	 8.4758401e-01
  64	 2.1089762e-01	 3.2033263e-01	 2.1542701e-01	 3.2730179e-01	[ 1.6972459e-01]	 8.7881994e-01
  65	 2.1324011e-01	 3.2003276e-01	 2.1778660e-01	 3.2701929e-01	[ 1.7027213e-01]	 8.4304714e-01
  66	 2.1635633e-01	 3.1988228e-01	 2.2090808e-01	 3.2684284e-01	[ 1.7042743e-01]	 8.3974290e-01
  67	 2.1883706e-01	 3.1965042e-01	 2.2342683e-01	 3.2662762e-01	[ 1.7187981e-01]	 8.3776832e-01
  68	 2.2068217e-01	 3.1959427e-01	 2.2526696e-01	 3.2662727e-01	[ 1.7444400e-01]	 8.5540390e-01
  69	 2.2345967e-01	 3.1958589e-01	 2.2805209e-01	 3.2663301e-01	[ 1.7678717e-01]	 8.4292102e-01
  70	 2.2544560e-01	 3.1957994e-01	 2.3001930e-01	 3.2669485e-01	[ 1.7995647e-01]	 8.9519286e-01
  71	 2.2751942e-01	 3.1942846e-01	 2.3211020e-01	 3.2654314e-01	[ 1.8079872e-01]	 8.4499502e-01
  72	 2.2999096e-01	 3.1919802e-01	 2.3459884e-01	 3.2631312e-01	[ 1.8174066e-01]	 8.4092808e-01
  73	 2.3156941e-01	 3.1903000e-01	 2.3619282e-01	 3.2614999e-01	[ 1.8222453e-01]	 8.4395695e-01
  74	 2.3391062e-01	 3.1891944e-01	 2.3852920e-01	 3.2599920e-01	[ 1.8472737e-01]	 8.4096622e-01
  75	 2.3560455e-01	 3.1866700e-01	 2.4022186e-01	 3.2564309e-01	[ 1.8688319e-01]	 8.4184885e-01
  76	 2.3752962e-01	 3.1842800e-01	 2.4215432e-01	 3.2547007e-01	[ 1.8753909e-01]	 8.4412313e-01
  77	 2.3895795e-01	 3.1827718e-01	 2.4358285e-01	 3.2538199e-01	[ 1.8821810e-01]	 8.4956694e-01
  78	 2.4061733e-01	 3.1818363e-01	 2.4524919e-01	 3.2534600e-01	[ 1.8945865e-01]	 8.4488130e-01
  79	 2.4147939e-01	 3.1841509e-01	 2.4612546e-01	 3.2556293e-01	  1.8880483e-01 	 8.4844017e-01
  80	 2.4386535e-01	 3.1808850e-01	 2.4851410e-01	 3.2526505e-01	[ 1.9189370e-01]	 8.4310007e-01
  81	 2.4467494e-01	 3.1798711e-01	 2.4932995e-01	 3.2513658e-01	[ 1.9268369e-01]	 8.4313703e-01
  82	 2.4609974e-01	 3.1782604e-01	 2.5076113e-01	 3.2491327e-01	[ 1.9388468e-01]	 8.4606528e-01
  83	 2.4818682e-01	 3.1758780e-01	 2.5285903e-01	 3.2462297e-01	[ 1.9542447e-01]	 8.4477639e-01
  84	 2.4966156e-01	 3.1762314e-01	 2.5431423e-01	 3.2448445e-01	  1.9490313e-01 	 8.4497309e-01
  85	 2.5214254e-01	 3.1724192e-01	 2.5680596e-01	 3.2406674e-01	[ 1.9747374e-01]	 8.4645104e-01
  86	 2.5328782e-01	 3.1702616e-01	 2.5795590e-01	 3.2387698e-01	[ 1.9784023e-01]	 8.4303284e-01
  87	 2.5480397e-01	 3.1670765e-01	 2.5946484e-01	 3.2350822e-01	[ 1.9916285e-01]	 8.4539294e-01
  88	 2.5582450e-01	 3.1665272e-01	 2.6049722e-01	 3.2342754e-01	  1.9770001e-01 	 8.4538507e-01
  89	 2.5724422e-01	 3.1643774e-01	 2.6190983e-01	 3.2316433e-01	[ 1.9960793e-01]	 8.4967709e-01
  90	 2.5836268e-01	 3.1637772e-01	 2.6302422e-01	 3.2305505e-01	[ 2.0101473e-01]	 8.7368608e-01
  91	 2.5989300e-01	 3.1635749e-01	 2.6455077e-01	 3.2303944e-01	[ 2.0225454e-01]	 8.4438396e-01
  92	 2.6145159e-01	 3.1653817e-01	 2.6611575e-01	 3.2327995e-01	[ 2.0255833e-01]	 8.4820294e-01
  93	 2.6344190e-01	 3.1647849e-01	 2.6809008e-01	 3.2334549e-01	[ 2.0465067e-01]	 8.4543514e-01
  94	 2.6437788e-01	 3.1638413e-01	 2.6902629e-01	 3.2334941e-01	[ 2.0510138e-01]	 8.4660816e-01
  95	 2.6578334e-01	 3.1633228e-01	 2.7043416e-01	 3.2347510e-01	[ 2.0539094e-01]	 8.4311414e-01
  96	 2.6615827e-01	 3.1639486e-01	 2.7081356e-01	 3.2381311e-01	[ 2.0575066e-01]	 8.4922194e-01
  97	 2.6790790e-01	 3.1628647e-01	 2.7256191e-01	 3.2367300e-01	[ 2.0668390e-01]	 8.4511209e-01
  98	 2.6857708e-01	 3.1623830e-01	 2.7323212e-01	 3.2359239e-01	[ 2.0714406e-01]	 8.4378028e-01
  99	 2.6928622e-01	 3.1625260e-01	 2.7394352e-01	 3.2360659e-01	[ 2.0749034e-01]	 8.4480095e-01
 100	 2.7041471e-01	 3.1630136e-01	 2.7507323e-01	 3.2364598e-01	[ 2.0801627e-01]	 8.4064198e-01
 101	 2.7086791e-01	 3.1655419e-01	 2.7553679e-01	 3.2405768e-01	  2.0706177e-01 	 8.4068727e-01
 102	 2.7324195e-01	 3.1647222e-01	 2.7789497e-01	 3.2390344e-01	[ 2.0939272e-01]	 8.4120107e-01
 103	 2.7406625e-01	 3.1634748e-01	 2.7871920e-01	 3.2378163e-01	[ 2.0983319e-01]	 8.4612322e-01
 104	 2.7530241e-01	 3.1613871e-01	 2.7994906e-01	 3.2360921e-01	[ 2.1062578e-01]	 8.4845185e-01
 105	 2.7628349e-01	 3.1589871e-01	 2.8094277e-01	 3.2333707e-01	  2.0975998e-01 	 8.5113597e-01
 106	 2.7741683e-01	 3.1576599e-01	 2.8206798e-01	 3.2323234e-01	[ 2.1080786e-01]	 8.4707475e-01
 107	 2.7837913e-01	 3.1566612e-01	 2.8302642e-01	 3.2312155e-01	[ 2.1146435e-01]	 8.4471393e-01
 108	 2.7940965e-01	 3.1556521e-01	 2.8406158e-01	 3.2301375e-01	  2.1114736e-01 	 8.4700418e-01
 109	 2.8002731e-01	 3.1559447e-01	 2.8467676e-01	 3.2312423e-01	  2.1120316e-01 	 8.4202695e-01
 110	 2.8106716e-01	 3.1549343e-01	 2.8572394e-01	 3.2300125e-01	  2.1081219e-01 	 8.4229994e-01
 111	 2.8159573e-01	 3.1547512e-01	 2.8625904e-01	 3.2301866e-01	  2.1055554e-01 	 8.4470582e-01
 112	 2.8244799e-01	 3.1548306e-01	 2.8711979e-01	 3.2309511e-01	  2.1025814e-01 	 8.4612608e-01
 113	 2.8375831e-01	 3.1547063e-01	 2.8843800e-01	 3.2313289e-01	  2.1046522e-01 	 8.4124517e-01
 114	 2.8433975e-01	 3.1567478e-01	 2.8903088e-01	 3.2349648e-01	  2.0875467e-01 	 8.4433675e-01
 115	 2.8624994e-01	 3.1546552e-01	 2.9093344e-01	 3.2320724e-01	[ 2.1169403e-01]	 8.5065508e-01
 116	 2.8690274e-01	 3.1538059e-01	 2.9158254e-01	 3.2307981e-01	[ 2.1259363e-01]	 8.4307218e-01
 117	 2.8775297e-01	 3.1527599e-01	 2.9242981e-01	 3.2294106e-01	[ 2.1344827e-01]	 8.4538507e-01
 118	 2.8894506e-01	 3.1527043e-01	 2.9362222e-01	 3.2294037e-01	[ 2.1411209e-01]	 8.4744620e-01
 119	 2.9028658e-01	 3.1516829e-01	 2.9496720e-01	 3.2291516e-01	[ 2.1493414e-01]	 8.4593010e-01
 120	 2.9140031e-01	 3.1519110e-01	 2.9607960e-01	 3.2295076e-01	[ 2.1594823e-01]	 8.4811592e-01
 121	 2.9220639e-01	 3.1518085e-01	 2.9689659e-01	 3.2303532e-01	  2.1553266e-01 	 8.4647465e-01
 122	 2.9267534e-01	 3.1518787e-01	 2.9736808e-01	 3.2315968e-01	[ 2.1627530e-01]	 8.4321713e-01
 123	 2.9322272e-01	 3.1513913e-01	 2.9791349e-01	 3.2313183e-01	[ 2.1714527e-01]	 8.4345508e-01
 124	 2.9418990e-01	 3.1507529e-01	 2.9887640e-01	 3.2313287e-01	[ 2.1919537e-01]	 8.4890699e-01
 125	 2.9477636e-01	 3.1502076e-01	 2.9946462e-01	 3.2311288e-01	[ 2.2005940e-01]	 8.4222293e-01
 126	 2.9580083e-01	 3.1494469e-01	 3.0047412e-01	 3.2324460e-01	[ 2.2362797e-01]	 8.4879827e-01
 127	 2.9680955e-01	 3.1475299e-01	 3.0150770e-01	 3.2310456e-01	  2.2295080e-01 	 8.4420204e-01
 128	 2.9750651e-01	 3.1470683e-01	 3.0220664e-01	 3.2307817e-01	  2.2346616e-01 	 8.4666705e-01
 129	 2.9859456e-01	 3.1463601e-01	 3.0329852e-01	 3.2305382e-01	[ 2.2432878e-01]	 8.4224105e-01
 130	 2.9958235e-01	 3.1459584e-01	 3.0429288e-01	 3.2305905e-01	[ 2.2530949e-01]	 8.4450889e-01
 131	 3.0063304e-01	 3.1473272e-01	 3.0533126e-01	 3.2318015e-01	[ 2.2818192e-01]	 8.5503483e-01
 132	 3.0150495e-01	 3.1467447e-01	 3.0620659e-01	 3.2312094e-01	[ 2.2891989e-01]	 8.5369301e-01
 133	 3.0229845e-01	 3.1465712e-01	 3.0700294e-01	 3.2307842e-01	[ 2.2944293e-01]	 8.4450006e-01
 134	 3.0309604e-01	 3.1467885e-01	 3.0779821e-01	 3.2303928e-01	[ 2.2996301e-01]	 8.4306192e-01
 135	 3.0399965e-01	 3.1475021e-01	 3.0869795e-01	 3.2308209e-01	[ 2.3130304e-01]	 8.4473419e-01
 136	 3.0451838e-01	 3.1470760e-01	 3.0921533e-01	 3.2303210e-01	[ 2.3154678e-01]	 8.4514403e-01
 137	 3.0534611e-01	 3.1456711e-01	 3.1004381e-01	 3.2288062e-01	[ 2.3156683e-01]	 8.4836507e-01
 138	 3.0624483e-01	 3.1433820e-01	 3.1094033e-01	 3.2265855e-01	[ 2.3188151e-01]	 8.4429789e-01
 139	 3.0690490e-01	 3.1407890e-01	 3.1161527e-01	 3.2231015e-01	  2.3026278e-01 	 8.4582233e-01
 140	 3.0791214e-01	 3.1398460e-01	 3.1260875e-01	 3.2225964e-01	[ 2.3278366e-01]	 8.5201883e-01
 141	 3.0844875e-01	 3.1397587e-01	 3.1314335e-01	 3.2226463e-01	[ 2.3377865e-01]	 8.4542179e-01
 142	 3.0923116e-01	 3.1397224e-01	 3.1392360e-01	 3.2226820e-01	[ 2.3494563e-01]	 8.4613514e-01
 143	 3.1007947e-01	 3.1399810e-01	 3.1478128e-01	 3.2231053e-01	  2.3453763e-01 	 8.4550595e-01
 144	 3.1107612e-01	 3.1400394e-01	 3.1577164e-01	 3.2231682e-01	[ 2.3589572e-01]	 9.0491700e-01
 145	 3.1180488e-01	 3.1397127e-01	 3.1649929e-01	 3.2229222e-01	[ 2.3609897e-01]	 8.7580204e-01
 146	 3.1243082e-01	 3.1391903e-01	 3.1712657e-01	 3.2225570e-01	  2.3594391e-01 	 8.4826994e-01
 147	 3.1288003e-01	 3.1375362e-01	 3.1757296e-01	 3.2216233e-01	[ 2.3704219e-01]	 8.4817195e-01
 148	 3.1367353e-01	 3.1369892e-01	 3.1836629e-01	 3.2210468e-01	[ 2.3761068e-01]	 8.4728599e-01
 149	 3.1413546e-01	 3.1365305e-01	 3.1882746e-01	 3.2207517e-01	[ 2.3853017e-01]	 8.4159994e-01
 150	 3.1476625e-01	 3.1359108e-01	 3.1945665e-01	 3.2203240e-01	[ 2.4024440e-01]	 8.4910178e-01
 151	 3.1558988e-01	 3.1345729e-01	 3.2028228e-01	 3.2193566e-01	[ 2.4187205e-01]	 8.5037398e-01
 152	 3.1651182e-01	 3.1324678e-01	 3.2120485e-01	 3.2173213e-01	[ 2.4452107e-01]	 8.4642291e-01
 153	 3.1726018e-01	 3.1325854e-01	 3.2195129e-01	 3.2171139e-01	[ 2.4662099e-01]	 8.4512401e-01
 154	 3.1795024e-01	 3.1313762e-01	 3.2264477e-01	 3.2157148e-01	[ 2.4684619e-01]	 8.4543419e-01
 155	 3.1851142e-01	 3.1305097e-01	 3.2321200e-01	 3.2144520e-01	  2.4644062e-01 	 8.4186697e-01
 156	 3.1893605e-01	 3.1298772e-01	 3.2363737e-01	 3.2135997e-01	[ 2.4685477e-01]	 8.5045099e-01
 157	 3.1984783e-01	 3.1285689e-01	 3.2456110e-01	 3.2117942e-01	[ 2.4695941e-01]	 8.4383583e-01
 158	 3.2045332e-01	 3.1272298e-01	 3.2515000e-01	 3.2101237e-01	[ 2.4954849e-01]	 8.4290695e-01
 159	 3.2098310e-01	 3.1273448e-01	 3.2568206e-01	 3.2105313e-01	[ 2.4970281e-01]	 8.4548903e-01
 160	 3.2154024e-01	 3.1271172e-01	 3.2624606e-01	 3.2110617e-01	  2.4937218e-01 	 8.4306312e-01
 161	 3.2190157e-01	 3.1271719e-01	 3.2660490e-01	 3.2111770e-01	[ 2.4988570e-01]	 8.7321901e-01
 162	 3.2224257e-01	 3.1265163e-01	 3.2694552e-01	 3.2106553e-01	[ 2.5001455e-01]	 8.4250998e-01
 163	 3.2289797e-01	 3.1254229e-01	 3.2760207e-01	 3.2099089e-01	[ 2.5020678e-01]	 8.4979510e-01
 164	 3.2330404e-01	 3.1250110e-01	 3.2801210e-01	 3.2098977e-01	[ 2.5030631e-01]	 8.4527826e-01
 165	 3.2395654e-01	 3.1250460e-01	 3.2866724e-01	 3.2104460e-01	[ 2.5132069e-01]	 8.4169126e-01
 166	 3.2445390e-01	 3.1253045e-01	 3.2916796e-01	 3.2108854e-01	[ 2.5199046e-01]	 8.4252286e-01
 167	 3.2493716e-01	 3.1254526e-01	 3.2965551e-01	 3.2109656e-01	[ 2.5248874e-01]	 8.4151196e-01
 168	 3.2568588e-01	 3.1256423e-01	 3.3040381e-01	 3.2112222e-01	[ 2.5404067e-01]	 8.4139228e-01
 169	 3.2605885e-01	 3.1239558e-01	 3.3079072e-01	 3.2098935e-01	  2.5319031e-01 	 8.4923887e-01
 170	 3.2677706e-01	 3.1240088e-01	 3.3149482e-01	 3.2100343e-01	[ 2.5519026e-01]	 8.4548807e-01
 171	 3.2718082e-01	 3.1235078e-01	 3.3189105e-01	 3.2097630e-01	[ 2.5594492e-01]	 8.4346008e-01
 172	 3.2760492e-01	 3.1227582e-01	 3.3231018e-01	 3.2093522e-01	[ 2.5634181e-01]	 8.4563899e-01
 173	 3.2818555e-01	 3.1219362e-01	 3.3289098e-01	 3.2092735e-01	  2.5632615e-01 	 8.4255886e-01
 174	 3.2877395e-01	 3.1210794e-01	 3.3347687e-01	 3.2086802e-01	  2.5609345e-01 	 8.4943104e-01
 175	 3.2912584e-01	 3.1209755e-01	 3.3383453e-01	 3.2088210e-01	  2.5585459e-01 	 8.5120487e-01
 176	 3.2968803e-01	 3.1211703e-01	 3.3440370e-01	 3.2095198e-01	  2.5550184e-01 	 8.4702921e-01
 177	 3.2990245e-01	 3.1208719e-01	 3.3462396e-01	 3.2104425e-01	  2.5445180e-01 	 8.4498668e-01
 178	 3.3044912e-01	 3.1210240e-01	 3.3516534e-01	 3.2105473e-01	  2.5522361e-01 	 8.4530306e-01
 179	 3.3077703e-01	 3.1210322e-01	 3.3548739e-01	 3.2107632e-01	  2.5567864e-01 	 8.4530783e-01
 180	 3.3109730e-01	 3.1207939e-01	 3.3580377e-01	 3.2108324e-01	  2.5590610e-01 	 8.4609294e-01
 181	 3.3182251e-01	 3.1196880e-01	 3.3652619e-01	 3.2100489e-01	  2.5591177e-01 	 8.4027219e-01
 182	 3.3218597e-01	 3.1190612e-01	 3.3688909e-01	 3.2094163e-01	  2.5583349e-01 	 1.6921041e+00
 183	 3.3271230e-01	 3.1177659e-01	 3.3741827e-01	 3.2081146e-01	  2.5543553e-01 	 8.5009480e-01
 184	 3.3313684e-01	 3.1165979e-01	 3.3784631e-01	 3.2067130e-01	  2.5508629e-01 	 8.4240603e-01
 185	 3.3367730e-01	 3.1149199e-01	 3.3839188e-01	 3.2044645e-01	  2.5444021e-01 	 8.4917784e-01
 186	 3.3406989e-01	 3.1134967e-01	 3.3878783e-01	 3.2028479e-01	  2.5426790e-01 	 8.4582782e-01
 187	 3.3439913e-01	 3.1136236e-01	 3.3911399e-01	 3.2030355e-01	  2.5482774e-01 	 8.4382319e-01
 188	 3.3473773e-01	 3.1136627e-01	 3.3944965e-01	 3.2032939e-01	  2.5533479e-01 	 8.3837295e-01
 189	 3.3511099e-01	 3.1131560e-01	 3.3982227e-01	 3.2030146e-01	  2.5566023e-01 	 8.4649014e-01
 190	 3.3535754e-01	 3.1124601e-01	 3.4007231e-01	 3.2029781e-01	  2.5540877e-01 	 8.4909081e-01
 191	 3.3609270e-01	 3.1111567e-01	 3.4080532e-01	 3.2021120e-01	  2.5628585e-01 	 8.4551811e-01
 192	 3.3627178e-01	 3.1107969e-01	 3.4098511e-01	 3.2018990e-01	[ 2.5644482e-01]	 8.4788084e-01
 193	 3.3661234e-01	 3.1102316e-01	 3.4132596e-01	 3.2020058e-01	[ 2.5668458e-01]	 8.5026217e-01
 194	 3.3693761e-01	 3.1102854e-01	 3.4165052e-01	 3.2026235e-01	[ 2.5686206e-01]	 8.4679294e-01
 195	 3.3736165e-01	 3.1106103e-01	 3.4207716e-01	 3.2037461e-01	  2.5669506e-01 	 8.4590793e-01
 196	 3.3783870e-01	 3.1111478e-01	 3.4255574e-01	 3.2048217e-01	  2.5648787e-01 	 8.4315968e-01
 197	 3.3832175e-01	 3.1122605e-01	 3.4304337e-01	 3.2065805e-01	  2.5612667e-01 	 8.4402013e-01
 198	 3.3858103e-01	 3.1125416e-01	 3.4330634e-01	 3.2070730e-01	  2.5562390e-01 	 1.6856060e+00
 199	 3.3888231e-01	 3.1125083e-01	 3.4360765e-01	 3.2072382e-01	  2.5577602e-01 	 8.4757304e-01
 200	 3.3928278e-01	 3.1120664e-01	 3.4400788e-01	 3.2070513e-01	  2.5589796e-01 	 8.4559417e-01
Inserting handle into data store.  model_inform_GPz: inprogress_gpz.pkl, inform_GPz
Stage complete: GPzInformer @ 2024-06-17 17:48:33.830654 took 2.97 minutes
