Executing stage: GPzInformer @ 2024-06-17 17:25:36.257665
Inserting handle into data store.  output_col_remapper_1: ./output_col_remapper_1.pq, inform_GPz
ngal: 1133
training model...
Iter	 logML/n 		 Train RMSE		 Train RMSE/n		 Valid RMSE		 Valid MLL		 Time    
   1	 9.7432741e-01	 7.6504186e-02	 1.1651074e+00	 9.3391663e-02	[ 1.0826092e+00]	 1.7121077e-02
   2	 1.0936380e+00	 6.4569157e-02	 1.3397920e+00	 1.8881498e-01	  1.0196813e+00 	 6.8271160e-03
   3	 1.1159360e+00	 6.1720767e-02	 1.3987543e+00	 1.5907510e-01	  1.0275364e+00 	 6.8769455e-03
   4	 1.1530268e+00	 5.9332828e-02	 1.4337478e+00	 8.7803681e-02	[ 1.0922442e+00]	 6.9172382e-03
   5	 1.1794383e+00	 5.7767603e-02	 1.4560977e+00	 1.3774654e-01	  1.0909682e+00 	 6.9701672e-03
   6	 1.1938111e+00	 5.6834559e-02	 1.4638161e+00	 1.5634402e-01	  1.0404002e+00 	 7.1291924e-03
   7	 1.2030013e+00	 5.6222382e-02	 1.4713139e+00	 1.4212230e-01	  1.0362672e+00 	 7.0183277e-03
   8	 1.2139208e+00	 5.5472937e-02	 1.4809079e+00	 1.2263557e-01	  1.0176308e+00 	 7.0319176e-03
   9	 1.2241847e+00	 5.4751386e-02	 1.4891905e+00	 1.1038026e-01	  1.0237347e+00 	 6.9992542e-03
  10	 1.2324672e+00	 5.4230863e-02	 1.4969130e+00	 1.1555401e-01	  9.9333801e-01 	 7.1291924e-03
  11	 1.2419472e+00	 5.3562407e-02	 1.5083161e+00	 1.1961485e-01	  9.4296248e-01 	 7.0819855e-03
  12	 1.2493126e+00	 5.3186673e-02	 1.5154009e+00	 1.1894127e-01	  9.0607847e-01 	 7.1501732e-03
  13	 1.2558499e+00	 5.2768602e-02	 1.5212559e+00	 1.2275768e-01	  8.8875961e-01 	 7.1227551e-03
  14	 1.2670171e+00	 5.2234090e-02	 1.5347374e+00	 1.2991159e-01	  8.2691301e-01 	 7.0676804e-03
  15	 1.2752770e+00	 5.1832772e-02	 1.5436485e+00	 1.3496372e-01	  8.0503724e-01 	 7.3080063e-03
  16	 1.2819763e+00	 5.1498806e-02	 1.5538242e+00	 1.3571607e-01	  7.9078329e-01 	 7.1978569e-03
  17	 1.2875074e+00	 5.1194143e-02	 1.5592114e+00	 1.4104066e-01	  7.8390855e-01 	 7.3249340e-03
  18	 1.2943615e+00	 5.0830963e-02	 1.5662494e+00	 1.4333555e-01	  7.8135502e-01 	 7.2581768e-03
  19	 1.3016401e+00	 5.0417311e-02	 1.5730435e+00	 1.4465157e-01	  7.6594180e-01 	 7.0581436e-03
  20	 1.3084362e+00	 4.9996975e-02	 1.5811188e+00	 1.5135725e-01	  7.3533981e-01 	 7.3142052e-03
  21	 1.3144736e+00	 4.9672190e-02	 1.5861021e+00	 1.6384588e-01	  7.1345855e-01 	 7.0838928e-03
  22	 1.3193076e+00	 4.9415325e-02	 1.5883478e+00	 1.6057081e-01	  7.2587717e-01 	 7.1396828e-03
  23	 1.3250233e+00	 4.9019015e-02	 1.5933104e+00	 1.6118301e-01	  7.2011424e-01 	 7.0781708e-03
  24	 1.3305931e+00	 4.8598730e-02	 1.5998255e+00	 1.7828028e-01	  7.0900288e-01 	 7.0657730e-03
  25	 1.3338814e+00	 4.8406466e-02	 1.6066963e+00	 2.2908044e-01	  6.8690573e-01 	 7.1878433e-03
  26	 1.3392193e+00	 4.8093443e-02	 1.6101485e+00	 2.2899626e-01	  6.9912330e-01 	 7.0650578e-03
  27	 1.3417979e+00	 4.7983372e-02	 1.6118233e+00	 2.2044713e-01	  6.8516468e-01 	 7.1732998e-03
  28	 1.3450635e+00	 4.7861267e-02	 1.6146194e+00	 2.2520449e-01	  6.6161664e-01 	 7.0581436e-03
  29	 1.3503790e+00	 4.7721518e-02	 1.6189830e+00	 2.4177299e-01	  6.3493793e-01 	 7.0948601e-03
  30	 1.3542743e+00	 4.7525998e-02	 1.6237798e+00	 2.5492838e-01	  5.5921582e-01 	 7.0700645e-03
  31	 1.3577454e+00	 4.7308221e-02	 1.6266768e+00	 2.5886991e-01	  5.4284521e-01 	 7.0400238e-03
  32	 1.3609640e+00	 4.7121968e-02	 1.6292549e+00	 2.6852949e-01	  5.2894843e-01 	 7.0750713e-03
  33	 1.3643262e+00	 4.6916754e-02	 1.6331078e+00	 2.8647699e-01	  5.0728715e-01 	 7.2357655e-03
  34	 1.3681585e+00	 4.6670574e-02	 1.6378078e+00	 3.1389529e-01	  4.7503267e-01 	 7.6000690e-03
  35	 1.3708985e+00	 4.6544186e-02	 1.6411309e+00	 3.3119034e-01	  4.4322843e-01 	 7.3828697e-03
  36	 1.3733211e+00	 4.6435168e-02	 1.6427705e+00	 3.3009038e-01	  4.3809535e-01 	 7.4019432e-03
  37	 1.3773770e+00	 4.6277310e-02	 1.6456198e+00	 3.3392325e-01	  4.4173652e-01 	 7.0681572e-03
  38	 1.3802865e+00	 4.6128688e-02	 1.6495009e+00	 3.6796569e-01	  3.9776001e-01 	 7.2648525e-03
  39	 1.3842494e+00	 4.5917407e-02	 1.6535481e+00	 4.0380447e-01	  3.7562884e-01 	 7.1220398e-03
  40	 1.3883870e+00	 4.5678727e-02	 1.6583946e+00	 4.6497514e-01	  3.4019523e-01 	 7.1671009e-03
  41	 1.3918857e+00	 4.5470991e-02	 1.6627176e+00	 5.0740909e-01	  3.1714281e-01 	 7.1370602e-03
  42	 1.3953228e+00	 4.5302075e-02	 1.6660143e+00	 5.5190772e-01	  2.9154218e-01 	 7.0641041e-03
  43	 1.3992903e+00	 4.5093965e-02	 1.6696962e+00	 5.9584124e-01	  2.5952088e-01 	 7.1427822e-03
  44	 1.4021659e+00	 4.4961790e-02	 1.6718326e+00	 6.1111977e-01	  2.3087537e-01 	 7.0850849e-03
  45	 1.4047361e+00	 4.4832535e-02	 1.6743874e+00	 6.1734262e-01	  2.0187621e-01 	 7.1630478e-03
  46	 1.4083359e+00	 4.4660521e-02	 1.6777639e+00	 5.9766525e-01	  1.6873327e-01 	 7.1170330e-03
  47	 1.4108070e+00	 4.4535895e-02	 1.6809534e+00	 5.7967801e-01	  1.3265840e-01 	 7.0459843e-03
  48	 1.4134784e+00	 4.4395894e-02	 1.6830595e+00	 5.6342078e-01	  1.0565444e-01 	 7.0939064e-03
  49	 1.4155250e+00	 4.4298130e-02	 1.6846826e+00	 5.6427455e-01	  8.6721173e-02 	 6.9410801e-03
  50	 1.4183594e+00	 4.4168849e-02	 1.6874186e+00	 5.5850441e-01	  7.3874903e-02 	 7.1730614e-03
  51	 1.4190811e+00	 4.4152942e-02	 1.6887608e+00	 5.5256000e-01	  9.1174175e-02 	 7.0221424e-03
  52	 1.4212080e+00	 4.4028825e-02	 1.6907444e+00	 5.5002908e-01	  7.6632083e-02 	 7.0106983e-03
  53	 1.4220339e+00	 4.3988340e-02	 1.6914218e+00	 5.5034809e-01	  7.2519950e-02 	 6.9577694e-03
  54	 1.4234003e+00	 4.3923942e-02	 1.6930037e+00	 5.4612636e-01	  6.5715452e-02 	 6.9398880e-03
  55	 1.4251905e+00	 4.3867175e-02	 1.6952641e+00	 5.5488400e-01	  4.0094751e-02 	 7.5619221e-03
  56	 1.4271969e+00	 4.3760238e-02	 1.6974038e+00	 5.5311038e-01	  2.7266725e-02 	 7.3628426e-03
  57	 1.4289834e+00	 4.3676751e-02	 1.6990984e+00	 5.6263961e-01	  9.7084197e-03 	 7.2011948e-03
  58	 1.4306514e+00	 4.3614127e-02	 1.7006763e+00	 5.8147444e-01	 -2.3297644e-02 	 7.2920322e-03
  59	 1.4317020e+00	 4.3603411e-02	 1.7015363e+00	 5.8901379e-01	 -4.4729684e-02 	 7.1327686e-03
  60	 1.4332606e+00	 4.3525978e-02	 1.7028771e+00	 5.9750134e-01	 -6.7882675e-02 	 7.2669983e-03
  61	 1.4344858e+00	 4.3477598e-02	 1.7040205e+00	 6.0239365e-01	 -9.4003927e-02 	 6.9530010e-03
  62	 1.4356853e+00	 4.3435924e-02	 1.7051594e+00	 6.0569774e-01	 -1.2397096e-01 	 6.9782734e-03
  63	 1.4380448e+00	 4.3344465e-02	 1.7075142e+00	 6.0515613e-01	 -1.8258780e-01 	 6.9649220e-03
  64	 1.4395329e+00	 4.3310025e-02	 1.7092818e+00	 5.9615566e-01	 -2.9299726e-01 	 7.1673393e-03
  65	 1.4419190e+00	 4.3200505e-02	 1.7110223e+00	 5.8465471e-01	 -2.7124524e-01 	 7.0030689e-03
  66	 1.4431612e+00	 4.3149929e-02	 1.7119911e+00	 5.7680828e-01	 -2.6398065e-01 	 7.0047379e-03
  67	 1.4450919e+00	 4.3083252e-02	 1.7136095e+00	 5.6314628e-01	 -2.6665081e-01 	 6.9351196e-03
  68	 1.4463615e+00	 4.3060738e-02	 1.7148536e+00	 5.1893649e-01	 -2.5524192e-01 	 6.9251060e-03
  69	 1.4487239e+00	 4.2940083e-02	 1.7172435e+00	 5.2628574e-01	 -3.0958745e-01 	 6.9749355e-03
  70	 1.4498909e+00	 4.2879357e-02	 1.7181312e+00	 5.3545913e-01	 -3.3030897e-01 	 6.8578720e-03
  71	 1.4513820e+00	 4.2807068e-02	 1.7194707e+00	 5.4514537e-01	 -3.6465720e-01 	 7.1890354e-03
  72	 1.4527043e+00	 4.2747708e-02	 1.7206351e+00	 5.3659372e-01	 -3.5668202e-01 	 6.9789886e-03
  73	 1.4540612e+00	 4.2679693e-02	 1.7219630e+00	 5.4536908e-01	 -3.5465810e-01 	 7.0829391e-03
  74	 1.4548215e+00	 4.2655156e-02	 1.7222449e+00	 5.4931145e-01	 -3.2361826e-01 	 6.9539547e-03
  75	 1.4559376e+00	 4.2620267e-02	 1.7225636e+00	 5.4722101e-01	 -2.6622151e-01 	 6.9680214e-03
  76	 1.4571793e+00	 4.2578719e-02	 1.7233764e+00	 5.6074015e-01	 -2.4987017e-01 	 7.2019100e-03
  77	 1.4587606e+00	 4.2520434e-02	 1.7245466e+00	 5.7552287e-01	 -2.3897753e-01 	 7.1671009e-03
  78	 1.4609058e+00	 4.2439714e-02	 1.7267126e+00	 6.1060564e-01	 -2.9322489e-01 	 7.3158741e-03
  79	 1.4627176e+00	 4.2371882e-02	 1.7281632e+00	 6.0599139e-01	 -2.9573981e-01 	 7.1299076e-03
  80	 1.4642574e+00	 4.2306210e-02	 1.7295837e+00	 6.0733715e-01	 -3.2567454e-01 	 7.3139668e-03
  81	 1.4664321e+00	 4.2217477e-02	 1.7317224e+00	 6.0475360e-01	 -3.6396644e-01 	 7.0261955e-03
  82	 1.4674393e+00	 4.2144428e-02	 1.7336057e+00	 6.2616182e-01	 -4.2004196e-01 	 6.9031715e-03
  83	 1.4686086e+00	 4.2086831e-02	 1.7346069e+00	 6.2427579e-01	 -4.1156331e-01 	 6.9558620e-03
  84	 1.4693791e+00	 4.2057932e-02	 1.7351647e+00	 6.2136639e-01	 -4.0535826e-01 	 6.9518089e-03
  85	 1.4704084e+00	 4.2013647e-02	 1.7361062e+00	 6.2343236e-01	 -4.0933840e-01 	 6.9518089e-03
  86	 1.4706993e+00	 4.2031701e-02	 1.7366356e+00	 6.1364268e-01	 -3.8463310e-01 	 6.9539547e-03
  87	 1.4722086e+00	 4.1940499e-02	 1.7378449e+00	 6.2194422e-01	 -4.0578768e-01 	 6.8609715e-03
  88	 1.4731434e+00	 4.1902488e-02	 1.7384333e+00	 6.2383606e-01	 -4.1019105e-01 	 6.9079399e-03
  89	 1.4742513e+00	 4.1863990e-02	 1.7392511e+00	 6.2312649e-01	 -4.0641349e-01 	 6.8562031e-03
  90	 1.4757924e+00	 4.1806300e-02	 1.7405737e+00	 6.1792279e-01	 -4.0061586e-01 	 6.8752766e-03
  91	 1.4766276e+00	 4.1751354e-02	 1.7421081e+00	 5.9139208e-01	 -3.8584542e-01 	 6.8979263e-03
  92	 1.4789003e+00	 4.1635626e-02	 1.7442331e+00	 5.8784682e-01	 -4.0775206e-01 	 7.0250034e-03
  93	 1.4798491e+00	 4.1591590e-02	 1.7448925e+00	 5.9169485e-01	 -4.2686250e-01 	 7.1969032e-03
  94	 1.4813363e+00	 4.1504569e-02	 1.7465443e+00	 6.0057869e-01	 -4.8028425e-01 	 7.0278645e-03
  95	 1.4821599e+00	 4.1477524e-02	 1.7476255e+00	 6.0151485e-01	 -4.9729574e-01 	 6.9398880e-03
  96	 1.4832942e+00	 4.1410573e-02	 1.7487521e+00	 6.0421740e-01	 -5.1348581e-01 	 6.8750381e-03
  97	 1.4842626e+00	 4.1371626e-02	 1.7495703e+00	 6.0824333e-01	 -5.1252217e-01 	 6.9649220e-03
  98	 1.4852577e+00	 4.1343134e-02	 1.7504556e+00	 6.1022090e-01	 -5.0417592e-01 	 6.9127083e-03
  99	 1.4865646e+00	 4.1319365e-02	 1.7518094e+00	 6.1282379e-01	 -5.0462118e-01 	 6.8852901e-03
 100	 1.4878606e+00	 4.1287421e-02	 1.7532485e+00	 6.0779843e-01	 -4.9500997e-01 	 6.8831444e-03
 101	 1.4890875e+00	 4.1230226e-02	 1.7542018e+00	 6.0502197e-01	 -5.2402549e-01 	 6.9317818e-03
 102	 1.4907706e+00	 4.1187278e-02	 1.7550592e+00	 5.9819660e-01	 -5.6074051e-01 	 7.0137978e-03
 103	 1.4918938e+00	 4.1136627e-02	 1.7563253e+00	 5.9706747e-01	 -6.1532503e-01 	 6.9451332e-03
 104	 1.4930885e+00	 4.1094191e-02	 1.7573694e+00	 5.9445465e-01	 -6.3191412e-01 	 6.8879128e-03
 105	 1.4942303e+00	 4.1053595e-02	 1.7586514e+00	 5.9320992e-01	 -6.6138519e-01 	 6.8850517e-03
 106	 1.4952109e+00	 4.1011414e-02	 1.7598852e+00	 5.9634185e-01	 -7.0353785e-01 	 6.9220066e-03
 107	 1.4962126e+00	 4.0951128e-02	 1.7612156e+00	 5.9939323e-01	 -7.4094937e-01 	 7.1501732e-03
 108	 1.4974487e+00	 4.0892725e-02	 1.7624850e+00	 6.1275295e-01	 -7.8057815e-01 	 6.9668293e-03
 109	 1.4988884e+00	 4.0840486e-02	 1.7639605e+00	 6.2523196e-01	 -8.1495154e-01 	 6.9410801e-03
 110	 1.5000697e+00	 4.0806137e-02	 1.7648570e+00	 6.4381548e-01	 -8.3461899e-01 	 6.9329739e-03
 111	 1.5008768e+00	 4.0776747e-02	 1.7653570e+00	 6.3837342e-01	 -8.1979925e-01 	 6.9518089e-03
 112	 1.5015685e+00	 4.0752685e-02	 1.7657425e+00	 6.2756465e-01	 -7.9785801e-01 	 6.9088936e-03
 113	 1.5028229e+00	 4.0705202e-02	 1.7668634e+00	 6.1508190e-01	 -7.8979370e-01 	 6.9220066e-03
 114	 1.5038332e+00	 4.0683248e-02	 1.7684772e+00	 5.9799990e-01	 -7.7954162e-01 	 7.4670315e-03
 115	 1.5057758e+00	 4.0572409e-02	 1.7702383e+00	 6.0298510e-01	 -8.2339064e-01 	 7.3361397e-03
 116	 1.5067818e+00	 4.0512829e-02	 1.7715707e+00	 6.0708158e-01	 -8.6101581e-01 	 7.2100163e-03
 117	 1.5077296e+00	 4.0461817e-02	 1.7728773e+00	 6.0805188e-01	 -8.8886198e-01 	 7.0660114e-03
 118	 1.5094375e+00	 4.0380375e-02	 1.7750951e+00	 6.0506479e-01	 -9.3352352e-01 	 7.3490143e-03
 119	 1.5104689e+00	 4.0338081e-02	 1.7763644e+00	 6.0813204e-01	 -9.5864464e-01 	 1.3954639e-02
 120	 1.5117169e+00	 4.0297263e-02	 1.7775183e+00	 6.0685802e-01	 -9.8893658e-01 	 7.2810650e-03
 121	 1.5131390e+00	 4.0276309e-02	 1.7783913e+00	 6.0304340e-01	 -9.9159772e-01 	 7.1728230e-03
 122	 1.5141016e+00	 4.0274010e-02	 1.7789197e+00	 6.0708669e-01	 -1.0101685e+00 	 7.1601868e-03
 123	 1.5151748e+00	 4.0232910e-02	 1.7797419e+00	 6.0485789e-01	 -1.0103925e+00 	 7.3130131e-03
 124	 1.5161353e+00	 4.0184624e-02	 1.7807352e+00	 6.0558127e-01	 -1.0207354e+00 	 7.0071220e-03
 125	 1.5176754e+00	 4.0111086e-02	 1.7823674e+00	 6.0239967e-01	 -1.0390823e+00 	 6.9561005e-03
 126	 1.5183601e+00	 4.0071331e-02	 1.7838202e+00	 6.0984817e-01	 -1.1102019e+00 	 7.0621967e-03
 127	 1.5198237e+00	 3.9993685e-02	 1.7851205e+00	 6.0920142e-01	 -1.1239710e+00 	 7.1048737e-03
 128	 1.5205376e+00	 3.9965490e-02	 1.7854040e+00	 6.1000510e-01	 -1.1197464e+00 	 7.0400238e-03
 129	 1.5212920e+00	 3.9929873e-02	 1.7859670e+00	 6.1579374e-01	 -1.1480973e+00 	 7.2791576e-03
 130	 1.5224023e+00	 3.9892054e-02	 1.7867617e+00	 6.3752928e-01	 -1.1820021e+00 	 6.9701672e-03
 131	 1.5237746e+00	 3.9833014e-02	 1.7879831e+00	 6.4861517e-01	 -1.2541523e+00 	 7.0040226e-03
 132	 1.5250561e+00	 3.9782621e-02	 1.7891332e+00	 6.6033366e-01	 -1.2828418e+00 	 7.0579052e-03
 133	 1.5261242e+00	 3.9765993e-02	 1.7898439e+00	 6.5294848e-01	 -1.2690230e+00 	 7.0629120e-03
 134	 1.5269367e+00	 3.9731190e-02	 1.7904956e+00	 6.4588930e-01	 -1.2692294e+00 	 7.4062347e-03
 135	 1.5276852e+00	 3.9707365e-02	 1.7909608e+00	 6.3735668e-01	 -1.2676352e+00 	 7.0490837e-03
 136	 1.5286734e+00	 3.9676751e-02	 1.7917144e+00	 6.3018177e-01	 -1.2765549e+00 	 7.0638657e-03
 137	 1.5300510e+00	 3.9638455e-02	 1.7928982e+00	 6.1898743e-01	 -1.2929354e+00 	 6.9470406e-03
 138	 1.5314758e+00	 3.9577427e-02	 1.7943690e+00	 6.2164100e-01	 -1.3146085e+00 	 6.9539547e-03
 139	 1.5326993e+00	 3.9517748e-02	 1.7956309e+00	 6.3114799e-01	 -1.3466390e+00 	 7.1299076e-03
 140	 1.5338719e+00	 3.9472069e-02	 1.7967357e+00	 6.3396182e-01	 -1.3557611e+00 	 6.9370270e-03
 141	 1.5354534e+00	 3.9396718e-02	 1.7987389e+00	 6.4252204e-01	 -1.4074992e+00 	 7.0309639e-03
 142	 1.5370539e+00	 3.9349345e-02	 1.8001342e+00	 6.3003630e-01	 -1.3739551e+00 	 6.9918633e-03
 143	 1.5383646e+00	 3.9295739e-02	 1.8013576e+00	 6.2202204e-01	 -1.3718248e+00 	 6.9789886e-03
 144	 1.5400203e+00	 3.9229877e-02	 1.8029923e+00	 6.1524657e-01	 -1.3760558e+00 	 6.9322586e-03
 145	 1.5412634e+00	 3.9177949e-02	 1.8041384e+00	 6.0710911e-01	 -1.3714945e+00 	 6.9460869e-03
 146	 1.5425112e+00	 3.9115010e-02	 1.8054954e+00	 6.1425594e-01	 -1.4176389e+00 	 6.9270134e-03
 147	 1.5441858e+00	 3.9064420e-02	 1.8068733e+00	 6.1398246e-01	 -1.4365318e+00 	 6.9508553e-03
 148	 1.5456267e+00	 3.8996672e-02	 1.8084052e+00	 6.0744593e-01	 -1.4527339e+00 	 6.9949627e-03
 149	 1.5476722e+00	 3.8878573e-02	 1.8115680e+00	 5.8794984e-01	 -1.4287262e+00 	 6.9499016e-03
 150	 1.5491477e+00	 3.8821227e-02	 1.8131461e+00	 5.7583025e-01	 -1.4357852e+00 	 7.0159435e-03
 151	 1.5500389e+00	 3.8757810e-02	 1.8142792e+00	 5.7549441e-01	 -1.4420183e+00 	 7.1103573e-03
 152	 1.5508689e+00	 3.8719046e-02	 1.8150367e+00	 5.7815245e-01	 -1.4547883e+00 	 6.9499016e-03
 153	 1.5524688e+00	 3.8649101e-02	 1.8167070e+00	 5.7965804e-01	 -1.4782574e+00 	 7.0071220e-03
 154	 1.5537696e+00	 3.8590017e-02	 1.8184769e+00	 5.8169577e-01	 -1.5261860e+00 	 7.0552826e-03
 155	 1.5553306e+00	 3.8517924e-02	 1.8203595e+00	 5.7475376e-01	 -1.5661728e+00 	 7.0679188e-03
 156	 1.5567186e+00	 3.8460201e-02	 1.8218695e+00	 5.6113072e-01	 -1.5942974e+00 	 6.9937706e-03
 157	 1.5580217e+00	 3.8418031e-02	 1.8235850e+00	 5.4346938e-01	 -1.6956422e+00 	 6.9801807e-03
 158	 1.5598965e+00	 3.8335778e-02	 1.8252619e+00	 5.3517196e-01	 -1.7028957e+00 	 6.9720745e-03
 159	 1.5611816e+00	 3.8296417e-02	 1.8261091e+00	 5.3334456e-01	 -1.7077521e+00 	 6.9499016e-03
 160	 1.5624771e+00	 3.8249546e-02	 1.8275301e+00	 5.3200332e-01	 -1.7487118e+00 	 7.0040226e-03
 161	 1.5637441e+00	 3.8228186e-02	 1.8289302e+00	 5.1568785e-01	 -1.7337670e+00 	 6.9160461e-03
 162	 1.5655966e+00	 3.8122649e-02	 1.8312372e+00	 5.1886736e-01	 -1.8164673e+00 	 7.0850849e-03
 163	 1.5673236e+00	 3.8027264e-02	 1.8333813e+00	 5.1441327e-01	 -1.8760160e+00 	 6.9911480e-03
 164	 1.5688306e+00	 3.7955246e-02	 1.8352974e+00	 5.0043478e-01	 -1.9049015e+00 	 6.9172382e-03
 165	 1.5709281e+00	 3.7867791e-02	 1.8376420e+00	 4.7898659e-01	 -1.9318021e+00 	 7.2689056e-03
 166	 1.5721902e+00	 3.7826947e-02	 1.8389927e+00	 4.5475447e-01	 -1.9079086e+00 	 1.3617039e-02
 167	 1.5735522e+00	 3.7790942e-02	 1.8397402e+00	 4.5493035e-01	 -1.9115884e+00 	 6.9708824e-03
 168	 1.5745914e+00	 3.7775118e-02	 1.8400913e+00	 4.5781049e-01	 -1.9092574e+00 	 7.0888996e-03
 169	 1.5758095e+00	 3.7743940e-02	 1.8409523e+00	 4.6573944e-01	 -1.9401706e+00 	 7.3292255e-03
 170	 1.5773285e+00	 3.7696620e-02	 1.8422603e+00	 4.7428509e-01	 -1.9758702e+00 	 7.0710182e-03
 171	 1.5788911e+00	 3.7644788e-02	 1.8437928e+00	 4.7530305e-01	 -2.0208410e+00 	 7.6591969e-03
 172	 1.5804606e+00	 3.7555777e-02	 1.8459409e+00	 4.7868669e-01	 -2.0964557e+00 	 7.6510906e-03
 173	 1.5822414e+00	 3.7462975e-02	 1.8482321e+00	 4.7154920e-01	 -2.1565519e+00 	 7.4980259e-03
 174	 1.5838992e+00	 3.7368020e-02	 1.8501086e+00	 4.7018832e-01	 -2.2142455e+00 	 7.1232319e-03
 175	 1.5853369e+00	 3.7298055e-02	 1.8515652e+00	 4.7177541e-01	 -2.2751398e+00 	 7.4582100e-03
 176	 1.5865168e+00	 3.7250985e-02	 1.8526094e+00	 4.7842775e-01	 -2.3182099e+00 	 7.2100163e-03
 177	 1.5875759e+00	 3.7200458e-02	 1.8541093e+00	 4.8274482e-01	 -2.4286812e+00 	 7.2970390e-03
 178	 1.5884973e+00	 3.7172385e-02	 1.8544227e+00	 4.8475043e-01	 -2.3906757e+00 	 7.2610378e-03
 179	 1.5892733e+00	 3.7140070e-02	 1.8551509e+00	 4.8439453e-01	 -2.3971564e+00 	 7.1790218e-03
 180	 1.5904522e+00	 3.7093045e-02	 1.8563492e+00	 4.8122148e-01	 -2.4149193e+00 	 7.1718693e-03
 181	 1.5911466e+00	 3.7094655e-02	 1.8572275e+00	 4.7640652e-01	 -2.4191345e+00 	 7.0426464e-03
 182	 1.5930963e+00	 3.7001323e-02	 1.8590705e+00	 4.7314365e-01	 -2.4422062e+00 	 7.1909428e-03
 183	 1.5938908e+00	 3.6974392e-02	 1.8595923e+00	 4.7063143e-01	 -2.4420730e+00 	 7.0610046e-03
 184	 1.5949954e+00	 3.6938148e-02	 1.8605814e+00	 4.6747565e-01	 -2.4448476e+00 	 7.2121620e-03
 185	 1.5963408e+00	 3.6899660e-02	 1.8617371e+00	 4.6936012e-01	 -2.4573401e+00 	 7.5068474e-03
 186	 1.5976352e+00	 3.6840650e-02	 1.8631970e+00	 4.6765588e-01	 -2.4546246e+00 	 7.2259903e-03
 187	 1.5985899e+00	 3.6801567e-02	 1.8640376e+00	 4.6614057e-01	 -2.4591228e+00 	 7.2069168e-03
 188	 1.5996791e+00	 3.6761483e-02	 1.8650046e+00	 4.6736801e-01	 -2.4762259e+00 	 7.0681572e-03
 189	 1.6005587e+00	 3.6729622e-02	 1.8658928e+00	 4.5616418e-01	 -2.4875391e+00 	 7.2128773e-03
 190	 1.6015701e+00	 3.6690238e-02	 1.8668628e+00	 4.5180077e-01	 -2.4934600e+00 	 7.1909428e-03
 191	 1.6037992e+00	 3.6598172e-02	 1.8693520e+00	 4.4146870e-01	 -2.5390745e+00 	 7.2519779e-03
 192	 1.6047206e+00	 3.6549049e-02	 1.8705831e+00	 4.3566343e-01	 -2.5235443e+00 	 7.1470737e-03
 193	 1.6059285e+00	 3.6491114e-02	 1.8717281e+00	 4.3821958e-01	 -2.5478913e+00 	 7.0810318e-03
 194	 1.6069773e+00	 3.6439814e-02	 1.8728248e+00	 4.4131781e-01	 -2.5679974e+00 	 7.1277618e-03
 195	 1.6077882e+00	 3.6398628e-02	 1.8737531e+00	 4.4216334e-01	 -2.5778306e+00 	 7.1041584e-03
 196	 1.6089864e+00	 3.6330871e-02	 1.8754614e+00	 4.4485593e-01	 -2.6010457e+00 	 7.1537495e-03
 197	 1.6102654e+00	 3.6286050e-02	 1.8766117e+00	 4.4271716e-01	 -2.5989010e+00 	 7.0869923e-03
 198	 1.6108811e+00	 3.6269320e-02	 1.8768646e+00	 4.4491318e-01	 -2.5951884e+00 	 7.3499680e-03
 199	 1.6117012e+00	 3.6240891e-02	 1.8775058e+00	 4.4698973e-01	 -2.6206042e+00 	 7.2991848e-03
 200	 1.6124950e+00	 3.6230274e-02	 1.8782051e+00	 4.5803868e-01	 -2.6221206e+00 	 7.0691109e-03
Inserting handle into data store.  model_inform_GPz: inprogress_gpz.pkl, inform_GPz
Stage complete: GPzInformer @ 2024-06-17 17:25:37.949641 took 0.03 minutes
