Executing stage: GPzInformer @ 2024-06-17 17:26:12.534421
Inserting handle into data store.  output_col_remapper_1: ./output_col_remapper_1.pq, inform_GPz
ngal: 52105
training model...
Iter	 logML/n 		 Train RMSE		 Train RMSE/n		 Valid RMSE		 Valid MLL		 Time    
   1	 1.4260368e-01	 2.0713236e-01	 1.5789489e-01	 2.0617099e-01	[ 1.6404135e-01]	 7.5667095e-01
   2	 2.5726601e-01	 1.8655989e-01	 2.7144112e-01	 1.8543355e-01	[ 2.7799717e-01]	 3.9016199e-01
   3	 2.7556802e-01	 1.8422145e-01	 2.8448251e-01	 1.8338829e-01	[ 2.9017665e-01]	 3.8550377e-01
   4	 2.9423548e-01	 1.8104635e-01	 3.0175539e-01	 1.8381529e-01	[ 2.9842563e-01]	 3.7990284e-01
   5	 3.0419084e-01	 1.7914615e-01	 3.1153027e-01	 1.8049634e-01	[ 3.1114580e-01]	 3.9232898e-01
   6	 3.1036371e-01	 1.7807127e-01	 3.1816669e-01	 1.7986040e-01	[ 3.1748970e-01]	 3.9652896e-01
   7	 3.1550421e-01	 1.7723012e-01	 3.2349219e-01	 1.7961036e-01	[ 3.2084487e-01]	 3.8954687e-01
   8	 3.2710732e-01	 1.7569510e-01	 3.3524606e-01	 1.7994440e-01	[ 3.2679562e-01]	 3.9311218e-01
   9	 3.3539838e-01	 1.7436578e-01	 3.4338686e-01	 1.7882436e-01	[ 3.3456342e-01]	 3.9048815e-01
  10	 3.4385964e-01	 1.7315620e-01	 3.5218524e-01	 1.7920466e-01	[ 3.3904021e-01]	 3.8973999e-01
  11	 3.5188807e-01	 1.7213128e-01	 3.6045847e-01	 1.7829214e-01	[ 3.4489587e-01]	 3.9011407e-01
  12	 3.7134428e-01	 1.7014220e-01	 3.8016966e-01	 1.7421212e-01	[ 3.6549910e-01]	 3.9398384e-01
  13	 4.0264015e-01	 1.6822645e-01	 4.1143903e-01	 1.7012620e-01	[ 4.0044401e-01]	 3.9296079e-01
  14	 4.8403061e-01	 1.6723936e-01	 4.9301212e-01	 1.6845162e-01	[ 4.8498255e-01]	 3.9506793e-01
  15	 5.0605258e-01	 1.6717169e-01	 5.1507294e-01	 1.6857613e-01	[ 5.0791082e-01]	 7.9072404e-01
  16	 5.6160499e-01	 1.6489350e-01	 5.7099754e-01	 1.6553312e-01	[ 5.6533427e-01]	 3.9676809e-01
  17	 6.0937617e-01	 1.6291288e-01	 6.1906947e-01	 1.6401207e-01	[ 6.1090283e-01]	 3.9685774e-01
  18	 6.6773258e-01	 1.6204147e-01	 6.7755338e-01	 1.6277519e-01	[ 6.7115641e-01]	 3.9493084e-01
  19	 7.0373462e-01	 1.6186576e-01	 7.1437671e-01	 1.6314532e-01	[ 6.9576911e-01]	 3.9365029e-01
  20	 7.5089931e-01	 1.6151369e-01	 7.6088748e-01	 1.6287476e-01	[ 7.4890429e-01]	 3.9761305e-01
  21	 7.7141877e-01	 1.5936778e-01	 7.8150152e-01	 1.6090370e-01	[ 7.6695178e-01]	 3.9831901e-01
  22	 7.9815389e-01	 1.5707342e-01	 8.0840532e-01	 1.5841515e-01	[ 7.8139294e-01]	 3.9530325e-01
  23	 8.2772462e-01	 1.5608149e-01	 8.3791057e-01	 1.5772382e-01	[ 8.0920920e-01]	 3.9470387e-01
  24	 8.5704457e-01	 1.5619692e-01	 8.6712642e-01	 1.5785742e-01	[ 8.3325787e-01]	 3.9489722e-01
  25	 8.7248614e-01	 1.5574777e-01	 8.8252885e-01	 1.5734121e-01	[ 8.4678395e-01]	 4.0238214e-01
  26	 8.9373727e-01	 1.5638726e-01	 9.0377262e-01	 1.5782423e-01	[ 8.6017820e-01]	 4.0289497e-01
  27	 9.0080059e-01	 1.5929835e-01	 9.1151568e-01	 1.6078509e-01	  8.5590513e-01 	 3.9975381e-01
  28	 9.2686618e-01	 1.5694809e-01	 9.3719023e-01	 1.5867197e-01	[ 8.8567406e-01]	 3.9830399e-01
  29	 9.3335529e-01	 1.5495073e-01	 9.4361454e-01	 1.5671527e-01	[ 8.9405583e-01]	 3.9847708e-01
  30	 9.4499906e-01	 1.5414250e-01	 9.5523603e-01	 1.5603654e-01	[ 9.0586326e-01]	 4.0110087e-01
  31	 9.5873254e-01	 1.5356443e-01	 9.6914739e-01	 1.5594011e-01	[ 9.2255755e-01]	 3.9944792e-01
  32	 9.6361477e-01	 1.5461156e-01	 9.7389379e-01	 1.5653845e-01	[ 9.3230698e-01]	 3.9739990e-01
  33	 9.7865364e-01	 1.5291964e-01	 9.8905825e-01	 1.5498731e-01	[ 9.4267820e-01]	 3.9457679e-01
  34	 9.8550384e-01	 1.5226600e-01	 9.9600250e-01	 1.5446675e-01	[ 9.4805406e-01]	 4.0095401e-01
  35	 9.9751489e-01	 1.5169175e-01	 1.0081356e+00	 1.5395637e-01	[ 9.6127343e-01]	 3.9543176e-01
  36	 1.0118120e+00	 1.5170991e-01	 1.0226206e+00	 1.5338667e-01	[ 9.7968713e-01]	 4.0609622e-01
  37	 1.0260163e+00	 1.5122466e-01	 1.0367792e+00	 1.5263195e-01	[ 9.9971155e-01]	 3.9861774e-01
  38	 1.0351263e+00	 1.5068960e-01	 1.0458996e+00	 1.5188259e-01	[ 1.0091401e+00]	 4.0322304e-01
  39	 1.0457046e+00	 1.5026174e-01	 1.0564669e+00	 1.5132747e-01	[ 1.0206955e+00]	 4.0125585e-01
  40	 1.0610747e+00	 1.4961474e-01	 1.0719211e+00	 1.5043973e-01	[ 1.0329928e+00]	 3.9962602e-01
  41	 1.0724068e+00	 1.5035556e-01	 1.0833576e+00	 1.5099322e-01	[ 1.0373369e+00]	 3.9938211e-01
  42	 1.0824811e+00	 1.4989228e-01	 1.0934843e+00	 1.5062965e-01	[ 1.0400521e+00]	 3.9534807e-01
  43	 1.0920584e+00	 1.4960116e-01	 1.1031236e+00	 1.5040290e-01	[ 1.0434141e+00]	 4.0181398e-01
  44	 1.1043310e+00	 1.4957263e-01	 1.1153806e+00	 1.5067115e-01	[ 1.0486630e+00]	 4.0013504e-01
  45	 1.1134168e+00	 1.4906550e-01	 1.1245801e+00	 1.5016653e-01	[ 1.0544023e+00]	 3.9622593e-01
  46	 1.1232236e+00	 1.4941366e-01	 1.1342824e+00	 1.5061785e-01	[ 1.0704812e+00]	 4.0238905e-01
  47	 1.1304760e+00	 1.4947042e-01	 1.1414952e+00	 1.5091780e-01	[ 1.0793510e+00]	 3.9951992e-01
  48	 1.1374195e+00	 1.4965803e-01	 1.1483932e+00	 1.5112188e-01	[ 1.0897690e+00]	 4.0375614e-01
  49	 1.1436842e+00	 1.5051716e-01	 1.1547825e+00	 1.5209686e-01	[ 1.0988662e+00]	 3.9911819e-01
  50	 1.1501882e+00	 1.5016926e-01	 1.1612258e+00	 1.5152499e-01	[ 1.1085792e+00]	 3.9810896e-01
  51	 1.1556859e+00	 1.4966395e-01	 1.1667555e+00	 1.5067757e-01	[ 1.1151906e+00]	 3.9996696e-01
  52	 1.1613061e+00	 1.4909553e-01	 1.1723930e+00	 1.4995140e-01	[ 1.1222994e+00]	 4.0321493e-01
  53	 1.1667641e+00	 1.5047497e-01	 1.1779538e+00	 1.5082729e-01	[ 1.1287713e+00]	 4.0150785e-01
  54	 1.1734437e+00	 1.4973784e-01	 1.1845900e+00	 1.5035157e-01	[ 1.1364548e+00]	 3.9678741e-01
  55	 1.1764684e+00	 1.4969168e-01	 1.1876087e+00	 1.5040151e-01	[ 1.1404694e+00]	 4.0113497e-01
  56	 1.1812326e+00	 1.4966300e-01	 1.1923740e+00	 1.5040511e-01	[ 1.1471475e+00]	 4.0056705e-01
  57	 1.1894376e+00	 1.4974656e-01	 1.2006028e+00	 1.5040919e-01	[ 1.1594853e+00]	 4.2726707e-01
  58	 1.1953027e+00	 1.5077260e-01	 1.2064313e+00	 1.5143797e-01	[ 1.1716070e+00]	 4.0104604e-01
  59	 1.2030734e+00	 1.4970656e-01	 1.2143306e+00	 1.5029436e-01	[ 1.1775852e+00]	 4.0378189e-01
  60	 1.2070795e+00	 1.4981693e-01	 1.2183501e+00	 1.5034454e-01	[ 1.1801070e+00]	 3.9870691e-01
  61	 1.2115693e+00	 1.4939741e-01	 1.2228583e+00	 1.4993796e-01	[ 1.1834804e+00]	 4.0570593e-01
  62	 1.2160118e+00	 1.4985292e-01	 1.2272300e+00	 1.5034152e-01	[ 1.1897985e+00]	 4.0350389e-01
  63	 1.2207045e+00	 1.5021793e-01	 1.2319658e+00	 1.5081030e-01	[ 1.1945509e+00]	 4.0462708e-01
  64	 1.2273988e+00	 1.5004442e-01	 1.2386766e+00	 1.5083759e-01	[ 1.2029510e+00]	 4.0531993e-01
  65	 1.2322093e+00	 1.5036771e-01	 1.2435728e+00	 1.5133180e-01	[ 1.2050982e+00]	 4.0146089e-01
  66	 1.2367841e+00	 1.5021340e-01	 1.2481511e+00	 1.5124207e-01	[ 1.2084558e+00]	 4.0209985e-01
  67	 1.2426455e+00	 1.4932048e-01	 1.2540393e+00	 1.5035224e-01	[ 1.2089470e+00]	 4.0925312e-01
  68	 1.2463995e+00	 1.4919669e-01	 1.2578069e+00	 1.5039696e-01	  1.2072659e+00 	 3.9684391e-01
  69	 1.2502468e+00	 1.4893266e-01	 1.2616520e+00	 1.5012147e-01	[ 1.2095040e+00]	 4.0269184e-01
  70	 1.2561208e+00	 1.4859474e-01	 1.2675292e+00	 1.4986101e-01	[ 1.2125065e+00]	 4.0064669e-01
  71	 1.2610433e+00	 1.4846460e-01	 1.2724487e+00	 1.4988329e-01	[ 1.2164600e+00]	 4.0123200e-01
  72	 1.2648946e+00	 1.4785277e-01	 1.2762638e+00	 1.4960172e-01	[ 1.2229013e+00]	 4.0373683e-01
  73	 1.2687252e+00	 1.4779969e-01	 1.2801317e+00	 1.4958176e-01	[ 1.2239712e+00]	 3.9601779e-01
  74	 1.2709836e+00	 1.4752238e-01	 1.2823775e+00	 1.4930581e-01	[ 1.2266682e+00]	 4.0431094e-01
  75	 1.2737195e+00	 1.4727718e-01	 1.2851254e+00	 1.4911193e-01	[ 1.2294616e+00]	 4.0322733e-01
  76	 1.2784458e+00	 1.4638983e-01	 1.2898461e+00	 1.4848401e-01	[ 1.2355980e+00]	 4.0194893e-01
  77	 1.2825386e+00	 1.4600095e-01	 1.2940254e+00	 1.4828056e-01	[ 1.2370728e+00]	 4.0219188e-01
  78	 1.2849970e+00	 1.4594373e-01	 1.2964626e+00	 1.4831906e-01	[ 1.2408672e+00]	 3.9929199e-01
  79	 1.2874958e+00	 1.4560094e-01	 1.2990183e+00	 1.4816238e-01	[ 1.2429125e+00]	 4.0178895e-01
  80	 1.2897627e+00	 1.4571278e-01	 1.3012440e+00	 1.4837223e-01	[ 1.2465801e+00]	 4.0111399e-01
  81	 1.2920288e+00	 1.4557154e-01	 1.3034956e+00	 1.4829610e-01	[ 1.2499128e+00]	 3.9867902e-01
  82	 1.2954920e+00	 1.4572378e-01	 1.3069732e+00	 1.4861274e-01	[ 1.2524446e+00]	 4.0339994e-01
  83	 1.2983337e+00	 1.4482543e-01	 1.3098303e+00	 1.4794445e-01	[ 1.2542409e+00]	 4.0484619e-01
  84	 1.3010404e+00	 1.4488149e-01	 1.3125802e+00	 1.4805123e-01	  1.2535549e+00 	 3.9988518e-01
  85	 1.3037071e+00	 1.4482918e-01	 1.3152915e+00	 1.4804250e-01	  1.2519657e+00 	 4.0720320e-01
  86	 1.3060314e+00	 1.4428229e-01	 1.3176549e+00	 1.4748936e-01	  1.2501382e+00 	 3.9835811e-01
  87	 1.3083355e+00	 1.4425059e-01	 1.3199489e+00	 1.4749372e-01	  1.2502035e+00 	 4.0406299e-01
  88	 1.3106993e+00	 1.4392954e-01	 1.3223232e+00	 1.4713288e-01	  1.2516928e+00 	 4.0529704e-01
  89	 1.3123053e+00	 1.4385101e-01	 1.3239193e+00	 1.4704981e-01	[ 1.2544915e+00]	 4.0684795e-01
  90	 1.3145589e+00	 1.4395290e-01	 1.3261822e+00	 1.4722702e-01	[ 1.2563322e+00]	 4.0567088e-01
  91	 1.3169882e+00	 1.4396781e-01	 1.3286090e+00	 1.4730521e-01	[ 1.2603942e+00]	 4.0727520e-01
  92	 1.3196386e+00	 1.4419315e-01	 1.3312618e+00	 1.4766271e-01	[ 1.2615138e+00]	 4.0099192e-01
  93	 1.3209476e+00	 1.4415158e-01	 1.3326016e+00	 1.4768417e-01	  1.2605085e+00 	 3.9943027e-01
  94	 1.3223669e+00	 1.4423046e-01	 1.3340132e+00	 1.4781939e-01	  1.2607431e+00 	 3.9865184e-01
  95	 1.3241834e+00	 1.4399180e-01	 1.3358655e+00	 1.4768118e-01	  1.2597027e+00 	 4.0499830e-01
  96	 1.3259786e+00	 1.4408763e-01	 1.3376279e+00	 1.4778353e-01	[ 1.2620975e+00]	 4.0450406e-01
  97	 1.3282169e+00	 1.4412155e-01	 1.3398123e+00	 1.4780920e-01	[ 1.2664085e+00]	 4.0389729e-01
  98	 1.3298356e+00	 1.4421401e-01	 1.3414325e+00	 1.4787151e-01	[ 1.2676274e+00]	 4.0146184e-01
  99	 1.3322365e+00	 1.4409865e-01	 1.3437783e+00	 1.4769567e-01	[ 1.2735517e+00]	 4.0221405e-01
 100	 1.3339279e+00	 1.4399314e-01	 1.3455121e+00	 1.4751590e-01	  1.2724022e+00 	 4.0051913e-01
 101	 1.3356891e+00	 1.4383707e-01	 1.3472669e+00	 1.4735672e-01	[ 1.2742358e+00]	 4.0550184e-01
 102	 1.3372056e+00	 1.4373266e-01	 1.3487747e+00	 1.4724529e-01	[ 1.2753778e+00]	 4.0384293e-01
 103	 1.3387474e+00	 1.4372107e-01	 1.3503109e+00	 1.4722102e-01	[ 1.2767178e+00]	 4.0810490e-01
 104	 1.3412093e+00	 1.4373071e-01	 1.3527681e+00	 1.4724973e-01	[ 1.2793342e+00]	 4.0095496e-01
 105	 1.3424268e+00	 1.4350679e-01	 1.3540024e+00	 1.4699868e-01	[ 1.2806258e+00]	 8.1733513e-01
 106	 1.3439208e+00	 1.4357732e-01	 1.3554968e+00	 1.4707436e-01	[ 1.2823573e+00]	 4.0157795e-01
 107	 1.3451440e+00	 1.4353214e-01	 1.3567394e+00	 1.4703563e-01	[ 1.2832702e+00]	 4.0565491e-01
 108	 1.3463920e+00	 1.4350560e-01	 1.3579972e+00	 1.4701350e-01	[ 1.2843517e+00]	 4.1132689e-01
 109	 1.3481597e+00	 1.4344360e-01	 1.3597880e+00	 1.4692260e-01	[ 1.2849917e+00]	 4.0558410e-01
 110	 1.3502321e+00	 1.4348113e-01	 1.3618535e+00	 1.4698678e-01	[ 1.2863769e+00]	 4.3386698e-01
 111	 1.3510337e+00	 1.4344072e-01	 1.3626407e+00	 1.4695835e-01	[ 1.2874373e+00]	 4.0502930e-01
 112	 1.3523473e+00	 1.4335144e-01	 1.3639548e+00	 1.4688994e-01	[ 1.2879061e+00]	 4.0515780e-01
 113	 1.3529219e+00	 1.4318968e-01	 1.3644477e+00	 1.4678477e-01	[ 1.2936751e+00]	 4.0583205e-01
 114	 1.3549161e+00	 1.4311791e-01	 1.3665010e+00	 1.4670385e-01	  1.2916554e+00 	 4.0505481e-01
 115	 1.3561412e+00	 1.4304257e-01	 1.3677639e+00	 1.4661387e-01	  1.2903295e+00 	 4.1426992e-01
 116	 1.3570737e+00	 1.4301087e-01	 1.3687092e+00	 1.4656740e-01	  1.2901588e+00 	 4.0976620e-01
 117	 1.3586119e+00	 1.4315398e-01	 1.3702404e+00	 1.4666451e-01	  1.2904979e+00 	 4.0582204e-01
 118	 1.3597700e+00	 1.4320566e-01	 1.3714303e+00	 1.4664844e-01	  1.2879361e+00 	 8.1306481e-01
 119	 1.3615572e+00	 1.4369743e-01	 1.3731694e+00	 1.4702973e-01	  1.2892204e+00 	 4.0444183e-01
 120	 1.3626005e+00	 1.4383527e-01	 1.3741964e+00	 1.4710955e-01	  1.2898882e+00 	 4.0260601e-01
 121	 1.3640923e+00	 1.4417898e-01	 1.3756813e+00	 1.4734047e-01	  1.2886736e+00 	 4.1826510e-01
 122	 1.3652185e+00	 1.4393233e-01	 1.3768055e+00	 1.4698363e-01	  1.2890398e+00 	 4.2373109e-01
 123	 1.3659764e+00	 1.4378311e-01	 1.3775705e+00	 1.4680485e-01	  1.2891634e+00 	 4.3099308e-01
 124	 1.3679795e+00	 1.4345514e-01	 1.3795876e+00	 1.4636638e-01	  1.2891217e+00 	 4.2325211e-01
 125	 1.3692440e+00	 1.4326460e-01	 1.3808259e+00	 1.4605922e-01	  1.2900384e+00 	 4.4144702e-01
 126	 1.3707694e+00	 1.4322896e-01	 1.3823433e+00	 1.4598526e-01	  1.2905496e+00 	 4.2029119e-01
 127	 1.3726664e+00	 1.4331829e-01	 1.3842302e+00	 1.4606607e-01	  1.2907297e+00 	 4.7919321e-01
 128	 1.3737723e+00	 1.4355319e-01	 1.3853305e+00	 1.4628739e-01	  1.2911509e+00 	 4.3446398e-01
 129	 1.3750414e+00	 1.4352858e-01	 1.3866126e+00	 1.4630752e-01	  1.2912466e+00 	 4.5036960e-01
 130	 1.3762700e+00	 1.4348019e-01	 1.3878537e+00	 1.4630947e-01	  1.2923594e+00 	 4.2684579e-01
 131	 1.3769593e+00	 1.4333242e-01	 1.3885607e+00	 1.4620985e-01	  1.2917990e+00 	 8.2955813e-01
 132	 1.3779392e+00	 1.4310495e-01	 1.3895541e+00	 1.4604457e-01	  1.2931059e+00 	 4.3678617e-01
 133	 1.3786931e+00	 1.4300627e-01	 1.3903048e+00	 1.4599074e-01	[ 1.2943901e+00]	 4.2920303e-01
 134	 1.3796582e+00	 1.4245997e-01	 1.3912647e+00	 1.4549066e-01	[ 1.2949145e+00]	 4.2466092e-01
 135	 1.3808323e+00	 1.4259476e-01	 1.3924221e+00	 1.4565040e-01	[ 1.2959681e+00]	 4.2805791e-01
 136	 1.3814528e+00	 1.4265051e-01	 1.3930333e+00	 1.4569406e-01	  1.2957777e+00 	 4.2945886e-01
 137	 1.3824139e+00	 1.4267054e-01	 1.3939850e+00	 1.4569258e-01	  1.2948748e+00 	 4.3510985e-01
 138	 1.3838791e+00	 1.4267387e-01	 1.3954462e+00	 1.4566506e-01	  1.2937232e+00 	 4.2801714e-01
 139	 1.3847850e+00	 1.4293362e-01	 1.3963120e+00	 1.4592010e-01	  1.2958727e+00 	 8.5471892e-01
 140	 1.3863396e+00	 1.4293877e-01	 1.3978932e+00	 1.4590012e-01	  1.2926702e+00 	 4.2018008e-01
 141	 1.3872438e+00	 1.4287049e-01	 1.3988007e+00	 1.4584077e-01	  1.2930307e+00 	 4.2184591e-01
 142	 1.3883394e+00	 1.4295950e-01	 1.3999373e+00	 1.4596389e-01	  1.2907377e+00 	 4.2689800e-01
 143	 1.3892460e+00	 1.4290081e-01	 1.4008208e+00	 1.4592512e-01	  1.2939091e+00 	 4.2763495e-01
 144	 1.3900157e+00	 1.4288590e-01	 1.4015677e+00	 1.4592589e-01	[ 1.2972579e+00]	 4.3125796e-01
 145	 1.3904316e+00	 1.4304871e-01	 1.4019994e+00	 1.4605323e-01	  1.2968848e+00 	 4.3644166e-01
 146	 1.3909697e+00	 1.4299581e-01	 1.4025282e+00	 1.4598826e-01	  1.2970613e+00 	 4.2568016e-01
 147	 1.3913912e+00	 1.4297912e-01	 1.4029479e+00	 1.4594249e-01	  1.2963171e+00 	 4.2723513e-01
 148	 1.3919594e+00	 1.4297946e-01	 1.4035163e+00	 1.4590849e-01	  1.2952760e+00 	 4.2987275e-01
 149	 1.3929698e+00	 1.4297705e-01	 1.4045236e+00	 1.4588666e-01	  1.2941707e+00 	 4.2878294e-01
 150	 1.3932002e+00	 1.4271803e-01	 1.4047691e+00	 1.4555892e-01	  1.2924769e+00 	 4.3461609e-01
 151	 1.3950437e+00	 1.4283491e-01	 1.4066000e+00	 1.4574260e-01	  1.2923363e+00 	 4.2974305e-01
 152	 1.3955169e+00	 1.4281000e-01	 1.4070700e+00	 1.4574266e-01	  1.2939935e+00 	 4.2717385e-01
 153	 1.3961682e+00	 1.4270729e-01	 1.4077142e+00	 1.4565177e-01	  1.2956525e+00 	 4.2573023e-01
 154	 1.3968830e+00	 1.4257090e-01	 1.4084245e+00	 1.4549828e-01	  1.2962447e+00 	 4.2806792e-01
 155	 1.3980097e+00	 1.4239195e-01	 1.4095492e+00	 1.4524620e-01	  1.2959147e+00 	 4.3959880e-01
 156	 1.3994894e+00	 1.4164729e-01	 1.4110189e+00	 1.4443393e-01	[ 1.2975350e+00]	 4.2952394e-01
 157	 1.4006727e+00	 1.4148608e-01	 1.4122092e+00	 1.4408337e-01	  1.2944254e+00 	 4.2618179e-01
 158	 1.4014034e+00	 1.4158140e-01	 1.4129518e+00	 1.4418038e-01	  1.2953227e+00 	 4.3997717e-01
 159	 1.4017541e+00	 1.4164087e-01	 1.4133033e+00	 1.4425609e-01	  1.2960959e+00 	 4.1781092e-01
 160	 1.4024342e+00	 1.4168960e-01	 1.4139793e+00	 1.4431569e-01	  1.2972158e+00 	 4.3178320e-01
 161	 1.4037627e+00	 1.4187821e-01	 1.4153085e+00	 1.4453648e-01	  1.2972439e+00 	 4.3028307e-01
 162	 1.4044552e+00	 1.4187724e-01	 1.4159503e+00	 1.4451938e-01	[ 1.3016435e+00]	 4.3918228e-01
 163	 1.4054340e+00	 1.4185674e-01	 1.4169582e+00	 1.4452662e-01	  1.2989802e+00 	 4.2219591e-01
 164	 1.4061453e+00	 1.4177021e-01	 1.4176855e+00	 1.4441994e-01	  1.2966026e+00 	 4.3466496e-01
 165	 1.4068362e+00	 1.4170491e-01	 1.4183817e+00	 1.4435328e-01	  1.2962780e+00 	 4.2394495e-01
 166	 1.4079436e+00	 1.4154775e-01	 1.4194983e+00	 1.4410369e-01	  1.2945241e+00 	 4.3354201e-01
 167	 1.4087478e+00	 1.4183313e-01	 1.4203077e+00	 1.4446506e-01	  1.2979909e+00 	 4.2696190e-01
 168	 1.4093232e+00	 1.4169186e-01	 1.4208738e+00	 1.4438116e-01	  1.2999757e+00 	 5.0224400e-01
 169	 1.4097053e+00	 1.4169454e-01	 1.4212520e+00	 1.4438924e-01	  1.3009700e+00 	 4.3625903e-01
 170	 1.4104341e+00	 1.4171960e-01	 1.4219892e+00	 1.4440871e-01	  1.3010833e+00 	 4.2877293e-01
 171	 1.4112825e+00	 1.4171532e-01	 1.4228038e+00	 1.4436109e-01	[ 1.3052487e+00]	 4.2919993e-01
 172	 1.4122652e+00	 1.4176573e-01	 1.4238156e+00	 1.4440582e-01	  1.3047470e+00 	 4.2190099e-01
 173	 1.4130210e+00	 1.4171922e-01	 1.4245779e+00	 1.4433289e-01	  1.3052228e+00 	 4.2555690e-01
 174	 1.4140324e+00	 1.4156169e-01	 1.4255851e+00	 1.4416059e-01	[ 1.3071394e+00]	 4.3448400e-01
 175	 1.4150111e+00	 1.4131377e-01	 1.4265273e+00	 1.4381373e-01	[ 1.3110554e+00]	 4.3638897e-01
 176	 1.4160903e+00	 1.4102495e-01	 1.4276224e+00	 1.4359033e-01	  1.3086836e+00 	 4.5265794e-01
 177	 1.4167115e+00	 1.4112133e-01	 1.4282459e+00	 1.4369568e-01	  1.3084411e+00 	 4.3792105e-01
 178	 1.4176303e+00	 1.4113484e-01	 1.4291683e+00	 1.4377662e-01	  1.3072796e+00 	 4.4088697e-01
 179	 1.4181782e+00	 1.4119471e-01	 1.4297092e+00	 1.4381660e-01	  1.3072778e+00 	 8.7026906e-01
 180	 1.4187712e+00	 1.4135856e-01	 1.4303102e+00	 1.4396495e-01	  1.3063969e+00 	 4.3768907e-01
 181	 1.4194924e+00	 1.4151390e-01	 1.4310330e+00	 1.4411048e-01	  1.3059009e+00 	 4.2720890e-01
 182	 1.4201812e+00	 1.4155726e-01	 1.4317212e+00	 1.4413597e-01	  1.3060826e+00 	 4.1623497e-01
 183	 1.4216028e+00	 1.4148874e-01	 1.4331156e+00	 1.4405686e-01	  1.3094389e+00 	 4.3164015e-01
 184	 1.4220526e+00	 1.4097045e-01	 1.4335826e+00	 1.4337853e-01	  1.3077423e+00 	 4.2156100e-01
 185	 1.4229979e+00	 1.4100610e-01	 1.4345245e+00	 1.4347823e-01	  1.3096928e+00 	 4.2394114e-01
 186	 1.4233997e+00	 1.4094255e-01	 1.4349193e+00	 1.4341763e-01	[ 1.3112334e+00]	 4.4134283e-01
 187	 1.4239796e+00	 1.4071694e-01	 1.4355067e+00	 1.4316526e-01	[ 1.3117104e+00]	 4.3884897e-01
 188	 1.4246334e+00	 1.4063941e-01	 1.4361494e+00	 1.4305037e-01	[ 1.3129608e+00]	 4.3461299e-01
 189	 1.4252758e+00	 1.4052917e-01	 1.4367998e+00	 1.4291362e-01	  1.3119738e+00 	 4.3910289e-01
 190	 1.4261760e+00	 1.4041517e-01	 1.4377174e+00	 1.4279939e-01	  1.3083582e+00 	 4.3407917e-01
 191	 1.4264093e+00	 1.4032806e-01	 1.4379347e+00	 1.4267476e-01	  1.3074703e+00 	 4.3435001e-01
 192	 1.4269008e+00	 1.4042377e-01	 1.4384304e+00	 1.4280416e-01	  1.3074338e+00 	 4.3241811e-01
 193	 1.4273906e+00	 1.4051102e-01	 1.4389186e+00	 1.4292225e-01	  1.3073417e+00 	 4.3885803e-01
 194	 1.4280118e+00	 1.4056361e-01	 1.4395328e+00	 1.4299143e-01	  1.3070850e+00 	 4.2771006e-01
 195	 1.4289412e+00	 1.4065438e-01	 1.4404589e+00	 1.4305785e-01	  1.3059842e+00 	 4.3468714e-01
 196	 1.4298238e+00	 1.4054546e-01	 1.4413136e+00	 1.4297898e-01	  1.3039404e+00 	 4.2042923e-01
 197	 1.4309309e+00	 1.4098438e-01	 1.4424410e+00	 1.4331847e-01	  1.3019634e+00 	 4.2842126e-01
 198	 1.4314543e+00	 1.4104508e-01	 1.4429681e+00	 1.4337056e-01	  1.3025439e+00 	 4.3694019e-01
 199	 1.4321373e+00	 1.4114313e-01	 1.4436476e+00	 1.4345399e-01	  1.3026151e+00 	 4.4663620e-01
 200	 1.4325178e+00	 1.4112225e-01	 1.4440506e+00	 1.4347269e-01	  1.3004036e+00 	 8.5404682e-01
Inserting handle into data store.  model_inform_GPz: inprogress_gpz.pkl, inform_GPz
Stage complete: GPzInformer @ 2024-06-17 17:27:39.319583 took 1.45 minutes
