Executing stage: GPzInformer @ 2024-08-29 12:55:31.466921
Inserting handle into data store.  output_col_remapper_1: ./output_col_remapper_1.pq, inform_GPz
ngal: 32089
training model...
Iter	 logML/n 		 Train RMSE		 Train RMSE/n		 Valid RMSE		 Valid MLL		 Time    
   1	 1.0824892e+00	 6.7072633e-02	 1.0884042e+00	 6.7591395e-02	[ 1.0858977e+00]	 4.9857402e-01
   2	 1.2202143e+00	 6.7666383e-02	 1.2257682e+00	 6.9090977e-02	[ 1.2193522e+00]	 2.8749299e-01
   3	 1.3439848e+00	 6.3690205e-02	 1.3770785e+00	 7.5409868e-02	[ 1.3576219e+00]	 1.3779783e-01
   4	 1.8295293e+00	 5.3102563e-02	 1.8440540e+00	 5.1597691e-02	[ 1.8563490e+00]	 2.7782583e-01
   5	 1.8343601e+00	 5.4449702e-02	 1.8491687e+00	 5.2789619e-02	[ 1.8614942e+00]	 1.3861418e-01
   6	 1.8375775e+00	 5.4428820e-02	 1.8524168e+00	 5.2808743e-02	[ 1.8649335e+00]	 1.3882613e-01
   7	 1.8572004e+00	 5.3572129e-02	 1.8723325e+00	 5.2178626e-02	[ 1.8855538e+00]	 1.3992786e-01
   8	 1.8701749e+00	 5.4174114e-02	 1.8856466e+00	 5.2797187e-02	[ 1.8991205e+00]	 1.3883805e-01
   9	 1.8904079e+00	 5.3697768e-02	 1.9064228e+00	 5.2392585e-02	[ 1.9194965e+00]	 1.3841772e-01
  10	 1.9025588e+00	 5.2275451e-02	 1.9187998e+00	 5.0992276e-02	[ 1.9309169e+00]	 1.4014506e-01
  11	 1.9544504e+00	 4.9009797e-02	 1.9713651e+00	 4.7933345e-02	[ 1.9811935e+00]	 1.3918090e-01
  12	 1.9993098e+00	 4.3237338e-02	 2.0158004e+00	 4.2396393e-02	[ 2.0239219e+00]	 2.7830076e-01
  13	 2.0491613e+00	 4.0822645e-02	 2.0667758e+00	 4.0483944e-02	[ 2.0690117e+00]	 1.3698292e-01
  14	 2.0671694e+00	 4.0294350e-02	 2.0844681e+00	 4.0071296e-02	[ 2.0877134e+00]	 1.3749218e-01
  15	 2.0952412e+00	 3.9444967e-02	 2.1123929e+00	 3.9557661e-02	[ 2.1154510e+00]	 1.3761711e-01
  16	 2.1587866e+00	 3.6662095e-02	 2.1746872e+00	 3.7867443e-02	[ 2.1785318e+00]	 1.3944602e-01
  17	 2.1785674e+00	 3.6561477e-02	 2.1947074e+00	 3.7923000e-02	[ 2.1963308e+00]	 1.3812017e-01
  18	 2.1937917e+00	 3.5730184e-02	 2.2095978e+00	 3.7420870e-02	[ 2.2094615e+00]	 2.7982211e-01
  19	 2.2133747e+00	 3.5336502e-02	 2.2295600e+00	 3.7119775e-02	[ 2.2227876e+00]	 1.3719487e-01
  20	 2.2213166e+00	 3.4795215e-02	 2.2371061e+00	 3.6641737e-02	[ 2.2298564e+00]	 2.7674603e-01
  21	 2.2256090e+00	 3.4240233e-02	 2.2409912e+00	 3.6085379e-02	[ 2.2329823e+00]	 2.7881384e-01
  22	 2.2302497e+00	 3.4062123e-02	 2.2456180e+00	 3.5849055e-02	[ 2.2366998e+00]	 1.3967800e-01
  23	 2.2442024e+00	 3.3616120e-02	 2.2598115e+00	 3.5057201e-02	[ 2.2475850e+00]	 1.3744807e-01
  24	 2.2502297e+00	 3.3314820e-02	 2.2656054e+00	 3.4676548e-02	[ 2.2539061e+00]	 1.3825107e-01
  25	 2.2674289e+00	 3.3239293e-02	 2.2828202e+00	 3.4511601e-02	[ 2.2715630e+00]	 1.3920522e-01
  26	 2.2906150e+00	 3.3710937e-02	 2.3061774e+00	 3.4974676e-02	[ 2.3005023e+00]	 1.3813877e-01
  27	 2.2937922e+00	 3.3735112e-02	 2.3094850e+00	 3.4986033e-02	[ 2.3014149e+00]	 1.3859797e-01
  28	 2.2942003e+00	 3.3828639e-02	 2.3099271e+00	 3.5077675e-02	[ 2.3024438e+00]	 1.4040303e-01
  29	 2.2945327e+00	 3.3921498e-02	 2.3102970e+00	 3.5167545e-02	[ 2.3031116e+00]	 1.3844895e-01
  30	 2.3057680e+00	 3.3504173e-02	 2.3215302e+00	 3.4712878e-02	[ 2.3143595e+00]	 1.3778090e-01
  31	 2.3368672e+00	 3.3304507e-02	 2.3525656e+00	 3.4226760e-02	[ 2.3463775e+00]	 1.3837004e-01
  32	 2.3517451e+00	 3.3695845e-02	 2.3678313e+00	 3.4786691e-02	[ 2.3643731e+00]	 2.8208017e-01
  33	 2.3573153e+00	 3.3322461e-02	 2.3728561e+00	 3.4334553e-02	[ 2.3670744e+00]	 1.3917613e-01
  34	 2.3581069e+00	 3.3528332e-02	 2.3738711e+00	 3.4554146e-02	[ 2.3689302e+00]	 1.3952303e-01
  35	 2.3583511e+00	 3.3543872e-02	 2.3740815e+00	 3.4573484e-02	[ 2.3691332e+00]	 1.3796520e-01
  36	 2.3587406e+00	 3.3597834e-02	 2.3744235e+00	 3.4640337e-02	[ 2.3694596e+00]	 1.3839889e-01
  37	 2.3590867e+00	 3.3650481e-02	 2.3747543e+00	 3.4707739e-02	[ 2.3698203e+00]	 1.3797808e-01
  38	 2.3599845e+00	 3.3798178e-02	 2.3756083e+00	 3.4875743e-02	[ 2.3699953e+00]	 1.4225173e-01
  39	 2.3605725e+00	 3.3906409e-02	 2.3762307e+00	 3.5044162e-02	[ 2.3712665e+00]	 2.7915406e-01
  40	 2.3617555e+00	 3.3940547e-02	 2.3774098e+00	 3.5101597e-02	[ 2.3717946e+00]	 1.3866091e-01
  41	 2.3658626e+00	 3.3877635e-02	 2.3814889e+00	 3.5212006e-02	[ 2.3730255e+00]	 1.3923192e-01
  42	 2.3674049e+00	 3.3746346e-02	 2.3829814e+00	 3.5216523e-02	  2.3730045e+00 	 1.3962388e-01
  43	 2.3698385e+00	 3.3652378e-02	 2.3853401e+00	 3.5272623e-02	[ 2.3742272e+00]	 1.4044785e-01
  44	 2.3717133e+00	 3.3699849e-02	 2.3872079e+00	 3.5398474e-02	[ 2.3758636e+00]	 1.4017892e-01
  45	 2.3722667e+00	 3.3732709e-02	 2.3877616e+00	 3.5423233e-02	[ 2.3766648e+00]	 1.3986802e-01
  46	 2.3726300e+00	 3.3768428e-02	 2.3881420e+00	 3.5430756e-02	[ 2.3774023e+00]	 1.3835216e-01
  47	 2.3730424e+00	 3.3814065e-02	 2.3885801e+00	 3.5442841e-02	[ 2.3781620e+00]	 1.3891292e-01
  48	 2.3739306e+00	 3.3858731e-02	 2.3894786e+00	 3.5441396e-02	[ 2.3792817e+00]	 1.3829923e-01
  49	 2.3753123e+00	 3.4267589e-02	 2.3911255e+00	 3.5791871e-02	[ 2.3813639e+00]	 1.4068604e-01
  50	 2.3772385e+00	 3.4257899e-02	 2.3929745e+00	 3.5839969e-02	[ 2.3837381e+00]	 1.3818312e-01
  51	 2.3796798e+00	 3.4097183e-02	 2.3954134e+00	 3.5713708e-02	[ 2.3853332e+00]	 1.3841605e-01
  52	 2.3854337e+00	 3.3752699e-02	 2.4012082e+00	 3.5342926e-02	[ 2.3875721e+00]	 1.3847613e-01
  53	 2.3875513e+00	 3.3638171e-02	 2.4032776e+00	 3.5230491e-02	[ 2.3894068e+00]	 1.3721585e-01
  54	 2.3884496e+00	 3.3541061e-02	 2.4041482e+00	 3.5075756e-02	[ 2.3903001e+00]	 1.3909912e-01
  55	 2.3886790e+00	 3.3504043e-02	 2.4043288e+00	 3.4985314e-02	  2.3900108e+00 	 2.7867198e-01
  56	 2.3889810e+00	 3.3572193e-02	 2.4046119e+00	 3.5054543e-02	  2.3901783e+00 	 1.3973713e-01
  57	 2.3892912e+00	 3.3555159e-02	 2.4049164e+00	 3.5039524e-02	[ 2.3903529e+00]	 1.3921595e-01
  58	 2.3897353e+00	 3.3555542e-02	 2.4053443e+00	 3.5050030e-02	[ 2.3904351e+00]	 1.4042497e-01
  59	 2.3906392e+00	 3.3604387e-02	 2.4062085e+00	 3.5122812e-02	[ 2.3904704e+00]	 1.3815284e-01
  60	 2.3923870e+00	 3.3832583e-02	 2.4080137e+00	 3.5387040e-02	[ 2.3907193e+00]	 1.3748312e-01
  61	 2.3940845e+00	 3.4025173e-02	 2.4097224e+00	 3.5582273e-02	[ 2.3911611e+00]	 1.4078593e-01
  62	 2.3941613e+00	 3.4014111e-02	 2.4098317e+00	 3.5550722e-02	  2.3906392e+00 	 4.1879082e-01
  63	 2.3972548e+00	 3.4360074e-02	 2.4129202e+00	 3.5889368e-02	[ 2.3916006e+00]	 1.4074707e-01
  64	 2.3975129e+00	 3.4646419e-02	 2.4130498e+00	 3.6222543e-02	  2.3913585e+00 	 1.3946199e-01
  65	 2.3995706e+00	 3.4581447e-02	 2.4152001e+00	 3.6146408e-02	[ 2.3931590e+00]	 1.3825607e-01
  66	 2.4000970e+00	 3.4562516e-02	 2.4157185e+00	 3.6108536e-02	[ 2.3938416e+00]	 1.3887215e-01
  67	 2.4006343e+00	 3.4482989e-02	 2.4162370e+00	 3.6003288e-02	[ 2.3948688e+00]	 1.4261293e-01
  68	 2.4016225e+00	 3.4490777e-02	 2.4172208e+00	 3.5955821e-02	[ 2.3962533e+00]	 1.3966107e-01
  69	 2.4019308e+00	 3.4306873e-02	 2.4174960e+00	 3.5805022e-02	[ 2.3973077e+00]	 2.7834702e-01
  70	 2.4040074e+00	 3.4412593e-02	 2.4195117e+00	 3.5930509e-02	[ 2.3989281e+00]	 1.3945389e-01
  71	 2.4050625e+00	 3.4464190e-02	 2.4205214e+00	 3.6073944e-02	[ 2.3993608e+00]	 1.3788700e-01
  72	 2.4060073e+00	 3.4570812e-02	 2.4216178e+00	 3.6300383e-02	[ 2.4007878e+00]	 2.7705121e-01
  73	 2.4060306e+00	 3.4557434e-02	 2.4216308e+00	 3.6290652e-02	[ 2.4011295e+00]	 2.7848411e-01
  74	 2.4066279e+00	 3.4603302e-02	 2.4222426e+00	 3.6374434e-02	[ 2.4015029e+00]	 1.3776779e-01
  75	 2.4067864e+00	 3.4538412e-02	 2.4224213e+00	 3.6313117e-02	[ 2.4020607e+00]	 2.7781415e-01
  76	 2.4070546e+00	 3.4515265e-02	 2.4227364e+00	 3.6280449e-02	[ 2.4027881e+00]	 1.3861012e-01
  77	 2.4073072e+00	 3.4480533e-02	 2.4230198e+00	 3.6236789e-02	[ 2.4034086e+00]	 1.4131308e-01
  78	 2.4095407e+00	 3.4451353e-02	 2.4252588e+00	 3.6412253e-02	[ 2.4041545e+00]	 1.3929605e-01
  79	 2.4111447e+00	 3.4291177e-02	 2.4268660e+00	 3.6261895e-02	[ 2.4049717e+00]	 1.3895512e-01
  80	 2.4120863e+00	 3.4167356e-02	 2.4277798e+00	 3.6181923e-02	  2.4045812e+00 	 1.3831878e-01
  81	 2.4122000e+00	 3.4172835e-02	 2.4278970e+00	 3.6196795e-02	  2.4043310e+00 	 1.3842297e-01
  82	 2.4124959e+00	 3.4042696e-02	 2.4281984e+00	 3.6111135e-02	  2.4048020e+00 	 2.7906299e-01
  83	 2.4139043e+00	 3.3955082e-02	 2.4296590e+00	 3.6062679e-02	[ 2.4053597e+00]	 1.3934016e-01
  84	 2.4145032e+00	 3.3941184e-02	 2.4303336e+00	 3.6018702e-02	  2.4041290e+00 	 2.7756786e-01
  85	 2.4187554e+00	 3.3562027e-02	 2.4348718e+00	 3.5830803e-02	[ 2.4063649e+00]	 1.3840914e-01
  86	 2.4188473e+00	 3.3689758e-02	 2.4349394e+00	 3.5948747e-02	  2.4057436e+00 	 2.7737713e-01
  87	 2.4203231e+00	 3.3489087e-02	 2.4363409e+00	 3.5715804e-02	[ 2.4096877e+00]	 1.3880992e-01
  88	 2.4212772e+00	 3.3285926e-02	 2.4372823e+00	 3.5458593e-02	[ 2.4120768e+00]	 1.4119887e-01
  89	 2.4226154e+00	 3.3113142e-02	 2.4384341e+00	 3.5379127e-02	  2.4090480e+00 	 1.3910818e-01
  90	 2.4238831e+00	 3.2740600e-02	 2.4396929e+00	 3.4817983e-02	  2.4117645e+00 	 2.7638674e-01
  91	 2.4261101e+00	 3.2455830e-02	 2.4420017e+00	 3.4476603e-02	[ 2.4145885e+00]	 1.3861609e-01
  92	 2.4274449e+00	 3.2259773e-02	 2.4433335e+00	 3.4269285e-02	[ 2.4145976e+00]	 1.3760090e-01
  93	 2.4283772e+00	 3.1915890e-02	 2.4443919e+00	 3.3893267e-02	[ 2.4166388e+00]	 2.8423214e-01
  94	 2.4317349e+00	 3.1358060e-02	 2.4478943e+00	 3.3248770e-02	[ 2.4193751e+00]	 2.7933073e-01
  95	 2.4319990e+00	 3.1248085e-02	 2.4481499e+00	 3.3180506e-02	[ 2.4205421e+00]	 2.7915883e-01
  96	 2.4330566e+00	 3.1448049e-02	 2.4492645e+00	 3.3401647e-02	[ 2.4208339e+00]	 1.3938689e-01
  97	 2.4335001e+00	 3.1294313e-02	 2.4497439e+00	 3.3266423e-02	[ 2.4215264e+00]	 4.1731715e-01
  98	 2.4341576e+00	 3.1207533e-02	 2.4504913e+00	 3.3203297e-02	[ 2.4220954e+00]	 1.3876724e-01
  99	 2.4348659e+00	 3.1094262e-02	 2.4512805e+00	 3.3116983e-02	[ 2.4230403e+00]	 1.3974190e-01
 100	 2.4363617e+00	 3.0787193e-02	 2.4529130e+00	 3.2852304e-02	[ 2.4255125e+00]	 1.3878822e-01
 101	 2.4382333e+00	 3.0310431e-02	 2.4548761e+00	 3.2408170e-02	[ 2.4294715e+00]	 1.3974190e-01
 102	 2.4384648e+00	 3.0245052e-02	 2.4551435e+00	 3.2355242e-02	  2.4292442e+00 	 2.7714920e-01
 103	 2.4401455e+00	 2.9909063e-02	 2.4568046e+00	 3.2029183e-02	[ 2.4315650e+00]	 1.3831306e-01
 104	 2.4434559e+00	 2.9348082e-02	 2.4600498e+00	 3.1502034e-02	[ 2.4342318e+00]	 1.3866711e-01
 105	 2.4460734e+00	 2.8772228e-02	 2.4625372e+00	 3.0957852e-02	[ 2.4351648e+00]	 1.3879585e-01
 106	 2.4464002e+00	 2.8863140e-02	 2.4628915e+00	 3.1010321e-02	  2.4337745e+00 	 1.3906717e-01
 107	 2.4471935e+00	 2.8733013e-02	 2.4637351e+00	 3.0935276e-02	  2.4345600e+00 	 1.4141369e-01
 108	 2.4474230e+00	 2.8822053e-02	 2.4639525e+00	 3.1036735e-02	  2.4345629e+00 	 2.7703404e-01
 109	 2.4477708e+00	 2.8795411e-02	 2.4643188e+00	 3.1033559e-02	[ 2.4352046e+00]	 1.3916111e-01
 110	 2.4495454e+00	 2.8477710e-02	 2.4661495e+00	 3.0831996e-02	[ 2.4377153e+00]	 1.3841009e-01
 111	 2.4503689e+00	 2.8528713e-02	 2.4668979e+00	 3.0912233e-02	[ 2.4386527e+00]	 2.7847409e-01
 112	 2.4530628e+00	 2.7971318e-02	 2.4696772e+00	 3.0570281e-02	[ 2.4421328e+00]	 1.4254880e-01
 113	 2.4542484e+00	 2.7801428e-02	 2.4708511e+00	 3.0471171e-02	[ 2.4434676e+00]	 1.4127994e-01
 114	 2.4554459e+00	 2.7629930e-02	 2.4720614e+00	 3.0335767e-02	[ 2.4438126e+00]	 1.4030814e-01
 115	 2.4569655e+00	 2.7461409e-02	 2.4735486e+00	 3.0161213e-02	[ 2.4453170e+00]	 1.3955879e-01
 116	 2.4598297e+00	 2.7181833e-02	 2.4764604e+00	 2.9892323e-02	[ 2.4476271e+00]	 1.3911486e-01
 117	 2.4604080e+00	 2.6982489e-02	 2.4770121e+00	 2.9741623e-02	[ 2.4494486e+00]	 2.7820086e-01
 118	 2.4636827e+00	 2.6711931e-02	 2.4804101e+00	 2.9471575e-02	[ 2.4524248e+00]	 1.3868737e-01
 119	 2.4652408e+00	 2.6613697e-02	 2.4820233e+00	 2.9378958e-02	[ 2.4546103e+00]	 1.3924599e-01
 120	 2.4659543e+00	 2.6638526e-02	 2.4827540e+00	 2.9466744e-02	[ 2.4558388e+00]	 1.3931870e-01
 121	 2.4675756e+00	 2.6491194e-02	 2.4843546e+00	 2.9336246e-02	[ 2.4580178e+00]	 2.2716188e-01
 122	 2.4689764e+00	 2.6441839e-02	 2.4857027e+00	 2.9291295e-02	[ 2.4587581e+00]	 1.4502883e-01
 123	 2.4712530e+00	 2.6102881e-02	 2.4879906e+00	 2.9141895e-02	  2.4576302e+00 	 1.3934612e-01
 124	 2.4720259e+00	 2.6137224e-02	 2.4886823e+00	 2.9063282e-02	  2.4584488e+00 	 2.7699709e-01
 125	 2.4728257e+00	 2.6094842e-02	 2.4895241e+00	 2.9024611e-02	[ 2.4593769e+00]	 1.3818002e-01
 126	 2.4740884e+00	 2.6029357e-02	 2.4908749e+00	 2.8939629e-02	[ 2.4604282e+00]	 1.4043379e-01
 127	 2.4754051e+00	 2.5988184e-02	 2.4922668e+00	 2.8837462e-02	[ 2.4615466e+00]	 1.4202189e-01
 128	 2.4768123e+00	 2.5826200e-02	 2.4937170e+00	 2.8612471e-02	[ 2.4636205e+00]	 1.3870573e-01
 129	 2.4780262e+00	 2.5918776e-02	 2.4951119e+00	 2.8467047e-02	  2.4623786e+00 	 1.4120317e-01
 130	 2.4794519e+00	 2.5896163e-02	 2.4964144e+00	 2.8517053e-02	[ 2.4648882e+00]	 1.3959289e-01
 131	 2.4798809e+00	 2.5881158e-02	 2.4968007e+00	 2.8515465e-02	[ 2.4652926e+00]	 1.3900185e-01
 132	 2.4801805e+00	 2.5897056e-02	 2.4970847e+00	 2.8521998e-02	[ 2.4655747e+00]	 1.3826680e-01
 133	 2.4809700e+00	 2.5920438e-02	 2.4978612e+00	 2.8541091e-02	[ 2.4661724e+00]	 1.3916492e-01
 134	 2.4825046e+00	 2.5884376e-02	 2.4993871e+00	 2.8537710e-02	[ 2.4669944e+00]	 1.4032698e-01
 135	 2.4845535e+00	 2.5898568e-02	 2.5014272e+00	 2.8613906e-02	[ 2.4681586e+00]	 1.4016509e-01
 136	 2.4856740e+00	 2.5753330e-02	 2.5026051e+00	 2.8550527e-02	[ 2.4684255e+00]	 2.7994013e-01
 137	 2.4871546e+00	 2.5670644e-02	 2.5041381e+00	 2.8532249e-02	[ 2.4693215e+00]	 1.3991594e-01
 138	 2.4884622e+00	 2.5569277e-02	 2.5055135e+00	 2.8478961e-02	[ 2.4702783e+00]	 1.3945389e-01
 139	 2.4891927e+00	 2.5486766e-02	 2.5062795e+00	 2.8387677e-02	[ 2.4712399e+00]	 1.4011502e-01
 140	 2.4896448e+00	 2.5485427e-02	 2.5067622e+00	 2.8385558e-02	  2.4711959e+00 	 2.9265523e-01
 141	 2.4906615e+00	 2.5415132e-02	 2.5077612e+00	 2.8290347e-02	[ 2.4728546e+00]	 1.3787889e-01
 142	 2.4913084e+00	 2.5398326e-02	 2.5083881e+00	 2.8244101e-02	[ 2.4736996e+00]	 1.4019084e-01
 143	 2.4916215e+00	 2.5403391e-02	 2.5087040e+00	 2.8233266e-02	  2.4736918e+00 	 1.3918209e-01
 144	 2.4922137e+00	 2.5375831e-02	 2.5092277e+00	 2.8251681e-02	[ 2.4744676e+00]	 2.7808690e-01
 145	 2.4937391e+00	 2.5300131e-02	 2.5107726e+00	 2.8155764e-02	[ 2.4752867e+00]	 1.3981318e-01
 146	 2.4977794e+00	 2.4980763e-02	 2.5149048e+00	 2.7793621e-02	[ 2.4771191e+00]	 1.3924718e-01
 147	 2.4984839e+00	 2.4929838e-02	 2.5156077e+00	 2.7769618e-02	[ 2.4779188e+00]	 1.4257598e-01
 148	 2.5035294e+00	 2.4692336e-02	 2.5207391e+00	 2.7512161e-02	[ 2.4833933e+00]	 1.3998103e-01
 149	 2.5045486e+00	 2.4729279e-02	 2.5216760e+00	 2.7491821e-02	[ 2.4852351e+00]	 2.7621603e-01
 150	 2.5097143e+00	 2.4530885e-02	 2.5269413e+00	 2.7430616e-02	[ 2.4886267e+00]	 2.7773404e-01
 151	 2.5110514e+00	 2.4518314e-02	 2.5282435e+00	 2.7391853e-02	[ 2.4906429e+00]	 1.3927484e-01
 152	 2.5116334e+00	 2.4571815e-02	 2.5288003e+00	 2.7466610e-02	[ 2.4909423e+00]	 1.4010024e-01
 153	 2.5121838e+00	 2.4571304e-02	 2.5292906e+00	 2.7431083e-02	[ 2.4927817e+00]	 2.7583885e-01
 154	 2.5128070e+00	 2.4559022e-02	 2.5299556e+00	 2.7395798e-02	[ 2.4930709e+00]	 1.3774800e-01
 155	 2.5134204e+00	 2.4564018e-02	 2.5306480e+00	 2.7378593e-02	[ 2.4934731e+00]	 1.3892484e-01
 156	 2.5137842e+00	 2.4557612e-02	 2.5310386e+00	 2.7361115e-02	[ 2.4939593e+00]	 1.4480424e-01
 157	 2.5152227e+00	 2.4555985e-02	 2.5325478e+00	 2.7332268e-02	[ 2.4959430e+00]	 1.3995028e-01
 158	 2.5177103e+00	 2.4563092e-02	 2.5350864e+00	 2.7325979e-02	[ 2.4986268e+00]	 1.3969183e-01
 159	 2.5184145e+00	 2.4543635e-02	 2.5357721e+00	 2.7325005e-02	[ 2.4994178e+00]	 3.1728792e-01
 160	 2.5232551e+00	 2.4556874e-02	 2.5406722e+00	 2.7350674e-02	[ 2.5034933e+00]	 1.3907003e-01
 161	 2.5271896e+00	 2.4488956e-02	 2.5446069e+00	 2.7315085e-02	[ 2.5058454e+00]	 1.3964868e-01
 162	 2.5315279e+00	 2.4371998e-02	 2.5488954e+00	 2.7155906e-02	[ 2.5078545e+00]	 1.4367890e-01
 163	 2.5332853e+00	 2.4380001e-02	 2.5506212e+00	 2.7246861e-02	  2.5077062e+00 	 2.7897978e-01
 164	 2.5342364e+00	 2.4361099e-02	 2.5515311e+00	 2.7201089e-02	[ 2.5098211e+00]	 1.4828491e-01
 165	 2.5359657e+00	 2.4288364e-02	 2.5532763e+00	 2.7079985e-02	[ 2.5114103e+00]	 1.4651012e-01
 166	 2.5368876e+00	 2.4205123e-02	 2.5540827e+00	 2.6847292e-02	[ 2.5153363e+00]	 1.4963794e-01
 167	 2.5385318e+00	 2.4187700e-02	 2.5558471e+00	 2.6825657e-02	  2.5152055e+00 	 1.3972425e-01
 168	 2.5390900e+00	 2.4172294e-02	 2.5564692e+00	 2.6802304e-02	  2.5148512e+00 	 1.4148307e-01
 169	 2.5393883e+00	 2.4154568e-02	 2.5567839e+00	 2.6775905e-02	  2.5150320e+00 	 1.3969183e-01
 170	 2.5410379e+00	 2.4103896e-02	 2.5584706e+00	 2.6709820e-02	[ 2.5173044e+00]	 1.3921404e-01
 171	 2.5421782e+00	 2.4038404e-02	 2.5595651e+00	 2.6721265e-02	[ 2.5189509e+00]	 2.8293824e-01
 172	 2.5448391e+00	 2.3986323e-02	 2.5623136e+00	 2.6624930e-02	[ 2.5233781e+00]	 1.4249921e-01
 173	 2.5477170e+00	 2.3946709e-02	 2.5652064e+00	 2.6624788e-02	[ 2.5272236e+00]	 1.3948083e-01
 174	 2.5483496e+00	 2.3920341e-02	 2.5658595e+00	 2.6542412e-02	[ 2.5301193e+00]	 1.4003110e-01
 175	 2.5495574e+00	 2.3898620e-02	 2.5670231e+00	 2.6568978e-02	[ 2.5305936e+00]	 1.3993073e-01
 176	 2.5501425e+00	 2.3894983e-02	 2.5675951e+00	 2.6586399e-02	  2.5305220e+00 	 1.4071608e-01
 177	 2.5509859e+00	 2.3884711e-02	 2.5684333e+00	 2.6591526e-02	  2.5303174e+00 	 1.4303923e-01
 178	 2.5521365e+00	 2.3883198e-02	 2.5695561e+00	 2.6581891e-02	[ 2.5306647e+00]	 1.4063978e-01
 179	 2.5523357e+00	 2.3868119e-02	 2.5698065e+00	 2.6569651e-02	  2.5301615e+00 	 2.7923584e-01
 180	 2.5535940e+00	 2.3870530e-02	 2.5710573e+00	 2.6536685e-02	[ 2.5310291e+00]	 1.3978291e-01
 181	 2.5545330e+00	 2.3875288e-02	 2.5720107e+00	 2.6506575e-02	[ 2.5322032e+00]	 1.3868499e-01
 182	 2.5553567e+00	 2.3888500e-02	 2.5728608e+00	 2.6492515e-02	[ 2.5334769e+00]	 1.4035416e-01
 183	 2.5562450e+00	 2.3911759e-02	 2.5737831e+00	 2.6504177e-02	[ 2.5346978e+00]	 1.3890815e-01
 184	 2.5578211e+00	 2.3948192e-02	 2.5753995e+00	 2.6543249e-02	[ 2.5367222e+00]	 1.3855267e-01
 185	 2.5587273e+00	 2.3997527e-02	 2.5763487e+00	 2.6634938e-02	  2.5359678e+00 	 1.4162612e-01
 186	 2.5591513e+00	 2.3981445e-02	 2.5767475e+00	 2.6632043e-02	[ 2.5368938e+00]	 1.3894296e-01
 187	 2.5598802e+00	 2.3974234e-02	 2.5774438e+00	 2.6639073e-02	[ 2.5375551e+00]	 1.3943887e-01
 188	 2.5616725e+00	 2.3968990e-02	 2.5792189e+00	 2.6626826e-02	[ 2.5396713e+00]	 1.3905382e-01
 189	 2.5631971e+00	 2.4045656e-02	 2.5806742e+00	 2.6651974e-02	[ 2.5403988e+00]	 2.7807689e-01
 190	 2.5667625e+00	 2.4022984e-02	 2.5842706e+00	 2.6551427e-02	[ 2.5458286e+00]	 1.3947225e-01
 191	 2.5677672e+00	 2.4006909e-02	 2.5854213e+00	 2.6464302e-02	[ 2.5466086e+00]	 2.7911210e-01
 192	 2.5692593e+00	 2.4007407e-02	 2.5869052e+00	 2.6370507e-02	[ 2.5501060e+00]	 1.3876462e-01
 193	 2.5697170e+00	 2.3996322e-02	 2.5873592e+00	 2.6344484e-02	[ 2.5506669e+00]	 1.3934398e-01
 194	 2.5735124e+00	 2.3824345e-02	 2.5911775e+00	 2.6095113e-02	[ 2.5581877e+00]	 1.3874197e-01
 195	 2.5741079e+00	 2.3817976e-02	 2.5917881e+00	 2.6058705e-02	[ 2.5591751e+00]	 2.8297997e-01
 196	 2.5751658e+00	 2.3775825e-02	 2.5929091e+00	 2.6023659e-02	[ 2.5605658e+00]	 1.4029193e-01
 197	 2.5754837e+00	 2.3731079e-02	 2.5932258e+00	 2.5957948e-02	[ 2.5616206e+00]	 1.3895082e-01
 198	 2.5759218e+00	 2.3695351e-02	 2.5936712e+00	 2.5929019e-02	[ 2.5618725e+00]	 1.3987517e-01
 199	 2.5778798e+00	 2.3517968e-02	 2.5956442e+00	 2.5783283e-02	[ 2.5625833e+00]	 1.4127684e-01
 200	 2.5788586e+00	 2.3451756e-02	 2.5965919e+00	 2.5730989e-02	[ 2.5633784e+00]	 1.4452720e-01
Inserting handle into data store.  model_inform_GPz: inprogress_zCOSMOS_gpz.pkl, inform_GPz
Stage complete: GPzInformer @ 2024-08-29 12:56:06.139513 took 0.58 minutes
