Executing stage: FlowModeler @ 2023-07-04 10:23:23.082120
Inserting handle into data store.  input: /Users/alicec03/Desktop/Summer_Research/Photo-z-Stress-Test/Photo-z-Stress-Test/data/base_catalog.pq, flow_modeler
Training 30 epochs 
Loss:
(0) 20.9225
(1) 5.1601
(2) 2.0113
(3) 2.7338
(4) 1.5593
(5) 1.7623
(6) 0.8629
(7) 3402823273761818485311871060541440.0000
(8) 1.4638
(9) 2.5906
(10) 1.5989
(11) -0.8802
(12) 0.3510
(13) 0.0261
(14) -1.1259
(15) -1.1150
(16) -0.1031
(17) -0.8423
(18) -1.6317
(19) -0.9614
(20) -0.5557
(21) -1.8991
(22) -2.8888
(23) -1.2073
(24) -1.8074
(25) -1.9679
(26) -2.6580
(27) -0.9670
(28) -2.0666
(29) -3.2293
(30) -2.7543
Inserting handle into data store.  model_flow_modeler: Users/alicec03/Desktop/Summer_Research/Photo-z-Stress-Test/Photo-z-Stress-Test/data/inprogress_trained_flow.pkl, flow_modeler
Stage complete: FlowModeler @ 2023-07-04 10:24:45.336011 took 1.37 minutes
