Executing stage: Inform_PZFlowPdf @ 2024-05-23 14:40:11.340380
Inserting handle into data store.  output_specselection_boss: ./output_specselection_boss.pq, inform_PZFlow
Training 50 epochs 
Loss:
(0) -1.9766
(1) -3.2323
(3) -5.0066
(5) -7.4575
(7) -9.2226
(9) -10.8802
(11) -13.1609
(13) -14.0529
(15) -14.9950
(17) -16.0015
(19) -14.2618
(21) -14.9552
(23) -16.0600
(25) -19.2123
(27) -17.6789
(29) -19.1585
(31) -16.5130
(33) -15.2842
(35) -14.3199
(37) -13.8460
(39) -14.9683
(41) -16.8696
(43) -16.3909
(45) -14.8303
(47) -12.8078
(49) -15.0672
(50) -14.7694
Inserting handle into data store.  model_inform_PZFlow: inprogress_pzflow.pkl, inform_PZFlow
Stage complete: Inform_PZFlowPdf @ 2024-05-23 14:40:29.874380 took 0.31 minutes
