Executing stage: GPzInformer @ 2024-06-17 17:28:18.995943
Inserting handle into data store.  output_col_remapper_1: ./output_col_remapper_1.pq, inform_GPz
ngal: 4567
training model...
Iter	 logML/n 		 Train RMSE		 Train RMSE/n		 Valid RMSE		 Valid MLL		 Time    
   1	 4.3342340e-01	 1.5097896e-01	 4.8708919e-01	 1.7093464e-01	[ 4.3044596e-01]	 7.6582193e-02
   2	 5.4105603e-01	 1.3610680e-01	 5.9542796e-01	 1.5428003e-01	[ 5.2622343e-01]	 4.8511028e-02
   3	 5.7494740e-01	 1.3152244e-01	 6.3137631e-01	 1.5868454e-01	  5.2073666e-01 	 2.5065184e-02
   4	 5.9763161e-01	 1.2885412e-01	 6.4976928e-01	 1.4867993e-01	[ 5.5947444e-01]	 2.4013996e-02
   5	 6.0747999e-01	 1.2761519e-01	 6.6013483e-01	 1.4433471e-01	[ 5.8611675e-01]	 2.4090052e-02
   6	 6.1664622e-01	 1.2641110e-01	 6.6851270e-01	 1.4295425e-01	[ 5.9873045e-01]	 2.4677753e-02
   7	 6.2144704e-01	 1.2582792e-01	 6.7350358e-01	 1.4421843e-01	  5.9453508e-01 	 2.4224043e-02
   8	 6.2700824e-01	 1.2506366e-01	 6.7988358e-01	 1.4565177e-01	  5.9211865e-01 	 2.4355173e-02
   9	 6.3286263e-01	 1.2431513e-01	 6.8748640e-01	 1.4894173e-01	  5.7768492e-01 	 2.7432919e-02
  10	 6.3634259e-01	 1.2382342e-01	 6.9183104e-01	 1.4926463e-01	  5.7416668e-01 	 2.7278900e-02
  11	 6.4129352e-01	 1.2315231e-01	 6.9810419e-01	 1.5150227e-01	  5.6575345e-01 	 2.4742842e-02
  12	 6.4827637e-01	 1.2235312e-01	 7.0653450e-01	 1.5654228e-01	  5.5013396e-01 	 2.4209976e-02
  13	 6.5718147e-01	 1.2152994e-01	 7.1756269e-01	 1.5788271e-01	  5.7337928e-01 	 2.4285316e-02
  14	 6.6485768e-01	 1.2070222e-01	 7.2635137e-01	 1.6113223e-01	  5.7717683e-01 	 2.4111986e-02
  15	 6.6967406e-01	 1.2014334e-01	 7.3177120e-01	 1.6265818e-01	  5.8246828e-01 	 2.4903059e-02
  16	 6.8210434e-01	 1.1890232e-01	 7.4775281e-01	 1.5796788e-01	[ 6.2566441e-01]	 2.4585009e-02
  17	 7.1629476e-01	 1.1736704e-01	 7.9395762e-01	 1.4977491e-01	[ 7.1927536e-01]	 2.4713039e-02
  18	 7.5933551e-01	 1.1689206e-01	 8.4448030e-01	 1.5144095e-01	[ 7.9586970e-01]	 2.4435997e-02
  19	 7.9792293e-01	 1.1631097e-01	 8.8603212e-01	 1.7076444e-01	[ 8.2433961e-01]	 4.2605639e-02
  20	 8.3795747e-01	 1.2040900e-01	 9.2938212e-01	 1.5890687e-01	[ 9.0921916e-01]	 4.0457964e-02
  21	 8.7192270e-01	 1.2226666e-01	 9.6292804e-01	 1.4321222e-01	[ 9.8791280e-01]	 3.4723043e-02
  22	 9.1748308e-01	 1.1856043e-01	 1.0101193e+00	 1.3873619e-01	[ 1.0477139e+00]	 4.2731047e-02
  23	 9.4940826e-01	 1.1501737e-01	 1.0464816e+00	 1.3237250e-01	[ 1.0935535e+00]	 3.3650875e-02
  24	 9.7560616e-01	 1.1538266e-01	 1.0699744e+00	 1.3027770e-01	[ 1.1187039e+00]	 2.9461145e-02
  25	 1.0002902e+00	 1.1389688e-01	 1.0927169e+00	 1.2778170e-01	[ 1.1318093e+00]	 3.0702829e-02
  26	 1.0408524e+00	 1.1128563e-01	 1.1328824e+00	 1.2542856e-01	[ 1.1562430e+00]	 2.6632071e-02
  27	 1.0692051e+00	 1.1594026e-01	 1.1553852e+00	 1.3073492e-01	[ 1.1608085e+00]	 3.1318903e-02
  28	 1.0979505e+00	 1.1155028e-01	 1.1859606e+00	 1.2306758e-01	[ 1.1822553e+00]	 2.5652885e-02
  29	 1.1103053e+00	 1.1007131e-01	 1.1948647e+00	 1.2277930e-01	[ 1.1859042e+00]	 2.5540829e-02
  30	 1.1196212e+00	 1.0867258e-01	 1.2046346e+00	 1.2026876e-01	[ 1.1960258e+00]	 3.0613899e-02
  31	 1.1317777e+00	 1.0755468e-01	 1.2185804e+00	 1.1679465e-01	[ 1.2042529e+00]	 2.9526949e-02
  32	 1.1443802e+00	 1.0535001e-01	 1.2303022e+00	 1.1519079e-01	[ 1.2141996e+00]	 2.6906729e-02
  33	 1.1595700e+00	 1.0302759e-01	 1.2449193e+00	 1.1498640e-01	[ 1.2160702e+00]	 2.4592876e-02
  34	 1.1712485e+00	 1.0195993e-01	 1.2563422e+00	 1.1691554e-01	  1.2133724e+00 	 2.4251223e-02
  35	 1.1810272e+00	 1.0155749e-01	 1.2668136e+00	 1.1705817e-01	[ 1.2169670e+00]	 2.4400711e-02
  36	 1.1920344e+00	 1.0035795e-01	 1.2785381e+00	 1.1622714e-01	[ 1.2235520e+00]	 2.4456978e-02
  37	 1.2077169e+00	 9.8910236e-02	 1.2956395e+00	 1.1423032e-01	[ 1.2322756e+00]	 2.4333000e-02
  38	 1.2194823e+00	 9.7777298e-02	 1.3075114e+00	 1.1406169e-01	[ 1.2423474e+00]	 2.5473833e-02
  39	 1.2299758e+00	 9.7568055e-02	 1.3185542e+00	 1.1333850e-01	[ 1.2487292e+00]	 2.6699066e-02
  40	 1.2402183e+00	 9.6333606e-02	 1.3294574e+00	 1.1115885e-01	[ 1.2503541e+00]	 2.4324179e-02
  41	 1.2515135e+00	 9.6062067e-02	 1.3417615e+00	 1.1124505e-01	[ 1.2519496e+00]	 2.4358034e-02
  42	 1.2606832e+00	 9.4718392e-02	 1.3514399e+00	 1.0968305e-01	[ 1.2610127e+00]	 2.5110006e-02
  43	 1.2691150e+00	 9.4332557e-02	 1.3602845e+00	 1.1006294e-01	[ 1.2643583e+00]	 2.5062084e-02
  44	 1.2792314e+00	 9.3544656e-02	 1.3710726e+00	 1.1207289e-01	  1.2612699e+00 	 2.4279833e-02
  45	 1.2893177e+00	 9.4087874e-02	 1.3821984e+00	 1.1484033e-01	  1.2602322e+00 	 2.4475098e-02
  46	 1.2981331e+00	 9.3653418e-02	 1.3914732e+00	 1.1836677e-01	  1.2466617e+00 	 2.4554968e-02
  47	 1.3033019e+00	 9.3112273e-02	 1.3963476e+00	 1.1685933e-01	  1.2503193e+00 	 2.4657011e-02
  48	 1.3105558e+00	 9.2194952e-02	 1.4036202e+00	 1.1585350e-01	  1.2483019e+00 	 2.4730921e-02
  49	 1.3197372e+00	 9.1674780e-02	 1.4137964e+00	 1.1289453e-01	  1.2439493e+00 	 2.4390936e-02
  50	 1.3282411e+00	 9.1025289e-02	 1.4224910e+00	 1.1227833e-01	  1.2522571e+00 	 2.6037931e-02
  51	 1.3341854e+00	 9.0201110e-02	 1.4286477e+00	 1.1159935e-01	  1.2527318e+00 	 2.4807930e-02
  52	 1.3414346e+00	 8.9700248e-02	 1.4366157e+00	 1.1251720e-01	  1.2489814e+00 	 2.4775982e-02
  53	 1.3477611e+00	 8.9693985e-02	 1.4433671e+00	 1.1367232e-01	  1.2520685e+00 	 2.4767160e-02
  54	 1.3548238e+00	 8.9845923e-02	 1.4507121e+00	 1.1528636e-01	  1.2509265e+00 	 2.4929047e-02
  55	 1.3611471e+00	 8.9559632e-02	 1.4574459e+00	 1.1595847e-01	  1.2498955e+00 	 2.4772167e-02
  56	 1.3675618e+00	 8.9230666e-02	 1.4644681e+00	 1.1626003e-01	  1.2436989e+00 	 2.5674105e-02
  57	 1.3732482e+00	 8.8431833e-02	 1.4706492e+00	 1.1602142e-01	  1.2380293e+00 	 2.5630236e-02
  58	 1.3782798e+00	 8.7800397e-02	 1.4759464e+00	 1.1510278e-01	  1.2352340e+00 	 2.4974823e-02
  59	 1.3830463e+00	 8.6909452e-02	 1.4809763e+00	 1.1537283e-01	  1.2127725e+00 	 2.4914980e-02
  60	 1.3880868e+00	 8.6532422e-02	 1.4859588e+00	 1.1480036e-01	  1.2156552e+00 	 2.4852276e-02
  61	 1.3920794e+00	 8.6179464e-02	 1.4899868e+00	 1.1490320e-01	  1.2094008e+00 	 2.4783134e-02
  62	 1.3966796e+00	 8.5680710e-02	 1.4948303e+00	 1.1514932e-01	  1.1960586e+00 	 2.4927139e-02
  63	 1.3999470e+00	 8.5307299e-02	 1.4988655e+00	 1.1595566e-01	  1.1640733e+00 	 2.4745941e-02
  64	 1.4045461e+00	 8.4851759e-02	 1.5032377e+00	 1.1561294e-01	  1.1717497e+00 	 2.4803162e-02
  65	 1.4078955e+00	 8.4497721e-02	 1.5067697e+00	 1.1527032e-01	  1.1719774e+00 	 2.4325132e-02
  66	 1.4121578e+00	 8.4232599e-02	 1.5113531e+00	 1.1494117e-01	  1.1681157e+00 	 2.4793148e-02
  67	 1.4182861e+00	 8.3962183e-02	 1.5186892e+00	 1.1374398e-01	  1.1436779e+00 	 2.5867701e-02
  68	 1.4228464e+00	 8.3955003e-02	 1.5235041e+00	 1.1347377e-01	  1.1532415e+00 	 2.4509907e-02
  69	 1.4270358e+00	 8.3667300e-02	 1.5273521e+00	 1.1339555e-01	  1.1464895e+00 	 2.4874926e-02
  70	 1.4300506e+00	 8.3598521e-02	 1.5302629e+00	 1.1356761e-01	  1.1396367e+00 	 2.5205851e-02
  71	 1.4330006e+00	 8.3551941e-02	 1.5333445e+00	 1.1332685e-01	  1.1344718e+00 	 2.4764061e-02
  72	 1.4365403e+00	 8.3388249e-02	 1.5367711e+00	 1.1365685e-01	  1.1303579e+00 	 2.5077105e-02
  73	 1.4407439e+00	 8.3081672e-02	 1.5409774e+00	 1.1373714e-01	  1.1318955e+00 	 2.4869919e-02
  74	 1.4444900e+00	 8.2841924e-02	 1.5448259e+00	 1.1378310e-01	  1.1217721e+00 	 2.4864674e-02
  75	 1.4474777e+00	 8.2617241e-02	 1.5479716e+00	 1.1384199e-01	  1.1148035e+00 	 2.4876118e-02
  76	 1.4506982e+00	 8.2379780e-02	 1.5511042e+00	 1.1363188e-01	  1.1063535e+00 	 2.4969816e-02
  77	 1.4531042e+00	 8.2152631e-02	 1.5533719e+00	 1.1343886e-01	  1.0997798e+00 	 2.4474859e-02
  78	 1.4564103e+00	 8.1864141e-02	 1.5567172e+00	 1.1325375e-01	  1.0868432e+00 	 2.4876118e-02
  79	 1.4586499e+00	 8.1547547e-02	 1.5594750e+00	 1.1308269e-01	  1.0778003e+00 	 2.4935961e-02
  80	 1.4625146e+00	 8.1203922e-02	 1.5631450e+00	 1.1276668e-01	  1.0726331e+00 	 2.4811029e-02
  81	 1.4642819e+00	 8.1001831e-02	 1.5648954e+00	 1.1255094e-01	  1.0714019e+00 	 2.4717808e-02
  82	 1.4679832e+00	 8.0519768e-02	 1.5687728e+00	 1.1216724e-01	  1.0603954e+00 	 2.5106907e-02
  83	 1.4712088e+00	 8.0366728e-02	 1.5725291e+00	 1.1154497e-01	  1.0331072e+00 	 2.4972677e-02
  84	 1.4750940e+00	 7.9884323e-02	 1.5765343e+00	 1.1216175e-01	  1.0210860e+00 	 2.5187016e-02
  85	 1.4776949e+00	 7.9697726e-02	 1.5791938e+00	 1.1247176e-01	  1.0140876e+00 	 2.4859190e-02
  86	 1.4809711e+00	 7.9507802e-02	 1.5826154e+00	 1.1302688e-01	  1.0004982e+00 	 2.4736881e-02
  87	 1.4841178e+00	 7.9302795e-02	 1.5860885e+00	 1.1323662e-01	  9.9245019e-01 	 2.4399996e-02
  88	 1.4869132e+00	 7.9105060e-02	 1.5888068e+00	 1.1303874e-01	  9.9119833e-01 	 2.5994778e-02
  89	 1.4903222e+00	 7.8715304e-02	 1.5923803e+00	 1.1261377e-01	  9.7565287e-01 	 2.4995804e-02
  90	 1.4933328e+00	 7.8437091e-02	 1.5955514e+00	 1.1213013e-01	  9.6928590e-01 	 2.4985790e-02
  91	 1.4972456e+00	 7.8067233e-02	 1.5998966e+00	 1.1194869e-01	  9.3648993e-01 	 2.6095152e-02
  92	 1.5006674e+00	 7.7784028e-02	 1.6037020e+00	 1.1190880e-01	  9.2689681e-01 	 2.5649786e-02
  93	 1.5030403e+00	 7.7498084e-02	 1.6064604e+00	 1.1259351e-01	  9.0942701e-01 	 2.6567936e-02
  94	 1.5051153e+00	 7.7289396e-02	 1.6084926e+00	 1.1258198e-01	  9.0705113e-01 	 2.4340868e-02
  95	 1.5080969e+00	 7.6970964e-02	 1.6115974e+00	 1.1257265e-01	  8.9609539e-01 	 2.5427103e-02
  96	 1.5117776e+00	 7.6545010e-02	 1.6156461e+00	 1.1198594e-01	  8.7267632e-01 	 2.4802208e-02
  97	 1.5145996e+00	 7.6301860e-02	 1.6188016e+00	 1.1200181e-01	  8.4955769e-01 	 2.4542809e-02
  98	 1.5170504e+00	 7.6147164e-02	 1.6212529e+00	 1.1181642e-01	  8.4299549e-01 	 2.4612904e-02
  99	 1.5197255e+00	 7.5880561e-02	 1.6240034e+00	 1.1169328e-01	  8.3536813e-01 	 2.5444031e-02
 100	 1.5227700e+00	 7.5528864e-02	 1.6271943e+00	 1.1179478e-01	  8.2225668e-01 	 2.4546146e-02
 101	 1.5252807e+00	 7.5085178e-02	 1.6300038e+00	 1.1278664e-01	  7.9301583e-01 	 2.6154041e-02
 102	 1.5276834e+00	 7.4893418e-02	 1.6322935e+00	 1.1245308e-01	  7.8743090e-01 	 2.4456978e-02
 103	 1.5295422e+00	 7.4679882e-02	 1.6341833e+00	 1.1238755e-01	  7.7305158e-01 	 2.5579214e-02
 104	 1.5322069e+00	 7.4407371e-02	 1.6370063e+00	 1.1197741e-01	  7.4286433e-01 	 2.4782896e-02
 105	 1.5338272e+00	 7.4135016e-02	 1.6394223e+00	 1.1272053e-01	  6.6576371e-01 	 2.4855137e-02
 106	 1.5364908e+00	 7.4044535e-02	 1.6419236e+00	 1.1210524e-01	  6.6530371e-01 	 2.4217129e-02
 107	 1.5375740e+00	 7.4029575e-02	 1.6430471e+00	 1.1202535e-01	  6.5896276e-01 	 2.5174141e-02
 108	 1.5396364e+00	 7.3894131e-02	 1.6454043e+00	 1.1215788e-01	  6.2120871e-01 	 2.6469231e-02
 109	 1.5411542e+00	 7.3645208e-02	 1.6474966e+00	 1.1253349e-01	  5.6925911e-01 	 2.4523020e-02
 110	 1.5434826e+00	 7.3496733e-02	 1.6497218e+00	 1.1273969e-01	  5.5347855e-01 	 2.5449038e-02
 111	 1.5450360e+00	 7.3265094e-02	 1.6513748e+00	 1.1313641e-01	  5.2640773e-01 	 2.5339842e-02
 112	 1.5470056e+00	 7.2987895e-02	 1.6534531e+00	 1.1351879e-01	  4.9563550e-01 	 2.4766207e-02
 113	 1.5492637e+00	 7.2594162e-02	 1.6560402e+00	 1.1406135e-01	  4.2554809e-01 	 2.4717093e-02
 114	 1.5515656e+00	 7.2449265e-02	 1.6583912e+00	 1.1392848e-01	  3.9309052e-01 	 2.5865078e-02
 115	 1.5530161e+00	 7.2370913e-02	 1.6597431e+00	 1.1353345e-01	  3.8719794e-01 	 2.4755001e-02
 116	 1.5552844e+00	 7.2230547e-02	 1.6620188e+00	 1.1320344e-01	  3.5273809e-01 	 2.5994301e-02
 117	 1.5560223e+00	 7.1742753e-02	 1.6630359e+00	 1.1367952e-01	  2.9554379e-01 	 2.4872780e-02
 118	 1.5580656e+00	 7.1721968e-02	 1.6648873e+00	 1.1367125e-01	  2.9644701e-01 	 2.4639130e-02
 119	 1.5593716e+00	 7.1624839e-02	 1.6662350e+00	 1.1405519e-01	  2.7554439e-01 	 2.5168896e-02
 120	 1.5612144e+00	 7.1378319e-02	 1.6681737e+00	 1.1462817e-01	  2.3321613e-01 	 2.4938107e-02
 121	 1.5624042e+00	 7.1255939e-02	 1.6694983e+00	 1.1479781e-01	  2.0153245e-01 	 2.5471926e-02
 122	 1.5645139e+00	 7.0979903e-02	 1.6715885e+00	 1.1516904e-01	  1.5861562e-01 	 2.4630070e-02
 123	 1.5653247e+00	 7.0895170e-02	 1.6723724e+00	 1.1506047e-01	  1.5361492e-01 	 2.4929047e-02
 124	 1.5663732e+00	 7.0801261e-02	 1.6734528e+00	 1.1500348e-01	  1.4113324e-01 	 2.4916172e-02
 125	 1.5680088e+00	 7.0617062e-02	 1.6752393e+00	 1.1519846e-01	  1.1570251e-01 	 2.5024891e-02
 126	 1.5697955e+00	 7.0503672e-02	 1.6772149e+00	 1.1550010e-01	  7.8064333e-02 	 2.5814056e-02
 127	 1.5712087e+00	 7.0451352e-02	 1.6786803e+00	 1.1572958e-01	  6.0665010e-02 	 2.5347710e-02
 128	 1.5729439e+00	 7.0381914e-02	 1.6805312e+00	 1.1601593e-01	  3.5491983e-02 	 2.4549007e-02
 129	 1.5743389e+00	 7.0320614e-02	 1.6819886e+00	 1.1605508e-01	  1.0742808e-02 	 2.4838209e-02
 130	 1.5765140e+00	 7.0211551e-02	 1.6842472e+00	 1.1596171e-01	 -1.9316468e-02 	 2.5956154e-02
 131	 1.5790203e+00	 6.9908469e-02	 1.6868331e+00	 1.1587685e-01	 -6.2957516e-02 	 2.4791002e-02
 132	 1.5805813e+00	 6.9790490e-02	 1.6885246e+00	 1.1591217e-01	 -1.1523961e-01 	 2.5568008e-02
 133	 1.5817860e+00	 6.9673317e-02	 1.6895131e+00	 1.1580118e-01	 -1.0766202e-01 	 2.4739981e-02
 134	 1.5824757e+00	 6.9578472e-02	 1.6901712e+00	 1.1595597e-01	 -1.1540941e-01 	 2.4564028e-02
 135	 1.5843241e+00	 6.9350621e-02	 1.6920251e+00	 1.1632436e-01	 -1.5277389e-01 	 2.5160313e-02
 136	 1.5850659e+00	 6.9104785e-02	 1.6929395e+00	 1.1651866e-01	 -1.9269423e-01 	 2.4865866e-02
 137	 1.5876207e+00	 6.9007816e-02	 1.6954008e+00	 1.1660096e-01	 -2.1462548e-01 	 2.4894953e-02
 138	 1.5886124e+00	 6.8994812e-02	 1.6964230e+00	 1.1654950e-01	 -2.2559321e-01 	 2.4739027e-02
 139	 1.5897910e+00	 6.8911018e-02	 1.6977025e+00	 1.1642552e-01	 -2.4236126e-01 	 2.5029898e-02
 140	 1.5907910e+00	 6.8822377e-02	 1.6989695e+00	 1.1653690e-01	 -2.8429845e-01 	 2.4884939e-02
 141	 1.5923016e+00	 6.8673919e-02	 1.7004500e+00	 1.1633664e-01	 -2.9054112e-01 	 2.4932861e-02
 142	 1.5935230e+00	 6.8477546e-02	 1.7017103e+00	 1.1622605e-01	 -3.0728756e-01 	 2.5022984e-02
 143	 1.5945764e+00	 6.8320168e-02	 1.7028358e+00	 1.1617922e-01	 -3.2915056e-01 	 2.4857044e-02
 144	 1.5968918e+00	 6.8035328e-02	 1.7053519e+00	 1.1638551e-01	 -3.9086824e-01 	 2.4574995e-02
 145	 1.5978355e+00	 6.7872622e-02	 1.7064112e+00	 1.1633333e-01	 -4.2406322e-01 	 4.9035072e-02
 146	 1.5993032e+00	 6.7702921e-02	 1.7080414e+00	 1.1674802e-01	 -4.8044687e-01 	 2.5597811e-02
 147	 1.6002407e+00	 6.7596769e-02	 1.7089926e+00	 1.1702320e-01	 -5.0971181e-01 	 2.4615288e-02
 148	 1.6013035e+00	 6.7499900e-02	 1.7100519e+00	 1.1722078e-01	 -5.3626016e-01 	 2.4757862e-02
 149	 1.6029847e+00	 6.7236409e-02	 1.7117818e+00	 1.1738118e-01	 -5.9742797e-01 	 2.4821281e-02
 150	 1.6040814e+00	 6.7129139e-02	 1.7129998e+00	 1.1756382e-01	 -6.6541452e-01 	 4.9314022e-02
 151	 1.6056501e+00	 6.6906222e-02	 1.7146296e+00	 1.1749946e-01	 -7.2586897e-01 	 2.5419950e-02
 152	 1.6075058e+00	 6.6702363e-02	 1.7166229e+00	 1.1747231e-01	 -8.1015323e-01 	 2.4450064e-02
 153	 1.6093878e+00	 6.6554372e-02	 1.7186451e+00	 1.1753153e-01	 -8.9734988e-01 	 2.4950027e-02
 154	 1.6103543e+00	 6.6448506e-02	 1.7197309e+00	 1.1771344e-01	 -9.5406547e-01 	 4.9264193e-02
 155	 1.6114347e+00	 6.6438471e-02	 1.7207833e+00	 1.1787584e-01	 -9.6988932e-01 	 2.4963856e-02
 156	 1.6125615e+00	 6.6382991e-02	 1.7218988e+00	 1.1806443e-01	 -9.8862303e-01 	 2.5397062e-02
 157	 1.6139220e+00	 6.6249394e-02	 1.7233568e+00	 1.1869966e-01	 -1.0397607e+00 	 2.4594784e-02
 158	 1.6152923e+00	 6.6053889e-02	 1.7247846e+00	 1.1886946e-01	 -1.1004749e+00 	 2.4770021e-02
 159	 1.6163990e+00	 6.5936108e-02	 1.7259147e+00	 1.1893762e-01	 -1.1370415e+00 	 2.5240183e-02
 160	 1.6175213e+00	 6.5808792e-02	 1.7271488e+00	 1.1911033e-01	 -1.1966033e+00 	 2.4894953e-02
 161	 1.6186563e+00	 6.5753569e-02	 1.7283912e+00	 1.1932817e-01	 -1.2531633e+00 	 2.4945259e-02
 162	 1.6202934e+00	 6.5708601e-02	 1.7301558e+00	 1.1961293e-01	 -1.3185327e+00 	 2.4964809e-02
 163	 1.6226293e+00	 6.5512786e-02	 1.7326722e+00	 1.1984818e-01	 -1.4110217e+00 	 2.4363995e-02
 164	 1.6235815e+00	 6.5431566e-02	 1.7337302e+00	 1.1999177e-01	 -1.4527982e+00 	 5.0997019e-02
 165	 1.6251094e+00	 6.5252658e-02	 1.7353331e+00	 1.2007348e-01	 -1.4985559e+00 	 2.4509907e-02
 166	 1.6263230e+00	 6.5130058e-02	 1.7366094e+00	 1.2025317e-01	 -1.5359610e+00 	 2.4276018e-02
 167	 1.6276302e+00	 6.4915673e-02	 1.7382447e+00	 1.2058733e-01	 -1.6366441e+00 	 2.4837971e-02
 168	 1.6291235e+00	 6.4879683e-02	 1.7396750e+00	 1.2065927e-01	 -1.6626611e+00 	 2.4887085e-02
 169	 1.6297766e+00	 6.4871739e-02	 1.7402497e+00	 1.2058863e-01	 -1.6627294e+00 	 2.4852276e-02
 170	 1.6308313e+00	 6.4793526e-02	 1.7413556e+00	 1.2050606e-01	 -1.7101479e+00 	 2.4800062e-02
 171	 1.6319102e+00	 6.4669755e-02	 1.7426943e+00	 1.2061328e-01	 -1.7893586e+00 	 2.4888992e-02
 172	 1.6331804e+00	 6.4575374e-02	 1.7439656e+00	 1.2046935e-01	 -1.8234244e+00 	 2.4946928e-02
 173	 1.6342733e+00	 6.4453269e-02	 1.7451827e+00	 1.2041379e-01	 -1.8819285e+00 	 2.5215864e-02
 174	 1.6349649e+00	 6.4384393e-02	 1.7459245e+00	 1.2040591e-01	 -1.9132588e+00 	 2.4870872e-02
 175	 1.6366971e+00	 6.4199436e-02	 1.7478309e+00	 1.2049010e-01	 -2.0052364e+00 	 2.4898052e-02
 176	 1.6375226e+00	 6.4123831e-02	 1.7487652e+00	 1.2058840e-01	 -2.0564389e+00 	 5.5685997e-02
 177	 1.6385722e+00	 6.4081834e-02	 1.7498490e+00	 1.2067491e-01	 -2.0892060e+00 	 2.4784088e-02
 178	 1.6399283e+00	 6.4039287e-02	 1.7512591e+00	 1.2078714e-01	 -2.1381746e+00 	 2.5599957e-02
 179	 1.6409130e+00	 6.4045077e-02	 1.7524235e+00	 1.2083069e-01	 -2.1919084e+00 	 2.4849892e-02
 180	 1.6420741e+00	 6.3959118e-02	 1.7536219e+00	 1.2076331e-01	 -2.2379534e+00 	 2.5970936e-02
 181	 1.6433787e+00	 6.3852847e-02	 1.7550769e+00	 1.2065950e-01	 -2.3204163e+00 	 2.4702072e-02
 182	 1.6442991e+00	 6.3770472e-02	 1.7561729e+00	 1.2053663e-01	 -2.4037896e+00 	 2.5053024e-02
 183	 1.6454363e+00	 6.3725499e-02	 1.7574738e+00	 1.2046594e-01	 -2.5096485e+00 	 2.4571180e-02
 184	 1.6464934e+00	 6.3691044e-02	 1.7585027e+00	 1.2050524e-01	 -2.5496900e+00 	 2.5202036e-02
 185	 1.6478315e+00	 6.3637904e-02	 1.7598412e+00	 1.2063835e-01	 -2.6148908e+00 	 2.4912119e-02
 186	 1.6487670e+00	 6.3598025e-02	 1.7608180e+00	 1.2077628e-01	 -2.6703000e+00 	 2.4778843e-02
 187	 1.6497977e+00	 6.3547753e-02	 1.7618281e+00	 1.2078488e-01	 -2.6955673e+00 	 2.4810076e-02
 188	 1.6507693e+00	 6.3489980e-02	 1.7628702e+00	 1.2082277e-01	 -2.7455903e+00 	 2.4968147e-02
 189	 1.6514364e+00	 6.3452324e-02	 1.7635998e+00	 1.2079514e-01	 -2.7843144e+00 	 2.4361134e-02
 190	 1.6530662e+00	 6.3404956e-02	 1.7653920e+00	 1.2098577e-01	 -2.8995576e+00 	 2.4882078e-02
 191	 1.6537041e+00	 6.3418577e-02	 1.7663418e+00	 1.2088086e-01	 -3.0156462e+00 	 2.4989367e-02
 192	 1.6548100e+00	 6.3381837e-02	 1.7672418e+00	 1.2097759e-01	 -2.9944337e+00 	 2.4855852e-02
 193	 1.6554861e+00	 6.3385818e-02	 1.7678611e+00	 1.2108037e-01	 -3.0073896e+00 	 2.4274111e-02
 194	 1.6563361e+00	 6.3385012e-02	 1.7687233e+00	 1.2117867e-01	 -3.0542163e+00 	 2.6100874e-02
 195	 1.6577603e+00	 6.3389642e-02	 1.7702563e+00	 1.2137538e-01	 -3.1708533e+00 	 2.4718761e-02
 196	 1.6584309e+00	 6.3301773e-02	 1.7710490e+00	 1.2142154e-01	 -3.2618919e+00 	 4.8958302e-02
 197	 1.6595121e+00	 6.3289998e-02	 1.7722393e+00	 1.2157022e-01	 -3.3659932e+00 	 2.4731874e-02
 198	 1.6603723e+00	 6.3273905e-02	 1.7732010e+00	 1.2177099e-01	 -3.4572689e+00 	 2.5044918e-02
 199	 1.6611806e+00	 6.3273436e-02	 1.7741084e+00	 1.2211954e-01	 -3.5409637e+00 	 2.5920868e-02
 200	 1.6622243e+00	 6.3259900e-02	 1.7751619e+00	 1.2237197e-01	 -3.6097303e+00 	 2.4540186e-02
Inserting handle into data store.  model_inform_GPz: inprogress_gpz.pkl, inform_GPz
Stage complete: GPzInformer @ 2024-06-17 17:28:24.596525 took 0.09 minutes
