Executing stage: GPzInformer @ 2024-08-29 12:59:02.930414
Inserting handle into data store.  output_col_remapper_1: ./output_col_remapper_1.pq, inform_GPz
ngal: 15493
training model...
Iter	 logML/n 		 Train RMSE		 Train RMSE/n		 Valid RMSE		 Valid MLL		 Time    
   1	-1.6319311e-01	 2.8414084e-01	-1.5021736e-01	 2.8117046e-01	[-1.3962799e-01]	 1.6018510e-01
   2	-6.5956502e-02	 2.3063284e-01	-3.4772299e-02	 2.3541797e-01	[-2.0210826e-02]	 1.5893412e-01
   3	-4.9427517e-02	 2.1820219e-01	-2.1642975e-02	 2.1547824e-01	[-3.9891107e-03]	 1.6501498e-01
   4	 2.8451802e-02	 2.1665273e-01	 6.1329809e-02	 2.1422410e-01	[ 8.7029473e-02]	 8.1342936e-02
   5	 9.2847241e-02	 2.1457472e-01	 1.4261125e-01	 2.1290545e-01	[ 2.1383297e-01]	 7.7605963e-02
   6	 1.3182799e-01	 2.1407859e-01	 1.5988203e-01	 2.1028642e-01	  2.1233077e-01 	 5.5008888e-02
   7	 1.3881650e-01	 2.1434855e-01	 1.6855911e-01	 2.1059335e-01	[ 2.2735800e-01]	 6.0257912e-02
   8	 1.4281079e-01	 2.1524571e-01	 1.7270217e-01	 2.1183646e-01	[ 2.3863451e-01]	 5.3597927e-02
   9	 1.4530682e-01	 2.1624434e-01	 1.7371995e-01	 2.1350873e-01	[ 2.4120781e-01]	 5.4641247e-02
  10	 1.7037611e-01	 2.1745995e-01	 1.9591013e-01	 2.1758910e-01	[ 2.6128540e-01]	 5.5993080e-02
  11	 2.2954197e-01	 2.1845807e-01	 2.5110358e-01	 2.2587625e-01	[ 2.9630323e-01]	 1.1079001e-01
  12	 3.4390747e-01	 2.1630779e-01	 3.6604128e-01	 2.2800901e-01	[ 4.1663156e-01]	 5.5025101e-02
  13	 5.1390500e-01	 2.2106028e-01	 5.3927391e-01	 2.4114023e-01	[ 6.3073877e-01]	 1.1320615e-01
  14	 6.3639437e-01	 2.3385037e-01	 6.5995828e-01	 2.4694936e-01	[ 7.1584214e-01]	 5.4539919e-02
  15	 6.8272952e-01	 2.4538921e-01	 7.0918506e-01	 2.5539576e-01	[ 7.8482932e-01]	 5.5239916e-02
  16	 6.9025260e-01	 2.4997190e-01	 7.1753916e-01	 2.5807642e-01	[ 7.9608727e-01]	 5.3820133e-02
  17	 6.9648821e-01	 2.5160099e-01	 7.2385145e-01	 2.5883763e-01	[ 8.0048827e-01]	 5.7904959e-02
  18	 7.1432655e-01	 2.5613457e-01	 7.4214981e-01	 2.6182657e-01	[ 8.1717250e-01]	 5.6130171e-02
  19	 7.4902221e-01	 2.6291445e-01	 7.7713862e-01	 2.6750275e-01	[ 8.4939679e-01]	 5.3353071e-02
  20	 7.7855605e-01	 2.6486942e-01	 8.0511885e-01	 2.6890662e-01	[ 8.6790868e-01]	 1.0709810e-01
  21	 7.8918779e-01	 2.6359908e-01	 8.1484299e-01	 2.6729063e-01	[ 8.7417787e-01]	 1.0590100e-01
  22	 8.1562849e-01	 2.5592276e-01	 8.3974911e-01	 2.5886037e-01	[ 8.9478357e-01]	 5.6410074e-02
  23	 8.5772682e-01	 2.5069482e-01	 8.8415800e-01	 2.5315233e-01	[ 9.5583521e-01]	 5.4958105e-02
  24	 8.6990720e-01	 2.4786425e-01	 8.9548755e-01	 2.4770960e-01	[ 9.5730735e-01]	 5.6433916e-02
  25	 8.8244122e-01	 2.5607370e-01	 9.0948088e-01	 2.5528525e-01	[ 9.7577959e-01]	 5.2593946e-02
  26	 8.9201324e-01	 2.5166195e-01	 9.1976477e-01	 2.4917986e-01	[ 9.8590683e-01]	 5.4621935e-02
  27	 8.9657532e-01	 2.5282450e-01	 9.2426411e-01	 2.5028040e-01	[ 9.8970398e-01]	 5.3757191e-02
  28	 9.3220374e-01	 2.6152380e-01	 9.6025023e-01	 2.5872569e-01	[ 1.0228429e+00]	 5.4003954e-02
  29	 9.6441200e-01	 2.6301788e-01	 9.9177615e-01	 2.6035132e-01	[ 1.0498142e+00]	 5.4316998e-02
  30	 1.0008569e+00	 2.6431438e-01	 1.0285196e+00	 2.6216530e-01	[ 1.0862798e+00]	 1.0798001e-01
  31	 1.0295753e+00	 2.6594091e-01	 1.0552273e+00	 2.6352906e-01	[ 1.1094160e+00]	 1.0976696e-01
  32	 1.0313690e+00	 2.6650978e-01	 1.0571969e+00	 2.6411819e-01	[ 1.1122653e+00]	 1.0644102e-01
  33	 1.0315928e+00	 2.6706225e-01	 1.0574215e+00	 2.6466304e-01	  1.1121704e+00 	 1.0654211e-01
  34	 1.0318455e+00	 2.6842671e-01	 1.0578434e+00	 2.6602903e-01	  1.1122541e+00 	 5.3427935e-02
  35	 1.0340954e+00	 2.6977903e-01	 1.0602567e+00	 2.6730522e-01	[ 1.1155021e+00]	 5.2884817e-02
  36	 1.0356169e+00	 2.6860333e-01	 1.0618480e+00	 2.6610428e-01	[ 1.1201932e+00]	 5.7152987e-02
  37	 1.0363694e+00	 2.6843433e-01	 1.0628983e+00	 2.6594945e-01	[ 1.1242099e+00]	 5.3061962e-02
  38	 1.0365938e+00	 2.6877530e-01	 1.0631965e+00	 2.6632194e-01	[ 1.1249435e+00]	 5.6732893e-02
  39	 1.0405622e+00	 2.7710285e-01	 1.0690621e+00	 2.7476999e-01	[ 1.1256459e+00]	 5.5209160e-02
  40	 1.0474554e+00	 2.7517315e-01	 1.0750680e+00	 2.7297658e-01	[ 1.1320714e+00]	 5.4248333e-02
  41	 1.0549679e+00	 2.7362754e-01	 1.0823466e+00	 2.7153080e-01	[ 1.1396645e+00]	 5.4615974e-02
  42	 1.0944018e+00	 2.7350909e-01	 1.1215738e+00	 2.7131401e-01	[ 1.1649978e+00]	 5.5488110e-02
  43	 1.1077804e+00	 2.6950757e-01	 1.1341672e+00	 2.6711476e-01	[ 1.1771843e+00]	 1.0966182e-01
  44	 1.1151012e+00	 2.7236573e-01	 1.1416113e+00	 2.6990840e-01	[ 1.1773390e+00]	 5.3025246e-02
  45	 1.1164249e+00	 2.7190809e-01	 1.1428415e+00	 2.6942923e-01	[ 1.1781483e+00]	 5.2549124e-02
  46	 1.1179280e+00	 2.7400055e-01	 1.1447528e+00	 2.7153182e-01	  1.1773085e+00 	 5.3183079e-02
  47	 1.1191267e+00	 2.7306572e-01	 1.1460559e+00	 2.7056830e-01	[ 1.1796813e+00]	 5.6539774e-02
  48	 1.1207012e+00	 2.7178037e-01	 1.1476764e+00	 2.6923646e-01	[ 1.1837916e+00]	 5.6120157e-02
  49	 1.1230280e+00	 2.7095887e-01	 1.1500638e+00	 2.6840301e-01	[ 1.1874085e+00]	 5.4100037e-02
  50	 1.1311014e+00	 2.7014938e-01	 1.1582846e+00	 2.6763227e-01	[ 1.1954033e+00]	 5.5013180e-02
  51	 1.1409425e+00	 2.7102307e-01	 1.1678181e+00	 2.6859794e-01	[ 1.1974673e+00]	 5.4553032e-02
  52	 1.1475243e+00	 2.7883622e-01	 1.1754913e+00	 2.7627648e-01	  1.1845759e+00 	 5.5305004e-02
  53	 1.1518278e+00	 2.7996517e-01	 1.1793041e+00	 2.7739564e-01	  1.1826332e+00 	 5.4835796e-02
  54	 1.1528528e+00	 2.8065458e-01	 1.1804268e+00	 2.7813536e-01	  1.1812666e+00 	 5.4289341e-02
  55	 1.1529413e+00	 2.8050744e-01	 1.1805210e+00	 2.7799906e-01	  1.1814364e+00 	 5.5240870e-02
  56	 1.1529413e+00	 2.8050744e-01	 1.1805210e+00	 2.7799906e-01	  1.1814364e+00 	 9.3068910e-01
Inserting handle into data store.  model_inform_GPz: inprogress_invz=0.4_gpz.pkl, inform_GPz
Stage complete: GPzInformer @ 2024-08-29 12:59:08.043706 took 0.09 minutes
