Executing stage: GPzInformer @ 2024-08-29 12:49:11.666518
Inserting handle into data store.  output_col_remapper_1: ./output_col_remapper_1.pq, inform_GPz
ngal: 38385
training model...
Iter	 logML/n 		 Train RMSE		 Train RMSE/n		 Valid RMSE		 Valid MLL		 Time    
   1	 9.6727513e-02	 2.1249246e-01	 1.0106244e-01	 2.0423761e-01	[ 1.2683818e-01]	 8.3045697e-01
   2	 1.3249401e-01	 2.0860033e-01	 1.4531259e-01	 2.0278100e-01	[ 1.8535133e-01]	 1.8531990e-01
   3	 3.7270033e-01	 1.6564113e-01	 3.8268487e-01	 1.5553616e-01	[ 4.0542366e-01]	 3.5791826e-01
   4	 4.2964586e-01	 1.6648241e-01	 4.4005676e-01	 1.5607559e-01	[ 4.6653504e-01]	 1.8498397e-01
   5	 5.5260294e-01	 1.6987816e-01	 5.6480209e-01	 1.5848709e-01	[ 6.0852198e-01]	 3.6758399e-01
   6	 6.4777475e-01	 1.6520603e-01	 6.5869007e-01	 1.5593094e-01	[ 6.8494645e-01]	 3.6553311e-01
   7	 7.1917325e-01	 1.6549562e-01	 7.3050518e-01	 1.5625451e-01	[ 7.5830366e-01]	 1.8180728e-01
   8	 8.1614605e-01	 1.6809816e-01	 8.2888446e-01	 1.5815812e-01	[ 8.6725008e-01]	 1.8550777e-01
   9	 8.6789575e-01	 1.6474939e-01	 8.7938653e-01	 1.5560645e-01	[ 9.0158630e-01]	 1.8564105e-01
  10	 9.2735141e-01	 1.6690662e-01	 9.3964851e-01	 1.5718659e-01	[ 9.6848381e-01]	 1.8781495e-01
  11	 9.5967494e-01	 1.6989065e-01	 9.7293112e-01	 1.5955604e-01	[ 1.0087445e+00]	 1.8540812e-01
  12	 1.0067157e+00	 1.6992152e-01	 1.0197335e+00	 1.5973064e-01	[ 1.0513996e+00]	 1.8430996e-01
  13	 1.0333203e+00	 1.6813266e-01	 1.0453342e+00	 1.5864422e-01	[ 1.0675368e+00]	 1.8682575e-01
  14	 1.0676930e+00	 1.7100840e-01	 1.0805335e+00	 1.6103350e-01	[ 1.1084134e+00]	 1.9368696e-01
  15	 1.0863343e+00	 1.7338924e-01	 1.0996516e+00	 1.6325678e-01	[ 1.1306136e+00]	 2.0987296e-01
  16	 1.1157108e+00	 1.7492151e-01	 1.1290567e+00	 1.6496909e-01	[ 1.1597649e+00]	 2.0265198e-01
  17	 1.1435707e+00	 1.7421468e-01	 1.1563749e+00	 1.6469927e-01	[ 1.1833184e+00]	 2.1915126e-01
  18	 1.1638333e+00	 1.7622031e-01	 1.1770294e+00	 1.6674800e-01	[ 1.2070463e+00]	 2.1727014e-01
  19	 1.1885517e+00	 1.7760751e-01	 1.2020068e+00	 1.6835419e-01	[ 1.2341459e+00]	 1.8777990e-01
  20	 1.2027261e+00	 1.7878015e-01	 1.2165257e+00	 1.6960615e-01	[ 1.2511551e+00]	 1.8223405e-01
  21	 1.2110325e+00	 1.7739986e-01	 1.2244293e+00	 1.6832369e-01	[ 1.2547612e+00]	 1.8070412e-01
  22	 1.2225227e+00	 1.8048248e-01	 1.2368936e+00	 1.7130570e-01	[ 1.2746995e+00]	 1.8620968e-01
  23	 1.2513047e+00	 1.7786076e-01	 1.2650983e+00	 1.6880980e-01	[ 1.2989585e+00]	 3.6645007e-01
  24	 1.2862804e+00	 1.6738269e-01	 1.2986037e+00	 1.5852843e-01	[ 1.3210580e+00]	 1.8353391e-01
  25	 1.4014617e+00	 1.7494861e-01	 1.4153975e+00	 1.6601797e-01	[ 1.4479784e+00]	 1.8497896e-01
  26	 1.4409687e+00	 1.7659315e-01	 1.4554463e+00	 1.6764894e-01	[ 1.4925457e+00]	 1.8423486e-01
  27	 1.4928179e+00	 1.7598027e-01	 1.5069189e+00	 1.6685559e-01	[ 1.5426909e+00]	 3.6714005e-01
  28	 1.5155335e+00	 1.7564825e-01	 1.5293206e+00	 1.6638799e-01	[ 1.5630806e+00]	 3.6095786e-01
  29	 1.5440973e+00	 1.7627648e-01	 1.5575022e+00	 1.6686369e-01	[ 1.5874205e+00]	 3.5500288e-01
  30	 1.5888706e+00	 1.8209522e-01	 1.6022176e+00	 1.7282771e-01	[ 1.6261225e+00]	 1.8021798e-01
  31	 1.6245023e+00	 1.9150996e-01	 1.6387983e+00	 1.8260396e-01	[ 1.6603831e+00]	 3.5782623e-01
  32	 1.6290878e+00	 1.9592030e-01	 1.6430804e+00	 1.8731361e-01	  1.6539418e+00 	 1.7923927e-01
  33	 1.6370422e+00	 1.9459116e-01	 1.6512608e+00	 1.8579876e-01	[ 1.6653613e+00]	 1.7694116e-01
  34	 1.6541872e+00	 1.9106630e-01	 1.6685580e+00	 1.8164547e-01	[ 1.6866656e+00]	 1.7591310e-01
  35	 1.6738900e+00	 1.8711272e-01	 1.6876492e+00	 1.7690447e-01	[ 1.6994301e+00]	 1.8169188e-01
  36	 1.6792477e+00	 1.8890782e-01	 1.6929894e+00	 1.7873762e-01	  1.6982083e+00 	 1.8134117e-01
  37	 1.6821188e+00	 1.9045918e-01	 1.6961363e+00	 1.8020872e-01	  1.6983712e+00 	 3.5321999e-01
  38	 1.6839868e+00	 1.9037419e-01	 1.6977475e+00	 1.8003721e-01	  1.6924890e+00 	 1.7919588e-01
  39	 1.6852345e+00	 1.9090648e-01	 1.6990920e+00	 1.8056981e-01	  1.6935158e+00 	 1.7877889e-01
  40	 1.6887493e+00	 1.9199407e-01	 1.7027606e+00	 1.8157641e-01	  1.6941622e+00 	 1.7807007e-01
  41	 1.6958911e+00	 1.9302346e-01	 1.7100210e+00	 1.8239967e-01	  1.6969168e+00 	 1.7774177e-01
  42	 1.7227290e+00	 1.9252034e-01	 1.7359958e+00	 1.8152939e-01	[ 1.7077420e+00]	 5.3319001e-01
  43	 1.7530976e+00	 1.8800569e-01	 1.7657539e+00	 1.7730889e-01	[ 1.7457718e+00]	 1.7587399e-01
  44	 1.7617996e+00	 1.8870368e-01	 1.7749754e+00	 1.7834083e-01	[ 1.7531743e+00]	 3.5536885e-01
  45	 1.7745142e+00	 1.9477381e-01	 1.7882849e+00	 1.8576984e-01	  1.7433519e+00 	 1.7786694e-01
  46	 1.7865109e+00	 1.9137551e-01	 1.7995869e+00	 1.8232204e-01	[ 1.7686216e+00]	 1.7507410e-01
  47	 1.7905745e+00	 1.9075349e-01	 1.8036885e+00	 1.8186240e-01	[ 1.7743262e+00]	 1.7842317e-01
  48	 1.7996405e+00	 1.9040956e-01	 1.8128754e+00	 1.8175489e-01	[ 1.7861010e+00]	 1.7637396e-01
  49	 1.8099360e+00	 1.9112943e-01	 1.8232309e+00	 1.8247195e-01	[ 1.7984156e+00]	 1.8027687e-01
  50	 1.8298784e+00	 1.9259447e-01	 1.8431922e+00	 1.8391661e-01	[ 1.8240090e+00]	 1.7754388e-01
  51	 1.8504763e+00	 1.9133045e-01	 1.8635953e+00	 1.8302283e-01	[ 1.8620208e+00]	 1.7487884e-01
  52	 1.8587057e+00	 1.9138498e-01	 1.8719192e+00	 1.8317690e-01	[ 1.8695734e+00]	 1.7588806e-01
  53	 1.8704517e+00	 1.9323162e-01	 1.8840542e+00	 1.8509535e-01	[ 1.8717140e+00]	 1.7411923e-01
  54	 1.8721829e+00	 1.9228455e-01	 1.8857386e+00	 1.8407022e-01	[ 1.8748832e+00]	 1.7418718e-01
  55	 1.8735535e+00	 1.9333526e-01	 1.8872119e+00	 1.8513543e-01	  1.8713193e+00 	 1.7500305e-01
  56	 1.8832948e+00	 1.9465727e-01	 1.8966676e+00	 1.8660690e-01	[ 1.8788418e+00]	 1.7484403e-01
  57	 1.8893516e+00	 1.9445655e-01	 1.9027548e+00	 1.8641014e-01	[ 1.8804000e+00]	 1.7464709e-01
  58	 1.9015519e+00	 1.9229565e-01	 1.9152755e+00	 1.8411482e-01	[ 1.8926297e+00]	 1.7482328e-01
  59	 1.9123178e+00	 1.9010793e-01	 1.9261148e+00	 1.8170817e-01	[ 1.9097538e+00]	 1.7457604e-01
  60	 1.9295830e+00	 1.8364893e-01	 1.9435166e+00	 1.7436390e-01	[ 1.9497605e+00]	 1.7506409e-01
  61	 1.9339019e+00	 1.8534600e-01	 1.9480230e+00	 1.7604808e-01	  1.9482504e+00 	 1.7975187e-01
  62	 1.9346386e+00	 1.8456005e-01	 1.9487107e+00	 1.7535069e-01	[ 1.9503025e+00]	 1.7415500e-01
  63	 1.9360535e+00	 1.8337330e-01	 1.9501054e+00	 1.7406679e-01	  1.9499590e+00 	 1.7734480e-01
  64	 1.9377996e+00	 1.8329512e-01	 1.9517797e+00	 1.7403029e-01	  1.9496453e+00 	 1.7742896e-01
  65	 1.9426738e+00	 1.8311636e-01	 1.9561189e+00	 1.7400481e-01	  1.9476685e+00 	 1.7467475e-01
  66	 1.9480487e+00	 1.8279069e-01	 1.9617460e+00	 1.7362849e-01	[ 1.9564424e+00]	 1.7455912e-01
  67	 1.9564884e+00	 1.8088888e-01	 1.9704264e+00	 1.7188009e-01	[ 1.9680454e+00]	 1.7511797e-01
  68	 1.9645138e+00	 1.8187597e-01	 1.9784978e+00	 1.7306490e-01	[ 1.9744277e+00]	 1.7523789e-01
  69	 1.9667424e+00	 1.8234083e-01	 1.9806712e+00	 1.7365440e-01	  1.9740948e+00 	 1.7469788e-01
  70	 1.9678498e+00	 1.8278956e-01	 1.9817089e+00	 1.7419075e-01	  1.9715993e+00 	 1.7439389e-01
  71	 1.9711923e+00	 1.8243433e-01	 1.9850325e+00	 1.7380693e-01	[ 1.9746700e+00]	 3.5970378e-01
  72	 1.9758754e+00	 1.8322307e-01	 1.9898685e+00	 1.7445808e-01	  1.9667904e+00 	 3.5455179e-01
  73	 1.9882288e+00	 1.8247796e-01	 2.0020984e+00	 1.7345070e-01	[ 1.9806909e+00]	 1.8012309e-01
  74	 1.9939314e+00	 1.8260130e-01	 2.0077655e+00	 1.7335918e-01	[ 1.9875343e+00]	 1.7509699e-01
  75	 1.9965932e+00	 1.8296101e-01	 2.0104610e+00	 1.7358242e-01	[ 1.9919902e+00]	 1.7707205e-01
  76	 1.9992257e+00	 1.8439061e-01	 2.0130497e+00	 1.7499971e-01	[ 1.9955200e+00]	 1.7484188e-01
  77	 2.0022578e+00	 1.8470721e-01	 2.0161304e+00	 1.7527528e-01	[ 2.0014655e+00]	 1.7519712e-01
  78	 2.0138638e+00	 1.8743041e-01	 2.0277187e+00	 1.7789227e-01	[ 2.0132415e+00]	 1.7818594e-01
  79	 2.0193604e+00	 1.9011721e-01	 2.0333578e+00	 1.8048308e-01	  2.0126154e+00 	 1.7612004e-01
  80	 2.0252438e+00	 1.8888818e-01	 2.0391624e+00	 1.7932713e-01	[ 2.0208828e+00]	 1.7394018e-01
  81	 2.0287001e+00	 1.8710235e-01	 2.0425938e+00	 1.7762903e-01	[ 2.0240269e+00]	 1.8517971e-01
  82	 2.0336293e+00	 1.8567036e-01	 2.0475470e+00	 1.7621507e-01	[ 2.0264647e+00]	 1.8647695e-01
  83	 2.0345388e+00	 1.8602957e-01	 2.0485635e+00	 1.7652218e-01	  2.0215505e+00 	 3.7157917e-01
  84	 2.0367647e+00	 1.8628112e-01	 2.0508540e+00	 1.7672206e-01	  2.0239608e+00 	 1.8489599e-01
  85	 2.0387899e+00	 1.8624699e-01	 2.0529576e+00	 1.7664357e-01	[ 2.0284648e+00]	 1.8764901e-01
  86	 2.0399596e+00	 1.8607429e-01	 2.0541950e+00	 1.7644587e-01	[ 2.0317245e+00]	 1.8471503e-01
  87	 2.0513914e+00	 1.8749877e-01	 2.0657049e+00	 1.7773279e-01	[ 2.0355046e+00]	 1.8705106e-01
  88	 2.0579608e+00	 1.8358717e-01	 2.0724304e+00	 1.7412277e-01	[ 2.0513028e+00]	 1.8554902e-01
  89	 2.0633230e+00	 1.8625270e-01	 2.0776681e+00	 1.7659954e-01	  2.0500147e+00 	 1.8609309e-01
  90	 2.0639472e+00	 1.8751430e-01	 2.0782435e+00	 1.7783415e-01	  2.0460287e+00 	 1.8698096e-01
  91	 2.0650400e+00	 1.8705899e-01	 2.0793507e+00	 1.7737392e-01	  2.0487675e+00 	 2.0418501e-01
  92	 2.0748363e+00	 1.8399578e-01	 2.0890931e+00	 1.7427959e-01	[ 2.0605055e+00]	 2.0619798e-01
  93	 2.0776556e+00	 1.8087441e-01	 2.0919912e+00	 1.7114129e-01	[ 2.0612094e+00]	 5.6830597e-01
  94	 2.0796216e+00	 1.8089895e-01	 2.0940955e+00	 1.7106236e-01	  2.0558845e+00 	 3.7454605e-01
  95	 2.0846084e+00	 1.8007370e-01	 2.0989138e+00	 1.7020484e-01	  2.0558799e+00 	 1.7908812e-01
  96	 2.0879911e+00	 1.8000923e-01	 2.1022191e+00	 1.7005457e-01	  2.0512681e+00 	 1.9198108e-01
  97	 2.0897524e+00	 1.7980708e-01	 2.1040015e+00	 1.6977290e-01	  2.0492661e+00 	 1.8238497e-01
  98	 2.0954231e+00	 1.7821756e-01	 2.1097920e+00	 1.6795092e-01	  2.0552249e+00 	 1.7463207e-01
  99	 2.1026549e+00	 1.8225545e-01	 2.1171206e+00	 1.7172335e-01	  2.0398832e+00 	 3.5401702e-01
 100	 2.1119514e+00	 1.8222182e-01	 2.1263658e+00	 1.7148132e-01	  2.0573415e+00 	 1.7643595e-01
 101	 2.1212951e+00	 1.8205746e-01	 2.1356878e+00	 1.7107711e-01	[ 2.0735507e+00]	 1.7374587e-01
 102	 2.1220793e+00	 1.8226315e-01	 2.1364537e+00	 1.7121694e-01	[ 2.0757053e+00]	 3.5296798e-01
 103	 2.1249723e+00	 1.8288261e-01	 2.1393088e+00	 1.7189084e-01	[ 2.0780597e+00]	 1.7696810e-01
 104	 2.1330717e+00	 1.8390778e-01	 2.1473613e+00	 1.7311697e-01	[ 2.0901116e+00]	 1.7730594e-01
 105	 2.1392244e+00	 1.8508673e-01	 2.1534179e+00	 1.7471637e-01	[ 2.1040270e+00]	 1.7562795e-01
 106	 2.1400871e+00	 1.8522622e-01	 2.1543778e+00	 1.7483074e-01	  2.1030051e+00 	 3.5096288e-01
 107	 2.1450612e+00	 1.8453072e-01	 2.1593850e+00	 1.7400510e-01	[ 2.1067320e+00]	 1.7663884e-01
 108	 2.1541975e+00	 1.8266998e-01	 2.1685576e+00	 1.7197635e-01	[ 2.1123364e+00]	 1.8165803e-01
 109	 2.1642798e+00	 1.8127638e-01	 2.1786879e+00	 1.7058679e-01	[ 2.1234870e+00]	 1.7484522e-01
 110	 2.1713266e+00	 1.7886887e-01	 2.1856266e+00	 1.6821850e-01	[ 2.1376981e+00]	 1.7727399e-01
 111	 2.1756705e+00	 1.7851007e-01	 2.1900032e+00	 1.6786188e-01	[ 2.1380456e+00]	 1.7489791e-01
 112	 2.1776912e+00	 1.7828389e-01	 2.1920047e+00	 1.6759914e-01	  2.1377423e+00 	 1.7819309e-01
 113	 2.1884169e+00	 1.7800926e-01	 2.2028444e+00	 1.6722593e-01	[ 2.1402569e+00]	 1.7429185e-01
 114	 2.1961501e+00	 1.7778105e-01	 2.2103749e+00	 1.6684280e-01	[ 2.1587637e+00]	 1.7676377e-01
 115	 2.1980924e+00	 1.7803600e-01	 2.2122788e+00	 1.6700756e-01	[ 2.1638247e+00]	 1.7600107e-01
 116	 2.1993866e+00	 1.7853301e-01	 2.2135863e+00	 1.6743509e-01	[ 2.1669058e+00]	 1.7636585e-01
 117	 2.1995206e+00	 1.7844329e-01	 2.2137552e+00	 1.6733743e-01	  2.1667385e+00 	 3.5729098e-01
 118	 2.2000955e+00	 1.7850252e-01	 2.2143538e+00	 1.6737331e-01	[ 2.1679840e+00]	 1.7529011e-01
 119	 2.2009695e+00	 1.7843413e-01	 2.2152568e+00	 1.6726414e-01	[ 2.1702542e+00]	 1.7818189e-01
 120	 2.2020912e+00	 1.7826201e-01	 2.2163979e+00	 1.6703350e-01	[ 2.1732285e+00]	 1.7536616e-01
 121	 2.2040536e+00	 1.7786317e-01	 2.2183532e+00	 1.6651217e-01	[ 2.1792687e+00]	 1.7768216e-01
 122	 2.2070837e+00	 1.7776512e-01	 2.2214358e+00	 1.6632293e-01	[ 2.1848928e+00]	 1.7405200e-01
 123	 2.2103701e+00	 1.7749877e-01	 2.2246792e+00	 1.6592796e-01	[ 2.1916331e+00]	 1.7922282e-01
 124	 2.2126780e+00	 1.7727357e-01	 2.2269752e+00	 1.6565135e-01	[ 2.1936633e+00]	 1.7620611e-01
 125	 2.2136328e+00	 1.7726180e-01	 2.2279548e+00	 1.6564910e-01	  2.1912374e+00 	 1.7516708e-01
 126	 2.2138211e+00	 1.7730113e-01	 2.2281127e+00	 1.6567409e-01	  2.1921972e+00 	 3.5109496e-01
 127	 2.2145702e+00	 1.7734228e-01	 2.2288728e+00	 1.6570437e-01	  2.1905220e+00 	 1.7928815e-01
 128	 2.2151161e+00	 1.7720171e-01	 2.2294842e+00	 1.6550179e-01	  2.1894922e+00 	 3.5207891e-01
 129	 2.2169360e+00	 1.7723879e-01	 2.2313094e+00	 1.6544338e-01	  2.1870180e+00 	 1.7640996e-01
 130	 2.2181456e+00	 1.7773230e-01	 2.2325691e+00	 1.6581105e-01	  2.1868173e+00 	 3.5566711e-01
 131	 2.2202436e+00	 1.7775361e-01	 2.2346404e+00	 1.6563138e-01	  2.1875630e+00 	 1.7734885e-01
 132	 2.2217887e+00	 1.7773462e-01	 2.2361436e+00	 1.6544785e-01	  2.1912340e+00 	 1.7845917e-01
 133	 2.2226986e+00	 1.7774706e-01	 2.2370129e+00	 1.6534334e-01	[ 2.1946551e+00]	 1.7652392e-01
 134	 2.2234262e+00	 1.7774922e-01	 2.2377184e+00	 1.6529383e-01	[ 2.1966989e+00]	 1.7876816e-01
 135	 2.2253180e+00	 1.7772190e-01	 2.2395771e+00	 1.6523160e-01	[ 2.2003504e+00]	 1.7543602e-01
 136	 2.2259187e+00	 1.7750434e-01	 2.2401548e+00	 1.6496756e-01	[ 2.2024591e+00]	 3.5614681e-01
 137	 2.2277889e+00	 1.7730872e-01	 2.2420732e+00	 1.6488781e-01	  2.2024490e+00 	 1.7684722e-01
 138	 2.2294620e+00	 1.7704022e-01	 2.2437275e+00	 1.6474974e-01	[ 2.2037275e+00]	 1.7546606e-01
 139	 2.2296399e+00	 1.7688933e-01	 2.2439487e+00	 1.6460287e-01	  2.2024817e+00 	 3.5267711e-01
 140	 2.2303265e+00	 1.7674009e-01	 2.2446206e+00	 1.6461872e-01	  2.2021475e+00 	 1.7628002e-01
 141	 2.2307429e+00	 1.7650606e-01	 2.2450260e+00	 1.6445033e-01	  2.2023097e+00 	 1.7831087e-01
 142	 2.2314957e+00	 1.7632188e-01	 2.2457919e+00	 1.6434012e-01	  2.2022169e+00 	 1.7633295e-01
 143	 2.2371578e+00	 1.7574884e-01	 2.2515871e+00	 1.6391214e-01	[ 2.2117299e+00]	 1.7649102e-01
 144	 2.2401427e+00	 1.7453101e-01	 2.2545263e+00	 1.6257907e-01	[ 2.2202982e+00]	 1.7698932e-01
 145	 2.2406040e+00	 1.7479822e-01	 2.2550124e+00	 1.6275138e-01	  2.2202406e+00 	 1.7596912e-01
 146	 2.2407554e+00	 1.7485716e-01	 2.2551873e+00	 1.6276095e-01	  2.2199279e+00 	 1.7588687e-01
 147	 2.2409477e+00	 1.7489835e-01	 2.2553950e+00	 1.6274233e-01	  2.2199360e+00 	 1.7647576e-01
 148	 2.2413909e+00	 1.7492238e-01	 2.2558618e+00	 1.6267688e-01	  2.2197612e+00 	 1.7600203e-01
 149	 2.2423814e+00	 1.7491101e-01	 2.2568771e+00	 1.6251259e-01	  2.2193377e+00 	 1.7580914e-01
 150	 2.2429734e+00	 1.7452357e-01	 2.2576003e+00	 1.6205922e-01	  2.2132773e+00 	 1.7451715e-01
 151	 2.2447629e+00	 1.7458281e-01	 2.2592979e+00	 1.6199070e-01	  2.2161722e+00 	 1.7628527e-01
 152	 2.2457551e+00	 1.7440648e-01	 2.2602292e+00	 1.6183773e-01	  2.2164342e+00 	 1.7521214e-01
 153	 2.2461994e+00	 1.7417648e-01	 2.2606423e+00	 1.6168680e-01	  2.2150290e+00 	 1.7501688e-01
 154	 2.2463555e+00	 1.7414070e-01	 2.2607991e+00	 1.6167580e-01	  2.2147436e+00 	 1.7827606e-01
 155	 2.2477274e+00	 1.7392388e-01	 2.2622029e+00	 1.6151306e-01	  2.2109272e+00 	 1.7582321e-01
 156	 2.2490845e+00	 1.7404367e-01	 2.2635668e+00	 1.6174605e-01	  2.2100685e+00 	 1.7453814e-01
 157	 2.2513265e+00	 1.7387071e-01	 2.2658456e+00	 1.6144660e-01	  2.2084355e+00 	 1.7582703e-01
 158	 2.2532494e+00	 1.7470617e-01	 2.2677279e+00	 1.6220787e-01	  2.2099433e+00 	 1.7609787e-01
 159	 2.2550445e+00	 1.7462871e-01	 2.2694852e+00	 1.6199731e-01	  2.2182246e+00 	 1.7582321e-01
 160	 2.2556405e+00	 1.7448049e-01	 2.2700644e+00	 1.6178350e-01	  2.2182321e+00 	 1.7562795e-01
 161	 2.2563576e+00	 1.7422064e-01	 2.2707791e+00	 1.6147840e-01	  2.2172439e+00 	 1.7490911e-01
 162	 2.2573126e+00	 1.7389721e-01	 2.2717899e+00	 1.6110012e-01	  2.2153017e+00 	 1.7601395e-01
 163	 2.2578382e+00	 1.7295769e-01	 2.2722989e+00	 1.6036140e-01	  2.2126031e+00 	 1.7468381e-01
 164	 2.2587007e+00	 1.7311137e-01	 2.2732486e+00	 1.6049178e-01	  2.2137528e+00 	 1.7602682e-01
 165	 2.2587804e+00	 1.7326191e-01	 2.2733324e+00	 1.6069699e-01	  2.2147214e+00 	 1.7684722e-01
 166	 2.2589000e+00	 1.7326332e-01	 2.2734517e+00	 1.6076189e-01	  2.2153375e+00 	 1.7721796e-01
 167	 2.2594972e+00	 1.7332567e-01	 2.2740409e+00	 1.6088591e-01	  2.2168032e+00 	 1.7519498e-01
 168	 2.2603202e+00	 1.7290012e-01	 2.2749035e+00	 1.6054904e-01	  2.2149415e+00 	 3.5489511e-01
 169	 2.2632129e+00	 1.7332098e-01	 2.2777630e+00	 1.6105870e-01	  2.2197381e+00 	 1.8103504e-01
 170	 2.2643602e+00	 1.7331933e-01	 2.2789650e+00	 1.6114705e-01	  2.2147329e+00 	 3.4486485e-01
 171	 2.2679437e+00	 1.7324911e-01	 2.2825575e+00	 1.6095301e-01	  2.2181565e+00 	 1.7326212e-01
 172	 2.2706013e+00	 1.7276542e-01	 2.2852413e+00	 1.6027599e-01	  2.2192134e+00 	 1.7283010e-01
 173	 2.2716367e+00	 1.7241472e-01	 2.2862770e+00	 1.5984386e-01	  2.2192064e+00 	 1.7402697e-01
 174	 2.2729929e+00	 1.7180440e-01	 2.2876339e+00	 1.5919840e-01	  2.2194949e+00 	 1.7537808e-01
 175	 2.2740320e+00	 1.7127694e-01	 2.2886906e+00	 1.5869319e-01	  2.2199765e+00 	 1.7459607e-01
 176	 2.2740489e+00	 1.7122488e-01	 2.2886848e+00	 1.5867877e-01	[ 2.2203345e+00]	 3.4819818e-01
 177	 2.2745440e+00	 1.7103190e-01	 2.2891917e+00	 1.5855852e-01	[ 2.2214485e+00]	 1.7396402e-01
 178	 2.2749205e+00	 1.7107468e-01	 2.2895727e+00	 1.5867152e-01	[ 2.2228060e+00]	 1.7323375e-01
 179	 2.2754704e+00	 1.7115829e-01	 2.2901349e+00	 1.5885553e-01	[ 2.2241370e+00]	 1.7312074e-01
 180	 2.2760794e+00	 1.7120092e-01	 2.2907517e+00	 1.5895168e-01	[ 2.2251434e+00]	 1.7271781e-01
 181	 2.2775415e+00	 1.7120177e-01	 2.2921851e+00	 1.5893567e-01	[ 2.2308538e+00]	 1.7632294e-01
 182	 2.2796776e+00	 1.7046802e-01	 2.2944685e+00	 1.5842334e-01	  2.2237188e+00 	 1.7357707e-01
 183	 2.2820299e+00	 1.6994199e-01	 2.2967775e+00	 1.5771549e-01	  2.2281023e+00 	 1.7723918e-01
 184	 2.2845892e+00	 1.6864283e-01	 2.2993422e+00	 1.5616404e-01	  2.2284512e+00 	 2.2653103e-01
 185	 2.2853873e+00	 1.6833362e-01	 2.3001439e+00	 1.5577916e-01	  2.2269782e+00 	 1.7450190e-01
 186	 2.2861239e+00	 1.6852150e-01	 2.3008696e+00	 1.5592286e-01	  2.2281275e+00 	 1.7327380e-01
 187	 2.2863371e+00	 1.6817701e-01	 2.3010544e+00	 1.5566801e-01	  2.2282495e+00 	 3.4731793e-01
 188	 2.2867375e+00	 1.6811058e-01	 2.3015068e+00	 1.5560181e-01	  2.2297965e+00 	 1.7504001e-01
 189	 2.2870911e+00	 1.6796480e-01	 2.3018614e+00	 1.5547384e-01	  2.2298983e+00 	 1.7680383e-01
 190	 2.2888223e+00	 1.6734993e-01	 2.3036193e+00	 1.5491167e-01	  2.2307168e+00 	 1.7348623e-01
 191	 2.2908474e+00	 1.6721094e-01	 2.3057137e+00	 1.5488455e-01	  2.2292151e+00 	 3.5123515e-01
 192	 2.2946026e+00	 1.6635411e-01	 2.3095194e+00	 1.5395595e-01	[ 2.2352905e+00]	 2.0591617e-01
 193	 2.2954773e+00	 1.6661170e-01	 2.3102867e+00	 1.5418909e-01	[ 2.2435749e+00]	 3.4955311e-01
 194	 2.3005421e+00	 1.6514509e-01	 2.3154805e+00	 1.5250654e-01	[ 2.2536945e+00]	 1.7470384e-01
 195	 2.3020299e+00	 1.6464864e-01	 2.3170289e+00	 1.5184464e-01	[ 2.2568391e+00]	 1.7564273e-01
 196	 2.3022406e+00	 1.6508859e-01	 2.3172371e+00	 1.5230839e-01	[ 2.2584305e+00]	 3.4907818e-01
 197	 2.3027828e+00	 1.6519269e-01	 2.3177941e+00	 1.5232093e-01	[ 2.2604626e+00]	 1.7487574e-01
 198	 2.3030497e+00	 1.6463434e-01	 2.3180647e+00	 1.5186474e-01	[ 2.2611071e+00]	 3.4900784e-01
 199	 2.3036560e+00	 1.6444377e-01	 2.3186502e+00	 1.5160584e-01	  2.2599934e+00 	 3.5055614e-01
 200	 2.3072113e+00	 1.6563835e-01	 2.3221859e+00	 1.5269970e-01	[ 2.2640460e+00]	 1.7403626e-01
Inserting handle into data store.  model_inform_GPz: inprogress_DEEP2_gpz.pkl, inform_GPz
Stage complete: GPzInformer @ 2024-08-29 12:49:55.048381 took 0.72 minutes
