Executing stage: FlexZBoostInformer @ 2024-08-09 14:03:43.648957
Inserting handle into data store.  output_quantity_cut_1: ./output_quantity_cut_1.pq, inform_FZBoost
stacking some data...
read in training data
fit the model...
/Users/alicec03/miniforge3/envs/rail---new/lib/python3.11/site-packages/xgboost/core.py:160: UserWarning: [14:03:45] WARNING: /Users/runner/work/xgboost/xgboost/src/learner.cc:742: 
Parameters: { "silent" } are not used.

  warnings.warn(smsg, UserWarning)
/Users/alicec03/miniforge3/envs/rail---new/lib/python3.11/site-packages/xgboost/core.py:160: UserWarning: [14:03:45] WARNING: /Users/runner/work/xgboost/xgboost/src/learner.cc:742: 
Parameters: { "silent" } are not used.

  warnings.warn(smsg, UserWarning)
/Users/alicec03/miniforge3/envs/rail---new/lib/python3.11/site-packages/xgboost/core.py:160: UserWarning: [14:03:45] WARNING: /Users/runner/work/xgboost/xgboost/src/learner.cc:742: 
Parameters: { "silent" } are not used.

  warnings.warn(smsg, UserWarning)
/Users/alicec03/miniforge3/envs/rail---new/lib/python3.11/site-packages/xgboost/core.py:160: UserWarning: [14:03:45] WARNING: /Users/runner/work/xgboost/xgboost/src/learner.cc:742: 
Parameters: { "silent" } are not used.

  warnings.warn(smsg, UserWarning)
/Users/alicec03/miniforge3/envs/rail---new/lib/python3.11/site-packages/xgboost/core.py:160: UserWarning: [14:03:45] WARNING: /Users/runner/work/xgboost/xgboost/src/learner.cc:742: 
Parameters: { "silent" } are not used.

  warnings.warn(smsg, UserWarning)
/Users/alicec03/miniforge3/envs/rail---new/lib/python3.11/site-packages/xgboost/core.py:160: UserWarning: [14:03:45] WARNING: /Users/runner/work/xgboost/xgboost/src/learner.cc:742: 
Parameters: { "silent" } are not used.

  warnings.warn(smsg, UserWarning)
/Users/alicec03/miniforge3/envs/rail---new/lib/python3.11/site-packages/xgboost/core.py:160: UserWarning: [14:03:45] WARNING: /Users/runner/work/xgboost/xgboost/src/learner.cc:742: 
Parameters: { "silent" } are not used.

  warnings.warn(smsg, UserWarning)
/Users/alicec03/miniforge3/envs/rail---new/lib/python3.11/site-packages/xgboost/core.py:160: UserWarning: [14:03:45] WARNING: /Users/runner/work/xgboost/xgboost/src/learner.cc:742: 
Parameters: { "silent" } are not used.

  warnings.warn(smsg, UserWarning)
/Users/alicec03/miniforge3/envs/rail---new/lib/python3.11/site-packages/xgboost/core.py:160: UserWarning: [14:03:46] WARNING: /Users/runner/work/xgboost/xgboost/src/learner.cc:742: 
Parameters: { "silent" } are not used.

  warnings.warn(smsg, UserWarning)
/Users/alicec03/miniforge3/envs/rail---new/lib/python3.11/site-packages/xgboost/core.py:160: UserWarning: [14:03:46] WARNING: /Users/runner/work/xgboost/xgboost/src/learner.cc:742: 
Parameters: { "silent" } are not used.

  warnings.warn(smsg, UserWarning)
/Users/alicec03/miniforge3/envs/rail---new/lib/python3.11/site-packages/xgboost/core.py:160: UserWarning: [14:03:46] WARNING: /Users/runner/work/xgboost/xgboost/src/learner.cc:742: 
Parameters: { "silent" } are not used.

  warnings.warn(smsg, UserWarning)
/Users/alicec03/miniforge3/envs/rail---new/lib/python3.11/site-packages/xgboost/core.py:160: UserWarning: [14:03:46] WARNING: /Users/runner/work/xgboost/xgboost/src/learner.cc:742: 
Parameters: { "silent" } are not used.

  warnings.warn(smsg, UserWarning)
/Users/alicec03/miniforge3/envs/rail---new/lib/python3.11/site-packages/xgboost/core.py:160: UserWarning: [14:03:46] WARNING: /Users/runner/work/xgboost/xgboost/src/learner.cc:742: 
Parameters: { "silent" } are not used.

  warnings.warn(smsg, UserWarning)
/Users/alicec03/miniforge3/envs/rail---new/lib/python3.11/site-packages/xgboost/core.py:160: UserWarning: [14:03:46] WARNING: /Users/runner/work/xgboost/xgboost/src/learner.cc:742: 
Parameters: { "silent" } are not used.

  warnings.warn(smsg, UserWarning)
/Users/alicec03/miniforge3/envs/rail---new/lib/python3.11/site-packages/xgboost/core.py:160: UserWarning: [14:03:46] WARNING: /Users/runner/work/xgboost/xgboost/src/learner.cc:742: 
Parameters: { "silent" } are not used.

  warnings.warn(smsg, UserWarning)
/Users/alicec03/miniforge3/envs/rail---new/lib/python3.11/site-packages/xgboost/core.py:160: UserWarning: [14:03:46] WARNING: /Users/runner/work/xgboost/xgboost/src/learner.cc:742: 
Parameters: { "silent" } are not used.

  warnings.warn(smsg, UserWarning)
finding best bump thresh...
finding best sharpen parameter...
Retraining with full training set...
/Users/alicec03/miniforge3/envs/rail---new/lib/python3.11/site-packages/xgboost/core.py:160: UserWarning: [14:03:59] WARNING: /Users/runner/work/xgboost/xgboost/src/learner.cc:742: 
Parameters: { "silent" } are not used.

  warnings.warn(smsg, UserWarning)
/Users/alicec03/miniforge3/envs/rail---new/lib/python3.11/site-packages/xgboost/core.py:160: UserWarning: [14:03:59] WARNING: /Users/runner/work/xgboost/xgboost/src/learner.cc:742: 
Parameters: { "silent" } are not used.

  warnings.warn(smsg, UserWarning)
/Users/alicec03/miniforge3/envs/rail---new/lib/python3.11/site-packages/xgboost/core.py:160: UserWarning: [14:03:59] WARNING: /Users/runner/work/xgboost/xgboost/src/learner.cc:742: 
Parameters: { "silent" } are not used.

  warnings.warn(smsg, UserWarning)
/Users/alicec03/miniforge3/envs/rail---new/lib/python3.11/site-packages/xgboost/core.py:160: UserWarning: [14:03:59] WARNING: /Users/runner/work/xgboost/xgboost/src/learner.cc:742: 
Parameters: { "silent" } are not used.

  warnings.warn(smsg, UserWarning)
/Users/alicec03/miniforge3/envs/rail---new/lib/python3.11/site-packages/xgboost/core.py:160: UserWarning: [14:03:59] WARNING: /Users/runner/work/xgboost/xgboost/src/learner.cc:742: 
Parameters: { "silent" } are not used.

  warnings.warn(smsg, UserWarning)
/Users/alicec03/miniforge3/envs/rail---new/lib/python3.11/site-packages/xgboost/core.py:160: UserWarning: [14:03:59] WARNING: /Users/runner/work/xgboost/xgboost/src/learner.cc:742: 
Parameters: { "silent" } are not used.

  warnings.warn(smsg, UserWarning)
/Users/alicec03/miniforge3/envs/rail---new/lib/python3.11/site-packages/xgboost/core.py:160: UserWarning: [14:03:59] WARNING: /Users/runner/work/xgboost/xgboost/src/learner.cc:742: 
Parameters: { "silent" } are not used.

  warnings.warn(smsg, UserWarning)
/Users/alicec03/miniforge3/envs/rail---new/lib/python3.11/site-packages/xgboost/core.py:160: UserWarning: [14:03:59] WARNING: /Users/runner/work/xgboost/xgboost/src/learner.cc:742: 
Parameters: { "silent" } are not used.

  warnings.warn(smsg, UserWarning)
/Users/alicec03/miniforge3/envs/rail---new/lib/python3.11/site-packages/xgboost/core.py:160: UserWarning: [14:04:00] WARNING: /Users/runner/work/xgboost/xgboost/src/learner.cc:742: 
Parameters: { "silent" } are not used.

  warnings.warn(smsg, UserWarning)
/Users/alicec03/miniforge3/envs/rail---new/lib/python3.11/site-packages/xgboost/core.py:160: UserWarning: [14:04:00] WARNING: /Users/runner/work/xgboost/xgboost/src/learner.cc:742: 
Parameters: { "silent" } are not used.

  warnings.warn(smsg, UserWarning)
/Users/alicec03/miniforge3/envs/rail---new/lib/python3.11/site-packages/xgboost/core.py:160: UserWarning: [14:04:00] WARNING: /Users/runner/work/xgboost/xgboost/src/learner.cc:742: 
Parameters: { "silent" } are not used.

  warnings.warn(smsg, UserWarning)
/Users/alicec03/miniforge3/envs/rail---new/lib/python3.11/site-packages/xgboost/core.py:160: UserWarning: [14:04:00] WARNING: /Users/runner/work/xgboost/xgboost/src/learner.cc:742: 
Parameters: { "silent" } are not used.

  warnings.warn(smsg, UserWarning)
/Users/alicec03/miniforge3/envs/rail---new/lib/python3.11/site-packages/xgboost/core.py:160: UserWarning: [14:04:00] WARNING: /Users/runner/work/xgboost/xgboost/src/learner.cc:742: 
Parameters: { "silent" } are not used.

  warnings.warn(smsg, UserWarning)
/Users/alicec03/miniforge3/envs/rail---new/lib/python3.11/site-packages/xgboost/core.py:160: UserWarning: [14:04:00] WARNING: /Users/runner/work/xgboost/xgboost/src/learner.cc:742: 
Parameters: { "silent" } are not used.

  warnings.warn(smsg, UserWarning)
/Users/alicec03/miniforge3/envs/rail---new/lib/python3.11/site-packages/xgboost/core.py:160: UserWarning: [14:04:00] WARNING: /Users/runner/work/xgboost/xgboost/src/learner.cc:742: 
Parameters: { "silent" } are not used.

  warnings.warn(smsg, UserWarning)
/Users/alicec03/miniforge3/envs/rail---new/lib/python3.11/site-packages/xgboost/core.py:160: UserWarning: [14:04:00] WARNING: /Users/runner/work/xgboost/xgboost/src/learner.cc:742: 
Parameters: { "silent" } are not used.

  warnings.warn(smsg, UserWarning)
Inserting handle into data store.  model_inform_FZBoost: inprogress_invz=0.1_fzboost.pkl, inform_FZBoost
Stage complete: FlexZBoostInformer @ 2024-08-09 14:04:00.659683 took 0.28 minutes
